lib/features/lifestyle/screens/events_planner_screen.dart:99:33: Error: Can't find '}' to match '{'.
                onTap: () async {
                                ^
lib/features/lifestyle/screens/events_planner_screen.dart:90:23: Error: Can't find ']' to match '['.
            children: [
                      ^
lib/features/lifestyle/screens/events_planner_screen.dart:119:35: Error: Can't find '}' to match '{'.
              onPressed: () async {
                                  ^
lib/features/lifestyle/screens/events_planner_screen.dart:27:36: Error: Required named parameter 'title' must be provided.
            return EmptyStateWidget(
                                   ^
lib/core/widgets/empty_state_widget.dart:10:9: Context: Found this candidate, but the arguments don't match.
  const EmptyStateWidget({
        ^^^^^^^^^^^^^^^^
lib/features/lifestyle/screens/events_planner_screen.dart:65:17: Error: Expected ';' after this.
                ),
                ^
lib/features/lifestyle/screens/events_planner_screen.dart:65:18: Error: Expected an identifier, but got ','.
Try inserting an identifier before ','.
                ),
                 ^
lib/features/lifestyle/screens/events_planner_screen.dart:65:18: Error: Unexpected token ';'.
                ),
                 ^
lib/features/lifestyle/screens/events_planner_screen.dart:69:9: Error: Expected an identifier, but got ')'.
Try inserting an identifier before ')'.
        ),
        ^
lib/features/lifestyle/screens/events_planner_screen.dart:68:12: Error: Expected ';' after this.
          );
           ^
lib/features/lifestyle/screens/events_planner_screen.dart:69:9: Error: Unexpected token ';'.
        ),
        ^
lib/features/lifestyle/screens/events_planner_screen.dart:69:10: Error: Expected an identifier, but got ','.
Try inserting an identifier before ','.
        ),
         ^
lib/features/lifestyle/screens/events_planner_screen.dart:69:9: Error: Expected ';' after this.
        ),
        ^
lib/features/lifestyle/screens/events_planner_screen.dart:69:10: Error: Unexpected token ';'.
        ),
         ^
lib/features/lifestyle/screens/events_planner_screen.dart:70:7: Error: Expected an identifier, but got ')'.
Try inserting an identifier before ')'.
      ),
      ^
lib/features/lifestyle/screens/events_planner_screen.dart:69:10: Error: Expected ';' after this.
        ),
         ^
lib/features/lifestyle/screens/events_planner_screen.dart:70:7: Error: Unexpected token ';'.
      ),
      ^
lib/features/lifestyle/screens/events_planner_screen.dart:70:8: Error: Expected an identifier, but got ','.
Try inserting an identifier before ','.
      ),
       ^
lib/features/lifestyle/screens/events_planner_screen.dart:70:7: Error: Expected ';' after this.
      ),
      ^
lib/features/lifestyle/screens/events_planner_screen.dart:70:8: Error: Unexpected token ';'.
      ),
       ^
lib/features/lifestyle/screens/events_planner_screen.dart:74:7: Error: Expected ';' after this.
      ),
      ^
lib/features/lifestyle/screens/events_planner_screen.dart:74:8: Error: Expected an identifier, but got ','.
Try inserting an identifier before ','.
      ),
       ^
lib/features/lifestyle/screens/events_planner_screen.dart:74:8: Error: Unexpected token ';'.
      ),
       ^
lib/features/lifestyle/screens/events_planner_screen.dart:75:5: Error: Expected an identifier, but got ')'.
Try inserting an identifier before ')'.
    );
    ^
lib/features/lifestyle/screens/events_planner_screen.dart:74:8: Error: Expected ';' after this.
      ),
       ^
lib/features/lifestyle/screens/events_planner_screen.dart:75:5: Error: Unexpected token ';'.
    );
    ^
lib/features/lifestyle/screens/events_planner_screen.dart:114:13: Error: Expected an identifier, but got ']'.
Try inserting an identifier before ']'.
            ],
            ^
lib/features/lifestyle/screens/events_planner_screen.dart:114:13: Error: Expected ')' before this.
            ],
            ^
lib/features/lifestyle/screens/events_planner_screen.dart:86:52: Error: Too many positional arguments: 0 allowed, but 1 found.
Try removing the extra positional arguments.
        builder: (context, setState) => AlertDialog(
                                                   ^
/C:/Flutter/flutter3293/packages/flutter/lib/src/material/dialog.dart:389:9: Context: Found this candidate, but the arguments don't match.
  const AlertDialog({
        ^^^^^^^^^^^
lib/features/lifestyle/screens/events_planner_screen.dart:127:15: Error: Expected an identifier, but got ')'.
Try inserting an identifier before ')'.
              ),
              ^
lib/features/lifestyle/screens/events_planner_screen.dart:126:60: Error: Expected ';' after this.
                if (context.mounted) Navigator.pop(context);
                                                           ^
lib/features/lifestyle/screens/events_planner_screen.dart:127:15: Error: Unexpected token ';'.
              ),
              ^
lib/features/lifestyle/screens/events_planner_screen.dart:127:16: Error: Expected an identifier, but got ','.
Try inserting an identifier before ','.
              ),
               ^
lib/features/lifestyle/screens/events_planner_screen.dart:127:15: Error: Expected ';' after this.
              ),
              ^
lib/features/lifestyle/screens/events_planner_screen.dart:127:16: Error: Unexpected token ';'.
              ),
               ^
lib/features/lifestyle/screens/events_planner_screen.dart:128:38: Error: Expected ';' after this.
              child: const Text('Add'),
                                     ^
lib/features/lifestyle/screens/events_planner_screen.dart:128:39: Error: Expected an identifier, but got ','.
Try inserting an identifier before ','.
              child: const Text('Add'),
                                      ^
lib/features/lifestyle/screens/events_planner_screen.dart:128:39: Error: Unexpected token ';'.
              child: const Text('Add'),
                                      ^
lib/features/lifestyle/screens/events_planner_screen.dart:118:27: Error: Required named parameter 'child' must be provided.
            ElevatedButton(
                          ^
/C:/Flutter/flutter3293/packages/flutter/lib/src/material/elevated_button.dart:71:9: Context: Found this candidate, but the arguments don't match.
  const ElevatedButton({
        ^^^^^^^^^^^^^^
lib/features/lifestyle/screens/events_planner_screen.dart:116:11: Error: No named parameter with the name 'actions'.
          actions: [
          ^^^^^^^
/C:/Flutter/flutter3293/packages/flutter/lib/src/widgets/basic.dart:7874:9: Context: Found this candidate, but the arguments don't match.
  const StatefulBuilder({super.key, required this.builder});
        ^^^^^^^^^^^^^^^
lib/features/lifestyle/screens/events_planner_screen.dart:132:7: Error: Expected ';' after this.
      ),
      ^
lib/features/lifestyle/screens/events_planner_screen.dart:132:8: Error: Expected an identifier, but got ','.
Try inserting an identifier before ','.
      ),
       ^
lib/features/lifestyle/screens/events_planner_screen.dart:132:8: Error: Unexpected token ';'.
      ),
       ^
lib/features/lifestyle/screens/events_planner_screen.dart:133:5: Error: Expected an identifier, but got ')'.
Try inserting an identifier before ')'.
    );
    ^
lib/features/lifestyle/screens/events_planner_screen.dart:132:8: Error: Expected ';' after this.
      ),
       ^
lib/features/lifestyle/screens/events_planner_screen.dart:133:5: Error: Unexpected token ';'.
    );
    ^
lib/features/lifestyle/screens/travel_planner_screen.dart:25:23: Error: Can't find '}' to match '{'.
        data: (trips) {
                      ^
lib/features/lifestyle/screens/travel_planner_screen.dart:85:31: Error: Can't find '}' to match '{'.
        onLongPress: () async {
                              ^
lib/features/lifestyle/screens/travel_planner_screen.dart:111:35: Error: Can't find '}' to match '{'.
                  onTap: () async {
                                  ^
lib/features/lifestyle/screens/travel_planner_screen.dart:105:25: Error: Can't find ']' to match '['.
              children: [
                        ^
lib/features/lifestyle/screens/travel_planner_screen.dart:125:35: Error: Can't find '}' to match '{'.
                  onTap: () async {
                                  ^
lib/features/lifestyle/screens/travel_planner_screen.dart:141:35: Error: Can't find '}' to match '{'.
              onPressed: () async {
                                  ^
lib/features/lifestyle/screens/travel_planner_screen.dart:27:36: Error: Required named parameter 'title' must be provided.
            return EmptyStateWidget(
                                   ^
lib/core/widgets/empty_state_widget.dart:10:9: Context: Found this candidate, but the arguments don't match.
  const EmptyStateWidget({
        ^^^^^^^^^^^^^^^^
lib/features/lifestyle/screens/travel_planner_screen.dart:61:7: Error: Expected ';' after this.
      ),
      ^
lib/features/lifestyle/screens/travel_planner_screen.dart:61:8: Error: Expected an identifier, but got ','.
Try inserting an identifier before ','.
      ),
       ^
lib/features/lifestyle/screens/travel_planner_screen.dart:61:8: Error: Unexpected token ';'.
      ),
       ^
lib/features/lifestyle/screens/travel_planner_screen.dart:65:7: Error: Expected ';' after this.
      ),
      ^
lib/features/lifestyle/screens/travel_planner_screen.dart:65:8: Error: Expected an identifier, but got ','.
Try inserting an identifier before ','.
      ),
       ^
lib/features/lifestyle/screens/travel_planner_screen.dart:65:8: Error: Unexpected token ';'.
      ),
       ^
lib/features/lifestyle/screens/travel_planner_screen.dart:66:5: Error: Expected an identifier, but got ')'.
Try inserting an identifier before ')'.
    );
    ^
lib/features/lifestyle/screens/travel_planner_screen.dart:65:8: Error: Expected ';' after this.
      ),
       ^
lib/features/lifestyle/screens/travel_planner_screen.dart:66:5: Error: Unexpected token ';'.
    );
    ^
lib/features/lifestyle/screens/travel_planner_screen.dart:88:7: Error: Expected ';' after this.
      ),
      ^
lib/features/lifestyle/screens/travel_planner_screen.dart:88:8: Error: Expected an identifier, but got ','.
Try inserting an identifier before ','.
      ),
       ^
lib/features/lifestyle/screens/travel_planner_screen.dart:88:8: Error: Unexpected token ';'.
      ),
       ^
lib/features/lifestyle/screens/travel_planner_screen.dart:89:5: Error: Expected an identifier, but got ')'.
Try inserting an identifier before ')'.
    );
    ^
lib/features/lifestyle/screens/travel_planner_screen.dart:88:8: Error: Expected ';' after this.
      ),
       ^
lib/features/lifestyle/screens/travel_planner_screen.dart:89:5: Error: Unexpected token ';'.
    );
    ^
lib/features/lifestyle/screens/travel_planner_screen.dart:102:41: Error: Too many positional arguments: 0 allowed, but 1 found.
Try removing the extra positional arguments.
          content: SingleChildScrollView(
                                        ^
/C:/Flutter/flutter3293/packages/flutter/lib/src/widgets/single_child_scroll_view.dart:148:9: Context: Found this candidate, but the arguments don't match.
  const SingleChildScrollView({
        ^^^^^^^^^^^^^^^^^^^^^
lib/features/lifestyle/screens/travel_planner_screen.dart:135:15: Error: Expected an identifier, but got ']'.
Try inserting an identifier before ']'.
              ],
              ^
lib/features/lifestyle/screens/travel_planner_screen.dart:135:15: Error: Expected ')' before this.
              ],
              ^
lib/features/lifestyle/screens/travel_planner_screen.dart:100:52: Error: Too many positional arguments: 0 allowed, but 1 found.
Try removing the extra positional arguments.
        builder: (context, setState) => AlertDialog(
                                                   ^
/C:/Flutter/flutter3293/packages/flutter/lib/src/material/dialog.dart:389:9: Context: Found this candidate, but the arguments don't match.
  const AlertDialog({
        ^^^^^^^^^^^
lib/features/lifestyle/screens/travel_planner_screen.dart:149:15: Error: Expected an identifier, but got ')'.
Try inserting an identifier before ')'.
              ),
              ^
lib/features/lifestyle/screens/travel_planner_screen.dart:148:60: Error: Expected ';' after this.
                if (context.mounted) Navigator.pop(context);
                                                           ^
lib/features/lifestyle/screens/travel_planner_screen.dart:149:15: Error: Unexpected token ';'.
              ),
              ^
lib/features/lifestyle/screens/travel_planner_screen.dart:149:16: Error: Expected an identifier, but got ','.
Try inserting an identifier before ','.
              ),
               ^
lib/features/lifestyle/screens/travel_planner_screen.dart:149:15: Error: Expected ';' after this.
              ),
              ^
lib/features/lifestyle/screens/travel_planner_screen.dart:149:16: Error: Unexpected token ';'.
              ),
               ^
lib/features/lifestyle/screens/travel_planner_screen.dart:150:38: Error: Expected ';' after this.
              child: const Text('Add'),
                                     ^
lib/features/lifestyle/screens/travel_planner_screen.dart:150:39: Error: Expected an identifier, but got ','.
Try inserting an identifier before ','.
              child: const Text('Add'),
                                      ^
lib/features/lifestyle/screens/travel_planner_screen.dart:150:39: Error: Unexpected token ';'.
              child: const Text('Add'),
                                      ^
lib/features/lifestyle/screens/travel_planner_screen.dart:140:27: Error: Required named parameter 'child' must be provided.
            ElevatedButton(
                          ^
/C:/Flutter/flutter3293/packages/flutter/lib/src/material/elevated_button.dart:71:9: Context: Found this candidate, but the arguments don't match.
  const ElevatedButton({
        ^^^^^^^^^^^^^^
lib/features/lifestyle/screens/travel_planner_screen.dart:138:11: Error: No named parameter with the name 'actions'.
          actions: [
          ^^^^^^^
/C:/Flutter/flutter3293/packages/flutter/lib/src/material/dialog.dart:1440:12: Context: Found this candidate, but the arguments don't match.
Future<T?> showDialog<T>({
           ^^^^^^^^^^
lib/features/lifestyle/screens/travel_planner_screen.dart:153:9: Error: Expected ';' after this.
        ),
        ^
lib/features/lifestyle/screens/travel_planner_screen.dart:153:10: Error: Expected an identifier, but got ','.
Try inserting an identifier before ','.
        ),
         ^
lib/features/lifestyle/screens/travel_planner_screen.dart:153:10: Error: Unexpected token ';'.
        ),
         ^
lib/features/lifestyle/screens/travel_planner_screen.dart:154:7: Error: Expected an identifier, but got ')'.
Try inserting an identifier before ')'.
      ),
      ^
lib/features/lifestyle/screens/travel_planner_screen.dart:153:10: Error: Expected ';' after this.
        ),
         ^
lib/features/lifestyle/screens/travel_planner_screen.dart:154:7: Error: Unexpected token ';'.
      ),
      ^
lib/features/lifestyle/screens/travel_planner_screen.dart:154:8: Error: Expected an identifier, but got ','.
Try inserting an identifier before ','.
      ),
       ^
lib/features/lifestyle/screens/travel_planner_screen.dart:154:7: Error: Expected ';' after this.
      ),
      ^
lib/features/lifestyle/screens/travel_planner_screen.dart:154:8: Error: Unexpected token ';'.
      ),
       ^
lib/features/lifestyle/screens/travel_planner_screen.dart:155:5: Error: Expected an identifier, but got ')'.
Try inserting an identifier before ')'.
    );
    ^
lib/features/lifestyle/screens/travel_planner_screen.dart:154:8: Error: Expected ';' after this.
      ),
       ^
lib/features/lifestyle/screens/travel_planner_screen.dart:155:5: Error: Unexpected token ';'.
    );
    ^
lib/features/lifestyle/screens/hobbies_tracker_screen.dart:43:43: Error: Can't find '}' to match '{'.
            itemBuilder: (context, index) {
                                          ^
lib/features/lifestyle/screens/hobbies_tracker_screen.dart:24:25: Error: Can't find '}' to match '{'.
        data: (hobbies) {
                        ^
lib/features/lifestyle/screens/hobbies_tracker_screen.dart:124:35: Error: Can't find '}' to match '{'.
              onPressed: () async {
                                  ^
lib/features/lifestyle/screens/hobbies_tracker_screen.dart:155:37: Error: Can't find '}' to match '{'.
                onPressed: () async {
                                    ^
lib/features/lifestyle/screens/hobbies_tracker_screen.dart:26:36: Error: Required named parameter 'title' must be provided.
            return EmptyStateWidget(
                                   ^
lib/core/widgets/empty_state_widget.dart:10:9: Context: Found this candidate, but the arguments don't match.
  const EmptyStateWidget({
        ^^^^^^^^^^^^^^^^
lib/features/lifestyle/screens/hobbies_tracker_screen.dart:65:13: Error: Expected ';' after this.
            ),
            ^
lib/features/lifestyle/screens/hobbies_tracker_screen.dart:65:14: Error: Expected an identifier, but got ','.
Try inserting an identifier before ','.
            ),
             ^
lib/features/lifestyle/screens/hobbies_tracker_screen.dart:65:14: Error: Unexpected token ';'.
            ),
             ^
lib/features/lifestyle/screens/hobbies_tracker_screen.dart:66:12: Error: Expected ')' before this.
          );
           ^
lib/features/lifestyle/screens/hobbies_tracker_screen.dart:67:9: Error: Expected ';' after this.
        ),
        ^
lib/features/lifestyle/screens/hobbies_tracker_screen.dart:67:10: Error: Expected an identifier, but got ','.
Try inserting an identifier before ','.
        ),
         ^
lib/features/lifestyle/screens/hobbies_tracker_screen.dart:67:10: Error: Unexpected token ';'.
        ),
         ^
lib/features/lifestyle/screens/hobbies_tracker_screen.dart:68:7: Error: Expected an identifier, but got ')'.
Try inserting an identifier before ')'.
      ),
      ^
lib/features/lifestyle/screens/hobbies_tracker_screen.dart:67:10: Error: Expected ';' after this.
        ),
         ^
lib/features/lifestyle/screens/hobbies_tracker_screen.dart:68:7: Error: Unexpected token ';'.
      ),
      ^
lib/features/lifestyle/screens/hobbies_tracker_screen.dart:68:8: Error: Expected an identifier, but got ','.
Try inserting an identifier before ','.
      ),
       ^
lib/features/lifestyle/screens/hobbies_tracker_screen.dart:68:7: Error: Expected ';' after this.
      ),
      ^
lib/features/lifestyle/screens/hobbies_tracker_screen.dart:68:8: Error: Unexpected token ';'.
      ),
       ^
lib/features/lifestyle/screens/hobbies_tracker_screen.dart:72:7: Error: Expected ';' after this.
      ),
      ^
lib/features/lifestyle/screens/hobbies_tracker_screen.dart:72:8: Error: Expected an identifier, but got ','.
Try inserting an identifier before ','.
      ),
       ^
lib/features/lifestyle/screens/hobbies_tracker_screen.dart:72:8: Error: Unexpected token ';'.
      ),
       ^
lib/features/lifestyle/screens/hobbies_tracker_screen.dart:73:5: Error: Expected an identifier, but got ')'.
Try inserting an identifier before ')'.
    );
    ^
lib/features/lifestyle/screens/hobbies_tracker_screen.dart:72:8: Error: Expected ';' after this.
      ),
       ^
lib/features/lifestyle/screens/hobbies_tracker_screen.dart:73:5: Error: Unexpected token ';'.
    );
    ^
lib/features/lifestyle/screens/hobbies_tracker_screen.dart:131:15: Error: Expected an identifier, but got ')'.
Try inserting an identifier before ')'.
              ),
              ^
lib/features/lifestyle/screens/hobbies_tracker_screen.dart:130:60: Error: Expected ';' after this.
                if (context.mounted) Navigator.pop(context);
                                                           ^
lib/features/lifestyle/screens/hobbies_tracker_screen.dart:131:15: Error: Unexpected token ';'.
              ),
              ^
lib/features/lifestyle/screens/hobbies_tracker_screen.dart:131:16: Error: Expected an identifier, but got ','.
Try inserting an identifier before ','.
              ),
               ^
lib/features/lifestyle/screens/hobbies_tracker_screen.dart:131:15: Error: Expected ';' after this.
              ),
              ^
lib/features/lifestyle/screens/hobbies_tracker_screen.dart:131:16: Error: Unexpected token ';'.
              ),
               ^
lib/features/lifestyle/screens/hobbies_tracker_screen.dart:132:38: Error: Expected ';' after this.
              child: const Text('Add'),
                                     ^
lib/features/lifestyle/screens/hobbies_tracker_screen.dart:132:39: Error: Expected an identifier, but got ','.
Try inserting an identifier before ','.
              child: const Text('Add'),
                                      ^
lib/features/lifestyle/screens/hobbies_tracker_screen.dart:132:39: Error: Unexpected token ';'.
              child: const Text('Add'),
                                      ^
lib/features/lifestyle/screens/hobbies_tracker_screen.dart:123:27: Error: Required named parameter 'child' must be provided.
            ElevatedButton(
                          ^
/C:/Flutter/flutter3293/packages/flutter/lib/src/material/elevated_button.dart:71:9: Context: Found this candidate, but the arguments don't match.
  const ElevatedButton({
        ^^^^^^^^^^^^^^
lib/features/lifestyle/screens/hobbies_tracker_screen.dart:158:17: Error: Expected an identifier, but got ')'.
Try inserting an identifier before ')'.
                ),
                ^
lib/features/lifestyle/screens/hobbies_tracker_screen.dart:157:41: Error: Expected ';' after this.
                  Navigator.pop(context);
                                        ^
lib/features/lifestyle/screens/hobbies_tracker_screen.dart:158:17: Error: Unexpected token ';'.
                ),
                ^
lib/features/lifestyle/screens/hobbies_tracker_screen.dart:158:18: Error: Expected an identifier, but got ','.
Try inserting an identifier before ','.
                ),
                 ^
lib/features/lifestyle/screens/hobbies_tracker_screen.dart:158:17: Error: Expected ';' after this.
                ),
                ^
lib/features/lifestyle/screens/hobbies_tracker_screen.dart:158:18: Error: Unexpected token ';'.
                ),
                 ^
lib/features/lifestyle/screens/hobbies_tracker_screen.dart:159:76: Error: Expected ';' after this.
                style: ElevatedButton.styleFrom(backgroundColor: Colors.red),
                                                                           ^
lib/features/lifestyle/screens/hobbies_tracker_screen.dart:159:77: Error: Expected an identifier, but got ','.
Try inserting an identifier before ','.
                style: ElevatedButton.styleFrom(backgroundColor: Colors.red),
                                                                            ^
lib/features/lifestyle/screens/hobbies_tracker_screen.dart:159:77: Error: Unexpected token ';'.
                style: ElevatedButton.styleFrom(backgroundColor: Colors.red),
                                                                            ^
lib/features/lifestyle/screens/hobbies_tracker_screen.dart:160:49: Error: Expected ';' after this.
                child: const Text('Delete Hobby'),
                                                ^
lib/features/lifestyle/screens/hobbies_tracker_screen.dart:160:50: Error: Expected an identifier, but got ','.
Try inserting an identifier before ','.
                child: const Text('Delete Hobby'),
                                                 ^
lib/features/lifestyle/screens/hobbies_tracker_screen.dart:160:50: Error: Unexpected token ';'.
                child: const Text('Delete Hobby'),
                                                 ^
lib/features/lifestyle/screens/hobbies_tracker_screen.dart:154:36: Error: Required named parameter 'child' must be provided.
              child: ElevatedButton(
                                   ^
/C:/Flutter/flutter3293/packages/flutter/lib/src/material/elevated_button.dart:71:9: Context: Found this candidate, but the arguments don't match.
  const ElevatedButton({
        ^^^^^^^^^^^^^^
lib/features/lifestyle/screens/media_tracker_screen.dart:56:41: Error: Can't find '}' to match '{'.
                  onLongPress: () async {
                                        ^
lib/features/lifestyle/screens/media_tracker_screen.dart:37:43: Error: Can't find '}' to match '{'.
            itemBuilder: (context, index) {
                                          ^
lib/features/lifestyle/screens/media_tracker_screen.dart:24:23: Error: Can't find '}' to match '{'.
        data: (media) {
                      ^
lib/features/lifestyle/screens/media_tracker_screen.dart:111:35: Error: Can't find '}' to match '{'.
              onPressed: () async {
                                  ^
lib/features/lifestyle/screens/media_tracker_screen.dart:26:36: Error: Required named parameter 'title' must be provided.
            return EmptyStateWidget(
                                   ^
lib/core/widgets/empty_state_widget.dart:10:9: Context: Found this candidate, but the arguments don't match.
  const EmptyStateWidget({
        ^^^^^^^^^^^^^^^^
lib/features/lifestyle/screens/media_tracker_screen.dart:59:17: Error: Expected ';' after this.
                ),
                ^
lib/features/lifestyle/screens/media_tracker_screen.dart:59:18: Error: Expected an identifier, but got ','.
Try inserting an identifier before ','.
                ),
                 ^
lib/features/lifestyle/screens/media_tracker_screen.dart:59:18: Error: Unexpected token ';'.
                ),
                 ^
lib/features/lifestyle/screens/media_tracker_screen.dart:63:9: Error: Expected an identifier, but got ')'.
Try inserting an identifier before ')'.
        ),
        ^
lib/features/lifestyle/screens/media_tracker_screen.dart:62:12: Error: Expected ';' after this.
          );
           ^
lib/features/lifestyle/screens/media_tracker_screen.dart:63:9: Error: Unexpected token ';'.
        ),
        ^
lib/features/lifestyle/screens/media_tracker_screen.dart:63:10: Error: Expected an identifier, but got ','.
Try inserting an identifier before ','.
        ),
         ^
lib/features/lifestyle/screens/media_tracker_screen.dart:63:9: Error: Expected ';' after this.
        ),
        ^
lib/features/lifestyle/screens/media_tracker_screen.dart:63:10: Error: Unexpected token ';'.
        ),
         ^
lib/features/lifestyle/screens/media_tracker_screen.dart:64:7: Error: Expected an identifier, but got ')'.
Try inserting an identifier before ')'.
      ),
      ^
lib/features/lifestyle/screens/media_tracker_screen.dart:63:10: Error: Expected ';' after this.
        ),
         ^
lib/features/lifestyle/screens/media_tracker_screen.dart:64:7: Error: Unexpected token ';'.
      ),
      ^
lib/features/lifestyle/screens/media_tracker_screen.dart:64:8: Error: Expected an identifier, but got ','.
Try inserting an identifier before ','.
      ),
       ^
lib/features/lifestyle/screens/media_tracker_screen.dart:64:7: Error: Expected ';' after this.
      ),
      ^
lib/features/lifestyle/screens/media_tracker_screen.dart:64:8: Error: Unexpected token ';'.
      ),
       ^
lib/features/lifestyle/screens/media_tracker_screen.dart:68:7: Error: Expected ';' after this.
      ),
      ^
lib/features/lifestyle/screens/media_tracker_screen.dart:68:8: Error: Expected an identifier, but got ','.
Try inserting an identifier before ','.
      ),
       ^
lib/features/lifestyle/screens/media_tracker_screen.dart:68:8: Error: Unexpected token ';'.
      ),
       ^
lib/features/lifestyle/screens/media_tracker_screen.dart:69:5: Error: Expected an identifier, but got ')'.
Try inserting an identifier before ')'.
    );
    ^
lib/features/lifestyle/screens/media_tracker_screen.dart:68:8: Error: Expected ';' after this.
      ),
       ^
lib/features/lifestyle/screens/media_tracker_screen.dart:69:5: Error: Unexpected token ';'.
    );
    ^
lib/features/lifestyle/screens/media_tracker_screen.dart:120:15: Error: Expected an identifier, but got ')'.
Try inserting an identifier before ')'.
              ),
              ^
lib/features/lifestyle/screens/media_tracker_screen.dart:119:60: Error: Expected ';' after this.
                if (context.mounted) Navigator.pop(context);
                                                           ^
lib/features/lifestyle/screens/media_tracker_screen.dart:120:15: Error: Unexpected token ';'.
              ),
              ^
lib/features/lifestyle/screens/media_tracker_screen.dart:120:16: Error: Expected an identifier, but got ','.
Try inserting an identifier before ','.
              ),
               ^
lib/features/lifestyle/screens/media_tracker_screen.dart:120:15: Error: Expected ';' after this.
              ),
              ^
lib/features/lifestyle/screens/media_tracker_screen.dart:120:16: Error: Unexpected token ';'.
              ),
               ^
lib/features/lifestyle/screens/media_tracker_screen.dart:121:38: Error: Expected ';' after this.
              child: const Text('Add'),
                                     ^
lib/features/lifestyle/screens/media_tracker_screen.dart:121:39: Error: Expected an identifier, but got ','.
Try inserting an identifier before ','.
              child: const Text('Add'),
                                      ^
lib/features/lifestyle/screens/media_tracker_screen.dart:121:39: Error: Unexpected token ';'.
              child: const Text('Add'),
                                      ^
lib/features/lifestyle/screens/media_tracker_screen.dart:110:27: Error: Required named parameter 'child' must be provided.
            ElevatedButton(
                          ^
/C:/Flutter/flutter3293/packages/flutter/lib/src/material/elevated_button.dart:71:9: Context: Found this candidate, but the arguments don't match.
  const ElevatedButton({
        ^^^^^^^^^^^^^^
lib/features/lifestyle/screens/reading_list_screen.dart:24:23: Error: Can't find '}' to match '{'.
        data: (books) {
                      ^
lib/features/lifestyle/screens/reading_list_screen.dart:86:37: Error: Can't find '}' to match '{'.
          onSelected: (value) async {
                                    ^
lib/features/lifestyle/screens/reading_list_screen.dart:117:33: Error: Can't find '}' to match '{'.
            onPressed: () async {
                                ^
lib/features/lifestyle/screens/reading_list_screen.dart:26:36: Error: Required named parameter 'title' must be provided.
            return EmptyStateWidget(
                                   ^
lib/core/widgets/empty_state_widget.dart:10:9: Context: Found this candidate, but the arguments don't match.
  const EmptyStateWidget({
        ^^^^^^^^^^^^^^^^
lib/features/lifestyle/screens/reading_list_screen.dart:61:7: Error: Expected ';' after this.
      ),
      ^
lib/features/lifestyle/screens/reading_list_screen.dart:61:8: Error: Expected an identifier, but got ','.
Try inserting an identifier before ','.
      ),
       ^
lib/features/lifestyle/screens/reading_list_screen.dart:61:8: Error: Unexpected token ';'.
      ),
       ^
lib/features/lifestyle/screens/reading_list_screen.dart:65:7: Error: Expected ';' after this.
      ),
      ^
lib/features/lifestyle/screens/reading_list_screen.dart:65:8: Error: Expected an identifier, but got ','.
Try inserting an identifier before ','.
      ),
       ^
lib/features/lifestyle/screens/reading_list_screen.dart:65:8: Error: Unexpected token ';'.
      ),
       ^
lib/features/lifestyle/screens/reading_list_screen.dart:66:5: Error: Expected an identifier, but got ')'.
Try inserting an identifier before ')'.
    );
    ^
lib/features/lifestyle/screens/reading_list_screen.dart:65:8: Error: Expected ';' after this.
      ),
       ^
lib/features/lifestyle/screens/reading_list_screen.dart:66:5: Error: Unexpected token ';'.
    );
    ^
lib/features/lifestyle/screens/reading_list_screen.dart:94:7: Error: Expected ';' after this.
      ),
      ^
lib/features/lifestyle/screens/reading_list_screen.dart:94:8: Error: Expected an identifier, but got ','.
Try inserting an identifier before ','.
      ),
       ^
lib/features/lifestyle/screens/reading_list_screen.dart:94:8: Error: Unexpected token ';'.
      ),
       ^
lib/features/lifestyle/screens/reading_list_screen.dart:95:5: Error: Expected an identifier, but got ')'.
Try inserting an identifier before ')'.
    );
    ^
lib/features/lifestyle/screens/reading_list_screen.dart:94:8: Error: Expected ';' after this.
      ),
       ^
lib/features/lifestyle/screens/reading_list_screen.dart:95:5: Error: Unexpected token ';'.
    );
    ^
lib/features/lifestyle/screens/reading_list_screen.dart:125:13: Error: Expected an identifier, but got ')'.
Try inserting an identifier before ')'.
            ),
            ^
lib/features/lifestyle/screens/reading_list_screen.dart:124:58: Error: Expected ';' after this.
              if (context.mounted) Navigator.pop(context);
                                                         ^
lib/features/lifestyle/screens/reading_list_screen.dart:125:13: Error: Unexpected token ';'.
            ),
            ^
lib/features/lifestyle/screens/reading_list_screen.dart:125:14: Error: Expected an identifier, but got ','.
Try inserting an identifier before ','.
            ),
             ^
lib/features/lifestyle/screens/reading_list_screen.dart:125:13: Error: Expected ';' after this.
            ),
            ^
lib/features/lifestyle/screens/reading_list_screen.dart:125:14: Error: Unexpected token ';'.
            ),
             ^
lib/features/lifestyle/screens/reading_list_screen.dart:126:36: Error: Expected ';' after this.
            child: const Text('Add'),
                                   ^
lib/features/lifestyle/screens/reading_list_screen.dart:126:37: Error: Expected an identifier, but got ','.
Try inserting an identifier before ','.
            child: const Text('Add'),
                                    ^
lib/features/lifestyle/screens/reading_list_screen.dart:126:37: Error: Unexpected token ';'.
            child: const Text('Add'),
                                    ^
lib/features/lifestyle/screens/reading_list_screen.dart:116:25: Error: Required named parameter 'child' must be provided.
          ElevatedButton(
                        ^
/C:/Flutter/flutter3293/packages/flutter/lib/src/material/elevated_button.dart:71:9: Context: Found this candidate, but the arguments don't match.
  const ElevatedButton({
        ^^^^^^^^^^^^^^
lib/features/lifestyle/screens/learning_tracker_screen.dart:56:41: Error: Can't find '}' to match '{'.
                  onLongPress: () async {
                                        ^
lib/features/lifestyle/screens/learning_tracker_screen.dart:37:43: Error: Can't find '}' to match '{'.
            itemBuilder: (context, index) {
                                          ^
lib/features/lifestyle/screens/learning_tracker_screen.dart:24:27: Error: Can't find '}' to match '{'.
        data: (resources) {
                          ^
lib/features/lifestyle/screens/learning_tracker_screen.dart:114:35: Error: Can't find '}' to match '{'.
              onPressed: () async {
                                  ^
lib/features/lifestyle/screens/learning_tracker_screen.dart:26:36: Error: Required named parameter 'title' must be provided.
            return EmptyStateWidget(
                                   ^
lib/core/widgets/empty_state_widget.dart:10:9: Context: Found this candidate, but the arguments don't match.
  const EmptyStateWidget({
        ^^^^^^^^^^^^^^^^
lib/features/lifestyle/screens/learning_tracker_screen.dart:59:17: Error: Expected ';' after this.
                ),
                ^
lib/features/lifestyle/screens/learning_tracker_screen.dart:59:18: Error: Expected an identifier, but got ','.
Try inserting an identifier before ','.
                ),
                 ^
lib/features/lifestyle/screens/learning_tracker_screen.dart:59:18: Error: Unexpected token ';'.
                ),
                 ^
lib/features/lifestyle/screens/learning_tracker_screen.dart:63:9: Error: Expected an identifier, but got ')'.
Try inserting an identifier before ')'.
        ),
        ^
lib/features/lifestyle/screens/learning_tracker_screen.dart:62:12: Error: Expected ';' after this.
          );
           ^
lib/features/lifestyle/screens/learning_tracker_screen.dart:63:9: Error: Unexpected token ';'.
        ),
        ^
lib/features/lifestyle/screens/learning_tracker_screen.dart:63:10: Error: Expected an identifier, but got ','.
Try inserting an identifier before ','.
        ),
         ^
lib/features/lifestyle/screens/learning_tracker_screen.dart:63:9: Error: Expected ';' after this.
        ),
        ^
lib/features/lifestyle/screens/learning_tracker_screen.dart:63:10: Error: Unexpected token ';'.
        ),
         ^
lib/features/lifestyle/screens/learning_tracker_screen.dart:64:7: Error: Expected an identifier, but got ')'.
Try inserting an identifier before ')'.
      ),
      ^
lib/features/lifestyle/screens/learning_tracker_screen.dart:63:10: Error: Expected ';' after this.
        ),
         ^
lib/features/lifestyle/screens/learning_tracker_screen.dart:64:7: Error: Unexpected token ';'.
      ),
      ^
lib/features/lifestyle/screens/learning_tracker_screen.dart:64:8: Error: Expected an identifier, but got ','.
Try inserting an identifier before ','.
      ),
       ^
lib/features/lifestyle/screens/learning_tracker_screen.dart:64:7: Error: Expected ';' after this.
      ),
      ^
lib/features/lifestyle/screens/learning_tracker_screen.dart:64:8: Error: Unexpected token ';'.
      ),
       ^
lib/features/lifestyle/screens/learning_tracker_screen.dart:68:7: Error: Expected ';' after this.
      ),
      ^
lib/features/lifestyle/screens/learning_tracker_screen.dart:68:8: Error: Expected an identifier, but got ','.
Try inserting an identifier before ','.
      ),
       ^
lib/features/lifestyle/screens/learning_tracker_screen.dart:68:8: Error: Unexpected token ';'.
      ),
       ^
lib/features/lifestyle/screens/learning_tracker_screen.dart:69:5: Error: Expected an identifier, but got ')'.
Try inserting an identifier before ')'.
    );
    ^
lib/features/lifestyle/screens/learning_tracker_screen.dart:68:8: Error: Expected ';' after this.
      ),
       ^
lib/features/lifestyle/screens/learning_tracker_screen.dart:69:5: Error: Unexpected token ';'.
    );
    ^
lib/features/lifestyle/screens/learning_tracker_screen.dart:122:15: Error: Expected an identifier, but got ')'.
Try inserting an identifier before ')'.
              ),
              ^
lib/features/lifestyle/screens/learning_tracker_screen.dart:121:60: Error: Expected ';' after this.
                if (context.mounted) Navigator.pop(context);
                                                           ^
lib/features/lifestyle/screens/learning_tracker_screen.dart:122:15: Error: Unexpected token ';'.
              ),
              ^
lib/features/lifestyle/screens/learning_tracker_screen.dart:122:16: Error: Expected an identifier, but got ','.
Try inserting an identifier before ','.
              ),
               ^
lib/features/lifestyle/screens/learning_tracker_screen.dart:122:15: Error: Expected ';' after this.
              ),
              ^
lib/features/lifestyle/screens/learning_tracker_screen.dart:122:16: Error: Unexpected token ';'.
              ),
               ^
lib/features/lifestyle/screens/learning_tracker_screen.dart:123:38: Error: Expected ';' after this.
              child: const Text('Add'),
                                     ^
lib/features/lifestyle/screens/learning_tracker_screen.dart:123:39: Error: Expected an identifier, but got ','.
Try inserting an identifier before ','.
              child: const Text('Add'),
                                      ^
lib/features/lifestyle/screens/learning_tracker_screen.dart:123:39: Error: Unexpected token ';'.
              child: const Text('Add'),
                                      ^
lib/features/lifestyle/screens/learning_tracker_screen.dart:113:27: Error: Required named parameter 'child' must be provided.
            ElevatedButton(
                          ^
/C:/Flutter/flutter3293/packages/flutter/lib/src/material/elevated_button.dart:71:9: Context: Found this candidate, but the arguments don't match.
  const ElevatedButton({
        ^^^^^^^^^^^^^^
lib/features/health/screens/mood_tracking_screen.dart:35:23: Error: Can't find '}' to match '{'.
        data: (moods) {
                      ^
lib/features/health/screens/mood_tracking_screen.dart:164:56: Error: Can't find '}' to match '{'.
                        getTitlesWidget: (value, meta) {
                                                       ^
lib/features/health/screens/mood_tracking_screen.dart:251:31: Error: Can't find '}' to match '{'.
          onPressed: () async {
                              ^
lib/features/health/screens/mood_tracking_screen.dart:327:35: Error: Can't find '}' to match '{'.
              onPressed: () async {
                                  ^
lib/features/health/screens/mood_tracking_screen.dart:37:36: Error: Required named parameter 'title' must be provided.
            return EmptyStateWidget(
                                   ^
lib/core/widgets/empty_state_widget.dart:10:9: Context: Found this candidate, but the arguments don't match.
  const EmptyStateWidget({
        ^^^^^^^^^^^^^^^^
lib/features/health/screens/mood_tracking_screen.dart:61:7: Error: Expected ';' after this.
      ),
      ^
lib/features/health/screens/mood_tracking_screen.dart:61:8: Error: Expected an identifier, but got ','.
Try inserting an identifier before ','.
      ),
       ^
lib/features/health/screens/mood_tracking_screen.dart:61:8: Error: Unexpected token ';'.
      ),
       ^
lib/features/health/screens/mood_tracking_screen.dart:65:7: Error: Expected ';' after this.
      ),
      ^
lib/features/health/screens/mood_tracking_screen.dart:65:8: Error: Expected an identifier, but got ','.
Try inserting an identifier before ','.
      ),
       ^
lib/features/health/screens/mood_tracking_screen.dart:65:8: Error: Unexpected token ';'.
      ),
       ^
lib/features/health/screens/mood_tracking_screen.dart:66:5: Error: Expected an identifier, but got ')'.
Try inserting an identifier before ')'.
    );
    ^
lib/features/health/screens/mood_tracking_screen.dart:65:8: Error: Expected ';' after this.
      ),
       ^
lib/features/health/screens/mood_tracking_screen.dart:66:5: Error: Unexpected token ';'.
    );
    ^
lib/features/health/screens/mood_tracking_screen.dart:170:21: Error: No named parameter with the name 'leftTitles'.
                    leftTitles: AxisTitles(
                    ^^^^^^^^^^
../../../../../AppData/Local/Pub/Cache/hosted/pub.dev/fl_chart-0.68.0/lib/src/chart/line_chart/line_chart_data.dart:43:3: Context: Found this candidate, but the arguments don't match.
  LineChartData({
  ^^^^^^^^^^^^^
lib/features/health/screens/mood_tracking_screen.dart:180:19: Error: No named parameter with the name 'minY'.
                  minY: 0,
                  ^^^^
../../../../../AppData/Local/Pub/Cache/hosted/pub.dev/fl_chart-0.68.0/lib/src/chart/line_chart/line_chart.dart:15:9: Context: Found this candidate, but the arguments don't match.
  const LineChart(
        ^^^^^^^^^
lib/features/health/screens/mood_tracking_screen.dart:186:13: Error: Expected an identifier, but got ')'.
Try inserting an identifier before ')'.
            ),
            ^
lib/features/health/screens/mood_tracking_screen.dart:186:13: Error: Expected ']' before this.
            ),
            ^
lib/features/health/screens/mood_tracking_screen.dart:255:7: Error: Expected ';' after this.
      ),
      ^
lib/features/health/screens/mood_tracking_screen.dart:255:8: Error: Expected an identifier, but got ','.
Try inserting an identifier before ','.
      ),
       ^
lib/features/health/screens/mood_tracking_screen.dart:255:8: Error: Unexpected token ';'.
      ),
       ^
lib/features/health/screens/mood_tracking_screen.dart:256:5: Error: Expected an identifier, but got ')'.
Try inserting an identifier before ')'.
    );
    ^
lib/features/health/screens/mood_tracking_screen.dart:255:8: Error: Expected ';' after this.
      ),
       ^
lib/features/health/screens/mood_tracking_screen.dart:256:5: Error: Unexpected token ';'.
    );
    ^
lib/features/health/screens/mood_tracking_screen.dart:335:15: Error: Expected an identifier, but got ')'.
Try inserting an identifier before ')'.
              ),
              ^
lib/features/health/screens/mood_tracking_screen.dart:334:60: Error: Expected ';' after this.
                if (context.mounted) Navigator.pop(context);
                                                           ^
lib/features/health/screens/mood_tracking_screen.dart:335:15: Error: Unexpected token ';'.
              ),
              ^
lib/features/health/screens/mood_tracking_screen.dart:335:16: Error: Expected an identifier, but got ','.
Try inserting an identifier before ','.
              ),
               ^
lib/features/health/screens/mood_tracking_screen.dart:335:15: Error: Expected ';' after this.
              ),
              ^
lib/features/health/screens/mood_tracking_screen.dart:335:16: Error: Unexpected token ';'.
              ),
               ^
lib/features/health/screens/mood_tracking_screen.dart:336:39: Error: Expected ';' after this.
              child: const Text('Save'),
                                      ^
lib/features/health/screens/mood_tracking_screen.dart:336:40: Error: Expected an identifier, but got ','.
Try inserting an identifier before ','.
              child: const Text('Save'),
                                       ^
lib/features/health/screens/mood_tracking_screen.dart:336:40: Error: Unexpected token ';'.
              child: const Text('Save'),
                                       ^
lib/features/health/screens/mood_tracking_screen.dart:326:27: Error: Required named parameter 'child' must be provided.
            ElevatedButton(
                          ^
/C:/Flutter/flutter3293/packages/flutter/lib/src/material/elevated_button.dart:71:9: Context: Found this candidate, but the arguments don't match.
  const ElevatedButton({
        ^^^^^^^^^^^^^^
lib/features/health/screens/meal_planning_screen.dart:43:23: Error: Can't find '}' to match '{'.
        data: (meals) {
                      ^
lib/features/health/screens/meal_planning_screen.dart:93:44: Error: Can't find '}' to match '{'.
        onDaySelected: (selected, focused) {
                                           ^
lib/features/health/screens/meal_planning_screen.dart:99:28: Error: Can't find '}' to match '{'.
        eventLoader: (day) {
                           ^
lib/features/health/screens/meal_planning_screen.dart:196:31: Error: Can't find '}' to match '{'.
          onPressed: () async {
                              ^
lib/features/health/screens/meal_planning_screen.dart:252:35: Error: Can't find '}' to match '{'.
              onPressed: () async {
                                  ^
lib/features/health/screens/meal_planning_screen.dart:58:39: Error: Required named parameter 'title' must be provided.
                    ? EmptyStateWidget(
                                      ^
lib/core/widgets/empty_state_widget.dart:10:9: Context: Found this candidate, but the arguments don't match.
  const EmptyStateWidget({
        ^^^^^^^^^^^^^^^^
lib/features/health/screens/meal_planning_screen.dart:76:7: Error: Expected ';' after this.
      ),
      ^
lib/features/health/screens/meal_planning_screen.dart:76:8: Error: Expected an identifier, but got ','.
Try inserting an identifier before ','.
      ),
       ^
lib/features/health/screens/meal_planning_screen.dart:76:8: Error: Unexpected token ';'.
      ),
       ^
lib/features/health/screens/meal_planning_screen.dart:80:7: Error: Expected ';' after this.
      ),
      ^
lib/features/health/screens/meal_planning_screen.dart:80:8: Error: Expected an identifier, but got ','.
Try inserting an identifier before ','.
      ),
       ^
lib/features/health/screens/meal_planning_screen.dart:80:8: Error: Unexpected token ';'.
      ),
       ^
lib/features/health/screens/meal_planning_screen.dart:81:5: Error: Expected an identifier, but got ')'.
Try inserting an identifier before ')'.
    );
    ^
lib/features/health/screens/meal_planning_screen.dart:80:8: Error: Expected ';' after this.
      ),
       ^
lib/features/health/screens/meal_planning_screen.dart:81:5: Error: Unexpected token ';'.
    );
    ^
lib/features/health/screens/meal_planning_screen.dart:99:9: Error: No named parameter with the name 'eventLoader'.
        eventLoader: (day) {
        ^^^^^^^^^^^
/C:/Flutter/flutter3293/packages/flutter/lib/src/material/card.dart:70:9: Context: Found this candidate, but the arguments don't match.
  const Card({
        ^^^^
lib/features/health/screens/meal_planning_screen.dart:104:9: Error: Expected ';' after this.
        ),
        ^
lib/features/health/screens/meal_planning_screen.dart:104:10: Error: Expected an identifier, but got ','.
Try inserting an identifier before ','.
        ),
         ^
lib/features/health/screens/meal_planning_screen.dart:104:10: Error: Unexpected token ';'.
        ),
         ^
lib/features/health/screens/meal_planning_screen.dart:105:7: Error: Expected an identifier, but got ')'.
Try inserting an identifier before ')'.
      ),
      ^
lib/features/health/screens/meal_planning_screen.dart:104:10: Error: Expected ';' after this.
        ),
         ^
lib/features/health/screens/meal_planning_screen.dart:105:7: Error: Unexpected token ';'.
      ),
      ^
lib/features/health/screens/meal_planning_screen.dart:105:8: Error: Expected an identifier, but got ','.
Try inserting an identifier before ','.
      ),
       ^
lib/features/health/screens/meal_planning_screen.dart:105:7: Error: Expected ';' after this.
      ),
      ^
lib/features/health/screens/meal_planning_screen.dart:105:8: Error: Unexpected token ';'.
      ),
       ^
lib/features/health/screens/meal_planning_screen.dart:106:5: Error: Expected an identifier, but got ')'.
Try inserting an identifier before ')'.
    );
    ^
lib/features/health/screens/meal_planning_screen.dart:105:8: Error: Expected ';' after this.
      ),
       ^
lib/features/health/screens/meal_planning_screen.dart:106:5: Error: Unexpected token ';'.
    );
    ^
lib/features/health/screens/meal_planning_screen.dart:200:7: Error: Expected ';' after this.
      ),
      ^
lib/features/health/screens/meal_planning_screen.dart:200:8: Error: Expected an identifier, but got ','.
Try inserting an identifier before ','.
      ),
       ^
lib/features/health/screens/meal_planning_screen.dart:200:8: Error: Unexpected token ';'.
      ),
       ^
lib/features/health/screens/meal_planning_screen.dart:201:5: Error: Expected an identifier, but got ')'.
Try inserting an identifier before ')'.
    );
    ^
lib/features/health/screens/meal_planning_screen.dart:200:8: Error: Expected ';' after this.
      ),
       ^
lib/features/health/screens/meal_planning_screen.dart:201:5: Error: Unexpected token ';'.
    );
    ^
lib/features/health/screens/meal_planning_screen.dart:266:15: Error: Expected an identifier, but got ')'.
Try inserting an identifier before ')'.
              ),
              ^
lib/features/health/screens/meal_planning_screen.dart:265:60: Error: Expected ';' after this.
                if (context.mounted) Navigator.pop(context);
                                                           ^
lib/features/health/screens/meal_planning_screen.dart:266:15: Error: Unexpected token ';'.
              ),
              ^
lib/features/health/screens/meal_planning_screen.dart:266:16: Error: Expected an identifier, but got ','.
Try inserting an identifier before ','.
              ),
               ^
lib/features/health/screens/meal_planning_screen.dart:266:15: Error: Expected ';' after this.
              ),
              ^
lib/features/health/screens/meal_planning_screen.dart:266:16: Error: Unexpected token ';'.
              ),
               ^
lib/features/health/screens/meal_planning_screen.dart:267:39: Error: Expected ';' after this.
              child: const Text('Save'),
                                      ^
lib/features/health/screens/meal_planning_screen.dart:267:40: Error: Expected an identifier, but got ','.
Try inserting an identifier before ','.
              child: const Text('Save'),
                                       ^
lib/features/health/screens/meal_planning_screen.dart:267:40: Error: Unexpected token ';'.
              child: const Text('Save'),
                                       ^
lib/features/health/screens/meal_planning_screen.dart:251:27: Error: Required named parameter 'child' must be provided.
            ElevatedButton(
                          ^
/C:/Flutter/flutter3293/packages/flutter/lib/src/material/elevated_button.dart:71:9: Context: Found this candidate, but the arguments don't match.
  const ElevatedButton({
        ^^^^^^^^^^^^^^
lib/features/health/screens/medical_history_screen.dart:34:25: Error: Can't find '}' to match '{'.
        data: (records) {
                        ^
lib/features/health/screens/medical_history_screen.dart:202:35: Error: Can't find '}' to match '{'.
                  onTap: () async {
                                  ^
lib/features/health/screens/medical_history_screen.dart:186:25: Error: Can't find ']' to match '['.
              children: [
                        ^
lib/features/health/screens/medical_history_screen.dart:218:35: Error: Can't find '}' to match '{'.
              onPressed: () async {
                                  ^
lib/features/health/screens/medical_history_screen.dart:249:25: Error: Can't find '}' to match '{'.
              onTap: () {
                        ^
lib/features/health/screens/medical_history_screen.dart:245:21: Error: Can't find ']' to match '['.
          children: [
                    ^
lib/features/health/screens/medical_history_screen.dart:257:31: Error: Can't find '}' to match '{'.
              onTap: () async {
                              ^
lib/features/health/screens/medical_history_screen.dart:36:36: Error: Required named parameter 'title' must be provided.
            return EmptyStateWidget(
                                   ^
lib/core/widgets/empty_state_widget.dart:10:9: Context: Found this candidate, but the arguments don't match.
  const EmptyStateWidget({
        ^^^^^^^^^^^^^^^^
lib/features/health/screens/medical_history_screen.dart:73:7: Error: Expected ';' after this.
      ),
      ^
lib/features/health/screens/medical_history_screen.dart:73:8: Error: Expected an identifier, but got ','.
Try inserting an identifier before ','.
      ),
       ^
lib/features/health/screens/medical_history_screen.dart:73:8: Error: Unexpected token ';'.
      ),
       ^
lib/features/health/screens/medical_history_screen.dart:77:7: Error: Expected ';' after this.
      ),
      ^
lib/features/health/screens/medical_history_screen.dart:77:8: Error: Expected an identifier, but got ','.
Try inserting an identifier before ','.
      ),
       ^
lib/features/health/screens/medical_history_screen.dart:77:8: Error: Unexpected token ';'.
      ),
       ^
lib/features/health/screens/medical_history_screen.dart:78:5: Error: Expected an identifier, but got ')'.
Try inserting an identifier before ')'.
    );
    ^
lib/features/health/screens/medical_history_screen.dart:77:8: Error: Expected ';' after this.
      ),
       ^
lib/features/health/screens/medical_history_screen.dart:78:5: Error: Unexpected token ';'.
    );
    ^
lib/features/health/screens/medical_history_screen.dart:212:15: Error: Expected an identifier, but got ']'.
Try inserting an identifier before ']'.
              ],
              ^
lib/features/health/screens/medical_history_screen.dart:212:15: Error: Expected ')' before this.
              ],
              ^
lib/features/health/screens/medical_history_screen.dart:183:41: Error: Too many positional arguments: 0 allowed, but 1 found.
Try removing the extra positional arguments.
          content: SingleChildScrollView(
                                        ^
/C:/Flutter/flutter3293/packages/flutter/lib/src/widgets/single_child_scroll_view.dart:148:9: Context: Found this candidate, but the arguments don't match.
  const SingleChildScrollView({
        ^^^^^^^^^^^^^^^^^^^^^
lib/features/health/screens/medical_history_screen.dart:229:15: Error: Expected an identifier, but got ')'.
Try inserting an identifier before ')'.
              ),
              ^
lib/features/health/screens/medical_history_screen.dart:228:60: Error: Expected ';' after this.
                if (context.mounted) Navigator.pop(context);
                                                           ^
lib/features/health/screens/medical_history_screen.dart:229:15: Error: Unexpected token ';'.
              ),
              ^
lib/features/health/screens/medical_history_screen.dart:229:16: Error: Expected an identifier, but got ','.
Try inserting an identifier before ','.
              ),
               ^
lib/features/health/screens/medical_history_screen.dart:229:15: Error: Expected ';' after this.
              ),
              ^
lib/features/health/screens/medical_history_screen.dart:229:16: Error: Unexpected token ';'.
              ),
               ^
lib/features/health/screens/medical_history_screen.dart:230:38: Error: Expected ';' after this.
              child: const Text('Add'),
                                     ^
lib/features/health/screens/medical_history_screen.dart:230:39: Error: Expected an identifier, but got ','.
Try inserting an identifier before ','.
              child: const Text('Add'),
                                      ^
lib/features/health/screens/medical_history_screen.dart:230:39: Error: Unexpected token ';'.
              child: const Text('Add'),
                                      ^
lib/features/health/screens/medical_history_screen.dart:217:27: Error: Required named parameter 'child' must be provided.
            ElevatedButton(
                          ^
/C:/Flutter/flutter3293/packages/flutter/lib/src/material/elevated_button.dart:71:9: Context: Found this candidate, but the arguments don't match.
  const ElevatedButton({
        ^^^^^^^^^^^^^^
lib/features/health/screens/medical_history_screen.dart:215:11: Error: No named parameter with the name 'actions'.
          actions: [
          ^^^^^^^
/C:/Flutter/flutter3293/packages/flutter/lib/src/widgets/basic.dart:7874:9: Context: Found this candidate, but the arguments don't match.
  const StatefulBuilder({super.key, required this.builder});
        ^^^^^^^^^^^^^^^
lib/features/health/screens/medical_history_screen.dart:234:7: Error: Expected ';' after this.
      ),
      ^
lib/features/health/screens/medical_history_screen.dart:234:8: Error: Expected an identifier, but got ','.
Try inserting an identifier before ','.
      ),
       ^
lib/features/health/screens/medical_history_screen.dart:234:8: Error: Unexpected token ';'.
      ),
       ^
lib/features/health/screens/medical_history_screen.dart:235:5: Error: Expected an identifier, but got ')'.
Try inserting an identifier before ')'.
    );
    ^
lib/features/health/screens/medical_history_screen.dart:234:8: Error: Expected ';' after this.
      ),
       ^
lib/features/health/screens/medical_history_screen.dart:235:5: Error: Unexpected token ';'.
    );
    ^
lib/features/health/screens/medical_history_screen.dart:241:36: Error: Too many positional arguments: 0 allowed, but 1 found.
Try removing the extra positional arguments.
      builder: (context) => Padding(
                                   ^
/C:/Flutter/flutter3293/packages/flutter/lib/src/widgets/basic.dart:2070:9: Context: Found this candidate, but the arguments don't match.
  const Padding({super.key, required this.padding, super.child});
        ^^^^^^^
lib/features/health/screens/medical_history_screen.dart:262:11: Error: Expected an identifier, but got ']'.
Try inserting an identifier before ']'.
          ],
          ^
lib/features/health/screens/medical_history_screen.dart:262:11: Error: Expected ')' before this.
          ],
          ^
lib/features/health/screens/medical_history_screen.dart:239:25: Error: Too many positional arguments: 0 allowed, but 1 found.
Try removing the extra positional arguments.
    showModalBottomSheet(
                        ^
/C:/Flutter/flutter3293/packages/flutter/lib/src/material/bottom_sheet.dart:1235:12: Context: Found this candidate, but the arguments don't match.
Future<T?> showModalBottomSheet<T>({
           ^^^^^^^^^^^^^^^^^^^^
lib/features/health/screens/medical_history_screen.dart:263:9: Error: Expected ';' after this.
        ),
        ^
lib/features/health/screens/medical_history_screen.dart:263:10: Error: Expected an identifier, but got ','.
Try inserting an identifier before ','.
        ),
         ^
lib/features/health/screens/medical_history_screen.dart:263:10: Error: Unexpected token ';'.
        ),
         ^
lib/features/health/screens/medical_history_screen.dart:264:7: Error: Expected an identifier, but got ')'.
Try inserting an identifier before ')'.
      ),
      ^
lib/features/health/screens/medical_history_screen.dart:263:10: Error: Expected ';' after this.
        ),
         ^
lib/features/health/screens/medical_history_screen.dart:264:7: Error: Unexpected token ';'.
      ),
      ^
lib/features/health/screens/medical_history_screen.dart:264:8: Error: Expected an identifier, but got ','.
Try inserting an identifier before ','.
      ),
       ^
lib/features/health/screens/medical_history_screen.dart:264:7: Error: Expected ';' after this.
      ),
      ^
lib/features/health/screens/medical_history_screen.dart:264:8: Error: Unexpected token ';'.
      ),
       ^
lib/features/health/screens/medical_history_screen.dart:265:5: Error: Expected an identifier, but got ')'.
Try inserting an identifier before ')'.
    );
    ^
lib/features/health/screens/medical_history_screen.dart:264:8: Error: Expected ';' after this.
      ),
       ^
lib/features/health/screens/medical_history_screen.dart:265:5: Error: Unexpected token ';'.
    );
    ^
lib/features/health/health_screen.dart:205:30: Error: Can't find '}' to match '{'.
          onDelete: () async {
                             ^
lib/features/health/health_screen.dart:276:33: Error: Can't find '}' to match '{'.
            onPressed: () async {
                                ^
lib/features/health/health_screen.dart:33:44: Error: No named parameter with the name 'subtitle'.
        loading: () => const LoadingWidget(subtitle: 'Loading health data...'),
                                           ^^^^^^^^
lib/core/widgets/loading_widget.dart:6:9: Context: Found this candidate, but the arguments don't match.
  const LoadingWidget({
        ^^^^^^^^^^^^^
lib/features/health/health_screen.dart:208:11: Error: Expected an identifier, but got ')'.
Try inserting an identifier before ')'.
          ),
          ^
lib/features/health/health_screen.dart:207:50: Error: Expected ';' after this.
            ref.invalidate(healthEntriesProvider);
                                                 ^
lib/features/health/health_screen.dart:208:11: Error: Unexpected token ';'.
          ),
          ^
lib/features/health/health_screen.dart:208:12: Error: Expected an identifier, but got ','.
Try inserting an identifier before ','.
          ),
           ^
lib/features/health/health_screen.dart:208:11: Error: Expected ';' after this.
          ),
          ^
lib/features/health/health_screen.dart:208:12: Error: Unexpected token ';'.
          ),
           ^
lib/features/health/health_screen.dart:291:13: Error: Expected an identifier, but got ')'.
Try inserting an identifier before ')'.
            ),
            ^
lib/features/health/health_screen.dart:290:15: Error: Expected ';' after this.
              }
              ^
lib/features/health/health_screen.dart:291:13: Error: Unexpected token ';'.
            ),
            ^
lib/features/health/health_screen.dart:291:14: Error: Expected an identifier, but got ','.
Try inserting an identifier before ','.
            ),
             ^
lib/features/health/health_screen.dart:291:13: Error: Expected ';' after this.
            ),
            ^
lib/features/health/health_screen.dart:291:14: Error: Unexpected token ';'.
            ),
             ^
lib/features/health/health_screen.dart:292:37: Error: Expected ';' after this.
            child: const Text('Save'),
                                    ^
lib/features/health/health_screen.dart:292:38: Error: Expected an identifier, but got ','.
Try inserting an identifier before ','.
            child: const Text('Save'),
                                     ^
lib/features/health/health_screen.dart:292:38: Error: Unexpected token ';'.
            child: const Text('Save'),
                                     ^
lib/features/health/health_screen.dart:275:25: Error: Required named parameter 'child' must be provided.
          ElevatedButton(
                        ^
/C:/Flutter/flutter3293/packages/flutter/lib/src/material/elevated_button.dart:71:9: Context: Found this candidate, but the arguments don't match.
  const ElevatedButton({
        ^^^^^^^^^^^^^^
lib/features/productivity/screens/voice_notes_screen.dart:47:29: Error: Can't find '}' to match '{'.
              data: (notes) {
                            ^
lib/features/productivity/screens/voice_notes_screen.dart:87:42: Error: Can't find '}' to match '{'.
            builder: (context, snapshot) {
                                         ^
lib/features/productivity/screens/voice_notes_screen.dart:169:29: Error: Can't find '}' to match '{'.
              onPressed: () {
                            ^
lib/features/productivity/screens/voice_notes_screen.dart:167:20: Error: Can't find ']' to match '['.
          actions: [
                   ^
lib/features/productivity/screens/voice_notes_screen.dart:179:35: Error: Can't find '}' to match '{'.
              onPressed: () async {
                                  ^
lib/features/productivity/screens/voice_notes_screen.dart:49:42: Error: Required named parameter 'title' must be provided.
                  return EmptyStateWidget(
                                         ^
lib/core/widgets/empty_state_widget.dart:10:9: Context: Found this candidate, but the arguments don't match.
  const EmptyStateWidget({
        ^^^^^^^^^^^^^^^^
lib/features/productivity/screens/voice_notes_screen.dart:62:15: Error: Expected an identifier, but got ')'.
Try inserting an identifier before ')'.
              ),
              ^
lib/features/productivity/screens/voice_notes_screen.dart:61:18: Error: Expected ';' after this.
                );
                 ^
lib/features/productivity/screens/voice_notes_screen.dart:62:15: Error: Unexpected token ';'.
              ),
              ^
lib/features/productivity/screens/voice_notes_screen.dart:62:16: Error: Expected an identifier, but got ','.
Try inserting an identifier before ','.
              ),
               ^
lib/features/productivity/screens/voice_notes_screen.dart:62:15: Error: Expected ';' after this.
              ),
              ^
lib/features/productivity/screens/voice_notes_screen.dart:62:16: Error: Unexpected token ';'.
              ),
               ^
lib/features/productivity/screens/voice_notes_screen.dart:93:13: Error: Expected an identifier, but got ')'.
Try inserting an identifier before ')'.
            ),
            ^
lib/features/productivity/screens/voice_notes_screen.dart:92:114: Error: Expected ';' after this.
              return Text('$minutes:$seconds', style: const TextStyle(fontSize: 24, fontWeight: FontWeight.bold));
                                                                                          ^
lib/features/productivity/screens/voice_notes_screen.dart:93:13: Error: Unexpected token ';'.
            ),
            ^
lib/features/productivity/screens/voice_notes_screen.dart:93:14: Error: Expected an identifier, but got ','.
Try inserting an identifier before ','.
            ),
             ^
lib/features/productivity/screens/voice_notes_screen.dart:93:13: Error: Expected ';' after this.
            ),
            ^
lib/features/productivity/screens/voice_notes_screen.dart:93:14: Error: Unexpected token ';'.
            ),
             ^
lib/features/productivity/screens/voice_notes_screen.dart:168:23: Error: Required named parameter 'child' must be provided.
            TextButton(
                      ^
/C:/Flutter/flutter3293/packages/flutter/lib/src/material/text_button.dart:83:9: Context: Found this candidate, but the arguments don't match.
  const TextButton({
        ^^^^^^^^^^
lib/features/productivity/screens/voice_notes_screen.dart:176:20: Error: Expected ')' before this.
              child: const Text('Discard'),
                   ^
lib/features/productivity/screens/voice_notes_screen.dart:178:27: Error: Required named parameter 'child' must be provided.
            ElevatedButton(
                          ^
/C:/Flutter/flutter3293/packages/flutter/lib/src/material/elevated_button.dart:71:9: Context: Found this candidate, but the arguments don't match.
  const ElevatedButton({
        ^^^^^^^^^^^^^^
lib/features/productivity/screens/voice_notes_screen.dart:155:17: Error: Too many positional arguments: 0 allowed, but 1 found.
Try removing the extra positional arguments.
      showDialog(
                ^
/C:/Flutter/flutter3293/packages/flutter/lib/src/material/dialog.dart:1440:12: Context: Found this candidate, but the arguments don't match.
Future<T?> showDialog<T>({
           ^^^^^^^^^^
lib/features/productivity/screens/voice_notes_screen.dart:195:13: Error: Expected ';' after this.
            ),
            ^
lib/features/productivity/screens/voice_notes_screen.dart:195:14: Error: Expected an identifier, but got ','.
Try inserting an identifier before ','.
            ),
             ^
lib/features/productivity/screens/voice_notes_screen.dart:195:14: Error: Unexpected token ','.
            ),
             ^
lib/features/productivity/screens/voice_notes_screen.dart:196:11: Error: Expected an identifier, but got ']'.
Try inserting an identifier before ']'.
          ],
          ^
lib/features/productivity/screens/voice_notes_screen.dart:195:14: Error: Expected ';' after this.
            ),
             ^
lib/features/productivity/screens/voice_notes_screen.dart:196:11: Error: Unexpected token ']'.
          ],
          ^
lib/features/productivity/screens/voice_notes_screen.dart:196:12: Error: Expected an identifier, but got ','.
Try inserting an identifier before ','.
          ],
           ^
lib/features/productivity/screens/voice_notes_screen.dart:196:11: Error: Expected ';' after this.
          ],
          ^
lib/features/productivity/screens/voice_notes_screen.dart:196:12: Error: Unexpected token ','.
          ],
           ^
lib/features/productivity/screens/voice_notes_screen.dart:197:9: Error: Expected an identifier, but got ')'.
Try inserting an identifier before ')'.
        ),
        ^
lib/features/productivity/screens/voice_notes_screen.dart:196:12: Error: Expected ';' after this.
          ],
           ^
lib/features/productivity/screens/voice_notes_screen.dart:197:9: Error: Unexpected token ')'.
        ),
        ^
lib/features/productivity/screens/voice_notes_screen.dart:197:10: Error: Expected an identifier, but got ','.
Try inserting an identifier before ','.
        ),
         ^
lib/features/productivity/screens/voice_notes_screen.dart:197:9: Error: Expected ';' after this.
        ),
        ^
lib/features/productivity/screens/voice_notes_screen.dart:197:10: Error: Unexpected token ','.
        ),
         ^
lib/features/productivity/screens/voice_notes_screen.dart:198:7: Error: Expected an identifier, but got ')'.
Try inserting an identifier before ')'.
      );
      ^
lib/features/productivity/screens/voice_notes_screen.dart:197:10: Error: Expected ';' after this.
        ),
         ^
lib/features/productivity/screens/voice_notes_screen.dart:198:7: Error: Unexpected token ')'.
      );
      ^
lib/features/productivity/screens/notes_screen.dart:38:23: Error: Can't find '}' to match '{'.
        data: (notes) {
                      ^
lib/features/productivity/screens/notes_screen.dart:179:35: Error: Can't find '}' to match '{'.
              onPressed: () async {
                                  ^
lib/features/productivity/screens/notes_screen.dart:255:35: Error: Can't find '}' to match '{'.
              onPressed: () async {
                                  ^
lib/features/productivity/screens/notes_screen.dart:253:20: Error: Can't find ']' to match '['.
          actions: [
                   ^
lib/features/productivity/screens/notes_screen.dart:263:35: Error: Can't find '}' to match '{'.
              onPressed: () async {
                                  ^
lib/features/productivity/screens/notes_screen.dart:40:36: Error: Required named parameter 'title' must be provided.
            return EmptyStateWidget(
                                   ^
lib/core/widgets/empty_state_widget.dart:10:9: Context: Found this candidate, but the arguments don't match.
  const EmptyStateWidget({
        ^^^^^^^^^^^^^^^^
lib/features/productivity/screens/notes_screen.dart:60:7: Error: Expected ';' after this.
      ),
      ^
lib/features/productivity/screens/notes_screen.dart:60:8: Error: Expected an identifier, but got ','.
Try inserting an identifier before ','.
      ),
       ^
lib/features/productivity/screens/notes_screen.dart:60:8: Error: Unexpected token ';'.
      ),
       ^
lib/features/productivity/screens/notes_screen.dart:64:7: Error: Expected ';' after this.
      ),
      ^
lib/features/productivity/screens/notes_screen.dart:64:8: Error: Expected an identifier, but got ','.
Try inserting an identifier before ','.
      ),
       ^
lib/features/productivity/screens/notes_screen.dart:64:8: Error: Unexpected token ';'.
      ),
       ^
lib/features/productivity/screens/notes_screen.dart:65:5: Error: Expected an identifier, but got ')'.
Try inserting an identifier before ')'.
    );
    ^
lib/features/productivity/screens/notes_screen.dart:64:8: Error: Expected ';' after this.
      ),
       ^
lib/features/productivity/screens/notes_screen.dart:65:5: Error: Unexpected token ';'.
    );
    ^
lib/features/productivity/screens/notes_screen.dart:189:15: Error: Expected an identifier, but got ')'.
Try inserting an identifier before ')'.
              ),
              ^
lib/features/productivity/screens/notes_screen.dart:188:60: Error: Expected ';' after this.
                if (context.mounted) Navigator.pop(context);
                                                           ^
lib/features/productivity/screens/notes_screen.dart:189:15: Error: Unexpected token ';'.
              ),
              ^
lib/features/productivity/screens/notes_screen.dart:189:16: Error: Expected an identifier, but got ','.
Try inserting an identifier before ','.
              ),
               ^
lib/features/productivity/screens/notes_screen.dart:189:15: Error: Expected ';' after this.
              ),
              ^
lib/features/productivity/screens/notes_screen.dart:189:16: Error: Unexpected token ';'.
              ),
               ^
lib/features/productivity/screens/notes_screen.dart:190:39: Error: Expected ';' after this.
              child: const Text('Save'),
                                      ^
lib/features/productivity/screens/notes_screen.dart:190:40: Error: Expected an identifier, but got ','.
Try inserting an identifier before ','.
              child: const Text('Save'),
                                       ^
lib/features/productivity/screens/notes_screen.dart:190:40: Error: Unexpected token ';'.
              child: const Text('Save'),
                                       ^
lib/features/productivity/screens/notes_screen.dart:178:27: Error: Required named parameter 'child' must be provided.
            ElevatedButton(
                          ^
/C:/Flutter/flutter3293/packages/flutter/lib/src/material/elevated_button.dart:71:9: Context: Found this candidate, but the arguments don't match.
  const ElevatedButton({
        ^^^^^^^^^^^^^^
lib/features/productivity/screens/notes_screen.dart:254:23: Error: Required named parameter 'child' must be provided.
            TextButton(
                      ^
/C:/Flutter/flutter3293/packages/flutter/lib/src/material/text_button.dart:83:9: Context: Found this candidate, but the arguments don't match.
  const TextButton({
        ^^^^^^^^^^
lib/features/productivity/screens/notes_screen.dart:259:20: Error: Expected ')' before this.
              child: const Text('Delete', style: TextStyle(color: Colors.red)),
                   ^
lib/features/productivity/screens/notes_screen.dart:262:27: Error: Required named parameter 'child' must be provided.
            ElevatedButton(
                          ^
/C:/Flutter/flutter3293/packages/flutter/lib/src/material/elevated_button.dart:71:9: Context: Found this candidate, but the arguments don't match.
  const ElevatedButton({
        ^^^^^^^^^^^^^^
lib/features/productivity/screens/notes_screen.dart:205:44: Error: Too many positional arguments: 0 allowed, but 2 found.
Try removing the extra positional arguments.
      builder: (context) => StatefulBuilder(
                                           ^
/C:/Flutter/flutter3293/packages/flutter/lib/src/widgets/basic.dart:7874:9: Context: Found this candidate, but the arguments don't match.
  const StatefulBuilder({super.key, required this.builder});
        ^^^^^^^^^^^^^^^
lib/features/productivity/screens/notes_screen.dart:274:11: Error: Expected an identifier, but got ']'.
Try inserting an identifier before ']'.
          ],
          ^
lib/features/productivity/screens/notes_screen.dart:274:11: Error: Expected ')' before this.
          ],
          ^
lib/features/productivity/screens/notes_screen.dart:203:15: Error: Too many positional arguments: 0 allowed, but 1 found.
Try removing the extra positional arguments.
    showDialog(
              ^
/C:/Flutter/flutter3293/packages/flutter/lib/src/material/dialog.dart:1440:12: Context: Found this candidate, but the arguments don't match.
Future<T?> showDialog<T>({
           ^^^^^^^^^^
lib/features/productivity/screens/notes_screen.dart:275:9: Error: Expected ';' after this.
        ),
        ^
lib/features/productivity/screens/notes_screen.dart:275:10: Error: Expected an identifier, but got ','.
Try inserting an identifier before ','.
        ),
         ^
lib/features/productivity/screens/notes_screen.dart:275:10: Error: Unexpected token ';'.
        ),
         ^
lib/features/productivity/screens/notes_screen.dart:276:7: Error: Expected an identifier, but got ')'.
Try inserting an identifier before ')'.
      ),
      ^
lib/features/productivity/screens/notes_screen.dart:275:10: Error: Expected ';' after this.
        ),
         ^
lib/features/productivity/screens/notes_screen.dart:276:7: Error: Unexpected token ';'.
      ),
      ^
lib/features/productivity/screens/notes_screen.dart:276:8: Error: Expected an identifier, but got ','.
Try inserting an identifier before ','.
      ),
       ^
lib/features/productivity/screens/notes_screen.dart:276:7: Error: Expected ';' after this.
      ),
      ^
lib/features/productivity/screens/notes_screen.dart:276:8: Error: Unexpected token ';'.
      ),
       ^
lib/features/productivity/screens/notes_screen.dart:277:5: Error: Expected an identifier, but got ')'.
Try inserting an identifier before ')'.
    );
    ^
lib/features/productivity/screens/notes_screen.dart:276:8: Error: Expected ';' after this.
      ),
       ^
lib/features/productivity/screens/notes_screen.dart:277:5: Error: Unexpected token ';'.
    );
    ^
lib/features/productivity/screens/journal_screen.dart:61:43: Error: Can't find '}' to match '{'.
            itemBuilder: (context, index) {
                                          ^
lib/features/productivity/screens/journal_screen.dart:34:25: Error: Can't find '}' to match '{'.
        data: (entries) {
                        ^
lib/features/productivity/screens/journal_screen.dart:188:35: Error: Can't find '}' to match '{'.
              onPressed: () async {
                                  ^
lib/features/productivity/screens/journal_screen.dart:244:41: Error: Can't find '}' to match '{'.
                    onPressed: () async {
                                        ^
lib/features/productivity/screens/journal_screen.dart:36:36: Error: Required named parameter 'title' must be provided.
            return EmptyStateWidget(
                                   ^
lib/core/widgets/empty_state_widget.dart:10:9: Context: Found this candidate, but the arguments don't match.
  const EmptyStateWidget({
        ^^^^^^^^^^^^^^^^
lib/features/productivity/screens/journal_screen.dart:80:13: Error: Expected ';' after this.
            ),
            ^
lib/features/productivity/screens/journal_screen.dart:80:14: Error: Expected an identifier, but got ','.
Try inserting an identifier before ','.
            ),
             ^
lib/features/productivity/screens/journal_screen.dart:80:14: Error: Unexpected token ';'.
            ),
             ^
lib/features/productivity/screens/journal_screen.dart:81:12: Error: Expected ')' before this.
          );
           ^
lib/features/productivity/screens/journal_screen.dart:82:9: Error: Expected ';' after this.
        ),
        ^
lib/features/productivity/screens/journal_screen.dart:82:10: Error: Expected an identifier, but got ','.
Try inserting an identifier before ','.
        ),
         ^
lib/features/productivity/screens/journal_screen.dart:82:10: Error: Unexpected token ';'.
        ),
         ^
lib/features/productivity/screens/journal_screen.dart:83:7: Error: Expected an identifier, but got ')'.
Try inserting an identifier before ')'.
      ),
      ^
lib/features/productivity/screens/journal_screen.dart:82:10: Error: Expected ';' after this.
        ),
         ^
lib/features/productivity/screens/journal_screen.dart:83:7: Error: Unexpected token ';'.
      ),
      ^
lib/features/productivity/screens/journal_screen.dart:83:8: Error: Expected an identifier, but got ','.
Try inserting an identifier before ','.
      ),
       ^
lib/features/productivity/screens/journal_screen.dart:83:7: Error: Expected ';' after this.
      ),
      ^
lib/features/productivity/screens/journal_screen.dart:83:8: Error: Unexpected token ';'.
      ),
       ^
lib/features/productivity/screens/journal_screen.dart:87:7: Error: Expected ';' after this.
      ),
      ^
lib/features/productivity/screens/journal_screen.dart:87:8: Error: Expected an identifier, but got ','.
Try inserting an identifier before ','.
      ),
       ^
lib/features/productivity/screens/journal_screen.dart:87:8: Error: Unexpected token ';'.
      ),
       ^
lib/features/productivity/screens/journal_screen.dart:88:5: Error: Expected an identifier, but got ')'.
Try inserting an identifier before ')'.
    );
    ^
lib/features/productivity/screens/journal_screen.dart:87:8: Error: Expected ';' after this.
      ),
       ^
lib/features/productivity/screens/journal_screen.dart:88:5: Error: Unexpected token ';'.
    );
    ^
lib/features/productivity/screens/journal_screen.dart:199:15: Error: Expected an identifier, but got ')'.
Try inserting an identifier before ')'.
              ),
              ^
lib/features/productivity/screens/journal_screen.dart:198:60: Error: Expected ';' after this.
                if (context.mounted) Navigator.pop(context);
                                                           ^
lib/features/productivity/screens/journal_screen.dart:199:15: Error: Unexpected token ';'.
              ),
              ^
lib/features/productivity/screens/journal_screen.dart:199:16: Error: Expected an identifier, but got ','.
Try inserting an identifier before ','.
              ),
               ^
lib/features/productivity/screens/journal_screen.dart:199:15: Error: Expected ';' after this.
              ),
              ^
lib/features/productivity/screens/journal_screen.dart:199:16: Error: Unexpected token ';'.
              ),
               ^
lib/features/productivity/screens/journal_screen.dart:200:39: Error: Expected ';' after this.
              child: const Text('Save'),
                                      ^
lib/features/productivity/screens/journal_screen.dart:200:40: Error: Expected an identifier, but got ','.
Try inserting an identifier before ','.
              child: const Text('Save'),
                                       ^
lib/features/productivity/screens/journal_screen.dart:200:40: Error: Unexpected token ';'.
              child: const Text('Save'),
                                       ^
lib/features/productivity/screens/journal_screen.dart:187:27: Error: Required named parameter 'child' must be provided.
            ElevatedButton(
                          ^
/C:/Flutter/flutter3293/packages/flutter/lib/src/material/elevated_button.dart:71:9: Context: Found this candidate, but the arguments don't match.
  const ElevatedButton({
        ^^^^^^^^^^^^^^
lib/features/productivity/screens/journal_screen.dart:247:21: Error: Expected an identifier, but got ')'.
Try inserting an identifier before ')'.
                    ),
                    ^
lib/features/productivity/screens/journal_screen.dart:246:45: Error: Expected ';' after this.
                      Navigator.pop(context);
                                            ^
lib/features/productivity/screens/journal_screen.dart:247:21: Error: Unexpected token ';'.
                    ),
                    ^
lib/features/productivity/screens/journal_screen.dart:247:22: Error: Expected an identifier, but got ','.
Try inserting an identifier before ','.
                    ),
                     ^
lib/features/productivity/screens/journal_screen.dart:247:21: Error: Expected ';' after this.
                    ),
                    ^
lib/features/productivity/screens/journal_screen.dart:247:22: Error: Unexpected token ';'.
                    ),
                     ^
lib/features/productivity/screens/journal_screen.dart:248:80: Error: Expected ';' after this.
                    style: ElevatedButton.styleFrom(backgroundColor: Colors.red),
                                                                               ^
lib/features/productivity/screens/journal_screen.dart:248:81: Error: Expected an identifier, but got ','.
Try inserting an identifier before ','.
                    style: ElevatedButton.styleFrom(backgroundColor: Colors.red),
                                                                                ^
lib/features/productivity/screens/journal_screen.dart:248:81: Error: Unexpected token ';'.
                    style: ElevatedButton.styleFrom(backgroundColor: Colors.red),
                                                                                ^
lib/features/productivity/screens/journal_screen.dart:249:53: Error: Expected ';' after this.
                    child: const Text('Delete Entry'),
                                                    ^
lib/features/productivity/screens/journal_screen.dart:249:54: Error: Expected an identifier, but got ','.
Try inserting an identifier before ','.
                    child: const Text('Delete Entry'),
                                                     ^
lib/features/productivity/screens/journal_screen.dart:249:54: Error: Unexpected token ';'.
                    child: const Text('Delete Entry'),
                                                     ^
lib/features/productivity/screens/journal_screen.dart:243:40: Error: Required named parameter 'child' must be provided.
                  child: ElevatedButton(
                                       ^
/C:/Flutter/flutter3293/packages/flutter/lib/src/material/elevated_button.dart:71:9: Context: Found this candidate, but the arguments don't match.
  const ElevatedButton({
        ^^^^^^^^^^^^^^
lib/features/productivity/screens/projects_screen.dart:34:26: Error: Can't find '}' to match '{'.
        data: (projects) {
                         ^
lib/features/productivity/screens/projects_screen.dart:200:35: Error: Can't find '}' to match '{'.
                  onTap: () async {
                                  ^
lib/features/productivity/screens/projects_screen.dart:191:25: Error: Can't find ']' to match '['.
              children: [
                        ^
lib/features/productivity/screens/projects_screen.dart:216:35: Error: Can't find '}' to match '{'.
              onPressed: () async {
                                  ^
lib/features/productivity/screens/projects_screen.dart:274:44: Error: Can't find '}' to match '{'.
                  onChanged: (value) async {
                                           ^
lib/features/productivity/screens/projects_screen.dart:252:25: Error: Can't find ']' to match '['.
              children: [
                        ^
lib/features/productivity/screens/projects_screen.dart:283:45: Error: Can't find '}' to match '{'.
                        onPressed: () async {
                                            ^
lib/features/productivity/screens/projects_screen.dart:280:29: Error: Can't find ']' to match '['.
                  children: [
                            ^
lib/features/productivity/screens/projects_screen.dart:296:45: Error: Can't find '}' to match '{'.
                        onPressed: () async {
                                            ^
lib/features/productivity/screens/projects_screen.dart:36:36: Error: Required named parameter 'title' must be provided.
            return EmptyStateWidget(
                                   ^
lib/core/widgets/empty_state_widget.dart:10:9: Context: Found this candidate, but the arguments don't match.
  const EmptyStateWidget({
        ^^^^^^^^^^^^^^^^
lib/features/productivity/screens/projects_screen.dart:72:7: Error: Expected ';' after this.
      ),
      ^
lib/features/productivity/screens/projects_screen.dart:72:8: Error: Expected an identifier, but got ','.
Try inserting an identifier before ','.
      ),
       ^
lib/features/productivity/screens/projects_screen.dart:72:8: Error: Unexpected token ';'.
      ),
       ^
lib/features/productivity/screens/projects_screen.dart:76:7: Error: Expected ';' after this.
      ),
      ^
lib/features/productivity/screens/projects_screen.dart:76:8: Error: Expected an identifier, but got ','.
Try inserting an identifier before ','.
      ),
       ^
lib/features/productivity/screens/projects_screen.dart:76:8: Error: Unexpected token ';'.
      ),
       ^
lib/features/productivity/screens/projects_screen.dart:77:5: Error: Expected an identifier, but got ')'.
Try inserting an identifier before ')'.
    );
    ^
lib/features/productivity/screens/projects_screen.dart:76:8: Error: Expected ';' after this.
      ),
       ^
lib/features/productivity/screens/projects_screen.dart:77:5: Error: Unexpected token ';'.
    );
    ^
lib/features/productivity/screens/projects_screen.dart:210:15: Error: Expected an identifier, but got ']'.
Try inserting an identifier before ']'.
              ],
              ^
lib/features/productivity/screens/projects_screen.dart:210:15: Error: Expected ')' before this.
              ],
              ^
lib/features/productivity/screens/projects_screen.dart:188:41: Error: Too many positional arguments: 0 allowed, but 1 found.
Try removing the extra positional arguments.
          content: SingleChildScrollView(
                                        ^
/C:/Flutter/flutter3293/packages/flutter/lib/src/widgets/single_child_scroll_view.dart:148:9: Context: Found this candidate, but the arguments don't match.
  const SingleChildScrollView({
        ^^^^^^^^^^^^^^^^^^^^^
lib/features/productivity/screens/projects_screen.dart:228:15: Error: Expected an identifier, but got ')'.
Try inserting an identifier before ')'.
              ),
              ^
lib/features/productivity/screens/projects_screen.dart:227:60: Error: Expected ';' after this.
                if (context.mounted) Navigator.pop(context);
                                                           ^
lib/features/productivity/screens/projects_screen.dart:228:15: Error: Unexpected token ';'.
              ),
              ^
lib/features/productivity/screens/projects_screen.dart:228:16: Error: Expected an identifier, but got ','.
Try inserting an identifier before ','.
              ),
               ^
lib/features/productivity/screens/projects_screen.dart:228:15: Error: Expected ';' after this.
              ),
              ^
lib/features/productivity/screens/projects_screen.dart:228:16: Error: Unexpected token ';'.
              ),
               ^
lib/features/productivity/screens/projects_screen.dart:229:41: Error: Expected ';' after this.
              child: const Text('Create'),
                                        ^
lib/features/productivity/screens/projects_screen.dart:229:42: Error: Expected an identifier, but got ','.
Try inserting an identifier before ','.
              child: const Text('Create'),
                                         ^
lib/features/productivity/screens/projects_screen.dart:229:42: Error: Unexpected token ';'.
              child: const Text('Create'),
                                         ^
lib/features/productivity/screens/projects_screen.dart:215:27: Error: Required named parameter 'child' must be provided.
            ElevatedButton(
                          ^
/C:/Flutter/flutter3293/packages/flutter/lib/src/material/elevated_button.dart:71:9: Context: Found this candidate, but the arguments don't match.
  const ElevatedButton({
        ^^^^^^^^^^^^^^
lib/features/productivity/screens/projects_screen.dart:213:11: Error: No named parameter with the name 'actions'.
          actions: [
          ^^^^^^^
/C:/Flutter/flutter3293/packages/flutter/lib/src/widgets/basic.dart:7874:9: Context: Found this candidate, but the arguments don't match.
  const StatefulBuilder({super.key, required this.builder});
        ^^^^^^^^^^^^^^^
lib/features/productivity/screens/projects_screen.dart:233:7: Error: Expected ';' after this.
      ),
      ^
lib/features/productivity/screens/projects_screen.dart:233:8: Error: Expected an identifier, but got ','.
Try inserting an identifier before ','.
      ),
       ^
lib/features/productivity/screens/projects_screen.dart:233:8: Error: Unexpected token ';'.
      ),
       ^
lib/features/productivity/screens/projects_screen.dart:234:5: Error: Expected an identifier, but got ')'.
Try inserting an identifier before ')'.
    );
    ^
lib/features/productivity/screens/projects_screen.dart:233:8: Error: Expected ';' after this.
      ),
       ^
lib/features/productivity/screens/projects_screen.dart:234:5: Error: Unexpected token ';'.
    );
    ^
lib/features/productivity/screens/projects_screen.dart:282:44: Error: Required named parameter 'child' must be provided.
                      child: ElevatedButton(
                                           ^
/C:/Flutter/flutter3293/packages/flutter/lib/src/material/elevated_button.dart:71:9: Context: Found this candidate, but the arguments don't match.
  const ElevatedButton({
        ^^^^^^^^^^^^^^
lib/features/productivity/screens/projects_screen.dart:295:44: Error: Required named parameter 'child' must be provided.
                      child: ElevatedButton(
                                           ^
/C:/Flutter/flutter3293/packages/flutter/lib/src/material/elevated_button.dart:71:9: Context: Found this candidate, but the arguments don't match.
  const ElevatedButton({
        ^^^^^^^^^^^^^^
lib/features/productivity/screens/projects_screen.dart:300:25: Error: No named parameter with the name 'style'.
                        style: ElevatedButton.styleFrom(backgroundColor: Colors.red),
                        ^^^^^
/C:/Flutter/flutter3293/packages/flutter/lib/src/widgets/basic.dart:5391:9: Context: Found this candidate, but the arguments don't match.
  const Expanded({super.key, super.flex, required super.child}) : super(fit: FlexFit.tight);
        ^^^^^^^^
lib/features/productivity/screens/projects_screen.dart:248:25: Error: Too many positional arguments: 0 allowed, but 4 found.
Try removing the extra positional arguments.
          child: Padding(
                        ^
/C:/Flutter/flutter3293/packages/flutter/lib/src/widgets/basic.dart:2070:9: Context: Found this candidate, but the arguments don't match.
  const Padding({super.key, required this.padding, super.child});
        ^^^^^^^
lib/features/productivity/screens/projects_screen.dart:304:19: Error: Expected an identifier, but got ']'.
Try inserting an identifier before ']'.
                  ],
                  ^
lib/features/productivity/screens/projects_screen.dart:304:19: Error: Expected ')' before this.
                  ],
                  ^
lib/features/productivity/screens/projects_screen.dart:246:70: Error: Too many positional arguments: 0 allowed, but 1 found.
Try removing the extra positional arguments.
        builder: (context, scrollController) => SingleChildScrollView(
                                                                     ^
/C:/Flutter/flutter3293/packages/flutter/lib/src/widgets/single_child_scroll_view.dart:148:9: Context: Found this candidate, but the arguments don't match.
  const SingleChildScrollView({
        ^^^^^^^^^^^^^^^^^^^^^
lib/features/productivity/screens/projects_screen.dart:306:15: Error: Expected an identifier, but got ']'.
Try inserting an identifier before ']'.
              ],
              ^
lib/features/productivity/screens/projects_screen.dart:306:15: Error: Expected ')' before this.
              ],
              ^
lib/features/productivity/screens/projects_screen.dart:241:53: Error: Too many positional arguments: 0 allowed, but 1 found.
Try removing the extra positional arguments.
      builder: (context) => DraggableScrollableSheet(
                                                    ^
/C:/Flutter/flutter3293/packages/flutter/lib/src/widgets/draggable_scrollable_sheet.dart:298:9: Context: Found this candidate, but the arguments don't match.
  const DraggableScrollableSheet({
        ^^^^^^^^^^^^^^^^^^^^^^^^
lib/features/productivity/screens/projects_screen.dart:308:11: Error: Expected ';' after this.
          ),
          ^
lib/features/productivity/screens/projects_screen.dart:308:12: Error: Expected an identifier, but got ','.
Try inserting an identifier before ','.
          ),
           ^
lib/features/productivity/screens/projects_screen.dart:308:12: Error: Unexpected token ';'.
          ),
           ^
lib/features/productivity/screens/projects_screen.dart:309:9: Error: Expected an identifier, but got ')'.
Try inserting an identifier before ')'.
        ),
        ^
lib/features/productivity/screens/projects_screen.dart:308:12: Error: Expected ';' after this.
          ),
           ^
lib/features/productivity/screens/projects_screen.dart:309:9: Error: Unexpected token ';'.
        ),
        ^
lib/features/productivity/screens/projects_screen.dart:309:10: Error: Expected an identifier, but got ','.
Try inserting an identifier before ','.
        ),
         ^
lib/features/productivity/screens/projects_screen.dart:309:9: Error: Expected ';' after this.
        ),
        ^
lib/features/productivity/screens/projects_screen.dart:309:10: Error: Unexpected token ';'.
        ),
         ^
lib/features/productivity/screens/projects_screen.dart:310:7: Error: Expected an identifier, but got ')'.
Try inserting an identifier before ')'.
      ),
      ^
lib/features/productivity/screens/projects_screen.dart:309:10: Error: Expected ';' after this.
        ),
         ^
lib/features/productivity/screens/projects_screen.dart:310:7: Error: Unexpected token ';'.
      ),
      ^
lib/features/productivity/screens/projects_screen.dart:310:8: Error: Expected an identifier, but got ','.
Try inserting an identifier before ','.
      ),
       ^
lib/features/productivity/screens/projects_screen.dart:310:7: Error: Expected ';' after this.
      ),
      ^
lib/features/productivity/screens/projects_screen.dart:310:8: Error: Unexpected token ';'.
      ),
       ^
lib/features/productivity/screens/projects_screen.dart:311:5: Error: Expected an identifier, but got ')'.
Try inserting an identifier before ')'.
    );
    ^
lib/features/productivity/screens/projects_screen.dart:310:8: Error: Expected ';' after this.
      ),
       ^
lib/features/productivity/screens/projects_screen.dart:311:5: Error: Unexpected token ';'.
    );
    ^
lib/features/productivity/screens/time_tracking_screen.dart:43:25: Error: Can't find '}' to match '{'.
        data: (entries) {
                        ^
lib/features/productivity/screens/time_tracking_screen.dart:99:44: Error: Can't find '}' to match '{'.
              builder: (context, snapshot) {
                                           ^
lib/features/productivity/screens/time_tracking_screen.dart:175:56: Error: Can't find '}' to match '{'.
                        getTitlesWidget: (value, meta) {
                                                       ^
lib/features/productivity/screens/time_tracking_screen.dart:239:27: Error: Can't find '}' to match '{'.
            onPressed: () {
                          ^
lib/features/productivity/screens/time_tracking_screen.dart:67:39: Error: Required named parameter 'title' must be provided.
                const EmptyStateWidget(icon: Icons.timer, subtitle: 'No time tracked yet', actionLabel: null)
                                      ^
lib/core/widgets/empty_state_widget.dart:10:9: Context: Found this candidate, but the arguments don't match.
  const EmptyStateWidget({
        ^^^^^^^^^^^^^^^^
lib/features/productivity/screens/time_tracking_screen.dart:73:7: Error: Expected ';' after this.
      ),
      ^
lib/features/productivity/screens/time_tracking_screen.dart:73:8: Error: Expected an identifier, but got ','.
Try inserting an identifier before ','.
      ),
       ^
lib/features/productivity/screens/time_tracking_screen.dart:73:8: Error: Unexpected token ';'.
      ),
       ^
lib/features/productivity/screens/time_tracking_screen.dart:78:7: Error: Expected ';' after this.
      ),
      ^
lib/features/productivity/screens/time_tracking_screen.dart:78:8: Error: Expected an identifier, but got ','.
Try inserting an identifier before ','.
      ),
       ^
lib/features/productivity/screens/time_tracking_screen.dart:78:8: Error: Unexpected token ';'.
      ),
       ^
lib/features/productivity/screens/time_tracking_screen.dart:79:5: Error: Expected an identifier, but got ')'.
Try inserting an identifier before ')'.
    );
    ^
lib/features/productivity/screens/time_tracking_screen.dart:78:8: Error: Expected ';' after this.
      ),
       ^
lib/features/productivity/screens/time_tracking_screen.dart:79:5: Error: Unexpected token ';'.
    );
    ^
lib/features/productivity/screens/time_tracking_screen.dart:105:15: Error: Expected an identifier, but got ')'.
Try inserting an identifier before ')'.
              ),
              ^
lib/features/productivity/screens/time_tracking_screen.dart:104:123: Error: Expected ';' after this.
                return Text('$hours:$minutes:$seconds', style: const TextStyle(fontSize: 32, fontWeight: FontWeight.bold));
                                                                                          ^
lib/features/productivity/screens/time_tracking_screen.dart:105:15: Error: Unexpected token ';'.
              ),
              ^
lib/features/productivity/screens/time_tracking_screen.dart:105:16: Error: Expected an identifier, but got ','.
Try inserting an identifier before ','.
              ),
               ^
lib/features/productivity/screens/time_tracking_screen.dart:105:15: Error: Expected ';' after this.
              ),
              ^
lib/features/productivity/screens/time_tracking_screen.dart:105:16: Error: Unexpected token ';'.
              ),
               ^
lib/features/productivity/screens/time_tracking_screen.dart:181:21: Error: No named parameter with the name 'leftTitles'.
                    leftTitles: const AxisTitles(sideTitles: SideTitles(showTitles: true, reservedSize: 30)),
                    ^^^^^^^^^^
../../../../../AppData/Local/Pub/Cache/hosted/pub.dev/fl_chart-0.68.0/lib/src/chart/bar_chart/bar_chart_data.dart:36:3: Context: Found this candidate, but the arguments don't match.
  BarChartData({
  ^^^^^^^^^^^^
lib/features/productivity/screens/time_tracking_screen.dart:185:19: Error: No named parameter with the name 'borderData'.
                  borderData: FlBorderData(show: false),
                  ^^^^^^^^^^
../../../../../AppData/Local/Pub/Cache/hosted/pub.dev/fl_chart-0.68.0/lib/src/chart/bar_chart/bar_chart.dart:14:9: Context: Found this candidate, but the arguments don't match.
  const BarChart(
        ^^^^^^^^
lib/features/productivity/screens/time_tracking_screen.dart:189:13: Error: Expected an identifier, but got ')'.
Try inserting an identifier before ')'.
            ),
            ^
lib/features/productivity/screens/time_tracking_screen.dart:189:13: Error: Expected ']' before this.
            ),
            ^
lib/features/productivity/screens/time_tracking_screen.dart:246:13: Error: Expected an identifier, but got ')'.
Try inserting an identifier before ')'.
            ),
            ^
lib/features/productivity/screens/time_tracking_screen.dart:245:37: Error: Expected ';' after this.
              Navigator.pop(context);
                                    ^
lib/features/productivity/screens/time_tracking_screen.dart:246:13: Error: Unexpected token ';'.
            ),
            ^
lib/features/productivity/screens/time_tracking_screen.dart:246:14: Error: Expected an identifier, but got ','.
Try inserting an identifier before ','.
            ),
             ^
lib/features/productivity/screens/time_tracking_screen.dart:246:13: Error: Expected ';' after this.
            ),
            ^
lib/features/productivity/screens/time_tracking_screen.dart:246:14: Error: Unexpected token ';'.
            ),
             ^
lib/features/productivity/screens/time_tracking_screen.dart:247:38: Error: Expected ';' after this.
            child: const Text('Start'),
                                     ^
lib/features/productivity/screens/time_tracking_screen.dart:247:39: Error: Expected an identifier, but got ','.
Try inserting an identifier before ','.
            child: const Text('Start'),
                                      ^
lib/features/productivity/screens/time_tracking_screen.dart:247:39: Error: Unexpected token ';'.
            child: const Text('Start'),
                                      ^
lib/features/productivity/screens/time_tracking_screen.dart:238:25: Error: Required named parameter 'child' must be provided.
          ElevatedButton(
                        ^
/C:/Flutter/flutter3293/packages/flutter/lib/src/material/elevated_button.dart:71:9: Context: Found this candidate, but the arguments don't match.
  const ElevatedButton({
        ^^^^^^^^^^^^^^
lib/features/productivity/screens/habits_screen.dart:40:24: Error: Can't find '}' to match '{'.
        data: (habits) {
                       ^
lib/features/productivity/screens/habits_screen.dart:184:35: Error: Can't find '}' to match '{'.
              onPressed: () async {
                                  ^
lib/features/productivity/screens/habits_screen.dart:244:25: Error: Can't find '}' to match '{'.
              onTap: () {
                        ^
lib/features/productivity/screens/habits_screen.dart:240:21: Error: Can't find ']' to match '['.
          children: [
                    ^
lib/features/productivity/screens/habits_screen.dart:252:31: Error: Can't find '}' to match '{'.
              onTap: () async {
                              ^
lib/features/productivity/screens/habits_screen.dart:42:36: Error: Required named parameter 'title' must be provided.
            return EmptyStateWidget(
                                   ^
lib/core/widgets/empty_state_widget.dart:10:9: Context: Found this candidate, but the arguments don't match.
  const EmptyStateWidget({
        ^^^^^^^^^^^^^^^^
lib/features/productivity/screens/habits_screen.dart:64:7: Error: Expected ';' after this.
      ),
      ^
lib/features/productivity/screens/habits_screen.dart:64:8: Error: Expected an identifier, but got ','.
Try inserting an identifier before ','.
      ),
       ^
lib/features/productivity/screens/habits_screen.dart:64:8: Error: Unexpected token ';'.
      ),
       ^
lib/features/productivity/screens/habits_screen.dart:68:7: Error: Expected ';' after this.
      ),
      ^
lib/features/productivity/screens/habits_screen.dart:68:8: Error: Expected an identifier, but got ','.
Try inserting an identifier before ','.
      ),
       ^
lib/features/productivity/screens/habits_screen.dart:68:8: Error: Unexpected token ';'.
      ),
       ^
lib/features/productivity/screens/habits_screen.dart:69:5: Error: Expected an identifier, but got ')'.
Try inserting an identifier before ')'.
    );
    ^
lib/features/productivity/screens/habits_screen.dart:68:8: Error: Expected ';' after this.
      ),
       ^
lib/features/productivity/screens/habits_screen.dart:69:5: Error: Unexpected token ';'.
    );
    ^
lib/features/productivity/screens/habits_screen.dart:195:15: Error: Expected an identifier, but got ')'.
Try inserting an identifier before ')'.
              ),
              ^
lib/features/productivity/screens/habits_screen.dart:194:60: Error: Expected ';' after this.
                if (context.mounted) Navigator.pop(context);
                                                           ^
lib/features/productivity/screens/habits_screen.dart:195:15: Error: Unexpected token ';'.
              ),
              ^
lib/features/productivity/screens/habits_screen.dart:195:16: Error: Expected an identifier, but got ','.
Try inserting an identifier before ','.
              ),
               ^
lib/features/productivity/screens/habits_screen.dart:195:15: Error: Expected ';' after this.
              ),
              ^
lib/features/productivity/screens/habits_screen.dart:195:16: Error: Unexpected token ';'.
              ),
               ^
lib/features/productivity/screens/habits_screen.dart:196:38: Error: Expected ';' after this.
              child: const Text('Add'),
                                     ^
lib/features/productivity/screens/habits_screen.dart:196:39: Error: Expected an identifier, but got ','.
Try inserting an identifier before ','.
              child: const Text('Add'),
                                      ^
lib/features/productivity/screens/habits_screen.dart:196:39: Error: Unexpected token ';'.
              child: const Text('Add'),
                                      ^
lib/features/productivity/screens/habits_screen.dart:183:27: Error: Required named parameter 'child' must be provided.
            ElevatedButton(
                          ^
/C:/Flutter/flutter3293/packages/flutter/lib/src/material/elevated_button.dart:71:9: Context: Found this candidate, but the arguments don't match.
  const ElevatedButton({
        ^^^^^^^^^^^^^^
lib/features/productivity/screens/habits_screen.dart:236:36: Error: Too many positional arguments: 0 allowed, but 1 found.
Try removing the extra positional arguments.
      builder: (context) => Padding(
                                   ^
/C:/Flutter/flutter3293/packages/flutter/lib/src/widgets/basic.dart:2070:9: Context: Found this candidate, but the arguments don't match.
  const Padding({super.key, required this.padding, super.child});
        ^^^^^^^
lib/features/productivity/screens/habits_screen.dart:257:11: Error: Expected an identifier, but got ']'.
Try inserting an identifier before ']'.
          ],
          ^
lib/features/productivity/screens/habits_screen.dart:257:11: Error: Expected ')' before this.
          ],
          ^
lib/features/productivity/screens/habits_screen.dart:234:25: Error: Too many positional arguments: 0 allowed, but 1 found.
Try removing the extra positional arguments.
    showModalBottomSheet(
                        ^
/C:/Flutter/flutter3293/packages/flutter/lib/src/material/bottom_sheet.dart:1235:12: Context: Found this candidate, but the arguments don't match.
Future<T?> showModalBottomSheet<T>({
           ^^^^^^^^^^^^^^^^^^^^
lib/features/productivity/screens/habits_screen.dart:258:9: Error: Expected ';' after this.
        ),
        ^
lib/features/productivity/screens/habits_screen.dart:258:10: Error: Expected an identifier, but got ','.
Try inserting an identifier before ','.
        ),
         ^
lib/features/productivity/screens/habits_screen.dart:258:10: Error: Unexpected token ';'.
        ),
         ^
lib/features/productivity/screens/habits_screen.dart:259:7: Error: Expected an identifier, but got ')'.
Try inserting an identifier before ')'.
      ),
      ^
lib/features/productivity/screens/habits_screen.dart:258:10: Error: Expected ';' after this.
        ),
         ^
lib/features/productivity/screens/habits_screen.dart:259:7: Error: Unexpected token ';'.
      ),
      ^
lib/features/productivity/screens/habits_screen.dart:259:8: Error: Expected an identifier, but got ','.
Try inserting an identifier before ','.
      ),
       ^
lib/features/productivity/screens/habits_screen.dart:259:7: Error: Expected ';' after this.
      ),
      ^
lib/features/productivity/screens/habits_screen.dart:259:8: Error: Unexpected token ';'.
      ),
       ^
lib/features/productivity/screens/habits_screen.dart:260:5: Error: Expected an identifier, but got ')'.
Try inserting an identifier before ')'.
    );
    ^
lib/features/productivity/screens/habits_screen.dart:259:8: Error: Expected ';' after this.
      ),
       ^
lib/features/productivity/screens/habits_screen.dart:260:5: Error: Unexpected token ';'.
    );
    ^
lib/features/finance/screens/receipts_screen.dart:58:41: Error: Can't find '}' to match '{'.
                  onLongPress: () async {
                                        ^
lib/features/finance/screens/receipts_screen.dart:38:43: Error: Can't find '}' to match '{'.
            itemBuilder: (context, index) {
                                          ^
lib/features/finance/screens/receipts_screen.dart:25:26: Error: Can't find '}' to match '{'.
        data: (receipts) {
                         ^
lib/features/finance/screens/receipts_screen.dart:109:33: Error: Can't find '}' to match '{'.
                onTap: () async {
                                ^
lib/features/finance/screens/receipts_screen.dart:87:23: Error: Can't find ']' to match '['.
            children: [
                      ^
lib/features/finance/screens/receipts_screen.dart:124:35: Error: Can't find '}' to match '{'.
              onPressed: () async {
                                  ^
lib/features/finance/screens/receipts_screen.dart:27:36: Error: Required named parameter 'title' must be provided.
            return EmptyStateWidget(
                                   ^
lib/core/widgets/empty_state_widget.dart:10:9: Context: Found this candidate, but the arguments don't match.
  const EmptyStateWidget({
        ^^^^^^^^^^^^^^^^
lib/features/finance/screens/receipts_screen.dart:61:17: Error: Expected ';' after this.
                ),
                ^
lib/features/finance/screens/receipts_screen.dart:61:18: Error: Expected an identifier, but got ','.
Try inserting an identifier before ','.
                ),
                 ^
lib/features/finance/screens/receipts_screen.dart:61:18: Error: Unexpected token ';'.
                ),
                 ^
lib/features/finance/screens/receipts_screen.dart:65:9: Error: Expected an identifier, but got ')'.
Try inserting an identifier before ')'.
        ),
        ^
lib/features/finance/screens/receipts_screen.dart:64:12: Error: Expected ';' after this.
          );
           ^
lib/features/finance/screens/receipts_screen.dart:65:9: Error: Unexpected token ';'.
        ),
        ^
lib/features/finance/screens/receipts_screen.dart:65:10: Error: Expected an identifier, but got ','.
Try inserting an identifier before ','.
        ),
         ^
lib/features/finance/screens/receipts_screen.dart:65:9: Error: Expected ';' after this.
        ),
        ^
lib/features/finance/screens/receipts_screen.dart:65:10: Error: Unexpected token ';'.
        ),
         ^
lib/features/finance/screens/receipts_screen.dart:66:7: Error: Expected an identifier, but got ')'.
Try inserting an identifier before ')'.
      ),
      ^
lib/features/finance/screens/receipts_screen.dart:65:10: Error: Expected ';' after this.
        ),
         ^
lib/features/finance/screens/receipts_screen.dart:66:7: Error: Unexpected token ';'.
      ),
      ^
lib/features/finance/screens/receipts_screen.dart:66:8: Error: Expected an identifier, but got ','.
Try inserting an identifier before ','.
      ),
       ^
lib/features/finance/screens/receipts_screen.dart:66:7: Error: Expected ';' after this.
      ),
      ^
lib/features/finance/screens/receipts_screen.dart:66:8: Error: Unexpected token ';'.
      ),
       ^
lib/features/finance/screens/receipts_screen.dart:70:7: Error: Expected ';' after this.
      ),
      ^
lib/features/finance/screens/receipts_screen.dart:70:8: Error: Expected an identifier, but got ','.
Try inserting an identifier before ','.
      ),
       ^
lib/features/finance/screens/receipts_screen.dart:70:8: Error: Unexpected token ';'.
      ),
       ^
lib/features/finance/screens/receipts_screen.dart:71:5: Error: Expected an identifier, but got ')'.
Try inserting an identifier before ')'.
    );
    ^
lib/features/finance/screens/receipts_screen.dart:70:8: Error: Expected ';' after this.
      ),
       ^
lib/features/finance/screens/receipts_screen.dart:71:5: Error: Unexpected token ';'.
    );
    ^
lib/features/finance/screens/receipts_screen.dart:119:13: Error: Expected an identifier, but got ']'.
Try inserting an identifier before ']'.
            ],
            ^
lib/features/finance/screens/receipts_screen.dart:119:13: Error: Expected ')' before this.
            ],
            ^
lib/features/finance/screens/receipts_screen.dart:83:52: Error: Too many positional arguments: 0 allowed, but 1 found.
Try removing the extra positional arguments.
        builder: (context, setState) => AlertDialog(
                                                   ^
/C:/Flutter/flutter3293/packages/flutter/lib/src/material/dialog.dart:389:9: Context: Found this candidate, but the arguments don't match.
  const AlertDialog({
        ^^^^^^^^^^^
lib/features/finance/screens/receipts_screen.dart:133:15: Error: Expected an identifier, but got ')'.
Try inserting an identifier before ')'.
              ),
              ^
lib/features/finance/screens/receipts_screen.dart:132:60: Error: Expected ';' after this.
                if (context.mounted) Navigator.pop(context);
                                                           ^
lib/features/finance/screens/receipts_screen.dart:133:15: Error: Unexpected token ';'.
              ),
              ^
lib/features/finance/screens/receipts_screen.dart:133:16: Error: Expected an identifier, but got ','.
Try inserting an identifier before ','.
              ),
               ^
lib/features/finance/screens/receipts_screen.dart:133:15: Error: Expected ';' after this.
              ),
              ^
lib/features/finance/screens/receipts_screen.dart:133:16: Error: Unexpected token ';'.
              ),
               ^
lib/features/finance/screens/receipts_screen.dart:134:38: Error: Expected ';' after this.
              child: const Text('Add'),
                                     ^
lib/features/finance/screens/receipts_screen.dart:134:39: Error: Expected an identifier, but got ','.
Try inserting an identifier before ','.
              child: const Text('Add'),
                                      ^
lib/features/finance/screens/receipts_screen.dart:134:39: Error: Unexpected token ';'.
              child: const Text('Add'),
                                      ^
lib/features/finance/screens/receipts_screen.dart:123:27: Error: Required named parameter 'child' must be provided.
            ElevatedButton(
                          ^
/C:/Flutter/flutter3293/packages/flutter/lib/src/material/elevated_button.dart:71:9: Context: Found this candidate, but the arguments don't match.
  const ElevatedButton({
        ^^^^^^^^^^^^^^
lib/features/finance/screens/receipts_screen.dart:121:11: Error: No named parameter with the name 'actions'.
          actions: [
          ^^^^^^^
/C:/Flutter/flutter3293/packages/flutter/lib/src/widgets/basic.dart:7874:9: Context: Found this candidate, but the arguments don't match.
  const StatefulBuilder({super.key, required this.builder});
        ^^^^^^^^^^^^^^^
lib/features/finance/screens/receipts_screen.dart:138:7: Error: Expected ';' after this.
      ),
      ^
lib/features/finance/screens/receipts_screen.dart:138:8: Error: Expected an identifier, but got ','.
Try inserting an identifier before ','.
      ),
       ^
lib/features/finance/screens/receipts_screen.dart:138:8: Error: Unexpected token ';'.
      ),
       ^
lib/features/finance/screens/receipts_screen.dart:139:5: Error: Expected an identifier, but got ')'.
Try inserting an identifier before ')'.
    );
    ^
lib/features/finance/screens/receipts_screen.dart:138:8: Error: Expected ';' after this.
      ),
       ^
lib/features/finance/screens/receipts_screen.dart:139:5: Error: Unexpected token ';'.
    );
    ^
lib/features/finance/screens/assets_screen.dart:34:24: Error: Can't find '}' to match '{'.
        data: (assets) {
                       ^
lib/features/finance/screens/assets_screen.dart:192:35: Error: Can't find '}' to match '{'.
                  onTap: () async {
                                  ^
lib/features/finance/screens/assets_screen.dart:176:25: Error: Can't find ']' to match '['.
              children: [
                        ^
lib/features/finance/screens/assets_screen.dart:208:35: Error: Can't find '}' to match '{'.
              onPressed: () async {
                                  ^
lib/features/finance/screens/assets_screen.dart:239:25: Error: Can't find '}' to match '{'.
              onTap: () {
                        ^
lib/features/finance/screens/assets_screen.dart:235:21: Error: Can't find ']' to match '['.
          children: [
                    ^
lib/features/finance/screens/assets_screen.dart:247:25: Error: Can't find '}' to match '{'.
              onTap: () {
                        ^
lib/features/finance/screens/assets_screen.dart:273:33: Error: Can't find '}' to match '{'.
            onPressed: () async {
                                ^
lib/features/finance/screens/assets_screen.dart:294:33: Error: Can't find '}' to match '{'.
            onPressed: () async {
                                ^
lib/features/finance/screens/assets_screen.dart:36:36: Error: Required named parameter 'title' must be provided.
            return EmptyStateWidget(
                                   ^
lib/core/widgets/empty_state_widget.dart:10:9: Context: Found this candidate, but the arguments don't match.
  const EmptyStateWidget({
        ^^^^^^^^^^^^^^^^
lib/features/finance/screens/assets_screen.dart:75:7: Error: Expected ';' after this.
      ),
      ^
lib/features/finance/screens/assets_screen.dart:75:8: Error: Expected an identifier, but got ','.
Try inserting an identifier before ','.
      ),
       ^
lib/features/finance/screens/assets_screen.dart:75:8: Error: Unexpected token ';'.
      ),
       ^
lib/features/finance/screens/assets_screen.dart:79:7: Error: Expected ';' after this.
      ),
      ^
lib/features/finance/screens/assets_screen.dart:79:8: Error: Expected an identifier, but got ','.
Try inserting an identifier before ','.
      ),
       ^
lib/features/finance/screens/assets_screen.dart:79:8: Error: Unexpected token ';'.
      ),
       ^
lib/features/finance/screens/assets_screen.dart:80:5: Error: Expected an identifier, but got ')'.
Try inserting an identifier before ')'.
    );
    ^
lib/features/finance/screens/assets_screen.dart:79:8: Error: Expected ';' after this.
      ),
       ^
lib/features/finance/screens/assets_screen.dart:80:5: Error: Unexpected token ';'.
    );
    ^
lib/features/finance/screens/assets_screen.dart:202:15: Error: Expected an identifier, but got ']'.
Try inserting an identifier before ']'.
              ],
              ^
lib/features/finance/screens/assets_screen.dart:202:15: Error: Expected ')' before this.
              ],
              ^
lib/features/finance/screens/assets_screen.dart:173:41: Error: Too many positional arguments: 0 allowed, but 1 found.
Try removing the extra positional arguments.
          content: SingleChildScrollView(
                                        ^
/C:/Flutter/flutter3293/packages/flutter/lib/src/widgets/single_child_scroll_view.dart:148:9: Context: Found this candidate, but the arguments don't match.
  const SingleChildScrollView({
        ^^^^^^^^^^^^^^^^^^^^^
lib/features/finance/screens/assets_screen.dart:219:15: Error: Expected an identifier, but got ')'.
Try inserting an identifier before ')'.
              ),
              ^
lib/features/finance/screens/assets_screen.dart:218:60: Error: Expected ';' after this.
                if (context.mounted) Navigator.pop(context);
                                                           ^
lib/features/finance/screens/assets_screen.dart:219:15: Error: Unexpected token ';'.
              ),
              ^
lib/features/finance/screens/assets_screen.dart:219:16: Error: Expected an identifier, but got ','.
Try inserting an identifier before ','.
              ),
               ^
lib/features/finance/screens/assets_screen.dart:219:15: Error: Expected ';' after this.
              ),
              ^
lib/features/finance/screens/assets_screen.dart:219:16: Error: Unexpected token ';'.
              ),
               ^
lib/features/finance/screens/assets_screen.dart:220:38: Error: Expected ';' after this.
              child: const Text('Add'),
                                     ^
lib/features/finance/screens/assets_screen.dart:220:39: Error: Expected an identifier, but got ','.
Try inserting an identifier before ','.
              child: const Text('Add'),
                                      ^
lib/features/finance/screens/assets_screen.dart:220:39: Error: Unexpected token ';'.
              child: const Text('Add'),
                                      ^
lib/features/finance/screens/assets_screen.dart:207:27: Error: Required named parameter 'child' must be provided.
            ElevatedButton(
                          ^
/C:/Flutter/flutter3293/packages/flutter/lib/src/material/elevated_button.dart:71:9: Context: Found this candidate, but the arguments don't match.
  const ElevatedButton({
        ^^^^^^^^^^^^^^
lib/features/finance/screens/assets_screen.dart:205:11: Error: No named parameter with the name 'actions'.
          actions: [
          ^^^^^^^
/C:/Flutter/flutter3293/packages/flutter/lib/src/widgets/basic.dart:7874:9: Context: Found this candidate, but the arguments don't match.
  const StatefulBuilder({super.key, required this.builder});
        ^^^^^^^^^^^^^^^
lib/features/finance/screens/assets_screen.dart:224:7: Error: Expected ';' after this.
      ),
      ^
lib/features/finance/screens/assets_screen.dart:224:8: Error: Expected an identifier, but got ','.
Try inserting an identifier before ','.
      ),
       ^
lib/features/finance/screens/assets_screen.dart:224:8: Error: Unexpected token ';'.
      ),
       ^
lib/features/finance/screens/assets_screen.dart:225:5: Error: Expected an identifier, but got ')'.
Try inserting an identifier before ')'.
    );
    ^
lib/features/finance/screens/assets_screen.dart:224:8: Error: Expected ';' after this.
      ),
       ^
lib/features/finance/screens/assets_screen.dart:225:5: Error: Unexpected token ';'.
    );
    ^
lib/features/finance/screens/assets_screen.dart:231:36: Error: Too many positional arguments: 0 allowed, but 1 found.
Try removing the extra positional arguments.
      builder: (context) => Padding(
                                   ^
/C:/Flutter/flutter3293/packages/flutter/lib/src/widgets/basic.dart:2070:9: Context: Found this candidate, but the arguments don't match.
  const Padding({super.key, required this.padding, super.child});
        ^^^^^^^
lib/features/finance/screens/assets_screen.dart:252:11: Error: Expected an identifier, but got ']'.
Try inserting an identifier before ']'.
          ],
          ^
lib/features/finance/screens/assets_screen.dart:252:11: Error: Expected ')' before this.
          ],
          ^
lib/features/finance/screens/assets_screen.dart:229:25: Error: Too many positional arguments: 0 allowed, but 1 found.
Try removing the extra positional arguments.
    showModalBottomSheet(
                        ^
/C:/Flutter/flutter3293/packages/flutter/lib/src/material/bottom_sheet.dart:1235:12: Context: Found this candidate, but the arguments don't match.
Future<T?> showModalBottomSheet<T>({
           ^^^^^^^^^^^^^^^^^^^^
lib/features/finance/screens/assets_screen.dart:253:9: Error: Expected ';' after this.
        ),
        ^
lib/features/finance/screens/assets_screen.dart:253:10: Error: Expected an identifier, but got ','.
Try inserting an identifier before ','.
        ),
         ^
lib/features/finance/screens/assets_screen.dart:253:10: Error: Unexpected token ';'.
        ),
         ^
lib/features/finance/screens/assets_screen.dart:254:7: Error: Expected an identifier, but got ')'.
Try inserting an identifier before ')'.
      ),
      ^
lib/features/finance/screens/assets_screen.dart:253:10: Error: Expected ';' after this.
        ),
         ^
lib/features/finance/screens/assets_screen.dart:254:7: Error: Unexpected token ';'.
      ),
      ^
lib/features/finance/screens/assets_screen.dart:254:8: Error: Expected an identifier, but got ','.
Try inserting an identifier before ','.
      ),
       ^
lib/features/finance/screens/assets_screen.dart:254:7: Error: Expected ';' after this.
      ),
      ^
lib/features/finance/screens/assets_screen.dart:254:8: Error: Unexpected token ';'.
      ),
       ^
lib/features/finance/screens/assets_screen.dart:255:5: Error: Expected an identifier, but got ')'.
Try inserting an identifier before ')'.
    );
    ^
lib/features/finance/screens/assets_screen.dart:254:8: Error: Expected ';' after this.
      ),
       ^
lib/features/finance/screens/assets_screen.dart:255:5: Error: Unexpected token ';'.
    );
    ^
lib/features/finance/screens/assets_screen.dart:277:13: Error: Expected an identifier, but got ')'.
Try inserting an identifier before ')'.
            ),
            ^
lib/features/finance/screens/assets_screen.dart:276:58: Error: Expected ';' after this.
              if (context.mounted) Navigator.pop(context);
                                                         ^
lib/features/finance/screens/assets_screen.dart:277:13: Error: Unexpected token ';'.
            ),
            ^
lib/features/finance/screens/assets_screen.dart:277:14: Error: Expected an identifier, but got ','.
Try inserting an identifier before ','.
            ),
             ^
lib/features/finance/screens/assets_screen.dart:277:13: Error: Expected ';' after this.
            ),
            ^
lib/features/finance/screens/assets_screen.dart:277:14: Error: Unexpected token ';'.
            ),
             ^
lib/features/finance/screens/assets_screen.dart:278:39: Error: Expected ';' after this.
            child: const Text('Update'),
                                      ^
lib/features/finance/screens/assets_screen.dart:278:40: Error: Expected an identifier, but got ','.
Try inserting an identifier before ','.
            child: const Text('Update'),
                                       ^
lib/features/finance/screens/assets_screen.dart:278:40: Error: Unexpected token ';'.
            child: const Text('Update'),
                                       ^
lib/features/finance/screens/assets_screen.dart:272:25: Error: Required named parameter 'child' must be provided.
          ElevatedButton(
                        ^
/C:/Flutter/flutter3293/packages/flutter/lib/src/material/elevated_button.dart:71:9: Context: Found this candidate, but the arguments don't match.
  const ElevatedButton({
        ^^^^^^^^^^^^^^
lib/features/finance/screens/assets_screen.dart:297:13: Error: Expected an identifier, but got ')'.
Try inserting an identifier before ')'.
            ),
            ^
lib/features/finance/screens/assets_screen.dart:296:58: Error: Expected ';' after this.
              if (context.mounted) Navigator.pop(context);
                                                         ^
lib/features/finance/screens/assets_screen.dart:297:13: Error: Unexpected token ';'.
            ),
            ^
lib/features/finance/screens/assets_screen.dart:297:14: Error: Expected an identifier, but got ','.
Try inserting an identifier before ','.
            ),
             ^
lib/features/finance/screens/assets_screen.dart:297:13: Error: Expected ';' after this.
            ),
            ^
lib/features/finance/screens/assets_screen.dart:297:14: Error: Unexpected token ';'.
            ),
             ^
lib/features/finance/screens/assets_screen.dart:298:72: Error: Expected ';' after this.
            style: ElevatedButton.styleFrom(backgroundColor: Colors.red),
                                                                       ^
lib/features/finance/screens/assets_screen.dart:298:73: Error: Expected an identifier, but got ','.
Try inserting an identifier before ','.
            style: ElevatedButton.styleFrom(backgroundColor: Colors.red),
                                                                        ^
lib/features/finance/screens/assets_screen.dart:298:73: Error: Unexpected token ';'.
            style: ElevatedButton.styleFrom(backgroundColor: Colors.red),
                                                                        ^
lib/features/finance/screens/assets_screen.dart:299:39: Error: Expected ';' after this.
            child: const Text('Delete'),
                                      ^
lib/features/finance/screens/assets_screen.dart:299:40: Error: Expected an identifier, but got ','.
Try inserting an identifier before ','.
            child: const Text('Delete'),
                                       ^
lib/features/finance/screens/assets_screen.dart:299:40: Error: Unexpected token ';'.
            child: const Text('Delete'),
                                       ^
lib/features/finance/screens/assets_screen.dart:293:25: Error: Required named parameter 'child' must be provided.
          ElevatedButton(
                        ^
/C:/Flutter/flutter3293/packages/flutter/lib/src/material/elevated_button.dart:71:9: Context: Found this candidate, but the arguments don't match.
  const ElevatedButton({
        ^^^^^^^^^^^^^^
lib/features/finance/screens/debts_screen.dart:34:23: Error: Can't find '}' to match '{'.
        data: (debts) {
                      ^
lib/features/finance/screens/debts_screen.dart:161:35: Error: Can't find '}' to match '{'.
                  onTap: () async {
                                  ^
lib/features/finance/screens/debts_screen.dart:150:25: Error: Can't find ']' to match '['.
              children: [
                        ^
lib/features/finance/screens/debts_screen.dart:177:35: Error: Can't find '}' to match '{'.
              onPressed: () async {
                                  ^
lib/features/finance/screens/debts_screen.dart:208:25: Error: Can't find '}' to match '{'.
              onTap: () {
                        ^
lib/features/finance/screens/debts_screen.dart:204:21: Error: Can't find ']' to match '['.
          children: [
                    ^
lib/features/finance/screens/debts_screen.dart:216:25: Error: Can't find '}' to match '{'.
              onTap: () {
                        ^
lib/features/finance/screens/debts_screen.dart:246:33: Error: Can't find '}' to match '{'.
            onPressed: () async {
                                ^
lib/features/finance/screens/debts_screen.dart:276:33: Error: Can't find '}' to match '{'.
            onPressed: () async {
                                ^
lib/features/finance/screens/debts_screen.dart:36:36: Error: Required named parameter 'title' must be provided.
            return EmptyStateWidget(
                                   ^
lib/core/widgets/empty_state_widget.dart:10:9: Context: Found this candidate, but the arguments don't match.
  const EmptyStateWidget({
        ^^^^^^^^^^^^^^^^
lib/features/finance/screens/debts_screen.dart:65:7: Error: Expected ';' after this.
      ),
      ^
lib/features/finance/screens/debts_screen.dart:65:8: Error: Expected an identifier, but got ','.
Try inserting an identifier before ','.
      ),
       ^
lib/features/finance/screens/debts_screen.dart:65:8: Error: Unexpected token ';'.
      ),
       ^
lib/features/finance/screens/debts_screen.dart:69:7: Error: Expected ';' after this.
      ),
      ^
lib/features/finance/screens/debts_screen.dart:69:8: Error: Expected an identifier, but got ','.
Try inserting an identifier before ','.
      ),
       ^
lib/features/finance/screens/debts_screen.dart:69:8: Error: Unexpected token ';'.
      ),
       ^
lib/features/finance/screens/debts_screen.dart:70:5: Error: Expected an identifier, but got ')'.
Try inserting an identifier before ')'.
    );
    ^
lib/features/finance/screens/debts_screen.dart:69:8: Error: Expected ';' after this.
      ),
       ^
lib/features/finance/screens/debts_screen.dart:70:5: Error: Unexpected token ';'.
    );
    ^
lib/features/finance/screens/debts_screen.dart:171:15: Error: Expected an identifier, but got ']'.
Try inserting an identifier before ']'.
              ],
              ^
lib/features/finance/screens/debts_screen.dart:171:15: Error: Expected ')' before this.
              ],
              ^
lib/features/finance/screens/debts_screen.dart:147:41: Error: Too many positional arguments: 0 allowed, but 1 found.
Try removing the extra positional arguments.
          content: SingleChildScrollView(
                                        ^
/C:/Flutter/flutter3293/packages/flutter/lib/src/widgets/single_child_scroll_view.dart:148:9: Context: Found this candidate, but the arguments don't match.
  const SingleChildScrollView({
        ^^^^^^^^^^^^^^^^^^^^^
lib/features/finance/screens/debts_screen.dart:188:15: Error: Expected an identifier, but got ')'.
Try inserting an identifier before ')'.
              ),
              ^
lib/features/finance/screens/debts_screen.dart:187:60: Error: Expected ';' after this.
                if (context.mounted) Navigator.pop(context);
                                                           ^
lib/features/finance/screens/debts_screen.dart:188:15: Error: Unexpected token ';'.
              ),
              ^
lib/features/finance/screens/debts_screen.dart:188:16: Error: Expected an identifier, but got ','.
Try inserting an identifier before ','.
              ),
               ^
lib/features/finance/screens/debts_screen.dart:188:15: Error: Expected ';' after this.
              ),
              ^
lib/features/finance/screens/debts_screen.dart:188:16: Error: Unexpected token ';'.
              ),
               ^
lib/features/finance/screens/debts_screen.dart:189:38: Error: Expected ';' after this.
              child: const Text('Add'),
                                     ^
lib/features/finance/screens/debts_screen.dart:189:39: Error: Expected an identifier, but got ','.
Try inserting an identifier before ','.
              child: const Text('Add'),
                                      ^
lib/features/finance/screens/debts_screen.dart:189:39: Error: Unexpected token ';'.
              child: const Text('Add'),
                                      ^
lib/features/finance/screens/debts_screen.dart:176:27: Error: Required named parameter 'child' must be provided.
            ElevatedButton(
                          ^
/C:/Flutter/flutter3293/packages/flutter/lib/src/material/elevated_button.dart:71:9: Context: Found this candidate, but the arguments don't match.
  const ElevatedButton({
        ^^^^^^^^^^^^^^
lib/features/finance/screens/debts_screen.dart:174:11: Error: No named parameter with the name 'actions'.
          actions: [
          ^^^^^^^
/C:/Flutter/flutter3293/packages/flutter/lib/src/widgets/basic.dart:7874:9: Context: Found this candidate, but the arguments don't match.
  const StatefulBuilder({super.key, required this.builder});
        ^^^^^^^^^^^^^^^
lib/features/finance/screens/debts_screen.dart:193:7: Error: Expected ';' after this.
      ),
      ^
lib/features/finance/screens/debts_screen.dart:193:8: Error: Expected an identifier, but got ','.
Try inserting an identifier before ','.
      ),
       ^
lib/features/finance/screens/debts_screen.dart:193:8: Error: Unexpected token ';'.
      ),
       ^
lib/features/finance/screens/debts_screen.dart:194:5: Error: Expected an identifier, but got ')'.
Try inserting an identifier before ')'.
    );
    ^
lib/features/finance/screens/debts_screen.dart:193:8: Error: Expected ';' after this.
      ),
       ^
lib/features/finance/screens/debts_screen.dart:194:5: Error: Unexpected token ';'.
    );
    ^
lib/features/finance/screens/debts_screen.dart:200:36: Error: Too many positional arguments: 0 allowed, but 1 found.
Try removing the extra positional arguments.
      builder: (context) => Padding(
                                   ^
/C:/Flutter/flutter3293/packages/flutter/lib/src/widgets/basic.dart:2070:9: Context: Found this candidate, but the arguments don't match.
  const Padding({super.key, required this.padding, super.child});
        ^^^^^^^
lib/features/finance/screens/debts_screen.dart:221:11: Error: Expected an identifier, but got ']'.
Try inserting an identifier before ']'.
          ],
          ^
lib/features/finance/screens/debts_screen.dart:221:11: Error: Expected ')' before this.
          ],
          ^
lib/features/finance/screens/debts_screen.dart:198:25: Error: Too many positional arguments: 0 allowed, but 1 found.
Try removing the extra positional arguments.
    showModalBottomSheet(
                        ^
/C:/Flutter/flutter3293/packages/flutter/lib/src/material/bottom_sheet.dart:1235:12: Context: Found this candidate, but the arguments don't match.
Future<T?> showModalBottomSheet<T>({
           ^^^^^^^^^^^^^^^^^^^^
lib/features/finance/screens/debts_screen.dart:222:9: Error: Expected ';' after this.
        ),
        ^
lib/features/finance/screens/debts_screen.dart:222:10: Error: Expected an identifier, but got ','.
Try inserting an identifier before ','.
        ),
         ^
lib/features/finance/screens/debts_screen.dart:222:10: Error: Unexpected token ';'.
        ),
         ^
lib/features/finance/screens/debts_screen.dart:223:7: Error: Expected an identifier, but got ')'.
Try inserting an identifier before ')'.
      ),
      ^
lib/features/finance/screens/debts_screen.dart:222:10: Error: Expected ';' after this.
        ),
         ^
lib/features/finance/screens/debts_screen.dart:223:7: Error: Unexpected token ';'.
      ),
      ^
lib/features/finance/screens/debts_screen.dart:223:8: Error: Expected an identifier, but got ','.
Try inserting an identifier before ','.
      ),
       ^
lib/features/finance/screens/debts_screen.dart:223:7: Error: Expected ';' after this.
      ),
      ^
lib/features/finance/screens/debts_screen.dart:223:8: Error: Unexpected token ';'.
      ),
       ^
lib/features/finance/screens/debts_screen.dart:224:5: Error: Expected an identifier, but got ')'.
Try inserting an identifier before ')'.
    );
    ^
lib/features/finance/screens/debts_screen.dart:223:8: Error: Expected ';' after this.
      ),
       ^
lib/features/finance/screens/debts_screen.dart:224:5: Error: Unexpected token ';'.
    );
    ^
lib/features/finance/screens/debts_screen.dart:259:13: Error: Expected an identifier, but got ')'.
Try inserting an identifier before ')'.
            ),
            ^
lib/features/finance/screens/debts_screen.dart:258:58: Error: Expected ';' after this.
              if (context.mounted) Navigator.pop(context);
                                                         ^
lib/features/finance/screens/debts_screen.dart:259:13: Error: Unexpected token ';'.
            ),
            ^
lib/features/finance/screens/debts_screen.dart:259:14: Error: Expected an identifier, but got ','.
Try inserting an identifier before ','.
            ),
             ^
lib/features/finance/screens/debts_screen.dart:259:13: Error: Expected ';' after this.
            ),
            ^
lib/features/finance/screens/debts_screen.dart:259:14: Error: Unexpected token ';'.
            ),
             ^
lib/features/finance/screens/debts_screen.dart:260:36: Error: Expected ';' after this.
            child: const Text('Pay'),
                                   ^
lib/features/finance/screens/debts_screen.dart:260:37: Error: Expected an identifier, but got ','.
Try inserting an identifier before ','.
            child: const Text('Pay'),
                                    ^
lib/features/finance/screens/debts_screen.dart:260:37: Error: Unexpected token ';'.
            child: const Text('Pay'),
                                    ^
lib/features/finance/screens/debts_screen.dart:245:25: Error: Required named parameter 'child' must be provided.
          ElevatedButton(
                        ^
/C:/Flutter/flutter3293/packages/flutter/lib/src/material/elevated_button.dart:71:9: Context: Found this candidate, but the arguments don't match.
  const ElevatedButton({
        ^^^^^^^^^^^^^^
lib/features/finance/screens/debts_screen.dart:279:13: Error: Expected an identifier, but got ')'.
Try inserting an identifier before ')'.
            ),
            ^
lib/features/finance/screens/debts_screen.dart:278:58: Error: Expected ';' after this.
              if (context.mounted) Navigator.pop(context);
                                                         ^
lib/features/finance/screens/debts_screen.dart:279:13: Error: Unexpected token ';'.
            ),
            ^
lib/features/finance/screens/debts_screen.dart:279:14: Error: Expected an identifier, but got ','.
Try inserting an identifier before ','.
            ),
             ^
lib/features/finance/screens/debts_screen.dart:279:13: Error: Expected ';' after this.
            ),
            ^
lib/features/finance/screens/debts_screen.dart:279:14: Error: Unexpected token ';'.
            ),
             ^
lib/features/finance/screens/debts_screen.dart:280:72: Error: Expected ';' after this.
            style: ElevatedButton.styleFrom(backgroundColor: Colors.red),
                                                                       ^
lib/features/finance/screens/debts_screen.dart:280:73: Error: Expected an identifier, but got ','.
Try inserting an identifier before ','.
            style: ElevatedButton.styleFrom(backgroundColor: Colors.red),
                                                                        ^
lib/features/finance/screens/debts_screen.dart:280:73: Error: Unexpected token ';'.
            style: ElevatedButton.styleFrom(backgroundColor: Colors.red),
                                                                        ^
lib/features/finance/screens/debts_screen.dart:281:39: Error: Expected ';' after this.
            child: const Text('Delete'),
                                      ^
lib/features/finance/screens/debts_screen.dart:281:40: Error: Expected an identifier, but got ','.
Try inserting an identifier before ','.
            child: const Text('Delete'),
                                       ^
lib/features/finance/screens/debts_screen.dart:281:40: Error: Unexpected token ';'.
            child: const Text('Delete'),
                                       ^
lib/features/finance/screens/debts_screen.dart:275:25: Error: Required named parameter 'child' must be provided.
          ElevatedButton(
                        ^
/C:/Flutter/flutter3293/packages/flutter/lib/src/material/elevated_button.dart:71:9: Context: Found this candidate, but the arguments don't match.
  const ElevatedButton({
        ^^^^^^^^^^^^^^
lib/features/finance/screens/budgets_screen.dart:34:25: Error: Can't find '}' to match '{'.
        data: (budgets) {
                        ^
lib/features/finance/screens/budgets_screen.dart:123:29: Error: Can't find '}' to match '{'.
                    (index) {
                            ^
lib/features/finance/screens/budgets_screen.dart:227:35: Error: Can't find '}' to match '{'.
              onPressed: () async {
                                  ^
lib/features/finance/screens/budgets_screen.dart:36:36: Error: Required named parameter 'title' must be provided.
            return EmptyStateWidget(
                                   ^
lib/core/widgets/empty_state_widget.dart:10:9: Context: Found this candidate, but the arguments don't match.
  const EmptyStateWidget({
        ^^^^^^^^^^^^^^^^
lib/features/finance/screens/budgets_screen.dart:63:7: Error: Expected ';' after this.
      ),
      ^
lib/features/finance/screens/budgets_screen.dart:63:8: Error: Expected an identifier, but got ','.
Try inserting an identifier before ','.
      ),
       ^
lib/features/finance/screens/budgets_screen.dart:63:8: Error: Unexpected token ';'.
      ),
       ^
lib/features/finance/screens/budgets_screen.dart:67:7: Error: Expected ';' after this.
      ),
      ^
lib/features/finance/screens/budgets_screen.dart:67:8: Error: Expected an identifier, but got ','.
Try inserting an identifier before ','.
      ),
       ^
lib/features/finance/screens/budgets_screen.dart:67:8: Error: Unexpected token ';'.
      ),
       ^
lib/features/finance/screens/budgets_screen.dart:68:5: Error: Expected an identifier, but got ')'.
Try inserting an identifier before ')'.
    );
    ^
lib/features/finance/screens/budgets_screen.dart:67:8: Error: Expected ';' after this.
      ),
       ^
lib/features/finance/screens/budgets_screen.dart:68:5: Error: Unexpected token ';'.
    );
    ^
lib/features/finance/screens/budgets_screen.dart:133:21: Error: Expected an identifier, but got ')'.
Try inserting an identifier before ')'.
                    ),
                    ^
lib/features/finance/screens/budgets_screen.dart:132:24: Error: Expected ';' after this.
                      );
                       ^
lib/features/finance/screens/budgets_screen.dart:133:21: Error: Unexpected token ';'.
                    ),
                    ^
lib/features/finance/screens/budgets_screen.dart:133:22: Error: Expected an identifier, but got ','.
Try inserting an identifier before ','.
                    ),
                     ^
lib/features/finance/screens/budgets_screen.dart:133:21: Error: Expected ';' after this.
                    ),
                    ^
lib/features/finance/screens/budgets_screen.dart:133:22: Error: Unexpected token ';'.
                    ),
                     ^
lib/features/finance/screens/budgets_screen.dart:238:15: Error: Expected an identifier, but got ')'.
Try inserting an identifier before ')'.
              ),
              ^
lib/features/finance/screens/budgets_screen.dart:237:60: Error: Expected ';' after this.
                if (context.mounted) Navigator.pop(context);
                                                           ^
lib/features/finance/screens/budgets_screen.dart:238:15: Error: Unexpected token ';'.
              ),
              ^
lib/features/finance/screens/budgets_screen.dart:238:16: Error: Expected an identifier, but got ','.
Try inserting an identifier before ','.
              ),
               ^
lib/features/finance/screens/budgets_screen.dart:238:15: Error: Expected ';' after this.
              ),
              ^
lib/features/finance/screens/budgets_screen.dart:238:16: Error: Unexpected token ';'.
              ),
               ^
lib/features/finance/screens/budgets_screen.dart:239:41: Error: Expected ';' after this.
              child: const Text('Create'),
                                        ^
lib/features/finance/screens/budgets_screen.dart:239:42: Error: Expected an identifier, but got ','.
Try inserting an identifier before ','.
              child: const Text('Create'),
                                         ^
lib/features/finance/screens/budgets_screen.dart:239:42: Error: Unexpected token ';'.
              child: const Text('Create'),
                                         ^
lib/features/finance/screens/budgets_screen.dart:226:27: Error: Required named parameter 'child' must be provided.
            ElevatedButton(
                          ^
/C:/Flutter/flutter3293/packages/flutter/lib/src/material/elevated_button.dart:71:9: Context: Found this candidate, but the arguments don't match.
  const ElevatedButton({
        ^^^^^^^^^^^^^^
lib/features/finance/screens/subscriptions_screen.dart:34:31: Error: Can't find '}' to match '{'.
        data: (subscriptions) {
                              ^
lib/features/finance/screens/subscriptions_screen.dart:142:31: Error: Can't find '}' to match '{'.
          onSelected: (value) {
                              ^
lib/features/finance/screens/subscriptions_screen.dart:186:35: Error: Can't find '}' to match '{'.
                  onTap: () async {
                                  ^
lib/features/finance/screens/subscriptions_screen.dart:166:25: Error: Can't find ']' to match '['.
              children: [
                        ^
lib/features/finance/screens/subscriptions_screen.dart:202:35: Error: Can't find '}' to match '{'.
              onPressed: () async {
                                  ^
lib/features/finance/screens/subscriptions_screen.dart:231:33: Error: Can't find '}' to match '{'.
            onPressed: () async {
                                ^
lib/features/finance/screens/subscriptions_screen.dart:36:36: Error: Required named parameter 'title' must be provided.
            return EmptyStateWidget(
                                   ^
lib/core/widgets/empty_state_widget.dart:10:9: Context: Found this candidate, but the arguments don't match.
  const EmptyStateWidget({
        ^^^^^^^^^^^^^^^^
lib/features/finance/screens/subscriptions_screen.dart:66:7: Error: Expected ';' after this.
      ),
      ^
lib/features/finance/screens/subscriptions_screen.dart:66:8: Error: Expected an identifier, but got ','.
Try inserting an identifier before ','.
      ),
       ^
lib/features/finance/screens/subscriptions_screen.dart:66:8: Error: Unexpected token ';'.
      ),
       ^
lib/features/finance/screens/subscriptions_screen.dart:70:7: Error: Expected ';' after this.
      ),
      ^
lib/features/finance/screens/subscriptions_screen.dart:70:8: Error: Expected an identifier, but got ','.
Try inserting an identifier before ','.
      ),
       ^
lib/features/finance/screens/subscriptions_screen.dart:70:8: Error: Unexpected token ';'.
      ),
       ^
lib/features/finance/screens/subscriptions_screen.dart:71:5: Error: Expected an identifier, but got ')'.
Try inserting an identifier before ')'.
    );
    ^
lib/features/finance/screens/subscriptions_screen.dart:70:8: Error: Expected ';' after this.
      ),
       ^
lib/features/finance/screens/subscriptions_screen.dart:71:5: Error: Unexpected token ';'.
    );
    ^
lib/features/finance/screens/subscriptions_screen.dart:148:7: Error: Expected ';' after this.
      ),
      ^
lib/features/finance/screens/subscriptions_screen.dart:148:8: Error: Expected an identifier, but got ','.
Try inserting an identifier before ','.
      ),
       ^
lib/features/finance/screens/subscriptions_screen.dart:148:8: Error: Unexpected token ';'.
      ),
       ^
lib/features/finance/screens/subscriptions_screen.dart:149:5: Error: Expected an identifier, but got ')'.
Try inserting an identifier before ')'.
    );
    ^
lib/features/finance/screens/subscriptions_screen.dart:148:8: Error: Expected ';' after this.
      ),
       ^
lib/features/finance/screens/subscriptions_screen.dart:149:5: Error: Unexpected token ';'.
    );
    ^
lib/features/finance/screens/subscriptions_screen.dart:196:15: Error: Expected an identifier, but got ']'.
Try inserting an identifier before ']'.
              ],
              ^
lib/features/finance/screens/subscriptions_screen.dart:196:15: Error: Expected ')' before this.
              ],
              ^
lib/features/finance/screens/subscriptions_screen.dart:163:41: Error: Too many positional arguments: 0 allowed, but 1 found.
Try removing the extra positional arguments.
          content: SingleChildScrollView(
                                        ^
/C:/Flutter/flutter3293/packages/flutter/lib/src/widgets/single_child_scroll_view.dart:148:9: Context: Found this candidate, but the arguments don't match.
  const SingleChildScrollView({
        ^^^^^^^^^^^^^^^^^^^^^
lib/features/finance/screens/subscriptions_screen.dart:213:15: Error: Expected an identifier, but got ')'.
Try inserting an identifier before ')'.
              ),
              ^
lib/features/finance/screens/subscriptions_screen.dart:212:60: Error: Expected ';' after this.
                if (context.mounted) Navigator.pop(context);
                                                           ^
lib/features/finance/screens/subscriptions_screen.dart:213:15: Error: Unexpected token ';'.
              ),
              ^
lib/features/finance/screens/subscriptions_screen.dart:213:16: Error: Expected an identifier, but got ','.
Try inserting an identifier before ','.
              ),
               ^
lib/features/finance/screens/subscriptions_screen.dart:213:15: Error: Expected ';' after this.
              ),
              ^
lib/features/finance/screens/subscriptions_screen.dart:213:16: Error: Unexpected token ';'.
              ),
               ^
lib/features/finance/screens/subscriptions_screen.dart:214:38: Error: Expected ';' after this.
              child: const Text('Add'),
                                     ^
lib/features/finance/screens/subscriptions_screen.dart:214:39: Error: Expected an identifier, but got ','.
Try inserting an identifier before ','.
              child: const Text('Add'),
                                      ^
lib/features/finance/screens/subscriptions_screen.dart:214:39: Error: Unexpected token ';'.
              child: const Text('Add'),
                                      ^
lib/features/finance/screens/subscriptions_screen.dart:201:27: Error: Required named parameter 'child' must be provided.
            ElevatedButton(
                          ^
/C:/Flutter/flutter3293/packages/flutter/lib/src/material/elevated_button.dart:71:9: Context: Found this candidate, but the arguments don't match.
  const ElevatedButton({
        ^^^^^^^^^^^^^^
lib/features/finance/screens/subscriptions_screen.dart:199:11: Error: No named parameter with the name 'actions'.
          actions: [
          ^^^^^^^
/C:/Flutter/flutter3293/packages/flutter/lib/src/widgets/basic.dart:7874:9: Context: Found this candidate, but the arguments don't match.
  const StatefulBuilder({super.key, required this.builder});
        ^^^^^^^^^^^^^^^
lib/features/finance/screens/subscriptions_screen.dart:218:7: Error: Expected ';' after this.
      ),
      ^
lib/features/finance/screens/subscriptions_screen.dart:218:8: Error: Expected an identifier, but got ','.
Try inserting an identifier before ','.
      ),
       ^
lib/features/finance/screens/subscriptions_screen.dart:218:8: Error: Unexpected token ';'.
      ),
       ^
lib/features/finance/screens/subscriptions_screen.dart:219:5: Error: Expected an identifier, but got ')'.
Try inserting an identifier before ')'.
    );
    ^
lib/features/finance/screens/subscriptions_screen.dart:218:8: Error: Expected ';' after this.
      ),
       ^
lib/features/finance/screens/subscriptions_screen.dart:219:5: Error: Unexpected token ';'.
    );
    ^
lib/features/finance/screens/subscriptions_screen.dart:234:13: Error: Expected an identifier, but got ')'.
Try inserting an identifier before ')'.
            ),
            ^
lib/features/finance/screens/subscriptions_screen.dart:233:58: Error: Expected ';' after this.
              if (context.mounted) Navigator.pop(context);
                                                         ^
lib/features/finance/screens/subscriptions_screen.dart:234:13: Error: Unexpected token ';'.
            ),
            ^
lib/features/finance/screens/subscriptions_screen.dart:234:14: Error: Expected an identifier, but got ','.
Try inserting an identifier before ','.
            ),
             ^
lib/features/finance/screens/subscriptions_screen.dart:234:13: Error: Expected ';' after this.
            ),
            ^
lib/features/finance/screens/subscriptions_screen.dart:234:14: Error: Unexpected token ';'.
            ),
             ^
lib/features/finance/screens/subscriptions_screen.dart:235:72: Error: Expected ';' after this.
            style: ElevatedButton.styleFrom(backgroundColor: Colors.red),
                                                                       ^
lib/features/finance/screens/subscriptions_screen.dart:235:73: Error: Expected an identifier, but got ','.
Try inserting an identifier before ','.
            style: ElevatedButton.styleFrom(backgroundColor: Colors.red),
                                                                        ^
lib/features/finance/screens/subscriptions_screen.dart:235:73: Error: Unexpected token ';'.
            style: ElevatedButton.styleFrom(backgroundColor: Colors.red),
                                                                        ^
lib/features/finance/screens/subscriptions_screen.dart:236:39: Error: Expected ';' after this.
            child: const Text('Remove'),
                                      ^
lib/features/finance/screens/subscriptions_screen.dart:236:40: Error: Expected an identifier, but got ','.
Try inserting an identifier before ','.
            child: const Text('Remove'),
                                       ^
lib/features/finance/screens/subscriptions_screen.dart:236:40: Error: Unexpected token ';'.
            child: const Text('Remove'),
                                       ^
lib/features/finance/screens/subscriptions_screen.dart:230:25: Error: Required named parameter 'child' must be provided.
          ElevatedButton(
                        ^
/C:/Flutter/flutter3293/packages/flutter/lib/src/material/elevated_button.dart:71:9: Context: Found this candidate, but the arguments don't match.
  const ElevatedButton({
        ^^^^^^^^^^^^^^
lib/features/finance/screens/bills_screen.dart:34:23: Error: Can't find '}' to match '{'.
        data: (bills) {
                      ^
lib/features/finance/screens/bills_screen.dart:183:35: Error: Can't find '}' to match '{'.
                  onTap: () async {
                                  ^
lib/features/finance/screens/bills_screen.dart:174:25: Error: Can't find ']' to match '['.
              children: [
                        ^
lib/features/finance/screens/bills_screen.dart:205:35: Error: Can't find '}' to match '{'.
              onPressed: () async {
                                  ^
lib/features/finance/screens/bills_screen.dart:239:33: Error: Can't find '}' to match '{'.
            onPressed: () async {
                                ^
lib/features/finance/screens/bills_screen.dart:36:36: Error: Required named parameter 'title' must be provided.
            return EmptyStateWidget(
                                   ^
lib/core/widgets/empty_state_widget.dart:10:9: Context: Found this candidate, but the arguments don't match.
  const EmptyStateWidget({
        ^^^^^^^^^^^^^^^^
lib/features/finance/screens/bills_screen.dart:77:7: Error: Expected ';' after this.
      ),
      ^
lib/features/finance/screens/bills_screen.dart:77:8: Error: Expected an identifier, but got ','.
Try inserting an identifier before ','.
      ),
       ^
lib/features/finance/screens/bills_screen.dart:77:8: Error: Unexpected token ';'.
      ),
       ^
lib/features/finance/screens/bills_screen.dart:81:7: Error: Expected ';' after this.
      ),
      ^
lib/features/finance/screens/bills_screen.dart:81:8: Error: Expected an identifier, but got ','.
Try inserting an identifier before ','.
      ),
       ^
lib/features/finance/screens/bills_screen.dart:81:8: Error: Unexpected token ';'.
      ),
       ^
lib/features/finance/screens/bills_screen.dart:82:5: Error: Expected an identifier, but got ')'.
Try inserting an identifier before ')'.
    );
    ^
lib/features/finance/screens/bills_screen.dart:81:8: Error: Expected ';' after this.
      ),
       ^
lib/features/finance/screens/bills_screen.dart:82:5: Error: Unexpected token ';'.
    );
    ^
lib/features/finance/screens/bills_screen.dart:199:15: Error: Expected an identifier, but got ']'.
Try inserting an identifier before ']'.
              ],
              ^
lib/features/finance/screens/bills_screen.dart:199:15: Error: Expected ')' before this.
              ],
              ^
lib/features/finance/screens/bills_screen.dart:171:41: Error: Too many positional arguments: 0 allowed, but 2 found.
Try removing the extra positional arguments.
          content: SingleChildScrollView(
                                        ^
/C:/Flutter/flutter3293/packages/flutter/lib/src/widgets/single_child_scroll_view.dart:148:9: Context: Found this candidate, but the arguments don't match.
  const SingleChildScrollView({
        ^^^^^^^^^^^^^^^^^^^^^
lib/features/finance/screens/bills_screen.dart:217:15: Error: Expected an identifier, but got ')'.
Try inserting an identifier before ')'.
              ),
              ^
lib/features/finance/screens/bills_screen.dart:216:60: Error: Expected ';' after this.
                if (context.mounted) Navigator.pop(context);
                                                           ^
lib/features/finance/screens/bills_screen.dart:217:15: Error: Unexpected token ';'.
              ),
              ^
lib/features/finance/screens/bills_screen.dart:217:16: Error: Expected an identifier, but got ','.
Try inserting an identifier before ','.
              ),
               ^
lib/features/finance/screens/bills_screen.dart:217:15: Error: Expected ';' after this.
              ),
              ^
lib/features/finance/screens/bills_screen.dart:217:16: Error: Unexpected token ';'.
              ),
               ^
lib/features/finance/screens/bills_screen.dart:218:38: Error: Expected ';' after this.
              child: const Text('Add'),
                                     ^
lib/features/finance/screens/bills_screen.dart:218:39: Error: Expected an identifier, but got ','.
Try inserting an identifier before ','.
              child: const Text('Add'),
                                      ^
lib/features/finance/screens/bills_screen.dart:218:39: Error: Unexpected token ';'.
              child: const Text('Add'),
                                      ^
lib/features/finance/screens/bills_screen.dart:204:27: Error: Required named parameter 'child' must be provided.
            ElevatedButton(
                          ^
/C:/Flutter/flutter3293/packages/flutter/lib/src/material/elevated_button.dart:71:9: Context: Found this candidate, but the arguments don't match.
  const ElevatedButton({
        ^^^^^^^^^^^^^^
lib/features/finance/screens/bills_screen.dart:202:11: Error: No named parameter with the name 'actions'.
          actions: [
          ^^^^^^^
/C:/Flutter/flutter3293/packages/flutter/lib/src/widgets/basic.dart:7874:9: Context: Found this candidate, but the arguments don't match.
  const StatefulBuilder({super.key, required this.builder});
        ^^^^^^^^^^^^^^^
lib/features/finance/screens/bills_screen.dart:222:7: Error: Expected ';' after this.
      ),
      ^
lib/features/finance/screens/bills_screen.dart:222:8: Error: Expected an identifier, but got ','.
Try inserting an identifier before ','.
      ),
       ^
lib/features/finance/screens/bills_screen.dart:222:8: Error: Unexpected token ';'.
      ),
       ^
lib/features/finance/screens/bills_screen.dart:223:5: Error: Expected an identifier, but got ')'.
Try inserting an identifier before ')'.
    );
    ^
lib/features/finance/screens/bills_screen.dart:222:8: Error: Expected ';' after this.
      ),
       ^
lib/features/finance/screens/bills_screen.dart:223:5: Error: Unexpected token ';'.
    );
    ^
lib/features/finance/screens/bills_screen.dart:242:13: Error: Expected an identifier, but got ')'.
Try inserting an identifier before ')'.
            ),
            ^
lib/features/finance/screens/bills_screen.dart:241:58: Error: Expected ';' after this.
              if (context.mounted) Navigator.pop(context);
                                                         ^
lib/features/finance/screens/bills_screen.dart:242:13: Error: Unexpected token ';'.
            ),
            ^
lib/features/finance/screens/bills_screen.dart:242:14: Error: Expected an identifier, but got ','.
Try inserting an identifier before ','.
            ),
             ^
lib/features/finance/screens/bills_screen.dart:242:13: Error: Expected ';' after this.
            ),
            ^
lib/features/finance/screens/bills_screen.dart:242:14: Error: Unexpected token ';'.
            ),
             ^
lib/features/finance/screens/bills_screen.dart:243:72: Error: Expected ';' after this.
            style: ElevatedButton.styleFrom(backgroundColor: Colors.red),
                                                                       ^
lib/features/finance/screens/bills_screen.dart:243:73: Error: Expected an identifier, but got ','.
Try inserting an identifier before ','.
            style: ElevatedButton.styleFrom(backgroundColor: Colors.red),
                                                                        ^
lib/features/finance/screens/bills_screen.dart:243:73: Error: Unexpected token ';'.
            style: ElevatedButton.styleFrom(backgroundColor: Colors.red),
                                                                        ^
lib/features/finance/screens/bills_screen.dart:244:39: Error: Expected ';' after this.
            child: const Text('Delete'),
                                      ^
lib/features/finance/screens/bills_screen.dart:244:40: Error: Expected an identifier, but got ','.
Try inserting an identifier before ','.
            child: const Text('Delete'),
                                       ^
lib/features/finance/screens/bills_screen.dart:244:40: Error: Unexpected token ';'.
            child: const Text('Delete'),
                                       ^
lib/features/finance/screens/bills_screen.dart:238:25: Error: Required named parameter 'child' must be provided.
          ElevatedButton(
                        ^
/C:/Flutter/flutter3293/packages/flutter/lib/src/material/elevated_button.dart:71:9: Context: Found this candidate, but the arguments don't match.
  const ElevatedButton({
        ^^^^^^^^^^^^^^
lib/features/finance/screens/crypto_portfolio_screen.dart:51:27: Error: Can't find '}' to match '{'.
            (sum, crypto) {
                          ^
lib/features/finance/screens/crypto_portfolio_screen.dart:39:27: Error: Can't find '}' to match '{'.
        data: (portfolio) {
                          ^
lib/features/finance/screens/crypto_portfolio_screen.dart:60:27: Error: Can't find '}' to match '{'.
            (sum, crypto) {
                          ^
lib/features/finance/screens/crypto_portfolio_screen.dart:198:33: Error: Can't find '}' to match '{'.
            onPressed: () async {
                                ^
lib/features/finance/screens/crypto_portfolio_screen.dart:288:33: Error: Can't find '}' to match '{'.
            onPressed: () async {
                                ^
lib/features/finance/screens/crypto_portfolio_screen.dart:325:41: Error: Can't find '}' to match '{'.
                    onPressed: () async {
                                        ^
lib/features/finance/screens/crypto_portfolio_screen.dart:318:45: Error: Can't find '}' to match '{'.
              itemBuilder: (context, index) {
                                            ^
lib/features/finance/screens/crypto_portfolio_screen.dart:345:33: Error: Can't find '}' to match '{'.
            onPressed: () async {
                                ^
lib/features/finance/screens/crypto_portfolio_screen.dart:41:36: Error: Required named parameter 'title' must be provided.
            return EmptyStateWidget(
                                   ^
lib/core/widgets/empty_state_widget.dart:10:9: Context: Found this candidate, but the arguments don't match.
  const EmptyStateWidget({
        ^^^^^^^^^^^^^^^^
lib/features/finance/screens/crypto_portfolio_screen.dart:56:11: Error: Expected an identifier, but got '}'.
Try inserting an identifier before '}'.
          );
          ^
lib/features/finance/screens/crypto_portfolio_screen.dart:55:14: Error: Expected ';' after this.
            ),
             ^
lib/features/finance/screens/crypto_portfolio_screen.dart:56:12: Error: Expected ')' before this.
          );
           ^
lib/features/finance/screens/crypto_portfolio_screen.dart:83:9: Error: Expected an identifier, but got ')'.
Try inserting an identifier before ')'.
        ),
        ^
lib/features/finance/screens/crypto_portfolio_screen.dart:82:12: Error: Expected ';' after this.
          );
           ^
lib/features/finance/screens/crypto_portfolio_screen.dart:83:9: Error: Unexpected token ';'.
        ),
        ^
lib/features/finance/screens/crypto_portfolio_screen.dart:83:10: Error: Expected an identifier, but got ','.
Try inserting an identifier before ','.
        ),
         ^
lib/features/finance/screens/crypto_portfolio_screen.dart:83:9: Error: Expected ';' after this.
        ),
        ^
lib/features/finance/screens/crypto_portfolio_screen.dart:83:10: Error: Unexpected token ';'.
        ),
         ^
lib/features/finance/screens/crypto_portfolio_screen.dart:84:7: Error: Expected an identifier, but got ')'.
Try inserting an identifier before ')'.
      ),
      ^
lib/features/finance/screens/crypto_portfolio_screen.dart:83:10: Error: Expected ';' after this.
        ),
         ^
lib/features/finance/screens/crypto_portfolio_screen.dart:84:7: Error: Unexpected token ';'.
      ),
      ^
lib/features/finance/screens/crypto_portfolio_screen.dart:84:8: Error: Expected an identifier, but got ','.
Try inserting an identifier before ','.
      ),
       ^
lib/features/finance/screens/crypto_portfolio_screen.dart:84:7: Error: Expected ';' after this.
      ),
      ^
lib/features/finance/screens/crypto_portfolio_screen.dart:84:8: Error: Unexpected token ';'.
      ),
       ^
lib/features/finance/screens/crypto_portfolio_screen.dart:88:7: Error: Expected ';' after this.
      ),
      ^
lib/features/finance/screens/crypto_portfolio_screen.dart:88:8: Error: Expected an identifier, but got ','.
Try inserting an identifier before ','.
      ),
       ^
lib/features/finance/screens/crypto_portfolio_screen.dart:88:8: Error: Unexpected token ';'.
      ),
       ^
lib/features/finance/screens/crypto_portfolio_screen.dart:89:5: Error: Expected an identifier, but got ')'.
Try inserting an identifier before ')'.
    );
    ^
lib/features/finance/screens/crypto_portfolio_screen.dart:88:8: Error: Expected ';' after this.
      ),
       ^
lib/features/finance/screens/crypto_portfolio_screen.dart:89:5: Error: Unexpected token ';'.
    );
    ^
lib/features/finance/screens/crypto_portfolio_screen.dart:67:30: Error: The getter 'totalValue' isn't defined for the class 'CryptoPortfolioScreen'.
 - 'CryptoPortfolioScreen' is from 'package:life_management_app/features/finance/screens/crypto_portfolio_screen.dart' ('lib/features/finance/screens/crypto_portfolio_screen.dart').
Try correcting the name to the name of an existing getter, or defining a getter or field named 'totalValue'.
          final profitLoss = totalValue - totalInvested;
                             ^^^^^^^^^^
lib/features/finance/screens/crypto_portfolio_screen.dart:67:43: Error: The getter 'totalInvested' isn't defined for the class 'CryptoPortfolioScreen'.
 - 'CryptoPortfolioScreen' is from 'package:life_management_app/features/finance/screens/crypto_portfolio_screen.dart' ('lib/features/finance/screens/crypto_portfolio_screen.dart').
Try correcting the name to the name of an existing getter, or defining a getter or field named 'totalInvested'.
          final profitLoss = totalValue - totalInvested;
                                          ^^^^^^^^^^^^^
lib/features/finance/screens/crypto_portfolio_screen.dart:68:37: Error: The getter 'totalInvested' isn't defined for the class 'CryptoPortfolioScreen'.
 - 'CryptoPortfolioScreen' is from 'package:life_management_app/features/finance/screens/crypto_portfolio_screen.dart' ('lib/features/finance/screens/crypto_portfolio_screen.dart').
Try correcting the name to the name of an existing getter, or defining a getter or field named 'totalInvested'.
          final profitLossPercent = totalInvested > 0 ? (profitLoss / totalInvested * 100) : 0;
                                    ^^^^^^^^^^^^^
lib/features/finance/screens/crypto_portfolio_screen.dart:68:71: Error: The getter 'totalInvested' isn't defined for the class 'CryptoPortfolioScreen'.
 - 'CryptoPortfolioScreen' is from 'package:life_management_app/features/finance/screens/crypto_portfolio_screen.dart' ('lib/features/finance/screens/crypto_portfolio_screen.dart').
Try correcting the name to the name of an existing getter, or defining a getter or field named 'totalInvested'.
          final profitLossPercent = totalInvested > 0 ? (profitLoss / totalInvested * 100) : 0;
                                                                      ^^^^^^^^^^^^^
lib/features/finance/screens/crypto_portfolio_screen.dart:73:42: Error: The getter 'totalValue' isn't defined for the class 'CryptoPortfolioScreen'.
 - 'CryptoPortfolioScreen' is from 'package:life_management_app/features/finance/screens/crypto_portfolio_screen.dart' ('lib/features/finance/screens/crypto_portfolio_screen.dart').
Try correcting the name to the name of an existing getter, or defining a getter or field named 'totalValue'.
              _buildSummaryCard(context, totalValue, totalInvested, profitLoss, profitLossPercent),
                                         ^^^^^^^^^^
lib/features/finance/screens/crypto_portfolio_screen.dart:73:54: Error: The getter 'totalInvested' isn't defined for the class 'CryptoPortfolioScreen'.
 - 'CryptoPortfolioScreen' is from 'package:life_management_app/features/finance/screens/crypto_portfolio_screen.dart' ('lib/features/finance/screens/crypto_portfolio_screen.dart').
Try correcting the name to the name of an existing getter, or defining a getter or field named 'totalInvested'.
              _buildSummaryCard(context, totalValue, totalInvested, profitLoss, profitLossPercent),
                                                     ^^^^^^^^^^^^^
lib/features/finance/screens/crypto_portfolio_screen.dart:80:18: Error: The getter 'portfolio' isn't defined for the class 'CryptoPortfolioScreen'.
 - 'CryptoPortfolioScreen' is from 'package:life_management_app/features/finance/screens/crypto_portfolio_screen.dart' ('lib/features/finance/screens/crypto_portfolio_screen.dart').
Try correcting the name to the name of an existing getter, or defining a getter or field named 'portfolio'.
              ...portfolio.map((crypto) => _buildCryptoCard(context, ref, crypto)),
                 ^^^^^^^^^
lib/features/finance/screens/crypto_portfolio_screen.dart:212:13: Error: Expected an identifier, but got ')'.
Try inserting an identifier before ')'.
            ),
            ^
lib/features/finance/screens/crypto_portfolio_screen.dart:211:58: Error: Expected ';' after this.
              if (context.mounted) Navigator.pop(context);
                                                         ^
lib/features/finance/screens/crypto_portfolio_screen.dart:212:13: Error: Unexpected token ';'.
            ),
            ^
lib/features/finance/screens/crypto_portfolio_screen.dart:212:14: Error: Expected an identifier, but got ','.
Try inserting an identifier before ','.
            ),
             ^
lib/features/finance/screens/crypto_portfolio_screen.dart:212:13: Error: Expected ';' after this.
            ),
            ^
lib/features/finance/screens/crypto_portfolio_screen.dart:212:14: Error: Unexpected token ';'.
            ),
             ^
lib/features/finance/screens/crypto_portfolio_screen.dart:213:36: Error: Expected ';' after this.
            child: const Text('Add'),
                                   ^
lib/features/finance/screens/crypto_portfolio_screen.dart:213:37: Error: Expected an identifier, but got ','.
Try inserting an identifier before ','.
            child: const Text('Add'),
                                    ^
lib/features/finance/screens/crypto_portfolio_screen.dart:213:37: Error: Unexpected token ';'.
            child: const Text('Add'),
                                    ^
lib/features/finance/screens/crypto_portfolio_screen.dart:197:25: Error: Required named parameter 'child' must be provided.
          ElevatedButton(
                        ^
/C:/Flutter/flutter3293/packages/flutter/lib/src/material/elevated_button.dart:71:9: Context: Found this candidate, but the arguments don't match.
  const ElevatedButton({
        ^^^^^^^^^^^^^^
lib/features/finance/screens/crypto_portfolio_screen.dart:302:13: Error: Expected an identifier, but got ')'.
Try inserting an identifier before ')'.
            ),
            ^
lib/features/finance/screens/crypto_portfolio_screen.dart:301:15: Error: Expected ';' after this.
              }
              ^
lib/features/finance/screens/crypto_portfolio_screen.dart:302:13: Error: Unexpected token ';'.
            ),
            ^
lib/features/finance/screens/crypto_portfolio_screen.dart:302:14: Error: Expected an identifier, but got ','.
Try inserting an identifier before ','.
            ),
             ^
lib/features/finance/screens/crypto_portfolio_screen.dart:302:13: Error: Expected ';' after this.
            ),
            ^
lib/features/finance/screens/crypto_portfolio_screen.dart:302:14: Error: Unexpected token ';'.
            ),
             ^
lib/features/finance/screens/crypto_portfolio_screen.dart:303:42: Error: Expected ';' after this.
            child: const Text('Set Alert'),
                                         ^
lib/features/finance/screens/crypto_portfolio_screen.dart:303:43: Error: Expected an identifier, but got ','.
Try inserting an identifier before ','.
            child: const Text('Set Alert'),
                                          ^
lib/features/finance/screens/crypto_portfolio_screen.dart:303:43: Error: Unexpected token ';'.
            child: const Text('Set Alert'),
                                          ^
lib/features/finance/screens/crypto_portfolio_screen.dart:287:25: Error: Required named parameter 'child' must be provided.
          ElevatedButton(
                        ^
/C:/Flutter/flutter3293/packages/flutter/lib/src/material/elevated_button.dart:71:9: Context: Found this candidate, but the arguments don't match.
  const ElevatedButton({
        ^^^^^^^^^^^^^^
lib/features/finance/screens/crypto_portfolio_screen.dart:329:19: Error: Expected ';' after this.
                  ),
                  ^
lib/features/finance/screens/crypto_portfolio_screen.dart:329:20: Error: Expected an identifier, but got ','.
Try inserting an identifier before ','.
                  ),
                   ^
lib/features/finance/screens/crypto_portfolio_screen.dart:329:20: Error: Unexpected token ';'.
                  ),
                   ^
lib/features/finance/screens/crypto_portfolio_screen.dart:330:18: Error: Expected ')' before this.
                );
                 ^
lib/features/finance/screens/crypto_portfolio_screen.dart:331:15: Error: Expected ';' after this.
              ),
              ^
lib/features/finance/screens/crypto_portfolio_screen.dart:331:16: Error: Expected an identifier, but got ','.
Try inserting an identifier before ','.
              ),
               ^
lib/features/finance/screens/crypto_portfolio_screen.dart:331:16: Error: Unexpected token ';'.
              ),
               ^
lib/features/finance/screens/crypto_portfolio_screen.dart:332:13: Error: Expected an identifier, but got ')'.
Try inserting an identifier before ')'.
            ),
            ^
lib/features/finance/screens/crypto_portfolio_screen.dart:331:16: Error: Expected ';' after this.
              ),
               ^
lib/features/finance/screens/crypto_portfolio_screen.dart:332:13: Error: Unexpected token ';'.
            ),
            ^
lib/features/finance/screens/crypto_portfolio_screen.dart:332:14: Error: Expected an identifier, but got ','.
Try inserting an identifier before ','.
            ),
             ^
lib/features/finance/screens/crypto_portfolio_screen.dart:332:13: Error: Expected ';' after this.
            ),
            ^
lib/features/finance/screens/crypto_portfolio_screen.dart:332:14: Error: Unexpected token ';'.
            ),
             ^
lib/features/finance/screens/crypto_portfolio_screen.dart:333:5: Error: Expected an identifier, but got ')'.
Try inserting an identifier before ')'.
    );
    ^
lib/features/finance/screens/crypto_portfolio_screen.dart:332:14: Error: Expected ';' after this.
            ),
             ^
lib/features/finance/screens/crypto_portfolio_screen.dart:333:5: Error: Unexpected token ';'.
    );
    ^
lib/features/finance/screens/crypto_portfolio_screen.dart:348:13: Error: Expected an identifier, but got ')'.
Try inserting an identifier before ')'.
            ),
            ^
lib/features/finance/screens/crypto_portfolio_screen.dart:347:58: Error: Expected ';' after this.
              if (context.mounted) Navigator.pop(context);
                                                         ^
lib/features/finance/screens/crypto_portfolio_screen.dart:348:13: Error: Unexpected token ';'.
            ),
            ^
lib/features/finance/screens/crypto_portfolio_screen.dart:348:14: Error: Expected an identifier, but got ','.
Try inserting an identifier before ','.
            ),
             ^
lib/features/finance/screens/crypto_portfolio_screen.dart:348:13: Error: Expected ';' after this.
            ),
            ^
lib/features/finance/screens/crypto_portfolio_screen.dart:348:14: Error: Unexpected token ';'.
            ),
             ^
lib/features/finance/screens/crypto_portfolio_screen.dart:349:72: Error: Expected ';' after this.
            style: ElevatedButton.styleFrom(backgroundColor: Colors.red),
                                                                       ^
lib/features/finance/screens/crypto_portfolio_screen.dart:349:73: Error: Expected an identifier, but got ','.
Try inserting an identifier before ','.
            style: ElevatedButton.styleFrom(backgroundColor: Colors.red),
                                                                        ^
lib/features/finance/screens/crypto_portfolio_screen.dart:349:73: Error: Unexpected token ';'.
            style: ElevatedButton.styleFrom(backgroundColor: Colors.red),
                                                                        ^
lib/features/finance/screens/crypto_portfolio_screen.dart:350:39: Error: Expected ';' after this.
            child: const Text('Delete'),
                                      ^
lib/features/finance/screens/crypto_portfolio_screen.dart:350:40: Error: Expected an identifier, but got ','.
Try inserting an identifier before ','.
            child: const Text('Delete'),
                                       ^
lib/features/finance/screens/crypto_portfolio_screen.dart:350:40: Error: Unexpected token ';'.
            child: const Text('Delete'),
                                       ^
lib/features/finance/screens/crypto_portfolio_screen.dart:344:25: Error: Required named parameter 'child' must be provided.
          ElevatedButton(
                        ^
/C:/Flutter/flutter3293/packages/flutter/lib/src/material/elevated_button.dart:71:9: Context: Found this candidate, but the arguments don't match.
  const ElevatedButton({
        ^^^^^^^^^^^^^^
lib/features/finance/screens/investments_screen.dart:34:29: Error: Can't find '}' to match '{'.
        data: (investments) {
                            ^
lib/features/finance/screens/investments_screen.dart:165:56: Error: Can't find '}' to match '{'.
                        getTitlesWidget: (value, meta) {
                                                       ^
lib/features/finance/screens/investments_screen.dart:249:33: Error: Can't find '}' to match '{'.
            onPressed: () async {
                                ^
lib/features/finance/screens/investments_screen.dart:282:33: Error: Can't find '}' to match '{'.
            onPressed: () async {
                                ^
lib/features/finance/screens/investments_screen.dart:36:36: Error: Required named parameter 'title' must be provided.
            return EmptyStateWidget(
                                   ^
lib/core/widgets/empty_state_widget.dart:10:9: Context: Found this candidate, but the arguments don't match.
  const EmptyStateWidget({
        ^^^^^^^^^^^^^^^^
lib/features/finance/screens/investments_screen.dart:71:7: Error: Expected ';' after this.
      ),
      ^
lib/features/finance/screens/investments_screen.dart:71:8: Error: Expected an identifier, but got ','.
Try inserting an identifier before ','.
      ),
       ^
lib/features/finance/screens/investments_screen.dart:71:8: Error: Unexpected token ';'.
      ),
       ^
lib/features/finance/screens/investments_screen.dart:75:7: Error: Expected ';' after this.
      ),
      ^
lib/features/finance/screens/investments_screen.dart:75:8: Error: Expected an identifier, but got ','.
Try inserting an identifier before ','.
      ),
       ^
lib/features/finance/screens/investments_screen.dart:75:8: Error: Unexpected token ';'.
      ),
       ^
lib/features/finance/screens/investments_screen.dart:76:5: Error: Expected an identifier, but got ')'.
Try inserting an identifier before ')'.
    );
    ^
lib/features/finance/screens/investments_screen.dart:75:8: Error: Expected ';' after this.
      ),
       ^
lib/features/finance/screens/investments_screen.dart:76:5: Error: Unexpected token ';'.
    );
    ^
lib/features/finance/screens/investments_screen.dart:58:83: Error: The argument type 'num' can't be assigned to the parameter type 'double'.
              _buildSummaryCard(context, totalValue, totalInvested, totalReturns, returnsPercent),
                                                                                  ^
lib/features/finance/screens/investments_screen.dart:84:9: Error: No named parameter with the name 'children'.
        children: [
        ^^^^^^^^
/C:/Flutter/flutter3293/packages/flutter/lib/src/widgets/basic.dart:2070:9: Context: Found this candidate, but the arguments don't match.
  const Padding({super.key, required this.padding, super.child});
        ^^^^^^^
lib/features/finance/screens/investments_screen.dart:174:21: Error: No named parameter with the name 'leftTitles'.
                    leftTitles: const AxisTitles(sideTitles: SideTitles(showTitles: true, reservedSize: 40)),
                    ^^^^^^^^^^
../../../../../AppData/Local/Pub/Cache/hosted/pub.dev/fl_chart-0.68.0/lib/src/chart/bar_chart/bar_chart_data.dart:36:3: Context: Found this candidate, but the arguments don't match.
  BarChartData({
  ^^^^^^^^^^^^
lib/features/finance/screens/investments_screen.dart:178:19: Error: No named parameter with the name 'borderData'.
                  borderData: FlBorderData(show: false),
                  ^^^^^^^^^^
../../../../../AppData/Local/Pub/Cache/hosted/pub.dev/fl_chart-0.68.0/lib/src/chart/bar_chart/bar_chart.dart:14:9: Context: Found this candidate, but the arguments don't match.
  const BarChart(
        ^^^^^^^^
lib/features/finance/screens/investments_screen.dart:182:13: Error: Expected an identifier, but got ')'.
Try inserting an identifier before ')'.
            ),
            ^
lib/features/finance/screens/investments_screen.dart:182:13: Error: Expected ']' before this.
            ),
            ^
lib/features/finance/screens/investments_screen.dart:265:13: Error: Expected an identifier, but got ')'.
Try inserting an identifier before ')'.
            ),
            ^
lib/features/finance/screens/investments_screen.dart:264:58: Error: Expected ';' after this.
              if (context.mounted) Navigator.pop(context);
                                                         ^
lib/features/finance/screens/investments_screen.dart:265:13: Error: Unexpected token ';'.
            ),
            ^
lib/features/finance/screens/investments_screen.dart:265:14: Error: Expected an identifier, but got ','.
Try inserting an identifier before ','.
            ),
             ^
lib/features/finance/screens/investments_screen.dart:265:13: Error: Expected ';' after this.
            ),
            ^
lib/features/finance/screens/investments_screen.dart:265:14: Error: Unexpected token ';'.
            ),
             ^
lib/features/finance/screens/investments_screen.dart:266:36: Error: Expected ';' after this.
            child: const Text('Add'),
                                   ^
lib/features/finance/screens/investments_screen.dart:266:37: Error: Expected an identifier, but got ','.
Try inserting an identifier before ','.
            child: const Text('Add'),
                                    ^
lib/features/finance/screens/investments_screen.dart:266:37: Error: Unexpected token ';'.
            child: const Text('Add'),
                                    ^
lib/features/finance/screens/investments_screen.dart:248:25: Error: Required named parameter 'child' must be provided.
          ElevatedButton(
                        ^
/C:/Flutter/flutter3293/packages/flutter/lib/src/material/elevated_button.dart:71:9: Context: Found this candidate, but the arguments don't match.
  const ElevatedButton({
        ^^^^^^^^^^^^^^
lib/features/finance/screens/investments_screen.dart:285:13: Error: Expected an identifier, but got ')'.
Try inserting an identifier before ')'.
            ),
            ^
lib/features/finance/screens/investments_screen.dart:284:58: Error: Expected ';' after this.
              if (context.mounted) Navigator.pop(context);
                                                         ^
lib/features/finance/screens/investments_screen.dart:285:13: Error: Unexpected token ';'.
            ),
            ^
lib/features/finance/screens/investments_screen.dart:285:14: Error: Expected an identifier, but got ','.
Try inserting an identifier before ','.
            ),
             ^
lib/features/finance/screens/investments_screen.dart:285:13: Error: Expected ';' after this.
            ),
            ^
lib/features/finance/screens/investments_screen.dart:285:14: Error: Unexpected token ';'.
            ),
             ^
lib/features/finance/screens/investments_screen.dart:286:72: Error: Expected ';' after this.
            style: ElevatedButton.styleFrom(backgroundColor: Colors.red),
                                                                       ^
lib/features/finance/screens/investments_screen.dart:286:73: Error: Expected an identifier, but got ','.
Try inserting an identifier before ','.
            style: ElevatedButton.styleFrom(backgroundColor: Colors.red),
                                                                        ^
lib/features/finance/screens/investments_screen.dart:286:73: Error: Unexpected token ';'.
            style: ElevatedButton.styleFrom(backgroundColor: Colors.red),
                                                                        ^
lib/features/finance/screens/investments_screen.dart:287:39: Error: Expected ';' after this.
            child: const Text('Delete'),
                                      ^
lib/features/finance/screens/investments_screen.dart:287:40: Error: Expected an identifier, but got ','.
Try inserting an identifier before ','.
            child: const Text('Delete'),
                                       ^
lib/features/finance/screens/investments_screen.dart:287:40: Error: Unexpected token ';'.
            child: const Text('Delete'),
                                       ^
lib/features/finance/screens/investments_screen.dart:281:25: Error: Required named parameter 'child' must be provided.
          ElevatedButton(
                        ^
/C:/Flutter/flutter3293/packages/flutter/lib/src/material/elevated_button.dart:71:9: Context: Found this candidate, but the arguments don't match.
  const ElevatedButton({
        ^^^^^^^^^^^^^^
lib/features/goals/goals_screen.dart:42:23: Error: Can't find '}' to match '{'.
        data: (goals) {
                      ^
lib/features/goals/goals_screen.dart:116:38: Error: Can't find '}' to match '{'.
              onSelected: (selected) {
                                     ^
lib/features/goals/goals_screen.dart:107:39: Error: Can't find '}' to match '{'.
        itemBuilder: (context, index) {
                                      ^
lib/features/goals/goals_screen.dart:271:31: Error: Can't find '}' to match '{'.
        onLongPress: () async {
                              ^
lib/features/goals/goals_screen.dart:314:35: Error: Can't find '}' to match '{'.
                  onTap: () async {
                                  ^
lib/features/goals/goals_screen.dart:292:25: Error: Can't find ']' to match '['.
              children: [
                        ^
lib/features/goals/goals_screen.dart:330:35: Error: Can't find '}' to match '{'.
              onPressed: () async {
                                  ^
lib/features/goals/goals_screen.dart:399:48: Error: Can't find '}' to match '{'.
                      onChanged: (value) async {
                                               ^
lib/features/goals/goals_screen.dart:424:33: Error: Can't find '}' to match '{'.
            onPressed: () async {
                                ^
lib/features/goals/goals_screen.dart:467:31: Error: Can't find '}' to match '{'.
              onTap: () async {
                              ^
lib/features/goals/goals_screen.dart:463:21: Error: Can't find ']' to match '['.
          children: [
                    ^
lib/features/goals/goals_screen.dart:479:31: Error: Can't find '}' to match '{'.
              onTap: () async {
                              ^
lib/features/goals/goals_screen.dart:44:36: Error: Required named parameter 'title' must be provided.
            return EmptyStateWidget(
                                   ^
lib/core/widgets/empty_state_widget.dart:10:9: Context: Found this candidate, but the arguments don't match.
  const EmptyStateWidget({
        ^^^^^^^^^^^^^^^^
lib/features/goals/goals_screen.dart:89:7: Error: Expected ';' after this.
      ),
      ^
lib/features/goals/goals_screen.dart:89:8: Error: Expected an identifier, but got ','.
Try inserting an identifier before ','.
      ),
       ^
lib/features/goals/goals_screen.dart:89:8: Error: Unexpected token ';'.
      ),
       ^
lib/features/goals/goals_screen.dart:94:7: Error: Expected ';' after this.
      ),
      ^
lib/features/goals/goals_screen.dart:94:8: Error: Expected an identifier, but got ','.
Try inserting an identifier before ','.
      ),
       ^
lib/features/goals/goals_screen.dart:94:8: Error: Unexpected token ';'.
      ),
       ^
lib/features/goals/goals_screen.dart:95:5: Error: Expected an identifier, but got ')'.
Try inserting an identifier before ')'.
    );
    ^
lib/features/goals/goals_screen.dart:94:8: Error: Expected ';' after this.
      ),
       ^
lib/features/goals/goals_screen.dart:95:5: Error: Unexpected token ';'.
    );
    ^
lib/features/goals/goals_screen.dart:119:13: Error: Expected ';' after this.
            ),
            ^
lib/features/goals/goals_screen.dart:119:14: Error: Expected an identifier, but got ','.
Try inserting an identifier before ','.
            ),
             ^
lib/features/goals/goals_screen.dart:119:14: Error: Unexpected token ';'.
            ),
             ^
lib/features/goals/goals_screen.dart:120:12: Error: Expected ')' before this.
          );
           ^
lib/features/goals/goals_screen.dart:121:9: Error: Expected ';' after this.
        ),
        ^
lib/features/goals/goals_screen.dart:121:10: Error: Expected an identifier, but got ','.
Try inserting an identifier before ','.
        ),
         ^
lib/features/goals/goals_screen.dart:121:10: Error: Unexpected token ';'.
        ),
         ^
lib/features/goals/goals_screen.dart:122:7: Error: Expected an identifier, but got ')'.
Try inserting an identifier before ')'.
      ),
      ^
lib/features/goals/goals_screen.dart:121:10: Error: Expected ';' after this.
        ),
         ^
lib/features/goals/goals_screen.dart:122:7: Error: Unexpected token ';'.
      ),
      ^
lib/features/goals/goals_screen.dart:122:8: Error: Expected an identifier, but got ','.
Try inserting an identifier before ','.
      ),
       ^
lib/features/goals/goals_screen.dart:122:7: Error: Expected ';' after this.
      ),
      ^
lib/features/goals/goals_screen.dart:122:8: Error: Unexpected token ';'.
      ),
       ^
lib/features/goals/goals_screen.dart:123:5: Error: Expected an identifier, but got ')'.
Try inserting an identifier before ')'.
    );
    ^
lib/features/goals/goals_screen.dart:122:8: Error: Expected ';' after this.
      ),
       ^
lib/features/goals/goals_screen.dart:123:5: Error: Unexpected token ';'.
    );
    ^
lib/features/goals/goals_screen.dart:274:7: Error: Expected ';' after this.
      ),
      ^
lib/features/goals/goals_screen.dart:274:8: Error: Expected an identifier, but got ','.
Try inserting an identifier before ','.
      ),
       ^
lib/features/goals/goals_screen.dart:274:8: Error: Unexpected token ';'.
      ),
       ^
lib/features/goals/goals_screen.dart:275:5: Error: Expected an identifier, but got ')'.
Try inserting an identifier before ')'.
    );
    ^
lib/features/goals/goals_screen.dart:274:8: Error: Expected ';' after this.
      ),
       ^
lib/features/goals/goals_screen.dart:275:5: Error: Unexpected token ';'.
    );
    ^
lib/features/goals/goals_screen.dart:324:15: Error: Expected an identifier, but got ']'.
Try inserting an identifier before ']'.
              ],
              ^
lib/features/goals/goals_screen.dart:324:15: Error: Expected ')' before this.
              ],
              ^
lib/features/goals/goals_screen.dart:289:41: Error: Too many positional arguments: 0 allowed, but 1 found.
Try removing the extra positional arguments.
          content: SingleChildScrollView(
                                        ^
/C:/Flutter/flutter3293/packages/flutter/lib/src/widgets/single_child_scroll_view.dart:148:9: Context: Found this candidate, but the arguments don't match.
  const SingleChildScrollView({
        ^^^^^^^^^^^^^^^^^^^^^
lib/features/goals/goals_screen.dart:341:15: Error: Expected an identifier, but got ')'.
Try inserting an identifier before ')'.
              ),
              ^
lib/features/goals/goals_screen.dart:340:60: Error: Expected ';' after this.
                if (context.mounted) Navigator.pop(context);
                                                           ^
lib/features/goals/goals_screen.dart:341:15: Error: Unexpected token ';'.
              ),
              ^
lib/features/goals/goals_screen.dart:341:16: Error: Expected an identifier, but got ','.
Try inserting an identifier before ','.
              ),
               ^
lib/features/goals/goals_screen.dart:341:15: Error: Expected ';' after this.
              ),
              ^
lib/features/goals/goals_screen.dart:341:16: Error: Unexpected token ';'.
              ),
               ^
lib/features/goals/goals_screen.dart:342:41: Error: Expected ';' after this.
              child: const Text('Create'),
                                        ^
lib/features/goals/goals_screen.dart:342:42: Error: Expected an identifier, but got ','.
Try inserting an identifier before ','.
              child: const Text('Create'),
                                         ^
lib/features/goals/goals_screen.dart:342:42: Error: Unexpected token ';'.
              child: const Text('Create'),
                                         ^
lib/features/goals/goals_screen.dart:329:27: Error: Required named parameter 'child' must be provided.
            ElevatedButton(
                          ^
/C:/Flutter/flutter3293/packages/flutter/lib/src/material/elevated_button.dart:71:9: Context: Found this candidate, but the arguments don't match.
  const ElevatedButton({
        ^^^^^^^^^^^^^^
lib/features/goals/goals_screen.dart:327:11: Error: No named parameter with the name 'actions'.
          actions: [
          ^^^^^^^
/C:/Flutter/flutter3293/packages/flutter/lib/src/widgets/basic.dart:7874:9: Context: Found this candidate, but the arguments don't match.
  const StatefulBuilder({super.key, required this.builder});
        ^^^^^^^^^^^^^^^
lib/features/goals/goals_screen.dart:346:7: Error: Expected ';' after this.
      ),
      ^
lib/features/goals/goals_screen.dart:346:8: Error: Expected an identifier, but got ','.
Try inserting an identifier before ','.
      ),
       ^
lib/features/goals/goals_screen.dart:346:8: Error: Unexpected token ';'.
      ),
       ^
lib/features/goals/goals_screen.dart:347:5: Error: Expected an identifier, but got ')'.
Try inserting an identifier before ')'.
    );
    ^
lib/features/goals/goals_screen.dart:346:8: Error: Expected ';' after this.
      ),
       ^
lib/features/goals/goals_screen.dart:347:5: Error: Unexpected token ';'.
    );
    ^
lib/features/goals/goals_screen.dart:402:23: Error: Expected an identifier, but got ')'.
Try inserting an identifier before ')'.
                      ),
                      ^
lib/features/goals/goals_screen.dart:401:91: Error: Expected ';' after this.
                        _updateGoalProgress(ref, goal['id']?.toString() ?? '', milestones);
                                                                                          ^
lib/features/goals/goals_screen.dart:402:23: Error: Unexpected token ';'.
                      ),
                      ^
lib/features/goals/goals_screen.dart:402:24: Error: Expected an identifier, but got ','.
Try inserting an identifier before ','.
                      ),
                       ^
lib/features/goals/goals_screen.dart:402:23: Error: Expected ';' after this.
                      ),
                      ^
lib/features/goals/goals_screen.dart:402:24: Error: Unexpected token ';'.
                      ),
                       ^
lib/features/goals/goals_screen.dart:432:13: Error: Expected an identifier, but got ')'.
Try inserting an identifier before ')'.
            ),
            ^
lib/features/goals/goals_screen.dart:431:58: Error: Expected ';' after this.
              if (context.mounted) Navigator.pop(context);
                                                         ^
lib/features/goals/goals_screen.dart:432:13: Error: Unexpected token ';'.
            ),
            ^
lib/features/goals/goals_screen.dart:432:14: Error: Expected an identifier, but got ','.
Try inserting an identifier before ','.
            ),
             ^
lib/features/goals/goals_screen.dart:432:13: Error: Expected ';' after this.
            ),
            ^
lib/features/goals/goals_screen.dart:432:14: Error: Unexpected token ';'.
            ),
             ^
lib/features/goals/goals_screen.dart:433:36: Error: Expected ';' after this.
            child: const Text('Add'),
                                   ^
lib/features/goals/goals_screen.dart:433:37: Error: Expected an identifier, but got ','.
Try inserting an identifier before ','.
            child: const Text('Add'),
                                    ^
lib/features/goals/goals_screen.dart:433:37: Error: Unexpected token ';'.
            child: const Text('Add'),
                                    ^
lib/features/goals/goals_screen.dart:423:25: Error: Required named parameter 'child' must be provided.
          ElevatedButton(
                        ^
/C:/Flutter/flutter3293/packages/flutter/lib/src/material/elevated_button.dart:71:9: Context: Found this candidate, but the arguments don't match.
  const ElevatedButton({
        ^^^^^^^^^^^^^^
lib/features/goals/goals_screen.dart:459:36: Error: Too many positional arguments: 0 allowed, but 1 found.
Try removing the extra positional arguments.
      builder: (context) => Padding(
                                   ^
/C:/Flutter/flutter3293/packages/flutter/lib/src/widgets/basic.dart:2070:9: Context: Found this candidate, but the arguments don't match.
  const Padding({super.key, required this.padding, super.child});
        ^^^^^^^
lib/features/goals/goals_screen.dart:484:11: Error: Expected an identifier, but got ']'.
Try inserting an identifier before ']'.
          ],
          ^
lib/features/goals/goals_screen.dart:484:11: Error: Expected ')' before this.
          ],
          ^
lib/features/goals/goals_screen.dart:457:25: Error: Too many positional arguments: 0 allowed, but 1 found.
Try removing the extra positional arguments.
    showModalBottomSheet(
                        ^
/C:/Flutter/flutter3293/packages/flutter/lib/src/material/bottom_sheet.dart:1235:12: Context: Found this candidate, but the arguments don't match.
Future<T?> showModalBottomSheet<T>({
           ^^^^^^^^^^^^^^^^^^^^
lib/features/goals/goals_screen.dart:485:9: Error: Expected ';' after this.
        ),
        ^
lib/features/goals/goals_screen.dart:485:10: Error: Expected an identifier, but got ','.
Try inserting an identifier before ','.
        ),
         ^
lib/features/goals/goals_screen.dart:485:10: Error: Unexpected token ';'.
        ),
         ^
lib/features/goals/goals_screen.dart:486:7: Error: Expected an identifier, but got ')'.
Try inserting an identifier before ')'.
      ),
      ^
lib/features/goals/goals_screen.dart:485:10: Error: Expected ';' after this.
        ),
         ^
lib/features/goals/goals_screen.dart:486:7: Error: Unexpected token ';'.
      ),
      ^
lib/features/goals/goals_screen.dart:486:8: Error: Expected an identifier, but got ','.
Try inserting an identifier before ','.
      ),
       ^
lib/features/goals/goals_screen.dart:486:7: Error: Expected ';' after this.
      ),
      ^
lib/features/goals/goals_screen.dart:486:8: Error: Unexpected token ';'.
      ),
       ^
lib/features/goals/goals_screen.dart:487:5: Error: Expected an identifier, but got ')'.
Try inserting an identifier before ')'.
    );
    ^
lib/features/goals/goals_screen.dart:486:8: Error: Expected ';' after this.
      ),
       ^
lib/features/goals/goals_screen.dart:487:5: Error: Unexpected token ';'.
    );
    ^
lib/features/settings/screens/user_profile_screen.dart:130:33: Error: Can't find '}' to match '{'.
            onPressed: () async {
                                ^
lib/features/settings/screens/user_profile_screen.dart:26:29: Error: The method 'getCurrentUser' isn't defined for the class 'AuthService'.
 - 'AuthService' is from 'package:life_management_app/services/auth_service.dart' ('lib/services/auth_service.dart').
Try correcting the name to the name of an existing method, or defining a method named 'getCurrentUser'.
    final user = await auth.getCurrentUser();
                            ^^^^^^^^^^^^^^
lib/features/settings/screens/user_profile_screen.dart:135:13: Error: Expected an identifier, but got ')'.
Try inserting an identifier before ')'.
            ),
            ^
lib/features/settings/screens/user_profile_screen.dart:134:15: Error: Expected ';' after this.
              }
              ^
lib/features/settings/screens/user_profile_screen.dart:135:13: Error: Unexpected token ';'.
            ),
            ^
lib/features/settings/screens/user_profile_screen.dart:135:14: Error: Expected an identifier, but got ','.
Try inserting an identifier before ','.
            ),
             ^
lib/features/settings/screens/user_profile_screen.dart:135:13: Error: Expected ';' after this.
            ),
            ^
lib/features/settings/screens/user_profile_screen.dart:135:14: Error: Unexpected token ';'.
            ),
             ^
lib/features/settings/screens/user_profile_screen.dart:136:72: Error: Expected ';' after this.
            style: OutlinedButton.styleFrom(foregroundColor: Colors.red),
                                                                       ^
lib/features/settings/screens/user_profile_screen.dart:136:73: Error: Expected an identifier, but got ','.
Try inserting an identifier before ','.
            style: OutlinedButton.styleFrom(foregroundColor: Colors.red),
                                                                        ^
lib/features/settings/screens/user_profile_screen.dart:136:73: Error: Unexpected token ';'.
            style: OutlinedButton.styleFrom(foregroundColor: Colors.red),
                                                                        ^
lib/features/settings/screens/user_profile_screen.dart:140:13: Error: Expected ';' after this.
            ),
            ^
lib/features/settings/screens/user_profile_screen.dart:140:14: Error: Expected an identifier, but got ','.
Try inserting an identifier before ','.
            ),
             ^
lib/features/settings/screens/user_profile_screen.dart:140:14: Error: Unexpected token ';'.
            ),
             ^
lib/features/settings/screens/user_profile_screen.dart:129:25: Error: Required named parameter 'child' must be provided.
          OutlinedButton(
                        ^
/C:/Flutter/flutter3293/packages/flutter/lib/src/material/outlined_button.dart:75:9: Context: Found this candidate, but the arguments don't match.
  const OutlinedButton({
        ^^^^^^^^^^^^^^
lib/features/settings/screens/password_manager_screen.dart:30:27: Error: Can't find '}' to match '{'.
        data: (passwords) {
                          ^
lib/features/settings/screens/password_manager_screen.dart:101:29: Error: Can't find '}' to match '{'.
              onPressed: () {
                            ^
lib/features/settings/screens/password_manager_screen.dart:98:21: Error: Can't find ']' to match '['.
          children: [
                    ^
lib/features/settings/screens/password_manager_screen.dart:108:35: Error: Can't find '}' to match '{'.
              onPressed: () async {
                                  ^
lib/features/settings/screens/password_manager_screen.dart:168:35: Error: Can't find '}' to match '{'.
              onPressed: () async {
                                  ^
lib/features/settings/screens/password_manager_screen.dart:32:36: Error: Required named parameter 'title' must be provided.
            return EmptyStateWidget(
                                   ^
lib/core/widgets/empty_state_widget.dart:10:9: Context: Found this candidate, but the arguments don't match.
  const EmptyStateWidget({
        ^^^^^^^^^^^^^^^^
lib/features/settings/screens/password_manager_screen.dart:78:7: Error: Expected ';' after this.
      ),
      ^
lib/features/settings/screens/password_manager_screen.dart:78:8: Error: Expected an identifier, but got ','.
Try inserting an identifier before ','.
      ),
       ^
lib/features/settings/screens/password_manager_screen.dart:78:8: Error: Unexpected token ';'.
      ),
       ^
lib/features/settings/screens/password_manager_screen.dart:82:7: Error: Expected ';' after this.
      ),
      ^
lib/features/settings/screens/password_manager_screen.dart:82:8: Error: Expected an identifier, but got ','.
Try inserting an identifier before ','.
      ),
       ^
lib/features/settings/screens/password_manager_screen.dart:82:8: Error: Unexpected token ';'.
      ),
       ^
lib/features/settings/screens/password_manager_screen.dart:83:5: Error: Expected an identifier, but got ')'.
Try inserting an identifier before ')'.
    );
    ^
lib/features/settings/screens/password_manager_screen.dart:82:8: Error: Expected ';' after this.
      ),
       ^
lib/features/settings/screens/password_manager_screen.dart:83:5: Error: Unexpected token ';'.
    );
    ^
lib/features/settings/screens/password_manager_screen.dart:92:22: Error: Too many positional arguments: 0 allowed, but 1 found.
Try removing the extra positional arguments.
      child: ListTile(
                     ^
/C:/Flutter/flutter3293/packages/flutter/lib/src/material/list_tile.dart:390:9: Context: Found this candidate, but the arguments don't match.
  const ListTile({
        ^^^^^^^^
lib/features/settings/screens/password_manager_screen.dart:112:11: Error: Expected an identifier, but got ']'.
Try inserting an identifier before ']'.
          ],
          ^
lib/features/settings/screens/password_manager_screen.dart:112:11: Error: Expected ')' before this.
          ],
          ^
lib/features/settings/screens/password_manager_screen.dart:90:16: Error: Too many positional arguments: 0 allowed, but 1 found.
Try removing the extra positional arguments.
    return Card(
               ^
/C:/Flutter/flutter3293/packages/flutter/lib/src/material/card.dart:70:9: Context: Found this candidate, but the arguments don't match.
  const Card({
        ^^^^
lib/features/settings/screens/password_manager_screen.dart:113:9: Error: Expected ';' after this.
        ),
        ^
lib/features/settings/screens/password_manager_screen.dart:113:10: Error: Expected an identifier, but got ','.
Try inserting an identifier before ','.
        ),
         ^
lib/features/settings/screens/password_manager_screen.dart:113:10: Error: Unexpected token ';'.
        ),
         ^
lib/features/settings/screens/password_manager_screen.dart:114:7: Error: Expected an identifier, but got ')'.
Try inserting an identifier before ')'.
      ),
      ^
lib/features/settings/screens/password_manager_screen.dart:113:10: Error: Expected ';' after this.
        ),
         ^
lib/features/settings/screens/password_manager_screen.dart:114:7: Error: Unexpected token ';'.
      ),
      ^
lib/features/settings/screens/password_manager_screen.dart:114:8: Error: Expected an identifier, but got ','.
Try inserting an identifier before ','.
      ),
       ^
lib/features/settings/screens/password_manager_screen.dart:114:7: Error: Expected ';' after this.
      ),
      ^
lib/features/settings/screens/password_manager_screen.dart:114:8: Error: Unexpected token ';'.
      ),
       ^
lib/features/settings/screens/password_manager_screen.dart:115:5: Error: Expected an identifier, but got ')'.
Try inserting an identifier before ')'.
    );
    ^
lib/features/settings/screens/password_manager_screen.dart:114:8: Error: Expected ';' after this.
      ),
       ^
lib/features/settings/screens/password_manager_screen.dart:115:5: Error: Unexpected token ';'.
    );
    ^
lib/features/settings/screens/password_manager_screen.dart:177:15: Error: Expected an identifier, but got ')'.
Try inserting an identifier before ')'.
              ),
              ^
lib/features/settings/screens/password_manager_screen.dart:176:60: Error: Expected ';' after this.
                if (context.mounted) Navigator.pop(context);
                                                           ^
lib/features/settings/screens/password_manager_screen.dart:177:15: Error: Unexpected token ';'.
              ),
              ^
lib/features/settings/screens/password_manager_screen.dart:177:16: Error: Expected an identifier, but got ','.
Try inserting an identifier before ','.
              ),
               ^
lib/features/settings/screens/password_manager_screen.dart:177:15: Error: Expected ';' after this.
              ),
              ^
lib/features/settings/screens/password_manager_screen.dart:177:16: Error: Unexpected token ';'.
              ),
               ^
lib/features/settings/screens/password_manager_screen.dart:178:38: Error: Expected ';' after this.
              child: const Text('Add'),
                                     ^
lib/features/settings/screens/password_manager_screen.dart:178:39: Error: Expected an identifier, but got ','.
Try inserting an identifier before ','.
              child: const Text('Add'),
                                      ^
lib/features/settings/screens/password_manager_screen.dart:178:39: Error: Unexpected token ';'.
              child: const Text('Add'),
                                      ^
lib/features/settings/screens/password_manager_screen.dart:167:27: Error: Required named parameter 'child' must be provided.
            ElevatedButton(
                          ^
/C:/Flutter/flutter3293/packages/flutter/lib/src/material/elevated_button.dart:71:9: Context: Found this candidate, but the arguments don't match.
  const ElevatedButton({
        ^^^^^^^^^^^^^^
lib/features/settings/screens/settings_screen.dart:149:34: Error: Can't find '}' to match '{'.
              onChanged: (value) {
                                 ^
lib/features/settings/screens/settings_screen.dart:144:21: Error: Can't find ']' to match '['.
          children: [
                    ^
lib/features/settings/screens/settings_screen.dart:160:34: Error: Can't find '}' to match '{'.
              onChanged: (value) {
                                 ^
lib/features/settings/screens/settings_screen.dart:171:34: Error: Can't find '}' to match '{'.
              onChanged: (value) {
                                 ^
lib/features/settings/screens/settings_screen.dart:140:40: Error: Too many positional arguments: 0 allowed, but 1 found.
Try removing the extra positional arguments.
      builder: (context) => AlertDialog(
                                       ^
/C:/Flutter/flutter3293/packages/flutter/lib/src/material/dialog.dart:389:9: Context: Found this candidate, but the arguments don't match.
  const AlertDialog({
        ^^^^^^^^^^^
lib/features/settings/screens/settings_screen.dart:138:15: Error: Too many positional arguments: 0 allowed, but 1 found.
Try removing the extra positional arguments.
    showDialog(
              ^
/C:/Flutter/flutter3293/packages/flutter/lib/src/material/dialog.dart:1440:12: Context: Found this candidate, but the arguments don't match.
Future<T?> showDialog<T>({
           ^^^^^^^^^^
lib/features/settings/screens/settings_screen.dart:177:13: Error: Expected ';' after this.
            ),
            ^
lib/features/settings/screens/settings_screen.dart:177:14: Error: Expected an identifier, but got ','.
Try inserting an identifier before ','.
            ),
             ^
lib/features/settings/screens/settings_screen.dart:177:14: Error: Unexpected token ';'.
            ),
             ^
lib/features/settings/screens/settings_screen.dart:178:11: Error: Expected an identifier, but got ']'.
Try inserting an identifier before ']'.
          ],
          ^
lib/features/settings/screens/settings_screen.dart:177:14: Error: Expected ';' after this.
            ),
             ^
lib/features/settings/screens/settings_screen.dart:178:11: Error: Unexpected token ';'.
          ],
          ^
lib/features/settings/screens/settings_screen.dart:178:12: Error: Expected an identifier, but got ','.
Try inserting an identifier before ','.
          ],
           ^
lib/features/settings/screens/settings_screen.dart:178:11: Error: Expected ';' after this.
          ],
          ^
lib/features/settings/screens/settings_screen.dart:178:12: Error: Unexpected token ';'.
          ],
           ^
lib/features/settings/screens/settings_screen.dart:179:9: Error: Expected an identifier, but got ')'.
Try inserting an identifier before ')'.
        ),
        ^
lib/features/settings/screens/settings_screen.dart:178:12: Error: Expected ';' after this.
          ],
           ^
lib/features/settings/screens/settings_screen.dart:179:9: Error: Unexpected token ';'.
        ),
        ^
lib/features/settings/screens/settings_screen.dart:179:10: Error: Expected an identifier, but got ','.
Try inserting an identifier before ','.
        ),
         ^
lib/features/settings/screens/settings_screen.dart:179:9: Error: Expected ';' after this.
        ),
        ^
lib/features/settings/screens/settings_screen.dart:179:10: Error: Unexpected token ';'.
        ),
         ^
lib/features/settings/screens/settings_screen.dart:180:7: Error: Expected an identifier, but got ')'.
Try inserting an identifier before ')'.
      ),
      ^
lib/features/settings/screens/settings_screen.dart:179:10: Error: Expected ';' after this.
        ),
         ^
lib/features/settings/screens/settings_screen.dart:180:7: Error: Unexpected token ';'.
      ),
      ^
lib/features/settings/screens/settings_screen.dart:180:8: Error: Expected an identifier, but got ','.
Try inserting an identifier before ','.
      ),
       ^
lib/features/settings/screens/settings_screen.dart:180:7: Error: Expected ';' after this.
      ),
      ^
lib/features/settings/screens/settings_screen.dart:180:8: Error: Unexpected token ';'.
      ),
       ^
lib/features/settings/screens/settings_screen.dart:181:5: Error: Expected an identifier, but got ')'.
Try inserting an identifier before ')'.
    );
    ^
lib/features/settings/screens/settings_screen.dart:180:8: Error: Expected ';' after this.
      ),
       ^
lib/features/settings/screens/settings_screen.dart:181:5: Error: Unexpected token ';'.
    );
    ^
lib/features/ai_assistant/screens/ai_assistant_screen.dart:68:27: Error: Can't find '}' to match '{'.
            onPressed: () {
                          ^
lib/features/ai_assistant/screens/ai_assistant_screen.dart:65:18: Error: Can't find ']' to match '['.
        actions: [
                 ^
lib/features/ai_assistant/screens/ai_assistant_screen.dart:108:51: Error: Can't find '}' to match '{'.
                    itemBuilder: (context, index) {
                                                  ^
lib/features/ai_assistant/screens/ai_assistant_screen.dart:75:19: Error: Can't find ']' to match '['.
        children: [
                  ^
lib/features/ai_assistant/screens/ai_assistant_screen.dart:72:9: Error: Expected an identifier, but got ']'.
Try inserting an identifier before ']'.
        ],
        ^
lib/features/ai_assistant/screens/ai_assistant_screen.dart:72:9: Error: Expected ')' before this.
        ],
        ^
lib/features/ai_assistant/screens/ai_assistant_screen.dart:62:20: Error: Too many positional arguments: 0 allowed, but 1 found.
Try removing the extra positional arguments.
    return Scaffold(
                   ^
/C:/Flutter/flutter3293/packages/flutter/lib/src/material/scaffold.dart:1691:9: Context: Found this candidate, but the arguments don't match.
  const Scaffold({
        ^^^^^^^^
lib/features/ai_assistant/screens/ai_assistant_screen.dart:73:7: Error: Expected ';' after this.
      ),
      ^
lib/features/ai_assistant/screens/ai_assistant_screen.dart:73:8: Error: Expected an identifier, but got ','.
Try inserting an identifier before ','.
      ),
       ^
lib/features/ai_assistant/screens/ai_assistant_screen.dart:73:8: Error: Unexpected token ';'.
      ),
       ^
lib/features/ai_assistant/screens/ai_assistant_screen.dart:113:11: Error: Expected ';' after this.
          ),
          ^
lib/features/ai_assistant/screens/ai_assistant_screen.dart:113:12: Error: Expected an identifier, but got ','.
Try inserting an identifier before ','.
          ),
           ^
lib/features/ai_assistant/screens/ai_assistant_screen.dart:113:12: Error: Unexpected token ';'.
          ),
           ^
lib/features/ai_assistant/screens/ai_assistant_screen.dart:144:11: Error: Expected ';' after this.
          ),
          ^
lib/features/ai_assistant/screens/ai_assistant_screen.dart:144:12: Error: Expected an identifier, but got ','.
Try inserting an identifier before ','.
          ),
           ^
lib/features/ai_assistant/screens/ai_assistant_screen.dart:144:12: Error: Unexpected token ';'.
          ),
           ^
lib/features/ai_assistant/screens/ai_assistant_screen.dart:145:9: Error: Expected an identifier, but got ']'.
Try inserting an identifier before ']'.
        ],
        ^
lib/features/ai_assistant/screens/ai_assistant_screen.dart:144:12: Error: Expected ';' after this.
          ),
           ^
lib/features/ai_assistant/screens/ai_assistant_screen.dart:145:9: Error: Unexpected token ';'.
        ],
        ^
lib/features/ai_assistant/screens/ai_assistant_screen.dart:145:10: Error: Expected an identifier, but got ','.
Try inserting an identifier before ','.
        ],
         ^
lib/features/ai_assistant/screens/ai_assistant_screen.dart:145:9: Error: Expected ';' after this.
        ],
        ^
lib/features/ai_assistant/screens/ai_assistant_screen.dart:145:10: Error: Unexpected token ';'.
        ],
         ^
lib/features/ai_assistant/screens/ai_assistant_screen.dart:146:7: Error: Expected an identifier, but got ')'.
Try inserting an identifier before ')'.
      ),
      ^
lib/features/ai_assistant/screens/ai_assistant_screen.dart:145:10: Error: Expected ';' after this.
        ],
         ^
lib/features/ai_assistant/screens/ai_assistant_screen.dart:146:7: Error: Unexpected token ';'.
      ),
      ^
lib/features/ai_assistant/screens/ai_assistant_screen.dart:146:8: Error: Expected an identifier, but got ','.
Try inserting an identifier before ','.
      ),
       ^
lib/features/ai_assistant/screens/ai_assistant_screen.dart:146:7: Error: Expected ';' after this.
      ),
      ^
lib/features/ai_assistant/screens/ai_assistant_screen.dart:146:8: Error: Unexpected token ';'.
      ),
       ^
lib/features/ai_assistant/screens/ai_assistant_screen.dart:147:5: Error: Expected an identifier, but got ')'.
Try inserting an identifier before ')'.
    );
    ^
lib/features/ai_assistant/screens/ai_assistant_screen.dart:146:8: Error: Expected ';' after this.
      ),
       ^
lib/features/ai_assistant/screens/ai_assistant_screen.dart:147:5: Error: Unexpected token ';'.
    );
    ^
lib/features/dashboard/screens/dashboard_screen.dart:107:43: Error: Can't find '}' to match '{'.
            itemBuilder: (context, index) {
                                          ^
lib/features/dashboard/screens/dashboard_screen.dart:134:13: Error: Expected an identifier, but got ')'.
Try inserting an identifier before ')'.
            ),
            ^
lib/features/dashboard/screens/dashboard_screen.dart:133:16: Error: Expected ';' after this.
              );
               ^
lib/features/dashboard/screens/dashboard_screen.dart:134:13: Error: Unexpected token ';'.
            ),
            ^
lib/features/dashboard/screens/dashboard_screen.dart:134:14: Error: Expected an identifier, but got ','.
Try inserting an identifier before ','.
            ),
             ^
lib/features/dashboard/screens/dashboard_screen.dart:134:13: Error: Expected ';' after this.
            ),
            ^
lib/features/dashboard/screens/dashboard_screen.dart:134:14: Error: Unexpected token ';'.
            ),
             ^
lib/features/auth/screens/signup_screen.dart:100:40: Error: Can't find '}' to match '{'.
                    validator: (value) {
                                       ^
lib/features/auth/screens/signup_screen.dart:78:27: Error: Can't find ']' to match '['.
                children: [
                          ^
lib/features/auth/screens/signup_screen.dart:118:40: Error: Can't find '}' to match '{'.
                    validator: (value) {
                                       ^
lib/features/auth/screens/signup_screen.dart:136:40: Error: Can't find '}' to match '{'.
                    validator: (value) {
                                       ^
lib/features/auth/screens/signup_screen.dart:74:24: Error: Too many positional arguments: 0 allowed, but 2 found.
Try removing the extra positional arguments.
            child: Form(
                       ^
/C:/Flutter/flutter3293/packages/flutter/lib/src/widgets/form.dart:59:9: Context: Found this candidate, but the arguments don't match.
  const Form({
        ^^^^
lib/features/auth/screens/signup_screen.dart:72:39: Error: Too many positional arguments: 0 allowed, but 2 found.
Try removing the extra positional arguments.
          child: SingleChildScrollView(
                                      ^
/C:/Flutter/flutter3293/packages/flutter/lib/src/widgets/single_child_scroll_view.dart:148:9: Context: Found this candidate, but the arguments don't match.
  const SingleChildScrollView({
        ^^^^^^^^^^^^^^^^^^^^^
lib/features/auth/screens/signup_screen.dart:157:17: Error: Expected an identifier, but got ']'.
Try inserting an identifier before ']'.
                ],
                ^
lib/features/auth/screens/signup_screen.dart:157:17: Error: Expected ')' before this.
                ],
                ^
lib/features/auth/screens/signup_screen.dart:71:22: Error: Too many positional arguments: 0 allowed, but 3 found.
Try removing the extra positional arguments.
        child: Center(
                     ^
/C:/Flutter/flutter3293/packages/flutter/lib/src/widgets/basic.dart:2320:9: Context: Found this candidate, but the arguments don't match.
  const Center({super.key, super.widthFactor, super.heightFactor, super.child});
        ^^^^^^
lib/features/auth/screens/signup_screen.dart:160:11: Error: Expected ';' after this.
          ),
          ^
lib/features/auth/screens/signup_screen.dart:160:12: Error: Expected an identifier, but got ','.
Try inserting an identifier before ','.
          ),
           ^
lib/features/auth/screens/signup_screen.dart:160:12: Error: Unexpected token ';'.
          ),
           ^
lib/features/auth/screens/signup_screen.dart:161:9: Error: Expected an identifier, but got ')'.
Try inserting an identifier before ')'.
        ),
        ^
lib/features/auth/screens/signup_screen.dart:160:12: Error: Expected ';' after this.
          ),
           ^
lib/features/auth/screens/signup_screen.dart:161:9: Error: Unexpected token ';'.
        ),
        ^
lib/features/auth/screens/signup_screen.dart:161:10: Error: Expected an identifier, but got ','.
Try inserting an identifier before ','.
        ),
         ^
lib/features/auth/screens/signup_screen.dart:161:9: Error: Expected ';' after this.
        ),
        ^
lib/features/auth/screens/signup_screen.dart:161:10: Error: Unexpected token ';'.
        ),
         ^
lib/features/auth/screens/signup_screen.dart:162:7: Error: Expected an identifier, but got ')'.
Try inserting an identifier before ')'.
      ),
      ^
lib/features/auth/screens/signup_screen.dart:161:10: Error: Expected ';' after this.
        ),
         ^
lib/features/auth/screens/signup_screen.dart:162:7: Error: Unexpected token ';'.
      ),
      ^
lib/features/auth/screens/signup_screen.dart:162:8: Error: Expected an identifier, but got ','.
Try inserting an identifier before ','.
      ),
       ^
lib/features/auth/screens/signup_screen.dart:162:7: Error: Expected ';' after this.
      ),
      ^
lib/features/auth/screens/signup_screen.dart:162:8: Error: Unexpected token ';'.
      ),
       ^
lib/features/auth/screens/signup_screen.dart:163:5: Error: Expected an identifier, but got ')'.
Try inserting an identifier before ')'.
    );
    ^
lib/features/auth/screens/signup_screen.dart:162:8: Error: Expected ';' after this.
      ),
       ^
lib/features/auth/screens/signup_screen.dart:163:5: Error: Unexpected token ';'.
    );
    ^
lib/features/auth/screens/login_screen.dart:96:40: Error: Can't find '}' to match '{'.
                    validator: (value) {
                                       ^
lib/features/auth/screens/login_screen.dart:66:27: Error: Can't find ']' to match '['.
                children: [
                          ^
lib/features/auth/screens/login_screen.dart:114:40: Error: Can't find '}' to match '{'.
                    validator: (value) {
                                       ^
lib/features/auth/screens/login_screen.dart:61:24: Error: Too many positional arguments: 0 allowed, but 2 found.
Try removing the extra positional arguments.
            child: Form(
                       ^
/C:/Flutter/flutter3293/packages/flutter/lib/src/widgets/form.dart:59:9: Context: Found this candidate, but the arguments don't match.
  const Form({
        ^^^^
lib/features/auth/screens/login_screen.dart:143:17: Error: Expected an identifier, but got ']'.
Try inserting an identifier before ']'.
                ],
                ^
lib/features/auth/screens/login_screen.dart:143:17: Error: Expected ')' before this.
                ],
                ^
lib/features/auth/screens/login_screen.dart:59:39: Error: Too many positional arguments: 0 allowed, but 5 found.
Try removing the extra positional arguments.
          child: SingleChildScrollView(
                                      ^
/C:/Flutter/flutter3293/packages/flutter/lib/src/widgets/single_child_scroll_view.dart:148:9: Context: Found this candidate, but the arguments don't match.
  const SingleChildScrollView({
        ^^^^^^^^^^^^^^^^^^^^^
lib/features/auth/screens/login_screen.dart:147:9: Error: Expected ';' after this.
        ),
        ^
lib/features/auth/screens/login_screen.dart:147:10: Error: Expected an identifier, but got ','.
Try inserting an identifier before ','.
        ),
         ^
lib/features/auth/screens/login_screen.dart:147:10: Error: Unexpected token ';'.
        ),
         ^
lib/features/auth/screens/login_screen.dart:148:7: Error: Expected an identifier, but got ')'.
Try inserting an identifier before ')'.
      ),
      ^
lib/features/auth/screens/login_screen.dart:147:10: Error: Expected ';' after this.
        ),
         ^
lib/features/auth/screens/login_screen.dart:148:7: Error: Unexpected token ';'.
      ),
      ^
lib/features/auth/screens/login_screen.dart:148:8: Error: Expected an identifier, but got ','.
Try inserting an identifier before ','.
      ),
       ^
lib/features/auth/screens/login_screen.dart:148:7: Error: Expected ';' after this.
      ),
      ^
lib/features/auth/screens/login_screen.dart:148:8: Error: Unexpected token ';'.
      ),
       ^
lib/features/auth/screens/login_screen.dart:149:5: Error: Expected an identifier, but got ')'.
Try inserting an identifier before ')'.
    );
    ^
lib/features/auth/screens/login_screen.dart:148:8: Error: Expected ';' after this.
      ),
       ^
lib/features/auth/screens/login_screen.dart:149:5: Error: Unexpected token ';'.
    );
    ^
Target kernel_snapshot_program failed: Exception


FAILURE: Build failed with an exception.

* What went wrong:
Execution failed for task ':app:compileFlutterBuildDebug'.
> Process 'command 'C:\Flutter\flutter3293\bin\flutter.bat'' finished with non-zero exit value 1

* Try:
> Run with --stacktrace option to get the stack trace.
> Run with --info or --debug option to get more log output.
> Run with --scan to get full insights.

* Get more help at https://help.gradle.org

BUILD FAILED in 26s
Running Gradle task 'assembleDebug'...                             41.2s
Error: Gradle task assembleDebug failed with exit code 1
PS C:\Users\markn\Downloads\myapp\05-10-2025-Replit\life_management_app\life_management_app> 
