 flutter run    
Launching lib\main.dart on sdk gphone64 x86 64 in debug mode...
lib/features/system/screens/news_screen.dart:27:39: Error: Can't find '}' to match '{'.
        itemBuilder: (context, index) {
                                      ^
lib/features/system/screens/news_screen.dart:83:7: Error: Expected ';' after this.
      ),
      ^
lib/features/system/screens/news_screen.dart:83:8: Error: Expected an identifier, but got ','.
Try inserting an identifier before ','.
      ),
       ^
lib/features/system/screens/news_screen.dart:83:8: Error: Unexpected token ';'.
      ),
       ^
lib/features/system/screens/news_screen.dart:84:5: Error: Expected an identifier, but got ')'.
Try inserting an identifier before ')'.
    );
    ^
lib/features/system/screens/news_screen.dart:83:8: Error: Expected ';' after this.
      ),
       ^
lib/features/system/screens/news_screen.dart:84:5: Error: Unexpected token ';'.
    );
    ^
lib/features/system/screens/weather_screen.dart:43:47: Error: Can't find '}' to match '{'.
                itemBuilder: (context, index) {
                                              ^
lib/features/system/screens/weather_screen.dart:59:17: Error: Expected an identifier, but got ')'.
Try inserting an identifier before ')'.
                ),
                ^
lib/features/system/screens/weather_screen.dart:58:20: Error: Expected ';' after this.
                  );
                   ^
lib/features/system/screens/weather_screen.dart:59:17: Error: Unexpected token ';'.
                ),
                ^
lib/features/system/screens/weather_screen.dart:59:18: Error: Expected an identifier, but got ','.
Try inserting an identifier before ','.
                ),
                 ^
lib/features/system/screens/weather_screen.dart:59:17: Error: Expected ';' after this.
                ),
                ^
lib/features/system/screens/weather_screen.dart:59:18: Error: Unexpected token ';'.
                ),
                 ^
lib/features/system/screens/notifications_center_screen.dart:26:33: Error: Can't find '}' to match '{'.
            onPressed: () async {
                                ^
lib/features/system/screens/notifications_center_screen.dart:23:18: Error: Can't find ']' to match '['.
        actions: [
                 ^
lib/features/system/screens/notifications_center_screen.dart:43:31: Error: Can't find '}' to match '{'.
        data: (notifications) {
                              ^
lib/features/system/screens/notifications_center_screen.dart:120:31: Error: Can't find '}' to match '{'.
          onPressed: () async {
                              ^
lib/features/system/screens/notifications_center_screen.dart:124:31: Error: Can't find '}' to match '{'.
        onLongPress: () async {
                              ^
lib/features/system/screens/notifications_center_screen.dart:38:9: Error: Expected an identifier, but got ']'.
Try inserting an identifier before ']'.
        ],
        ^
lib/features/system/screens/notifications_center_screen.dart:38:9: Error: Expected ')' before this.
        ],
        ^
lib/features/system/screens/notifications_center_screen.dart:20:20: Error: Too many positional arguments: 0 allowed, but 1 found.
Try removing the extra positional arguments.
    return Scaffold(
                   ^
/C:/Flutter/flutter3293/packages/flutter/lib/src/material/scaffold.dart:1691:9: Context: Found this candidate, but the arguments don't match.
  const Scaffold({
        ^^^^^^^^
lib/features/system/screens/notifications_center_screen.dart:39:7: Error: Expected ';' after this.
      ),
      ^
lib/features/system/screens/notifications_center_screen.dart:39:8: Error: Expected an identifier, but got ','.
Try inserting an identifier before ','.
      ),
       ^
lib/features/system/screens/notifications_center_screen.dart:39:8: Error: Unexpected token ';'.
      ),
       ^
lib/features/system/screens/notifications_center_screen.dart:45:42: Error: Required named parameter 'title' must be provided.
            return const EmptyStateWidget(
                                         ^
lib/core/widgets/empty_state_widget.dart:10:9: Context: Found this candidate, but the arguments don't match.
  const EmptyStateWidget({
        ^^^^^^^^^^^^^^^^
lib/features/system/screens/notifications_center_screen.dart:70:9: Error: Expected ';' after this.
        ),
        ^
lib/features/system/screens/notifications_center_screen.dart:70:10: Error: Expected an identifier, but got ','.
Try inserting an identifier before ','.
        ),
         ^
lib/features/system/screens/notifications_center_screen.dart:70:10: Error: Unexpected token ';'.
        ),
         ^
lib/features/system/screens/notifications_center_screen.dart:71:7: Error: Expected an identifier, but got ')'.
Try inserting an identifier before ')'.
      ),
      ^
lib/features/system/screens/notifications_center_screen.dart:70:10: Error: Expected ';' after this.
        ),
         ^
lib/features/system/screens/notifications_center_screen.dart:71:7: Error: Unexpected token ';'.
      ),
      ^
lib/features/system/screens/notifications_center_screen.dart:71:8: Error: Expected an identifier, but got ','.
Try inserting an identifier before ','.
      ),
       ^
lib/features/system/screens/notifications_center_screen.dart:71:7: Error: Expected ';' after this.
      ),
      ^
lib/features/system/screens/notifications_center_screen.dart:71:8: Error: Unexpected token ';'.
      ),
       ^
lib/features/system/screens/notifications_center_screen.dart:72:5: Error: Expected an identifier, but got ')'.
Try inserting an identifier before ')'.
    );
    ^
lib/features/system/screens/notifications_center_screen.dart:71:8: Error: Expected ';' after this.
      ),
       ^
lib/features/system/screens/notifications_center_screen.dart:72:5: Error: Unexpected token ';'.
    );
    ^
lib/features/system/screens/notifications_center_screen.dart:122:12: Error: Expected ':' before this.
          ),
           ^
lib/features/system/screens/notifications_center_screen.dart:122:12: Error: Expected an identifier, but got ','.
Try inserting an identifier before ','.
          ),
           ^
lib/features/system/screens/notifications_center_screen.dart:123:11: Error: Expected ')' before this.
        ) : null,
          ^
lib/features/system/screens/notifications_center_screen.dart:126:9: Error: Expected ';' after this.
        ),
        ^
lib/features/system/screens/notifications_center_screen.dart:126:10: Error: Expected an identifier, but got ','.
Try inserting an identifier before ','.
        ),
         ^
lib/features/system/screens/notifications_center_screen.dart:126:10: Error: Unexpected token ';'.
        ),
         ^
lib/features/system/screens/notifications_center_screen.dart:127:7: Error: Expected an identifier, but got ')'.
Try inserting an identifier before ')'.
      ),
      ^
lib/features/system/screens/notifications_center_screen.dart:126:10: Error: Expected ';' after this.
        ),
         ^
lib/features/system/screens/notifications_center_screen.dart:127:7: Error: Unexpected token ';'.
      ),
      ^
lib/features/system/screens/notifications_center_screen.dart:127:8: Error: Expected an identifier, but got ','.
Try inserting an identifier before ','.
      ),
       ^
lib/features/system/screens/notifications_center_screen.dart:127:7: Error: Expected ';' after this.
      ),
      ^
lib/features/system/screens/notifications_center_screen.dart:127:8: Error: Unexpected token ';'.
      ),
       ^
lib/features/system/screens/notifications_center_screen.dart:128:5: Error: Expected an identifier, but got ')'.
Try inserting an identifier before ')'.
    );
    ^
lib/features/system/screens/notifications_center_screen.dart:127:8: Error: Expected ';' after this.
      ),
       ^
lib/features/system/screens/notifications_center_screen.dart:128:5: Error: Unexpected token ';'.
    );
    ^
lib/features/home/screens/recipes_screen.dart:57:43: Error: Can't find '}' to match '{'.
                    onLongPress: () async {
                                          ^
lib/features/home/screens/recipes_screen.dart:24:25: Error: Can't find '}' to match '{'.
        data: (recipes) {
                        ^
lib/features/home/screens/recipes_screen.dart:117:35: Error: Can't find '}' to match '{'.
              onPressed: () async {
                                  ^
lib/features/home/screens/recipes_screen.dart:26:36: Error: Required named parameter 'title' must be provided.
            return EmptyStateWidget(
                                   ^
lib/core/widgets/empty_state_widget.dart:10:9: Context: Found this candidate, but the arguments don't match.
  const EmptyStateWidget({
        ^^^^^^^^^^^^^^^^
lib/features/home/screens/recipes_screen.dart:59:21: Error: Expected an identifier, but got ')'.
Try inserting an identifier before ')'.
                    ),
                    ^
lib/features/home/screens/recipes_screen.dart:58:96: Error: Expected ';' after this.
                      await DatabaseService().delete('recipes', recipe['id']?.toString() ?? '');
                                                                                          ^
lib/features/home/screens/recipes_screen.dart:59:21: Error: Unexpected token ';'.
                    ),
                    ^
lib/features/home/screens/recipes_screen.dart:59:22: Error: Expected an identifier, but got ','.
Try inserting an identifier before ','.
                    ),
                     ^
lib/features/home/screens/recipes_screen.dart:59:21: Error: Expected ';' after this.
                    ),
                    ^
lib/features/home/screens/recipes_screen.dart:59:22: Error: Unexpected token ';'.
                    ),
                     ^
lib/features/home/screens/recipes_screen.dart:67:7: Error: Expected ';' after this.
      ),
      ^
lib/features/home/screens/recipes_screen.dart:67:8: Error: Expected an identifier, but got ','.
Try inserting an identifier before ','.
      ),
       ^
lib/features/home/screens/recipes_screen.dart:67:8: Error: Unexpected token ';'.
      ),
       ^
lib/features/home/screens/recipes_screen.dart:71:7: Error: Expected ';' after this.
      ),
      ^
lib/features/home/screens/recipes_screen.dart:71:8: Error: Expected an identifier, but got ','.
Try inserting an identifier before ','.
      ),
       ^
lib/features/home/screens/recipes_screen.dart:71:8: Error: Unexpected token ';'.
      ),
       ^
lib/features/home/screens/recipes_screen.dart:72:5: Error: Expected an identifier, but got ')'.
Try inserting an identifier before ')'.
    );
    ^
lib/features/home/screens/recipes_screen.dart:71:8: Error: Expected ';' after this.
      ),
       ^
lib/features/home/screens/recipes_screen.dart:72:5: Error: Unexpected token ';'.
    );
    ^
lib/features/home/screens/recipes_screen.dart:127:15: Error: Expected an identifier, but got ')'.
Try inserting an identifier before ')'.
              ),
              ^
lib/features/home/screens/recipes_screen.dart:126:60: Error: Expected ';' after this.
                if (context.mounted) Navigator.pop(context);
                                                           ^
lib/features/home/screens/recipes_screen.dart:127:15: Error: Unexpected token ';'.
              ),
              ^
lib/features/home/screens/recipes_screen.dart:127:16: Error: Expected an identifier, but got ','.
Try inserting an identifier before ','.
              ),
               ^
lib/features/home/screens/recipes_screen.dart:127:15: Error: Expected ';' after this.
              ),
              ^
lib/features/home/screens/recipes_screen.dart:127:16: Error: Unexpected token ';'.
              ),
               ^
lib/features/home/screens/recipes_screen.dart:128:38: Error: Expected ';' after this.
              child: const Text('Add'),
                                     ^
lib/features/home/screens/recipes_screen.dart:128:39: Error: Expected an identifier, but got ','.
Try inserting an identifier before ','.
              child: const Text('Add'),
                                      ^
lib/features/home/screens/recipes_screen.dart:128:39: Error: Unexpected token ';'.
              child: const Text('Add'),
                                      ^
lib/features/home/screens/recipes_screen.dart:116:27: Error: Required named parameter 'child' must be provided.
            ElevatedButton(
                          ^
/C:/Flutter/flutter3293/packages/flutter/lib/src/material/elevated_button.dart:71:9: Context: Found this candidate, but the arguments don't match.
  const ElevatedButton({
        ^^^^^^^^^^^^^^
lib/features/home/screens/home_maintenance_screen.dart:25:23: Error: Can't find '}' to match '{'.
        data: (tasks) {
                      ^
lib/features/home/screens/home_maintenance_screen.dart:72:36: Error: Can't find '}' to match '{'.
          onChanged: (value) async {
                                   ^
lib/features/home/screens/home_maintenance_screen.dart:80:31: Error: Can't find '}' to match '{'.
        onLongPress: () async {
                              ^
lib/features/home/screens/home_maintenance_screen.dart:105:33: Error: Can't find '}' to match '{'.
                onTap: () async {
                                ^
lib/features/home/screens/home_maintenance_screen.dart:98:23: Error: Can't find ']' to match '['.
            children: [
                      ^
lib/features/home/screens/home_maintenance_screen.dart:120:35: Error: Can't find '}' to match '{'.
              onPressed: () async {
                                  ^
lib/features/home/screens/home_maintenance_screen.dart:27:36: Error: Required named parameter 'title' must be provided.
            return EmptyStateWidget(
                                   ^
lib/core/widgets/empty_state_widget.dart:10:9: Context: Found this candidate, but the arguments don't match.
  const EmptyStateWidget({
        ^^^^^^^^^^^^^^^^
lib/features/home/screens/home_maintenance_screen.dart:55:7: Error: Expected ';' after this.
      ),
      ^
lib/features/home/screens/home_maintenance_screen.dart:55:8: Error: Expected an identifier, but got ','.
Try inserting an identifier before ','.
      ),
       ^
lib/features/home/screens/home_maintenance_screen.dart:55:8: Error: Unexpected token ';'.
      ),
       ^
lib/features/home/screens/home_maintenance_screen.dart:59:7: Error: Expected ';' after this.
      ),
      ^
lib/features/home/screens/home_maintenance_screen.dart:59:8: Error: Expected an identifier, but got ','.
Try inserting an identifier before ','.
      ),
       ^
lib/features/home/screens/home_maintenance_screen.dart:59:8: Error: Unexpected token ';'.
      ),
       ^
lib/features/home/screens/home_maintenance_screen.dart:60:5: Error: Expected an identifier, but got ')'.
Try inserting an identifier before ')'.
    );
    ^
lib/features/home/screens/home_maintenance_screen.dart:59:8: Error: Expected ';' after this.
      ),
       ^
lib/features/home/screens/home_maintenance_screen.dart:60:5: Error: Unexpected token ';'.
    );
    ^
lib/features/home/screens/home_maintenance_screen.dart:78:9: Error: No named parameter with the name 'title'.
        title: Text(name, style: TextStyle(fontWeight: FontWeight.bold, decoration: isCompleted ? TextDecoration.lineThrough : null)),
        ^^^^^
/C:/Flutter/flutter3293/packages/flutter/lib/src/material/card.dart:70:9: Context: Found this candidate, but the arguments don't match.
  const Card({
        ^^^^
lib/features/home/screens/home_maintenance_screen.dart:82:9: Error: Expected ';' after this.
        ),
        ^
lib/features/home/screens/home_maintenance_screen.dart:82:10: Error: Expected an identifier, but got ','.
Try inserting an identifier before ','.
        ),
         ^
lib/features/home/screens/home_maintenance_screen.dart:82:10: Error: Unexpected token ';'.
        ),
         ^
lib/features/home/screens/home_maintenance_screen.dart:83:7: Error: Expected an identifier, but got ')'.
Try inserting an identifier before ')'.
      ),
      ^
lib/features/home/screens/home_maintenance_screen.dart:82:10: Error: Expected ';' after this.
        ),
         ^
lib/features/home/screens/home_maintenance_screen.dart:83:7: Error: Unexpected token ';'.
      ),
      ^
lib/features/home/screens/home_maintenance_screen.dart:83:8: Error: Expected an identifier, but got ','.
Try inserting an identifier before ','.
      ),
       ^
lib/features/home/screens/home_maintenance_screen.dart:83:7: Error: Expected ';' after this.
      ),
      ^
lib/features/home/screens/home_maintenance_screen.dart:83:8: Error: Unexpected token ';'.
      ),
       ^
lib/features/home/screens/home_maintenance_screen.dart:84:5: Error: Expected an identifier, but got ')'.
Try inserting an identifier before ')'.
    );
    ^
lib/features/home/screens/home_maintenance_screen.dart:83:8: Error: Expected ';' after this.
      ),
       ^
lib/features/home/screens/home_maintenance_screen.dart:84:5: Error: Unexpected token ';'.
    );
    ^
lib/features/home/screens/home_maintenance_screen.dart:115:13: Error: Expected an identifier, but got ']'.
Try inserting an identifier before ']'.
            ],
            ^
lib/features/home/screens/home_maintenance_screen.dart:115:13: Error: Expected ')' before this.
            ],
            ^
lib/features/home/screens/home_maintenance_screen.dart:94:52: Error: Too many positional arguments: 0 allowed, but 1 found.
Try removing the extra positional arguments.
        builder: (context, setState) => AlertDialog(
                                                   ^
/C:/Flutter/flutter3293/packages/flutter/lib/src/material/dialog.dart:389:9: Context: Found this candidate, but the arguments don't match.
  const AlertDialog({
        ^^^^^^^^^^^
lib/features/home/screens/home_maintenance_screen.dart:128:15: Error: Expected an identifier, but got ')'.
Try inserting an identifier before ')'.
              ),
              ^
lib/features/home/screens/home_maintenance_screen.dart:127:60: Error: Expected ';' after this.
                if (context.mounted) Navigator.pop(context);
                                                           ^
lib/features/home/screens/home_maintenance_screen.dart:128:15: Error: Unexpected token ';'.
              ),
              ^
lib/features/home/screens/home_maintenance_screen.dart:128:16: Error: Expected an identifier, but got ','.
Try inserting an identifier before ','.
              ),
               ^
lib/features/home/screens/home_maintenance_screen.dart:128:15: Error: Expected ';' after this.
              ),
              ^
lib/features/home/screens/home_maintenance_screen.dart:128:16: Error: Unexpected token ';'.
              ),
               ^
lib/features/home/screens/home_maintenance_screen.dart:129:38: Error: Expected ';' after this.
              child: const Text('Add'),
                                     ^
lib/features/home/screens/home_maintenance_screen.dart:129:39: Error: Expected an identifier, but got ','.
Try inserting an identifier before ','.
              child: const Text('Add'),
                                      ^
lib/features/home/screens/home_maintenance_screen.dart:129:39: Error: Unexpected token ';'.
              child: const Text('Add'),
                                      ^
lib/features/home/screens/home_maintenance_screen.dart:119:27: Error: Required named parameter 'child' must be provided.
            ElevatedButton(
                          ^
/C:/Flutter/flutter3293/packages/flutter/lib/src/material/elevated_button.dart:71:9: Context: Found this candidate, but the arguments don't match.
  const ElevatedButton({
        ^^^^^^^^^^^^^^
lib/features/home/screens/home_maintenance_screen.dart:117:11: Error: No named parameter with the name 'actions'.
          actions: [
          ^^^^^^^
/C:/Flutter/flutter3293/packages/flutter/lib/src/widgets/basic.dart:7874:9: Context: Found this candidate, but the arguments don't match.
  const StatefulBuilder({super.key, required this.builder});
        ^^^^^^^^^^^^^^^
lib/features/home/screens/home_maintenance_screen.dart:133:7: Error: Expected ';' after this.
      ),
      ^
lib/features/home/screens/home_maintenance_screen.dart:133:8: Error: Expected an identifier, but got ','.
Try inserting an identifier before ','.
      ),
       ^
lib/features/home/screens/home_maintenance_screen.dart:133:8: Error: Unexpected token ';'.
      ),
       ^
lib/features/home/screens/home_maintenance_screen.dart:134:5: Error: Expected an identifier, but got ')'.
Try inserting an identifier before ')'.
    );
    ^
lib/features/home/screens/home_maintenance_screen.dart:133:8: Error: Expected ';' after this.
      ),
       ^
lib/features/home/screens/home_maintenance_screen.dart:134:5: Error: Unexpected token ';'.
    );
    ^
lib/features/home/screens/plant_care_screen.dart:44:43: Error: Can't find '}' to match '{'.
            itemBuilder: (context, index) {
                                          ^
lib/features/home/screens/plant_care_screen.dart:25:24: Error: Can't find '}' to match '{'.
        data: (plants) {
                       ^
lib/features/home/screens/plant_care_screen.dart:122:35: Error: Can't find '}' to match '{'.
              onPressed: () async {
                                  ^
lib/features/home/screens/plant_care_screen.dart:153:37: Error: Can't find '}' to match '{'.
                onPressed: () async {
                                    ^
lib/features/home/screens/plant_care_screen.dart:147:21: Error: Can't find ']' to match '['.
          children: [
                    ^
lib/features/home/screens/plant_care_screen.dart:167:37: Error: Can't find '}' to match '{'.
                onPressed: () async {
                                    ^
lib/features/home/screens/plant_care_screen.dart:27:36: Error: Required named parameter 'title' must be provided.
            return EmptyStateWidget(
                                   ^
lib/core/widgets/empty_state_widget.dart:10:9: Context: Found this candidate, but the arguments don't match.
  const EmptyStateWidget({
        ^^^^^^^^^^^^^^^^
lib/features/home/screens/plant_care_screen.dart:83:13: Error: Expected ';' after this.
            ),
            ^
lib/features/home/screens/plant_care_screen.dart:83:14: Error: Expected an identifier, but got ','.
Try inserting an identifier before ','.
            ),
             ^
lib/features/home/screens/plant_care_screen.dart:83:14: Error: Unexpected token ';'.
            ),
             ^
lib/features/home/screens/plant_care_screen.dart:84:12: Error: Expected ')' before this.
          );
           ^
lib/features/home/screens/plant_care_screen.dart:85:9: Error: Expected ';' after this.
        ),
        ^
lib/features/home/screens/plant_care_screen.dart:85:10: Error: Expected an identifier, but got ','.
Try inserting an identifier before ','.
        ),
         ^
lib/features/home/screens/plant_care_screen.dart:85:10: Error: Unexpected token ';'.
        ),
         ^
lib/features/home/screens/plant_care_screen.dart:86:7: Error: Expected an identifier, but got ')'.
Try inserting an identifier before ')'.
      ),
      ^
lib/features/home/screens/plant_care_screen.dart:85:10: Error: Expected ';' after this.
        ),
         ^
lib/features/home/screens/plant_care_screen.dart:86:7: Error: Unexpected token ';'.
      ),
      ^
lib/features/home/screens/plant_care_screen.dart:86:8: Error: Expected an identifier, but got ','.
Try inserting an identifier before ','.
      ),
       ^
lib/features/home/screens/plant_care_screen.dart:86:7: Error: Expected ';' after this.
      ),
      ^
lib/features/home/screens/plant_care_screen.dart:86:8: Error: Unexpected token ';'.
      ),
       ^
lib/features/home/screens/plant_care_screen.dart:90:7: Error: Expected ';' after this.
      ),
      ^
lib/features/home/screens/plant_care_screen.dart:90:8: Error: Expected an identifier, but got ','.
Try inserting an identifier before ','.
      ),
       ^
lib/features/home/screens/plant_care_screen.dart:90:8: Error: Unexpected token ';'.
      ),
       ^
lib/features/home/screens/plant_care_screen.dart:91:5: Error: Expected an identifier, but got ')'.
Try inserting an identifier before ')'.
    );
    ^
lib/features/home/screens/plant_care_screen.dart:90:8: Error: Expected ';' after this.
      ),
       ^
lib/features/home/screens/plant_care_screen.dart:91:5: Error: Unexpected token ';'.
    );
    ^
lib/features/home/screens/plant_care_screen.dart:131:15: Error: Expected an identifier, but got ')'.
Try inserting an identifier before ')'.
              ),
              ^
lib/features/home/screens/plant_care_screen.dart:130:60: Error: Expected ';' after this.
                if (context.mounted) Navigator.pop(context);
                                                           ^
lib/features/home/screens/plant_care_screen.dart:131:15: Error: Unexpected token ';'.
              ),
              ^
lib/features/home/screens/plant_care_screen.dart:131:16: Error: Expected an identifier, but got ','.
Try inserting an identifier before ','.
              ),
               ^
lib/features/home/screens/plant_care_screen.dart:131:15: Error: Expected ';' after this.
              ),
              ^
lib/features/home/screens/plant_care_screen.dart:131:16: Error: Unexpected token ';'.
              ),
               ^
lib/features/home/screens/plant_care_screen.dart:132:38: Error: Expected ';' after this.
              child: const Text('Add'),
                                     ^
lib/features/home/screens/plant_care_screen.dart:132:39: Error: Expected an identifier, but got ','.
Try inserting an identifier before ','.
              child: const Text('Add'),
                                      ^
lib/features/home/screens/plant_care_screen.dart:132:39: Error: Unexpected token ';'.
              child: const Text('Add'),
                                      ^
lib/features/home/screens/plant_care_screen.dart:121:27: Error: Required named parameter 'child' must be provided.
            ElevatedButton(
                          ^
/C:/Flutter/flutter3293/packages/flutter/lib/src/material/elevated_button.dart:71:9: Context: Found this candidate, but the arguments don't match.
  const ElevatedButton({
        ^^^^^^^^^^^^^^
lib/features/home/screens/plant_care_screen.dart:152:41: Error: Required named parameter 'label' must be provided.
              child: ElevatedButton.icon(
                                        ^
/C:/Flutter/flutter3293/packages/flutter/lib/src/material/elevated_button.dart:95:11: Context: Found this candidate, but the arguments don't match.
  factory ElevatedButton.icon({
          ^^^^
lib/features/home/screens/plant_care_screen.dart:159:17: Error: No named parameter with the name 'icon'.
                icon: const Icon(Icons.water_drop),
                ^^^^
/C:/Flutter/flutter3293/packages/flutter/lib/src/widgets/basic.dart:2505:9: Context: Found this candidate, but the arguments don't match.
  const SizedBox({super.key, this.width, this.height, super.child});
        ^^^^^^^^
lib/features/home/screens/plant_care_screen.dart:166:36: Error: Required named parameter 'child' must be provided.
              child: OutlinedButton(
                                   ^
/C:/Flutter/flutter3293/packages/flutter/lib/src/material/outlined_button.dart:75:9: Context: Found this candidate, but the arguments don't match.
  const OutlinedButton({
        ^^^^^^^^^^^^^^
lib/features/home/screens/plant_care_screen.dart:171:17: Error: No named parameter with the name 'style'.
                style: OutlinedButton.styleFrom(foregroundColor: Colors.red),
                ^^^^^
/C:/Flutter/flutter3293/packages/flutter/lib/src/widgets/basic.dart:2505:9: Context: Found this candidate, but the arguments don't match.
  const SizedBox({super.key, this.width, this.height, super.child});
        ^^^^^^^^
lib/features/home/screens/plant_care_screen.dart:143:36: Error: Too many positional arguments: 0 allowed, but 2 found.
Try removing the extra positional arguments.
      builder: (context) => Padding(
                                   ^
/C:/Flutter/flutter3293/packages/flutter/lib/src/widgets/basic.dart:2070:9: Context: Found this candidate, but the arguments don't match.
  const Padding({super.key, required this.padding, super.child});
        ^^^^^^^
lib/features/home/screens/plant_care_screen.dart:175:11: Error: Expected an identifier, but got ']'.
Try inserting an identifier before ']'.
          ],
          ^
lib/features/home/screens/plant_care_screen.dart:175:11: Error: Expected ')' before this.
          ],
          ^
lib/features/home/screens/plant_care_screen.dart:141:25: Error: Too many positional arguments: 0 allowed, but 1 found.
Try removing the extra positional arguments.
    showModalBottomSheet(
                        ^
/C:/Flutter/flutter3293/packages/flutter/lib/src/material/bottom_sheet.dart:1235:12: Context: Found this candidate, but the arguments don't match.
Future<T?> showModalBottomSheet<T>({
           ^^^^^^^^^^^^^^^^^^^^
lib/features/home/screens/plant_care_screen.dart:176:9: Error: Expected ';' after this.
        ),
        ^
lib/features/home/screens/plant_care_screen.dart:176:10: Error: Expected an identifier, but got ','.
Try inserting an identifier before ','.
        ),
         ^
lib/features/home/screens/plant_care_screen.dart:176:10: Error: Unexpected token ';'.
        ),
         ^
lib/features/home/screens/plant_care_screen.dart:177:7: Error: Expected an identifier, but got ')'.
Try inserting an identifier before ')'.
      ),
      ^
lib/features/home/screens/plant_care_screen.dart:176:10: Error: Expected ';' after this.
        ),
         ^
lib/features/home/screens/plant_care_screen.dart:177:7: Error: Unexpected token ';'.
      ),
      ^
lib/features/home/screens/plant_care_screen.dart:177:8: Error: Expected an identifier, but got ','.
Try inserting an identifier before ','.
      ),
       ^
lib/features/home/screens/plant_care_screen.dart:177:7: Error: Expected ';' after this.
      ),
      ^
lib/features/home/screens/plant_care_screen.dart:177:8: Error: Unexpected token ';'.
      ),
       ^
lib/features/home/screens/plant_care_screen.dart:178:5: Error: Expected an identifier, but got ')'.
Try inserting an identifier before ')'.
    );
    ^
lib/features/home/screens/plant_care_screen.dart:177:8: Error: Expected ';' after this.
      ),
       ^
lib/features/home/screens/plant_care_screen.dart:178:5: Error: Unexpected token ';'.
    );
    ^
lib/features/home/screens/vehicles_screen.dart:55:41: Error: Can't find '}' to match '{'.
                  onLongPress: () async {
                                        ^
lib/features/home/screens/vehicles_screen.dart:38:43: Error: Can't find '}' to match '{'.
            itemBuilder: (context, index) {
                                          ^
lib/features/home/screens/vehicles_screen.dart:25:26: Error: Can't find '}' to match '{'.
        data: (vehicles) {
                         ^
lib/features/home/screens/vehicles_screen.dart:96:33: Error: Can't find '}' to match '{'.
            onPressed: () async {
                                ^
lib/features/home/screens/vehicles_screen.dart:128:33: Error: Can't find '}' to match '{'.
            onPressed: () async {
                                ^
lib/features/home/screens/vehicles_screen.dart:27:36: Error: Required named parameter 'title' must be provided.
            return EmptyStateWidget(
                                   ^
lib/core/widgets/empty_state_widget.dart:10:9: Context: Found this candidate, but the arguments don't match.
  const EmptyStateWidget({
        ^^^^^^^^^^^^^^^^
lib/features/home/screens/vehicles_screen.dart:58:17: Error: Expected ';' after this.
                ),
                ^
lib/features/home/screens/vehicles_screen.dart:58:18: Error: Expected an identifier, but got ','.
Try inserting an identifier before ','.
                ),
                 ^
lib/features/home/screens/vehicles_screen.dart:58:18: Error: Unexpected token ';'.
                ),
                 ^
lib/features/home/screens/vehicles_screen.dart:62:9: Error: Expected an identifier, but got ')'.
Try inserting an identifier before ')'.
        ),
        ^
lib/features/home/screens/vehicles_screen.dart:61:12: Error: Expected ';' after this.
          );
           ^
lib/features/home/screens/vehicles_screen.dart:62:9: Error: Unexpected token ';'.
        ),
        ^
lib/features/home/screens/vehicles_screen.dart:62:10: Error: Expected an identifier, but got ','.
Try inserting an identifier before ','.
        ),
         ^
lib/features/home/screens/vehicles_screen.dart:62:9: Error: Expected ';' after this.
        ),
        ^
lib/features/home/screens/vehicles_screen.dart:62:10: Error: Unexpected token ';'.
        ),
         ^
lib/features/home/screens/vehicles_screen.dart:63:7: Error: Expected an identifier, but got ')'.
Try inserting an identifier before ')'.
      ),
      ^
lib/features/home/screens/vehicles_screen.dart:62:10: Error: Expected ';' after this.
        ),
         ^
lib/features/home/screens/vehicles_screen.dart:63:7: Error: Unexpected token ';'.
      ),
      ^
lib/features/home/screens/vehicles_screen.dart:63:8: Error: Expected an identifier, but got ','.
Try inserting an identifier before ','.
      ),
       ^
lib/features/home/screens/vehicles_screen.dart:63:7: Error: Expected ';' after this.
      ),
      ^
lib/features/home/screens/vehicles_screen.dart:63:8: Error: Unexpected token ';'.
      ),
       ^
lib/features/home/screens/vehicles_screen.dart:67:7: Error: Expected ';' after this.
      ),
      ^
lib/features/home/screens/vehicles_screen.dart:67:8: Error: Expected an identifier, but got ','.
Try inserting an identifier before ','.
      ),
       ^
lib/features/home/screens/vehicles_screen.dart:67:8: Error: Unexpected token ';'.
      ),
       ^
lib/features/home/screens/vehicles_screen.dart:68:5: Error: Expected an identifier, but got ')'.
Try inserting an identifier before ')'.
    );
    ^
lib/features/home/screens/vehicles_screen.dart:67:8: Error: Expected ';' after this.
      ),
       ^
lib/features/home/screens/vehicles_screen.dart:68:5: Error: Unexpected token ';'.
    );
    ^
lib/features/home/screens/vehicles_screen.dart:105:13: Error: Expected an identifier, but got ')'.
Try inserting an identifier before ')'.
            ),
            ^
lib/features/home/screens/vehicles_screen.dart:104:58: Error: Expected ';' after this.
              if (context.mounted) Navigator.pop(context);
                                                         ^
lib/features/home/screens/vehicles_screen.dart:105:13: Error: Unexpected token ';'.
            ),
            ^
lib/features/home/screens/vehicles_screen.dart:105:14: Error: Expected an identifier, but got ','.
Try inserting an identifier before ','.
            ),
             ^
lib/features/home/screens/vehicles_screen.dart:105:13: Error: Expected ';' after this.
            ),
            ^
lib/features/home/screens/vehicles_screen.dart:105:14: Error: Unexpected token ';'.
            ),
             ^
lib/features/home/screens/vehicles_screen.dart:106:36: Error: Expected ';' after this.
            child: const Text('Add'),
                                   ^
lib/features/home/screens/vehicles_screen.dart:106:37: Error: Expected an identifier, but got ','.
Try inserting an identifier before ','.
            child: const Text('Add'),
                                    ^
lib/features/home/screens/vehicles_screen.dart:106:37: Error: Unexpected token ';'.
            child: const Text('Add'),
                                    ^
lib/features/home/screens/vehicles_screen.dart:95:25: Error: Required named parameter 'child' must be provided.
          ElevatedButton(
                        ^
/C:/Flutter/flutter3293/packages/flutter/lib/src/material/elevated_button.dart:71:9: Context: Found this candidate, but the arguments don't match.
  const ElevatedButton({
        ^^^^^^^^^^^^^^
lib/features/home/screens/vehicles_screen.dart:133:13: Error: Expected an identifier, but got ')'.
Try inserting an identifier before ')'.
            ),
            ^
lib/features/home/screens/vehicles_screen.dart:132:58: Error: Expected ';' after this.
              if (context.mounted) Navigator.pop(context);
                                                         ^
lib/features/home/screens/vehicles_screen.dart:133:13: Error: Unexpected token ';'.
            ),
            ^
lib/features/home/screens/vehicles_screen.dart:133:14: Error: Expected an identifier, but got ','.
Try inserting an identifier before ','.
            ),
             ^
lib/features/home/screens/vehicles_screen.dart:133:13: Error: Expected ';' after this.
            ),
            ^
lib/features/home/screens/vehicles_screen.dart:133:14: Error: Unexpected token ';'.
            ),
             ^
lib/features/home/screens/vehicles_screen.dart:134:39: Error: Expected ';' after this.
            child: const Text('Update'),
                                      ^
lib/features/home/screens/vehicles_screen.dart:134:40: Error: Expected an identifier, but got ','.
Try inserting an identifier before ','.
            child: const Text('Update'),
                                       ^
lib/features/home/screens/vehicles_screen.dart:134:40: Error: Unexpected token ';'.
            child: const Text('Update'),
                                       ^
lib/features/home/screens/vehicles_screen.dart:127:25: Error: Required named parameter 'child' must be provided.
          ElevatedButton(
                        ^
/C:/Flutter/flutter3293/packages/flutter/lib/src/material/elevated_button.dart:71:9: Context: Found this candidate, but the arguments don't match.
  const ElevatedButton({
        ^^^^^^^^^^^^^^
lib/features/work/screens/career_notes_screen.dart:59:41: Error: Can't find '}' to match '{'.
                  onLongPress: () async {
                                        ^
lib/features/work/screens/career_notes_screen.dart:40:43: Error: Can't find '}' to match '{'.
            itemBuilder: (context, index) {
                                          ^
lib/features/work/screens/career_notes_screen.dart:27:23: Error: Can't find '}' to match '{'.
        data: (notes) {
                      ^
lib/features/work/screens/career_notes_screen.dart:98:33: Error: Can't find '}' to match '{'.
            onPressed: () async {
                                ^
lib/features/work/screens/career_notes_screen.dart:137:33: Error: Can't find '}' to match '{'.
            onPressed: () async {
                                ^
lib/features/work/screens/career_notes_screen.dart:135:18: Error: Can't find ']' to match '['.
        actions: [
                 ^
lib/features/work/screens/career_notes_screen.dart:145:33: Error: Can't find '}' to match '{'.
            onPressed: () async {
                                ^
lib/features/work/screens/career_notes_screen.dart:29:36: Error: Required named parameter 'title' must be provided.
            return EmptyStateWidget(
                                   ^
lib/core/widgets/empty_state_widget.dart:10:9: Context: Found this candidate, but the arguments don't match.
  const EmptyStateWidget({
        ^^^^^^^^^^^^^^^^
lib/features/work/screens/career_notes_screen.dart:62:17: Error: Expected ';' after this.
                ),
                ^
lib/features/work/screens/career_notes_screen.dart:62:18: Error: Expected an identifier, but got ','.
Try inserting an identifier before ','.
                ),
                 ^
lib/features/work/screens/career_notes_screen.dart:62:18: Error: Unexpected token ';'.
                ),
                 ^
lib/features/work/screens/career_notes_screen.dart:66:9: Error: Expected an identifier, but got ')'.
Try inserting an identifier before ')'.
        ),
        ^
lib/features/work/screens/career_notes_screen.dart:65:12: Error: Expected ';' after this.
          );
           ^
lib/features/work/screens/career_notes_screen.dart:66:9: Error: Unexpected token ';'.
        ),
        ^
lib/features/work/screens/career_notes_screen.dart:66:10: Error: Expected an identifier, but got ','.
Try inserting an identifier before ','.
        ),
         ^
lib/features/work/screens/career_notes_screen.dart:66:9: Error: Expected ';' after this.
        ),
        ^
lib/features/work/screens/career_notes_screen.dart:66:10: Error: Unexpected token ';'.
        ),
         ^
lib/features/work/screens/career_notes_screen.dart:67:7: Error: Expected an identifier, but got ')'.
Try inserting an identifier before ')'.
      ),
      ^
lib/features/work/screens/career_notes_screen.dart:66:10: Error: Expected ';' after this.
        ),
         ^
lib/features/work/screens/career_notes_screen.dart:67:7: Error: Unexpected token ';'.
      ),
      ^
lib/features/work/screens/career_notes_screen.dart:67:8: Error: Expected an identifier, but got ','.
Try inserting an identifier before ','.
      ),
       ^
lib/features/work/screens/career_notes_screen.dart:67:7: Error: Expected ';' after this.
      ),
      ^
lib/features/work/screens/career_notes_screen.dart:67:8: Error: Unexpected token ';'.
      ),
       ^
lib/features/work/screens/career_notes_screen.dart:71:7: Error: Expected ';' after this.
      ),
      ^
lib/features/work/screens/career_notes_screen.dart:71:8: Error: Expected an identifier, but got ','.
Try inserting an identifier before ','.
      ),
       ^
lib/features/work/screens/career_notes_screen.dart:71:8: Error: Unexpected token ';'.
      ),
       ^
lib/features/work/screens/career_notes_screen.dart:72:5: Error: Expected an identifier, but got ')'.
Try inserting an identifier before ')'.
    );
    ^
lib/features/work/screens/career_notes_screen.dart:71:8: Error: Expected ';' after this.
      ),
       ^
lib/features/work/screens/career_notes_screen.dart:72:5: Error: Unexpected token ';'.
    );
    ^
lib/features/work/screens/career_notes_screen.dart:107:13: Error: Expected an identifier, but got ')'.
Try inserting an identifier before ')'.
            ),
            ^
lib/features/work/screens/career_notes_screen.dart:106:58: Error: Expected ';' after this.
              if (context.mounted) Navigator.pop(context);
                                                         ^
lib/features/work/screens/career_notes_screen.dart:107:13: Error: Unexpected token ';'.
            ),
            ^
lib/features/work/screens/career_notes_screen.dart:107:14: Error: Expected an identifier, but got ','.
Try inserting an identifier before ','.
            ),
             ^
lib/features/work/screens/career_notes_screen.dart:107:13: Error: Expected ';' after this.
            ),
            ^
lib/features/work/screens/career_notes_screen.dart:107:14: Error: Unexpected token ';'.
            ),
             ^
lib/features/work/screens/career_notes_screen.dart:108:36: Error: Expected ';' after this.
            child: const Text('Add'),
                                   ^
lib/features/work/screens/career_notes_screen.dart:108:37: Error: Expected an identifier, but got ','.
Try inserting an identifier before ','.
            child: const Text('Add'),
                                    ^
lib/features/work/screens/career_notes_screen.dart:108:37: Error: Unexpected token ';'.
            child: const Text('Add'),
                                    ^
lib/features/work/screens/career_notes_screen.dart:97:25: Error: Required named parameter 'child' must be provided.
          ElevatedButton(
                        ^
/C:/Flutter/flutter3293/packages/flutter/lib/src/material/elevated_button.dart:71:9: Context: Found this candidate, but the arguments don't match.
  const ElevatedButton({
        ^^^^^^^^^^^^^^
lib/features/work/screens/career_notes_screen.dart:136:21: Error: Required named parameter 'child' must be provided.
          TextButton(
                    ^
/C:/Flutter/flutter3293/packages/flutter/lib/src/material/text_button.dart:83:9: Context: Found this candidate, but the arguments don't match.
  const TextButton({
        ^^^^^^^^^^
lib/features/work/screens/career_notes_screen.dart:141:18: Error: Expected ')' before this.
            child: const Text('Delete', style: TextStyle(color: Colors.red)),
                 ^
lib/features/work/screens/career_notes_screen.dart:144:25: Error: Required named parameter 'child' must be provided.
          ElevatedButton(
                        ^
/C:/Flutter/flutter3293/packages/flutter/lib/src/material/elevated_button.dart:71:9: Context: Found this candidate, but the arguments don't match.
  const ElevatedButton({
        ^^^^^^^^^^^^^^
lib/features/work/screens/career_notes_screen.dart:119:15: Error: Too many positional arguments: 0 allowed, but 2 found.
Try removing the extra positional arguments.
    showDialog(
              ^
/C:/Flutter/flutter3293/packages/flutter/lib/src/material/dialog.dart:1440:12: Context: Found this candidate, but the arguments don't match.
Future<T?> showDialog<T>({
           ^^^^^^^^^^
lib/features/work/screens/career_notes_screen.dart:153:11: Error: Expected ';' after this.
          ),
          ^
lib/features/work/screens/career_notes_screen.dart:153:12: Error: Expected an identifier, but got ','.
Try inserting an identifier before ','.
          ),
           ^
lib/features/work/screens/career_notes_screen.dart:153:12: Error: Unexpected token ';'.
          ),
           ^
lib/features/work/screens/career_notes_screen.dart:154:9: Error: Expected an identifier, but got ']'.
Try inserting an identifier before ']'.
        ],
        ^
lib/features/work/screens/career_notes_screen.dart:153:12: Error: Expected ';' after this.
          ),
           ^
lib/features/work/screens/career_notes_screen.dart:154:9: Error: Unexpected token ';'.
        ],
        ^
lib/features/work/screens/career_notes_screen.dart:154:10: Error: Expected an identifier, but got ','.
Try inserting an identifier before ','.
        ],
         ^
lib/features/work/screens/career_notes_screen.dart:154:9: Error: Expected ';' after this.
        ],
        ^
lib/features/work/screens/career_notes_screen.dart:154:10: Error: Unexpected token ';'.
        ],
         ^
lib/features/work/screens/career_notes_screen.dart:155:7: Error: Expected an identifier, but got ')'.
Try inserting an identifier before ')'.
      ),
      ^
lib/features/work/screens/career_notes_screen.dart:154:10: Error: Expected ';' after this.
        ],
         ^
lib/features/work/screens/career_notes_screen.dart:155:7: Error: Unexpected token ';'.
      ),
      ^
lib/features/work/screens/career_notes_screen.dart:155:8: Error: Expected an identifier, but got ','.
Try inserting an identifier before ','.
      ),
       ^
lib/features/work/screens/career_notes_screen.dart:155:7: Error: Expected ';' after this.
      ),
      ^
lib/features/work/screens/career_notes_screen.dart:155:8: Error: Unexpected token ';'.
      ),
       ^
lib/features/work/screens/career_notes_screen.dart:156:5: Error: Expected an identifier, but got ')'.
Try inserting an identifier before ')'.
    );
    ^
lib/features/work/screens/career_notes_screen.dart:155:8: Error: Expected ';' after this.
      ),
       ^
lib/features/work/screens/career_notes_screen.dart:156:5: Error: Unexpected token ';'.
    );
    ^
lib/features/work/screens/tax_documents_screen.dart:26:22: Error: Can't find '}' to match '{'.
        data: (docs) {
                     ^
lib/features/work/screens/tax_documents_screen.dart:78:31: Error: Can't find '}' to match '{'.
        onLongPress: () async {
                              ^
lib/features/work/screens/tax_documents_screen.dart:124:35: Error: Can't find '}' to match '{'.
              onPressed: () async {
                                  ^
lib/features/work/screens/tax_documents_screen.dart:28:36: Error: Required named parameter 'title' must be provided.
            return EmptyStateWidget(
                                   ^
lib/core/widgets/empty_state_widget.dart:10:9: Context: Found this candidate, but the arguments don't match.
  const EmptyStateWidget({
        ^^^^^^^^^^^^^^^^
lib/features/work/screens/tax_documents_screen.dart:60:7: Error: Expected ';' after this.
      ),
      ^
lib/features/work/screens/tax_documents_screen.dart:60:8: Error: Expected an identifier, but got ','.
Try inserting an identifier before ','.
      ),
       ^
lib/features/work/screens/tax_documents_screen.dart:60:8: Error: Unexpected token ';'.
      ),
       ^
lib/features/work/screens/tax_documents_screen.dart:64:7: Error: Expected ';' after this.
      ),
      ^
lib/features/work/screens/tax_documents_screen.dart:64:8: Error: Expected an identifier, but got ','.
Try inserting an identifier before ','.
      ),
       ^
lib/features/work/screens/tax_documents_screen.dart:64:8: Error: Unexpected token ';'.
      ),
       ^
lib/features/work/screens/tax_documents_screen.dart:65:5: Error: Expected an identifier, but got ')'.
Try inserting an identifier before ')'.
    );
    ^
lib/features/work/screens/tax_documents_screen.dart:64:8: Error: Expected ';' after this.
      ),
       ^
lib/features/work/screens/tax_documents_screen.dart:65:5: Error: Unexpected token ';'.
    );
    ^
lib/features/work/screens/tax_documents_screen.dart:81:7: Error: Expected ';' after this.
      ),
      ^
lib/features/work/screens/tax_documents_screen.dart:81:8: Error: Expected an identifier, but got ','.
Try inserting an identifier before ','.
      ),
       ^
lib/features/work/screens/tax_documents_screen.dart:81:8: Error: Unexpected token ';'.
      ),
       ^
lib/features/work/screens/tax_documents_screen.dart:82:5: Error: Expected an identifier, but got ')'.
Try inserting an identifier before ')'.
    );
    ^
lib/features/work/screens/tax_documents_screen.dart:81:8: Error: Expected ';' after this.
      ),
       ^
lib/features/work/screens/tax_documents_screen.dart:82:5: Error: Unexpected token ';'.
    );
    ^
lib/features/work/screens/tax_documents_screen.dart:132:15: Error: Expected an identifier, but got ')'.
Try inserting an identifier before ')'.
              ),
              ^
lib/features/work/screens/tax_documents_screen.dart:131:60: Error: Expected ';' after this.
                if (context.mounted) Navigator.pop(context);
                                                           ^
lib/features/work/screens/tax_documents_screen.dart:132:15: Error: Unexpected token ';'.
              ),
              ^
lib/features/work/screens/tax_documents_screen.dart:132:16: Error: Expected an identifier, but got ','.
Try inserting an identifier before ','.
              ),
               ^
lib/features/work/screens/tax_documents_screen.dart:132:15: Error: Expected ';' after this.
              ),
              ^
lib/features/work/screens/tax_documents_screen.dart:132:16: Error: Unexpected token ';'.
              ),
               ^
lib/features/work/screens/tax_documents_screen.dart:133:38: Error: Expected ';' after this.
              child: const Text('Add'),
                                     ^
lib/features/work/screens/tax_documents_screen.dart:133:39: Error: Expected an identifier, but got ','.
Try inserting an identifier before ','.
              child: const Text('Add'),
                                      ^
lib/features/work/screens/tax_documents_screen.dart:133:39: Error: Unexpected token ';'.
              child: const Text('Add'),
                                      ^
lib/features/work/screens/tax_documents_screen.dart:123:27: Error: Required named parameter 'child' must be provided.
            ElevatedButton(
                          ^
/C:/Flutter/flutter3293/packages/flutter/lib/src/material/elevated_button.dart:71:9: Context: Found this candidate, but the arguments don't match.
  const ElevatedButton({
        ^^^^^^^^^^^^^^
lib/features/work/screens/contracts_screen.dart:25:27: Error: Can't find '}' to match '{'.
        data: (contracts) {
                          ^
lib/features/work/screens/contracts_screen.dart:85:31: Error: Can't find '}' to match '{'.
        onLongPress: () async {
                              ^
lib/features/work/screens/contracts_screen.dart:115:35: Error: Can't find '}' to match '{'.
                  onTap: () async {
                                  ^
lib/features/work/screens/contracts_screen.dart:106:25: Error: Can't find ']' to match '['.
              children: [
                        ^
lib/features/work/screens/contracts_screen.dart:129:35: Error: Can't find '}' to match '{'.
                  onTap: () async {
                                  ^
lib/features/work/screens/contracts_screen.dart:145:35: Error: Can't find '}' to match '{'.
              onPressed: () async {
                                  ^
lib/features/work/screens/contracts_screen.dart:27:36: Error: Required named parameter 'title' must be provided.
            return EmptyStateWidget(
                                   ^
lib/core/widgets/empty_state_widget.dart:10:9: Context: Found this candidate, but the arguments don't match.
  const EmptyStateWidget({
        ^^^^^^^^^^^^^^^^
lib/features/work/screens/contracts_screen.dart:55:7: Error: Expected ';' after this.
      ),
      ^
lib/features/work/screens/contracts_screen.dart:55:8: Error: Expected an identifier, but got ','.
Try inserting an identifier before ','.
      ),
       ^
lib/features/work/screens/contracts_screen.dart:55:8: Error: Unexpected token ';'.
      ),
       ^
lib/features/work/screens/contracts_screen.dart:59:7: Error: Expected ';' after this.
      ),
      ^
lib/features/work/screens/contracts_screen.dart:59:8: Error: Expected an identifier, but got ','.
Try inserting an identifier before ','.
      ),
       ^
lib/features/work/screens/contracts_screen.dart:59:8: Error: Unexpected token ';'.
      ),
       ^
lib/features/work/screens/contracts_screen.dart:60:5: Error: Expected an identifier, but got ')'.
Try inserting an identifier before ')'.
    );
    ^
lib/features/work/screens/contracts_screen.dart:59:8: Error: Expected ';' after this.
      ),
       ^
lib/features/work/screens/contracts_screen.dart:60:5: Error: Unexpected token ';'.
    );
    ^
lib/features/work/screens/contracts_screen.dart:88:7: Error: Expected ';' after this.
      ),
      ^
lib/features/work/screens/contracts_screen.dart:88:8: Error: Expected an identifier, but got ','.
Try inserting an identifier before ','.
      ),
       ^
lib/features/work/screens/contracts_screen.dart:88:8: Error: Unexpected token ';'.
      ),
       ^
lib/features/work/screens/contracts_screen.dart:89:5: Error: Expected an identifier, but got ')'.
Try inserting an identifier before ')'.
    );
    ^
lib/features/work/screens/contracts_screen.dart:88:8: Error: Expected ';' after this.
      ),
       ^
lib/features/work/screens/contracts_screen.dart:89:5: Error: Unexpected token ';'.
    );
    ^
lib/features/work/screens/contracts_screen.dart:103:41: Error: Too many positional arguments: 0 allowed, but 1 found.
Try removing the extra positional arguments.
          content: SingleChildScrollView(
                                        ^
/C:/Flutter/flutter3293/packages/flutter/lib/src/widgets/single_child_scroll_view.dart:148:9: Context: Found this candidate, but the arguments don't match.
  const SingleChildScrollView({
        ^^^^^^^^^^^^^^^^^^^^^
lib/features/work/screens/contracts_screen.dart:139:15: Error: Expected an identifier, but got ']'.
Try inserting an identifier before ']'.
              ],
              ^
lib/features/work/screens/contracts_screen.dart:139:15: Error: Expected ')' before this.
              ],
              ^
lib/features/work/screens/contracts_screen.dart:101:52: Error: Too many positional arguments: 0 allowed, but 1 found.
Try removing the extra positional arguments.
        builder: (context, setState) => AlertDialog(
                                                   ^
/C:/Flutter/flutter3293/packages/flutter/lib/src/material/dialog.dart:389:9: Context: Found this candidate, but the arguments don't match.
  const AlertDialog({
        ^^^^^^^^^^^
lib/features/work/screens/contracts_screen.dart:155:15: Error: Expected an identifier, but got ')'.
Try inserting an identifier before ')'.
              ),
              ^
lib/features/work/screens/contracts_screen.dart:154:60: Error: Expected ';' after this.
                if (context.mounted) Navigator.pop(context);
                                                           ^
lib/features/work/screens/contracts_screen.dart:155:15: Error: Unexpected token ';'.
              ),
              ^
lib/features/work/screens/contracts_screen.dart:155:16: Error: Expected an identifier, but got ','.
Try inserting an identifier before ','.
              ),
               ^
lib/features/work/screens/contracts_screen.dart:155:15: Error: Expected ';' after this.
              ),
              ^
lib/features/work/screens/contracts_screen.dart:155:16: Error: Unexpected token ';'.
              ),
               ^
lib/features/work/screens/contracts_screen.dart:156:38: Error: Expected ';' after this.
              child: const Text('Add'),
                                     ^
lib/features/work/screens/contracts_screen.dart:156:39: Error: Expected an identifier, but got ','.
Try inserting an identifier before ','.
              child: const Text('Add'),
                                      ^
lib/features/work/screens/contracts_screen.dart:156:39: Error: Unexpected token ';'.
              child: const Text('Add'),
                                      ^
lib/features/work/screens/contracts_screen.dart:144:27: Error: Required named parameter 'child' must be provided.
            ElevatedButton(
                          ^
/C:/Flutter/flutter3293/packages/flutter/lib/src/material/elevated_button.dart:71:9: Context: Found this candidate, but the arguments don't match.
  const ElevatedButton({
        ^^^^^^^^^^^^^^
lib/features/work/screens/contracts_screen.dart:142:11: Error: No named parameter with the name 'actions'.
          actions: [
          ^^^^^^^
/C:/Flutter/flutter3293/packages/flutter/lib/src/material/dialog.dart:1440:12: Context: Found this candidate, but the arguments don't match.
Future<T?> showDialog<T>({
           ^^^^^^^^^^
lib/features/work/screens/contracts_screen.dart:159:9: Error: Expected ';' after this.
        ),
        ^
lib/features/work/screens/contracts_screen.dart:159:10: Error: Expected an identifier, but got ','.
Try inserting an identifier before ','.
        ),
         ^
lib/features/work/screens/contracts_screen.dart:159:10: Error: Unexpected token ';'.
        ),
         ^
lib/features/work/screens/contracts_screen.dart:160:7: Error: Expected an identifier, but got ')'.
Try inserting an identifier before ')'.
      ),
      ^
lib/features/work/screens/contracts_screen.dart:159:10: Error: Expected ';' after this.
        ),
         ^
lib/features/work/screens/contracts_screen.dart:160:7: Error: Unexpected token ';'.
      ),
      ^
lib/features/work/screens/contracts_screen.dart:160:8: Error: Expected an identifier, but got ','.
Try inserting an identifier before ','.
      ),
       ^
lib/features/work/screens/contracts_screen.dart:160:7: Error: Expected ';' after this.
      ),
      ^
lib/features/work/screens/contracts_screen.dart:160:8: Error: Unexpected token ';'.
      ),
       ^
lib/features/work/screens/contracts_screen.dart:161:5: Error: Expected an identifier, but got ')'.
Try inserting an identifier before ')'.
    );
    ^
lib/features/work/screens/contracts_screen.dart:160:8: Error: Expected ';' after this.
      ),
       ^
lib/features/work/screens/contracts_screen.dart:161:5: Error: Unexpected token ';'.
    );
    ^
lib/features/work/screens/job_applications_screen.dart:25:22: Error: Can't find '}' to match '{'.
        data: (jobs) {
                     ^
lib/features/work/screens/job_applications_screen.dart:113:37: Error: Can't find '}' to match '{'.
          onSelected: (value) async {
                                    ^
lib/features/work/screens/job_applications_screen.dart:146:33: Error: Can't find '}' to match '{'.
                onTap: () async {
                                ^
lib/features/work/screens/job_applications_screen.dart:137:23: Error: Can't find ']' to match '['.
            children: [
                      ^
lib/features/work/screens/job_applications_screen.dart:161:35: Error: Can't find '}' to match '{'.
              onPressed: () async {
                                  ^
lib/features/work/screens/job_applications_screen.dart:27:36: Error: Required named parameter 'title' must be provided.
            return EmptyStateWidget(
                                   ^
lib/core/widgets/empty_state_widget.dart:10:9: Context: Found this candidate, but the arguments don't match.
  const EmptyStateWidget({
        ^^^^^^^^^^^^^^^^
lib/features/work/screens/job_applications_screen.dart:55:7: Error: Expected ';' after this.
      ),
      ^
lib/features/work/screens/job_applications_screen.dart:55:8: Error: Expected an identifier, but got ','.
Try inserting an identifier before ','.
      ),
       ^
lib/features/work/screens/job_applications_screen.dart:55:8: Error: Unexpected token ';'.
      ),
       ^
lib/features/work/screens/job_applications_screen.dart:59:7: Error: Expected ';' after this.
      ),
      ^
lib/features/work/screens/job_applications_screen.dart:59:8: Error: Expected an identifier, but got ','.
Try inserting an identifier before ','.
      ),
       ^
lib/features/work/screens/job_applications_screen.dart:59:8: Error: Unexpected token ';'.
      ),
       ^
lib/features/work/screens/job_applications_screen.dart:60:5: Error: Expected an identifier, but got ')'.
Try inserting an identifier before ')'.
    );
    ^
lib/features/work/screens/job_applications_screen.dart:59:8: Error: Expected ';' after this.
      ),
       ^
lib/features/work/screens/job_applications_screen.dart:60:5: Error: Unexpected token ';'.
    );
    ^
lib/features/work/screens/job_applications_screen.dart:121:7: Error: Expected ';' after this.
      ),
      ^
lib/features/work/screens/job_applications_screen.dart:121:8: Error: Expected an identifier, but got ','.
Try inserting an identifier before ','.
      ),
       ^
lib/features/work/screens/job_applications_screen.dart:121:8: Error: Unexpected token ';'.
      ),
       ^
lib/features/work/screens/job_applications_screen.dart:122:5: Error: Expected an identifier, but got ')'.
Try inserting an identifier before ')'.
    );
    ^
lib/features/work/screens/job_applications_screen.dart:121:8: Error: Expected ';' after this.
      ),
       ^
lib/features/work/screens/job_applications_screen.dart:122:5: Error: Unexpected token ';'.
    );
    ^
lib/features/work/screens/job_applications_screen.dart:156:13: Error: Expected an identifier, but got ']'.
Try inserting an identifier before ']'.
            ],
            ^
lib/features/work/screens/job_applications_screen.dart:156:13: Error: Expected ')' before this.
            ],
            ^
lib/features/work/screens/job_applications_screen.dart:133:52: Error: Too many positional arguments: 0 allowed, but 1 found.
Try removing the extra positional arguments.
        builder: (context, setState) => AlertDialog(
                                                   ^
/C:/Flutter/flutter3293/packages/flutter/lib/src/material/dialog.dart:389:9: Context: Found this candidate, but the arguments don't match.
  const AlertDialog({
        ^^^^^^^^^^^
lib/features/work/screens/job_applications_screen.dart:170:15: Error: Expected an identifier, but got ')'.
Try inserting an identifier before ')'.
              ),
              ^
lib/features/work/screens/job_applications_screen.dart:169:60: Error: Expected ';' after this.
                if (context.mounted) Navigator.pop(context);
                                                           ^
lib/features/work/screens/job_applications_screen.dart:170:15: Error: Unexpected token ';'.
              ),
              ^
lib/features/work/screens/job_applications_screen.dart:170:16: Error: Expected an identifier, but got ','.
Try inserting an identifier before ','.
              ),
               ^
lib/features/work/screens/job_applications_screen.dart:170:15: Error: Expected ';' after this.
              ),
              ^
lib/features/work/screens/job_applications_screen.dart:170:16: Error: Unexpected token ';'.
              ),
               ^
lib/features/work/screens/job_applications_screen.dart:171:38: Error: Expected ';' after this.
              child: const Text('Add'),
                                     ^
lib/features/work/screens/job_applications_screen.dart:171:39: Error: Expected an identifier, but got ','.
Try inserting an identifier before ','.
              child: const Text('Add'),
                                      ^
lib/features/work/screens/job_applications_screen.dart:171:39: Error: Unexpected token ';'.
              child: const Text('Add'),
                                      ^
lib/features/work/screens/job_applications_screen.dart:160:27: Error: Required named parameter 'child' must be provided.
            ElevatedButton(
                          ^
/C:/Flutter/flutter3293/packages/flutter/lib/src/material/elevated_button.dart:71:9: Context: Found this candidate, but the arguments don't match.
  const ElevatedButton({
        ^^^^^^^^^^^^^^
lib/features/work/screens/job_applications_screen.dart:158:11: Error: No named parameter with the name 'actions'.
          actions: [
          ^^^^^^^
/C:/Flutter/flutter3293/packages/flutter/lib/src/widgets/basic.dart:7874:9: Context: Found this candidate, but the arguments don't match.
  const StatefulBuilder({super.key, required this.builder});
        ^^^^^^^^^^^^^^^
lib/features/work/screens/job_applications_screen.dart:175:7: Error: Expected ';' after this.
      ),
      ^
lib/features/work/screens/job_applications_screen.dart:175:8: Error: Expected an identifier, but got ','.
Try inserting an identifier before ','.
      ),
       ^
lib/features/work/screens/job_applications_screen.dart:175:8: Error: Unexpected token ';'.
      ),
       ^
lib/features/work/screens/job_applications_screen.dart:176:5: Error: Expected an identifier, but got ')'.
Try inserting an identifier before ')'.
    );
    ^
lib/features/work/screens/job_applications_screen.dart:175:8: Error: Expected ';' after this.
      ),
       ^
lib/features/work/screens/job_applications_screen.dart:176:5: Error: Unexpected token ';'.
    );
    ^
lib/features/social/screens/social_events_screen.dart:25:24: Error: Can't find '}' to match '{'.
        data: (events) {
                       ^
lib/features/social/screens/social_events_screen.dart:89:31: Error: Can't find '}' to match '{'.
        onLongPress: () async {
                              ^
lib/features/social/screens/social_events_screen.dart:117:33: Error: Can't find '}' to match '{'.
                onTap: () async {
                                ^
lib/features/social/screens/social_events_screen.dart:108:23: Error: Can't find ']' to match '['.
            children: [
                      ^
lib/features/social/screens/social_events_screen.dart:137:35: Error: Can't find '}' to match '{'.
              onPressed: () async {
                                  ^
lib/features/social/screens/social_events_screen.dart:27:36: Error: Required named parameter 'title' must be provided.
            return EmptyStateWidget(
                                   ^
lib/core/widgets/empty_state_widget.dart:10:9: Context: Found this candidate, but the arguments don't match.
  const EmptyStateWidget({
        ^^^^^^^^^^^^^^^^
lib/features/social/screens/social_events_screen.dart:61:7: Error: Expected ';' after this.
      ),
      ^
lib/features/social/screens/social_events_screen.dart:61:8: Error: Expected an identifier, but got ','.
Try inserting an identifier before ','.
      ),
       ^
lib/features/social/screens/social_events_screen.dart:61:8: Error: Unexpected token ';'.
      ),
       ^
lib/features/social/screens/social_events_screen.dart:65:7: Error: Expected ';' after this.
      ),
      ^
lib/features/social/screens/social_events_screen.dart:65:8: Error: Expected an identifier, but got ','.
Try inserting an identifier before ','.
      ),
       ^
lib/features/social/screens/social_events_screen.dart:65:8: Error: Unexpected token ';'.
      ),
       ^
lib/features/social/screens/social_events_screen.dart:66:5: Error: Expected an identifier, but got ')'.
Try inserting an identifier before ')'.
    );
    ^
lib/features/social/screens/social_events_screen.dart:65:8: Error: Expected ';' after this.
      ),
       ^
lib/features/social/screens/social_events_screen.dart:66:5: Error: Unexpected token ';'.
    );
    ^
lib/features/social/screens/social_events_screen.dart:92:7: Error: Expected ';' after this.
      ),
      ^
lib/features/social/screens/social_events_screen.dart:92:8: Error: Expected an identifier, but got ','.
Try inserting an identifier before ','.
      ),
       ^
lib/features/social/screens/social_events_screen.dart:92:8: Error: Unexpected token ';'.
      ),
       ^
lib/features/social/screens/social_events_screen.dart:93:5: Error: Expected an identifier, but got ')'.
Try inserting an identifier before ')'.
    );
    ^
lib/features/social/screens/social_events_screen.dart:92:8: Error: Expected ';' after this.
      ),
       ^
lib/features/social/screens/social_events_screen.dart:93:5: Error: Unexpected token ';'.
    );
    ^
lib/features/social/screens/social_events_screen.dart:132:13: Error: Expected an identifier, but got ']'.
Try inserting an identifier before ']'.
            ],
            ^
lib/features/social/screens/social_events_screen.dart:132:13: Error: Expected ')' before this.
            ],
            ^
lib/features/social/screens/social_events_screen.dart:104:52: Error: Too many positional arguments: 0 allowed, but 1 found.
Try removing the extra positional arguments.
        builder: (context, setState) => AlertDialog(
                                                   ^
/C:/Flutter/flutter3293/packages/flutter/lib/src/material/dialog.dart:389:9: Context: Found this candidate, but the arguments don't match.
  const AlertDialog({
        ^^^^^^^^^^^
lib/features/social/screens/social_events_screen.dart:145:15: Error: Expected an identifier, but got ')'.
Try inserting an identifier before ')'.
              ),
              ^
lib/features/social/screens/social_events_screen.dart:144:60: Error: Expected ';' after this.
                if (context.mounted) Navigator.pop(context);
                                                           ^
lib/features/social/screens/social_events_screen.dart:145:15: Error: Unexpected token ';'.
              ),
              ^
lib/features/social/screens/social_events_screen.dart:145:16: Error: Expected an identifier, but got ','.
Try inserting an identifier before ','.
              ),
               ^
lib/features/social/screens/social_events_screen.dart:145:15: Error: Expected ';' after this.
              ),
              ^
lib/features/social/screens/social_events_screen.dart:145:16: Error: Unexpected token ';'.
              ),
               ^
lib/features/social/screens/social_events_screen.dart:146:38: Error: Expected ';' after this.
              child: const Text('Add'),
                                     ^
lib/features/social/screens/social_events_screen.dart:146:39: Error: Expected an identifier, but got ','.
Try inserting an identifier before ','.
              child: const Text('Add'),
                                      ^
lib/features/social/screens/social_events_screen.dart:146:39: Error: Unexpected token ';'.
              child: const Text('Add'),
                                      ^
lib/features/social/screens/social_events_screen.dart:136:27: Error: Required named parameter 'child' must be provided.
            ElevatedButton(
                          ^
/C:/Flutter/flutter3293/packages/flutter/lib/src/material/elevated_button.dart:71:9: Context: Found this candidate, but the arguments don't match.
  const ElevatedButton({
        ^^^^^^^^^^^^^^
lib/features/social/screens/social_events_screen.dart:134:11: Error: No named parameter with the name 'actions'.
          actions: [
          ^^^^^^^
/C:/Flutter/flutter3293/packages/flutter/lib/src/widgets/basic.dart:7874:9: Context: Found this candidate, but the arguments don't match.
  const StatefulBuilder({super.key, required this.builder});
        ^^^^^^^^^^^^^^^
lib/features/social/screens/social_events_screen.dart:150:7: Error: Expected ';' after this.
      ),
      ^
lib/features/social/screens/social_events_screen.dart:150:8: Error: Expected an identifier, but got ','.
Try inserting an identifier before ','.
      ),
       ^
lib/features/social/screens/social_events_screen.dart:150:8: Error: Unexpected token ';'.
      ),
       ^
lib/features/social/screens/social_events_screen.dart:151:5: Error: Expected an identifier, but got ')'.
Try inserting an identifier before ')'.
    );
    ^
lib/features/social/screens/social_events_screen.dart:150:8: Error: Expected ';' after this.
      ),
       ^
lib/features/social/screens/social_events_screen.dart:151:5: Error: Unexpected token ';'.
    );
    ^
lib/features/social/screens/important_links_screen.dart:61:43: Error: Can't find '}' to match '{'.
                    onLongPress: () async {
                                          ^
lib/features/social/screens/important_links_screen.dart:25:23: Error: Can't find '}' to match '{'.
        data: (links) {
                      ^
lib/features/social/screens/important_links_screen.dart:121:35: Error: Can't find '}' to match '{'.
              onPressed: () async {
                                  ^
lib/features/social/screens/important_links_screen.dart:27:36: Error: Required named parameter 'title' must be provided.
            return EmptyStateWidget(
                                   ^
lib/core/widgets/empty_state_widget.dart:10:9: Context: Found this candidate, but the arguments don't match.
  const EmptyStateWidget({
        ^^^^^^^^^^^^^^^^
lib/features/social/screens/important_links_screen.dart:63:21: Error: Expected an identifier, but got ')'.
Try inserting an identifier before ')'.
                    ),
                    ^
lib/features/social/screens/important_links_screen.dart:62:102: Error: Expected ';' after this.
                      await DatabaseService().delete('important_links', link['id']?.toString() ?? '');
                                                                                          ^
lib/features/social/screens/important_links_screen.dart:63:21: Error: Unexpected token ';'.
                    ),
                    ^
lib/features/social/screens/important_links_screen.dart:63:22: Error: Expected an identifier, but got ','.
Try inserting an identifier before ','.
                    ),
                     ^
lib/features/social/screens/important_links_screen.dart:63:21: Error: Expected ';' after this.
                    ),
                    ^
lib/features/social/screens/important_links_screen.dart:63:22: Error: Unexpected token ';'.
                    ),
                     ^
lib/features/social/screens/important_links_screen.dart:71:7: Error: Expected ';' after this.
      ),
      ^
lib/features/social/screens/important_links_screen.dart:71:8: Error: Expected an identifier, but got ','.
Try inserting an identifier before ','.
      ),
       ^
lib/features/social/screens/important_links_screen.dart:71:8: Error: Unexpected token ';'.
      ),
       ^
lib/features/social/screens/important_links_screen.dart:75:7: Error: Expected ';' after this.
      ),
      ^
lib/features/social/screens/important_links_screen.dart:75:8: Error: Expected an identifier, but got ','.
Try inserting an identifier before ','.
      ),
       ^
lib/features/social/screens/important_links_screen.dart:75:8: Error: Unexpected token ';'.
      ),
       ^
lib/features/social/screens/important_links_screen.dart:76:5: Error: Expected an identifier, but got ')'.
Try inserting an identifier before ')'.
    );
    ^
lib/features/social/screens/important_links_screen.dart:75:8: Error: Expected ';' after this.
      ),
       ^
lib/features/social/screens/important_links_screen.dart:76:5: Error: Unexpected token ';'.
    );
    ^
lib/features/social/screens/important_links_screen.dart:129:15: Error: Expected an identifier, but got ')'.
Try inserting an identifier before ')'.
              ),
              ^
lib/features/social/screens/important_links_screen.dart:128:60: Error: Expected ';' after this.
                if (context.mounted) Navigator.pop(context);
                                                           ^
lib/features/social/screens/important_links_screen.dart:129:15: Error: Unexpected token ';'.
              ),
              ^
lib/features/social/screens/important_links_screen.dart:129:16: Error: Expected an identifier, but got ','.
Try inserting an identifier before ','.
              ),
               ^
lib/features/social/screens/important_links_screen.dart:129:15: Error: Expected ';' after this.
              ),
              ^
lib/features/social/screens/important_links_screen.dart:129:16: Error: Unexpected token ';'.
              ),
               ^
lib/features/social/screens/important_links_screen.dart:130:38: Error: Expected ';' after this.
              child: const Text('Add'),
                                     ^
lib/features/social/screens/important_links_screen.dart:130:39: Error: Expected an identifier, but got ','.
Try inserting an identifier before ','.
              child: const Text('Add'),
                                      ^
lib/features/social/screens/important_links_screen.dart:130:39: Error: Unexpected token ';'.
              child: const Text('Add'),
                                      ^
lib/features/social/screens/important_links_screen.dart:120:27: Error: Required named parameter 'child' must be provided.
            ElevatedButton(
                          ^
/C:/Flutter/flutter3293/packages/flutter/lib/src/material/elevated_button.dart:71:9: Context: Found this candidate, but the arguments don't match.
  const ElevatedButton({
        ^^^^^^^^^^^^^^
lib/features/social/screens/family_tree_screen.dart:56:43: Error: Can't find '}' to match '{'.
                    onLongPress: () async {
                                          ^
lib/features/social/screens/family_tree_screen.dart:24:25: Error: Can't find '}' to match '{'.
        data: (members) {
                        ^
lib/features/social/screens/family_tree_screen.dart:109:35: Error: Can't find '}' to match '{'.
              onPressed: () async {
                                  ^
lib/features/social/screens/family_tree_screen.dart:26:36: Error: Required named parameter 'title' must be provided.
            return EmptyStateWidget(
                                   ^
lib/core/widgets/empty_state_widget.dart:10:9: Context: Found this candidate, but the arguments don't match.
  const EmptyStateWidget({
        ^^^^^^^^^^^^^^^^
lib/features/social/screens/family_tree_screen.dart:58:21: Error: Expected an identifier, but got ')'.
Try inserting an identifier before ')'.
                    ),
                    ^
lib/features/social/screens/family_tree_screen.dart:57:103: Error: Expected ';' after this.
                      await DatabaseService().delete('family_members', member['id']?.toString() ?? '');
                                                                                          ^
lib/features/social/screens/family_tree_screen.dart:58:21: Error: Unexpected token ';'.
                    ),
                    ^
lib/features/social/screens/family_tree_screen.dart:58:22: Error: Expected an identifier, but got ','.
Try inserting an identifier before ','.
                    ),
                     ^
lib/features/social/screens/family_tree_screen.dart:58:21: Error: Expected ';' after this.
                    ),
                    ^
lib/features/social/screens/family_tree_screen.dart:58:22: Error: Unexpected token ';'.
                    ),
                     ^
lib/features/social/screens/family_tree_screen.dart:66:7: Error: Expected ';' after this.
      ),
      ^
lib/features/social/screens/family_tree_screen.dart:66:8: Error: Expected an identifier, but got ','.
Try inserting an identifier before ','.
      ),
       ^
lib/features/social/screens/family_tree_screen.dart:66:8: Error: Unexpected token ';'.
      ),
       ^
lib/features/social/screens/family_tree_screen.dart:70:7: Error: Expected ';' after this.
      ),
      ^
lib/features/social/screens/family_tree_screen.dart:70:8: Error: Expected an identifier, but got ','.
Try inserting an identifier before ','.
      ),
       ^
lib/features/social/screens/family_tree_screen.dart:70:8: Error: Unexpected token ';'.
      ),
       ^
lib/features/social/screens/family_tree_screen.dart:71:5: Error: Expected an identifier, but got ')'.
Try inserting an identifier before ')'.
    );
    ^
lib/features/social/screens/family_tree_screen.dart:70:8: Error: Expected ';' after this.
      ),
       ^
lib/features/social/screens/family_tree_screen.dart:71:5: Error: Unexpected token ';'.
    );
    ^
lib/features/social/screens/family_tree_screen.dart:117:15: Error: Expected an identifier, but got ')'.
Try inserting an identifier before ')'.
              ),
              ^
lib/features/social/screens/family_tree_screen.dart:116:60: Error: Expected ';' after this.
                if (context.mounted) Navigator.pop(context);
                                                           ^
lib/features/social/screens/family_tree_screen.dart:117:15: Error: Unexpected token ';'.
              ),
              ^
lib/features/social/screens/family_tree_screen.dart:117:16: Error: Expected an identifier, but got ','.
Try inserting an identifier before ','.
              ),
               ^
lib/features/social/screens/family_tree_screen.dart:117:15: Error: Expected ';' after this.
              ),
              ^
lib/features/social/screens/family_tree_screen.dart:117:16: Error: Unexpected token ';'.
              ),
               ^
lib/features/social/screens/family_tree_screen.dart:118:38: Error: Expected ';' after this.
              child: const Text('Add'),
                                     ^
lib/features/social/screens/family_tree_screen.dart:118:39: Error: Expected an identifier, but got ','.
Try inserting an identifier before ','.
              child: const Text('Add'),
                                      ^
lib/features/social/screens/family_tree_screen.dart:118:39: Error: Unexpected token ';'.
              child: const Text('Add'),
                                      ^
lib/features/social/screens/family_tree_screen.dart:108:27: Error: Required named parameter 'child' must be provided.
            ElevatedButton(
                          ^
/C:/Flutter/flutter3293/packages/flutter/lib/src/material/elevated_button.dart:71:9: Context: Found this candidate, but the arguments don't match.
  const ElevatedButton({
        ^^^^^^^^^^^^^^
lib/features/social/screens/birthdays_screen.dart:64:41: Error: Can't find '}' to match '{'.
                  onLongPress: () async {
                                        ^
lib/features/social/screens/birthdays_screen.dart:44:43: Error: Can't find '}' to match '{'.
            itemBuilder: (context, index) {
                                          ^
lib/features/social/screens/birthdays_screen.dart:25:27: Error: Can't find '}' to match '{'.
        data: (birthdays) {
                          ^
lib/features/social/screens/birthdays_screen.dart:104:33: Error: Can't find '}' to match '{'.
                onTap: () async {
                                ^
lib/features/social/screens/birthdays_screen.dart:97:23: Error: Can't find ']' to match '['.
            children: [
                      ^
lib/features/social/screens/birthdays_screen.dart:119:35: Error: Can't find '}' to match '{'.
              onPressed: () async {
                                  ^
lib/features/social/screens/birthdays_screen.dart:27:36: Error: Required named parameter 'title' must be provided.
            return EmptyStateWidget(
                                   ^
lib/core/widgets/empty_state_widget.dart:10:9: Context: Found this candidate, but the arguments don't match.
  const EmptyStateWidget({
        ^^^^^^^^^^^^^^^^
lib/features/social/screens/birthdays_screen.dart:67:17: Error: Expected ';' after this.
                ),
                ^
lib/features/social/screens/birthdays_screen.dart:67:18: Error: Expected an identifier, but got ','.
Try inserting an identifier before ','.
                ),
                 ^
lib/features/social/screens/birthdays_screen.dart:67:18: Error: Unexpected token ';'.
                ),
                 ^
lib/features/social/screens/birthdays_screen.dart:71:9: Error: Expected an identifier, but got ')'.
Try inserting an identifier before ')'.
        ),
        ^
lib/features/social/screens/birthdays_screen.dart:70:12: Error: Expected ';' after this.
          );
           ^
lib/features/social/screens/birthdays_screen.dart:71:9: Error: Unexpected token ';'.
        ),
        ^
lib/features/social/screens/birthdays_screen.dart:71:10: Error: Expected an identifier, but got ','.
Try inserting an identifier before ','.
        ),
         ^
lib/features/social/screens/birthdays_screen.dart:71:9: Error: Expected ';' after this.
        ),
        ^
lib/features/social/screens/birthdays_screen.dart:71:10: Error: Unexpected token ';'.
        ),
         ^
lib/features/social/screens/birthdays_screen.dart:72:7: Error: Expected an identifier, but got ')'.
Try inserting an identifier before ')'.
      ),
      ^
lib/features/social/screens/birthdays_screen.dart:71:10: Error: Expected ';' after this.
        ),
         ^
lib/features/social/screens/birthdays_screen.dart:72:7: Error: Unexpected token ';'.
      ),
      ^
lib/features/social/screens/birthdays_screen.dart:72:8: Error: Expected an identifier, but got ','.
Try inserting an identifier before ','.
      ),
       ^
lib/features/social/screens/birthdays_screen.dart:72:7: Error: Expected ';' after this.
      ),
      ^
lib/features/social/screens/birthdays_screen.dart:72:8: Error: Unexpected token ';'.
      ),
       ^
lib/features/social/screens/birthdays_screen.dart:76:7: Error: Expected ';' after this.
      ),
      ^
lib/features/social/screens/birthdays_screen.dart:76:8: Error: Expected an identifier, but got ','.
Try inserting an identifier before ','.
      ),
       ^
lib/features/social/screens/birthdays_screen.dart:76:8: Error: Unexpected token ';'.
      ),
       ^
lib/features/social/screens/birthdays_screen.dart:77:5: Error: Expected an identifier, but got ')'.
Try inserting an identifier before ')'.
    );
    ^
lib/features/social/screens/birthdays_screen.dart:76:8: Error: Expected ';' after this.
      ),
       ^
lib/features/social/screens/birthdays_screen.dart:77:5: Error: Unexpected token ';'.
    );
    ^
lib/features/social/screens/birthdays_screen.dart:114:13: Error: Expected an identifier, but got ']'.
Try inserting an identifier before ']'.
            ],
            ^
lib/features/social/screens/birthdays_screen.dart:114:13: Error: Expected ')' before this.
            ],
            ^
lib/features/social/screens/birthdays_screen.dart:93:52: Error: Too many positional arguments: 0 allowed, but 1 found.
Try removing the extra positional arguments.
        builder: (context, setState) => AlertDialog(
                                                   ^
/C:/Flutter/flutter3293/packages/flutter/lib/src/material/dialog.dart:389:9: Context: Found this candidate, but the arguments don't match.
  const AlertDialog({
        ^^^^^^^^^^^
lib/features/social/screens/birthdays_screen.dart:126:15: Error: Expected an identifier, but got ')'.
Try inserting an identifier before ')'.
              ),
              ^
lib/features/social/screens/birthdays_screen.dart:125:60: Error: Expected ';' after this.
                if (context.mounted) Navigator.pop(context);
                                                           ^
lib/features/social/screens/birthdays_screen.dart:126:15: Error: Unexpected token ';'.
              ),
              ^
lib/features/social/screens/birthdays_screen.dart:126:16: Error: Expected an identifier, but got ','.
Try inserting an identifier before ','.
              ),
               ^
lib/features/social/screens/birthdays_screen.dart:126:15: Error: Expected ';' after this.
              ),
              ^
lib/features/social/screens/birthdays_screen.dart:126:16: Error: Unexpected token ';'.
              ),
               ^
lib/features/social/screens/birthdays_screen.dart:127:38: Error: Expected ';' after this.
              child: const Text('Add'),
                                     ^
lib/features/social/screens/birthdays_screen.dart:127:39: Error: Expected an identifier, but got ','.
Try inserting an identifier before ','.
              child: const Text('Add'),
                                      ^
lib/features/social/screens/birthdays_screen.dart:127:39: Error: Unexpected token ';'.
              child: const Text('Add'),
                                      ^
lib/features/social/screens/birthdays_screen.dart:118:27: Error: Required named parameter 'child' must be provided.
            ElevatedButton(
                          ^
/C:/Flutter/flutter3293/packages/flutter/lib/src/material/elevated_button.dart:71:9: Context: Found this candidate, but the arguments don't match.
  const ElevatedButton({
        ^^^^^^^^^^^^^^
lib/features/social/screens/birthdays_screen.dart:116:11: Error: No named parameter with the name 'actions'.
          actions: [
          ^^^^^^^
/C:/Flutter/flutter3293/packages/flutter/lib/src/widgets/basic.dart:7874:9: Context: Found this candidate, but the arguments don't match.
  const StatefulBuilder({super.key, required this.builder});
        ^^^^^^^^^^^^^^^
lib/features/social/screens/birthdays_screen.dart:131:7: Error: Expected ';' after this.
      ),
      ^
lib/features/social/screens/birthdays_screen.dart:131:8: Error: Expected an identifier, but got ','.
Try inserting an identifier before ','.
      ),
       ^
lib/features/social/screens/birthdays_screen.dart:131:8: Error: Unexpected token ';'.
      ),
       ^
lib/features/social/screens/birthdays_screen.dart:132:5: Error: Expected an identifier, but got ')'.
Try inserting an identifier before ')'.
    );
    ^
lib/features/social/screens/birthdays_screen.dart:131:8: Error: Expected ';' after this.
      ),
       ^
lib/features/social/screens/birthdays_screen.dart:132:5: Error: Unexpected token ';'.
    );
    ^
lib/features/social/screens/contacts_screen.dart:55:41: Error: Can't find '}' to match '{'.
                  onLongPress: () async {
                                        ^
lib/features/social/screens/contacts_screen.dart:37:43: Error: Can't find '}' to match '{'.
            itemBuilder: (context, index) {
                                          ^
lib/features/social/screens/contacts_screen.dart:24:26: Error: Can't find '}' to match '{'.
        data: (contacts) {
                         ^
lib/features/social/screens/contacts_screen.dart:93:33: Error: Can't find '}' to match '{'.
            onPressed: () async {
                                ^
lib/features/social/screens/contacts_screen.dart:26:36: Error: Required named parameter 'title' must be provided.
            return EmptyStateWidget(
                                   ^
lib/core/widgets/empty_state_widget.dart:10:9: Context: Found this candidate, but the arguments don't match.
  const EmptyStateWidget({
        ^^^^^^^^^^^^^^^^
lib/features/social/screens/contacts_screen.dart:58:17: Error: Expected ';' after this.
                ),
                ^
lib/features/social/screens/contacts_screen.dart:58:18: Error: Expected an identifier, but got ','.
Try inserting an identifier before ','.
                ),
                 ^
lib/features/social/screens/contacts_screen.dart:58:18: Error: Unexpected token ';'.
                ),
                 ^
lib/features/social/screens/contacts_screen.dart:62:9: Error: Expected an identifier, but got ')'.
Try inserting an identifier before ')'.
        ),
        ^
lib/features/social/screens/contacts_screen.dart:61:12: Error: Expected ';' after this.
          );
           ^
lib/features/social/screens/contacts_screen.dart:62:9: Error: Unexpected token ';'.
        ),
        ^
lib/features/social/screens/contacts_screen.dart:62:10: Error: Expected an identifier, but got ','.
Try inserting an identifier before ','.
        ),
         ^
lib/features/social/screens/contacts_screen.dart:62:9: Error: Expected ';' after this.
        ),
        ^
lib/features/social/screens/contacts_screen.dart:62:10: Error: Unexpected token ';'.
        ),
         ^
lib/features/social/screens/contacts_screen.dart:63:7: Error: Expected an identifier, but got ')'.
Try inserting an identifier before ')'.
      ),
      ^
lib/features/social/screens/contacts_screen.dart:62:10: Error: Expected ';' after this.
        ),
         ^
lib/features/social/screens/contacts_screen.dart:63:7: Error: Unexpected token ';'.
      ),
      ^
lib/features/social/screens/contacts_screen.dart:63:8: Error: Expected an identifier, but got ','.
Try inserting an identifier before ','.
      ),
       ^
lib/features/social/screens/contacts_screen.dart:63:7: Error: Expected ';' after this.
      ),
      ^
lib/features/social/screens/contacts_screen.dart:63:8: Error: Unexpected token ';'.
      ),
       ^
lib/features/social/screens/contacts_screen.dart:67:7: Error: Expected ';' after this.
      ),
      ^
lib/features/social/screens/contacts_screen.dart:67:8: Error: Expected an identifier, but got ','.
Try inserting an identifier before ','.
      ),
       ^
lib/features/social/screens/contacts_screen.dart:67:8: Error: Unexpected token ';'.
      ),
       ^
lib/features/social/screens/contacts_screen.dart:68:5: Error: Expected an identifier, but got ')'.
Try inserting an identifier before ')'.
    );
    ^
lib/features/social/screens/contacts_screen.dart:67:8: Error: Expected ';' after this.
      ),
       ^
lib/features/social/screens/contacts_screen.dart:68:5: Error: Unexpected token ';'.
    );
    ^
lib/features/social/screens/contacts_screen.dart:101:13: Error: Expected an identifier, but got ')'.
Try inserting an identifier before ')'.
            ),
            ^
lib/features/social/screens/contacts_screen.dart:100:58: Error: Expected ';' after this.
              if (context.mounted) Navigator.pop(context);
                                                         ^
lib/features/social/screens/contacts_screen.dart:101:13: Error: Unexpected token ';'.
            ),
            ^
lib/features/social/screens/contacts_screen.dart:101:14: Error: Expected an identifier, but got ','.
Try inserting an identifier before ','.
            ),
             ^
lib/features/social/screens/contacts_screen.dart:101:13: Error: Expected ';' after this.
            ),
            ^
lib/features/social/screens/contacts_screen.dart:101:14: Error: Unexpected token ';'.
            ),
             ^
lib/features/social/screens/contacts_screen.dart:102:36: Error: Expected ';' after this.
            child: const Text('Add'),
                                   ^
lib/features/social/screens/contacts_screen.dart:102:37: Error: Expected an identifier, but got ','.
Try inserting an identifier before ','.
            child: const Text('Add'),
                                    ^
lib/features/social/screens/contacts_screen.dart:102:37: Error: Unexpected token ';'.
            child: const Text('Add'),
                                    ^
lib/features/social/screens/contacts_screen.dart:92:25: Error: Required named parameter 'child' must be provided.
          ElevatedButton(
                        ^
/C:/Flutter/flutter3293/packages/flutter/lib/src/material/elevated_button.dart:71:9: Context: Found this candidate, but the arguments don't match.
  const ElevatedButton({
        ^^^^^^^^^^^^^^
lib/features/lifestyle/screens/skills_development_screen.dart:24:24: Error: Can't find '}' to match '{'.
        data: (skills) {
                       ^
lib/features/lifestyle/screens/skills_development_screen.dart:107:39: Error: Can't find '}' to match '{'.
                  onPressed: () async {
                                      ^
lib/features/lifestyle/screens/skills_development_screen.dart:186:35: Error: Can't find '}' to match '{'.
              onPressed: () async {
                                  ^
lib/features/lifestyle/screens/skills_development_screen.dart:26:36: Error: Required named parameter 'title' must be provided.
            return EmptyStateWidget(
                                   ^
lib/core/widgets/empty_state_widget.dart:10:9: Context: Found this candidate, but the arguments don't match.
  const EmptyStateWidget({
        ^^^^^^^^^^^^^^^^
lib/features/lifestyle/screens/skills_development_screen.dart:58:7: Error: Expected ';' after this.
      ),
      ^
lib/features/lifestyle/screens/skills_development_screen.dart:58:8: Error: Expected an identifier, but got ','.
Try inserting an identifier before ','.
      ),
       ^
lib/features/lifestyle/screens/skills_development_screen.dart:58:8: Error: Unexpected token ';'.
      ),
       ^
lib/features/lifestyle/screens/skills_development_screen.dart:62:7: Error: Expected ';' after this.
      ),
      ^
lib/features/lifestyle/screens/skills_development_screen.dart:62:8: Error: Expected an identifier, but got ','.
Try inserting an identifier before ','.
      ),
       ^
lib/features/lifestyle/screens/skills_development_screen.dart:62:8: Error: Unexpected token ';'.
      ),
       ^
lib/features/lifestyle/screens/skills_development_screen.dart:63:5: Error: Expected an identifier, but got ')'.
Try inserting an identifier before ')'.
    );
    ^
lib/features/lifestyle/screens/skills_development_screen.dart:62:8: Error: Expected ';' after this.
      ),
       ^
lib/features/lifestyle/screens/skills_development_screen.dart:63:5: Error: Unexpected token ';'.
    );
    ^
lib/features/lifestyle/screens/skills_development_screen.dart:111:19: Error: Expected an identifier, but got ')'.
Try inserting an identifier before ')'.
                  ),
                  ^
lib/features/lifestyle/screens/skills_development_screen.dart:110:21: Error: Expected ';' after this.
                    }
                    ^
lib/features/lifestyle/screens/skills_development_screen.dart:111:19: Error: Unexpected token ';'.
                  ),
                  ^
lib/features/lifestyle/screens/skills_development_screen.dart:111:20: Error: Expected an identifier, but got ','.
Try inserting an identifier before ','.
                  ),
                   ^
lib/features/lifestyle/screens/skills_development_screen.dart:111:19: Error: Expected ';' after this.
                  ),
                  ^
lib/features/lifestyle/screens/skills_development_screen.dart:111:20: Error: Unexpected token ';'.
                  ),
                   ^
lib/features/lifestyle/screens/skills_development_screen.dart:194:15: Error: Expected an identifier, but got ')'.
Try inserting an identifier before ')'.
              ),
              ^
lib/features/lifestyle/screens/skills_development_screen.dart:193:60: Error: Expected ';' after this.
                if (context.mounted) Navigator.pop(context);
                                                           ^
lib/features/lifestyle/screens/skills_development_screen.dart:194:15: Error: Unexpected token ';'.
              ),
              ^
lib/features/lifestyle/screens/skills_development_screen.dart:194:16: Error: Expected an identifier, but got ','.
Try inserting an identifier before ','.
              ),
               ^
lib/features/lifestyle/screens/skills_development_screen.dart:194:15: Error: Expected ';' after this.
              ),
              ^
lib/features/lifestyle/screens/skills_development_screen.dart:194:16: Error: Unexpected token ';'.
              ),
               ^
lib/features/lifestyle/screens/skills_development_screen.dart:195:38: Error: Expected ';' after this.
              child: const Text('Add'),
                                     ^
lib/features/lifestyle/screens/skills_development_screen.dart:195:39: Error: Expected an identifier, but got ','.
Try inserting an identifier before ','.
              child: const Text('Add'),
                                      ^
lib/features/lifestyle/screens/skills_development_screen.dart:195:39: Error: Unexpected token ';'.
              child: const Text('Add'),
                                      ^
lib/features/lifestyle/screens/skills_development_screen.dart:185:27: Error: Required named parameter 'child' must be provided.
            ElevatedButton(
                          ^
/C:/Flutter/flutter3293/packages/flutter/lib/src/material/elevated_button.dart:71:9: Context: Found this candidate, but the arguments don't match.
  const ElevatedButton({
        ^^^^^^^^^^^^^^
lib/features/lifestyle/screens/daily_reflections_screen.dart:28:29: Error: Can't find '}' to match '{'.
        data: (reflections) {
                            ^
lib/features/lifestyle/screens/daily_reflections_screen.dart:102:31: Error: Can't find '}' to match '{'.
        onLongPress: () async {
                              ^
lib/features/lifestyle/screens/daily_reflections_screen.dart:133:33: Error: Can't find '}' to match '{'.
            onPressed: () async {
                                ^
lib/features/lifestyle/screens/daily_reflections_screen.dart:71:7: Error: Expected ';' after this.
      ),
      ^
lib/features/lifestyle/screens/daily_reflections_screen.dart:71:8: Error: Expected an identifier, but got ','.
Try inserting an identifier before ','.
      ),
       ^
lib/features/lifestyle/screens/daily_reflections_screen.dart:71:8: Error: Unexpected token ';'.
      ),
       ^
lib/features/lifestyle/screens/daily_reflections_screen.dart:75:7: Error: Expected ';' after this.
      ),
      ^
lib/features/lifestyle/screens/daily_reflections_screen.dart:75:8: Error: Expected an identifier, but got ','.
Try inserting an identifier before ','.
      ),
       ^
lib/features/lifestyle/screens/daily_reflections_screen.dart:75:8: Error: Unexpected token ';'.
      ),
       ^
lib/features/lifestyle/screens/daily_reflections_screen.dart:76:5: Error: Expected an identifier, but got ')'.
Try inserting an identifier before ')'.
    );
    ^
lib/features/lifestyle/screens/daily_reflections_screen.dart:75:8: Error: Expected ';' after this.
      ),
       ^
lib/features/lifestyle/screens/daily_reflections_screen.dart:76:5: Error: Unexpected token ';'.
    );
    ^
lib/features/lifestyle/screens/daily_reflections_screen.dart:105:7: Error: Expected ';' after this.
      ),
      ^
lib/features/lifestyle/screens/daily_reflections_screen.dart:105:8: Error: Expected an identifier, but got ','.
Try inserting an identifier before ','.
      ),
       ^
lib/features/lifestyle/screens/daily_reflections_screen.dart:105:8: Error: Unexpected token ';'.
      ),
       ^
lib/features/lifestyle/screens/daily_reflections_screen.dart:106:5: Error: Expected an identifier, but got ')'.
Try inserting an identifier before ')'.
    );
    ^
lib/features/lifestyle/screens/daily_reflections_screen.dart:105:8: Error: Expected ';' after this.
      ),
       ^
lib/features/lifestyle/screens/daily_reflections_screen.dart:106:5: Error: Unexpected token ';'.
    );
    ^
lib/features/lifestyle/screens/daily_reflections_screen.dart:141:13: Error: Expected an identifier, but got ')'.
Try inserting an identifier before ')'.
            ),
            ^
lib/features/lifestyle/screens/daily_reflections_screen.dart:140:58: Error: Expected ';' after this.
              if (context.mounted) Navigator.pop(context);
                                                         ^
lib/features/lifestyle/screens/daily_reflections_screen.dart:141:13: Error: Unexpected token ';'.
            ),
            ^
lib/features/lifestyle/screens/daily_reflections_screen.dart:141:14: Error: Expected an identifier, but got ','.
Try inserting an identifier before ','.
            ),
             ^
lib/features/lifestyle/screens/daily_reflections_screen.dart:141:13: Error: Expected ';' after this.
            ),
            ^
lib/features/lifestyle/screens/daily_reflections_screen.dart:141:14: Error: Unexpected token ';'.
            ),
             ^
lib/features/lifestyle/screens/daily_reflections_screen.dart:142:37: Error: Expected ';' after this.
            child: const Text('Save'),
                                    ^
lib/features/lifestyle/screens/daily_reflections_screen.dart:142:38: Error: Expected an identifier, but got ','.
Try inserting an identifier before ','.
            child: const Text('Save'),
                                     ^
lib/features/lifestyle/screens/daily_reflections_screen.dart:142:38: Error: Unexpected token ';'.
            child: const Text('Save'),
                                     ^
lib/features/lifestyle/screens/daily_reflections_screen.dart:132:25: Error: Required named parameter 'child' must be provided.
          ElevatedButton(
                        ^
/C:/Flutter/flutter3293/packages/flutter/lib/src/material/elevated_button.dart:71:9: Context: Found this candidate, but the arguments don't match.
  const ElevatedButton({
        ^^^^^^^^^^^^^^
lib/features/lifestyle/screens/events_planner_screen.dart:45:43: Error: Can't find '}' to match '{'.
            itemBuilder: (context, index) {
                                          ^
lib/features/lifestyle/screens/events_planner_screen.dart:25:24: Error: Can't find '}' to match '{'.
        data: (events) {
                       ^
lib/features/lifestyle/screens/events_planner_screen.dart:68:13: Error: Expected ';' after this.
            ),
            ^
lib/features/lifestyle/screens/events_planner_screen.dart:68:14: Error: Expected an identifier, but got ','.
Try inserting an identifier before ','.
            ),
             ^
lib/features/lifestyle/screens/events_planner_screen.dart:68:14: Error: Unexpected token ';'.
            ),
             ^
lib/features/lifestyle/screens/events_planner_screen.dart:69:12: Error: Expected ')' before this.
          );
           ^
lib/features/lifestyle/screens/events_planner_screen.dart:70:9: Error: Expected ';' after this.
        ),
        ^
lib/features/lifestyle/screens/events_planner_screen.dart:70:10: Error: Expected an identifier, but got ','.
Try inserting an identifier before ','.
        ),
         ^
lib/features/lifestyle/screens/events_planner_screen.dart:70:10: Error: Unexpected token ';'.
        ),
         ^
lib/features/lifestyle/screens/events_planner_screen.dart:71:7: Error: Expected an identifier, but got ')'.
Try inserting an identifier before ')'.
      ),
      ^
lib/features/lifestyle/screens/events_planner_screen.dart:70:10: Error: Expected ';' after this.
        ),
         ^
lib/features/lifestyle/screens/events_planner_screen.dart:71:7: Error: Unexpected token ';'.
      ),
      ^
lib/features/lifestyle/screens/events_planner_screen.dart:71:8: Error: Expected an identifier, but got ','.
Try inserting an identifier before ','.
      ),
       ^
lib/features/lifestyle/screens/events_planner_screen.dart:71:7: Error: Expected ';' after this.
      ),
      ^
lib/features/lifestyle/screens/events_planner_screen.dart:71:8: Error: Unexpected token ';'.
      ),
       ^
lib/features/lifestyle/screens/events_planner_screen.dart:75:7: Error: Expected ';' after this.
      ),
      ^
lib/features/lifestyle/screens/events_planner_screen.dart:75:8: Error: Expected an identifier, but got ','.
Try inserting an identifier before ','.
      ),
       ^
lib/features/lifestyle/screens/events_planner_screen.dart:75:8: Error: Unexpected token ';'.
      ),
       ^
lib/features/lifestyle/screens/events_planner_screen.dart:76:5: Error: Expected an identifier, but got ')'.
Try inserting an identifier before ')'.
    );
    ^
lib/features/lifestyle/screens/events_planner_screen.dart:75:8: Error: Expected ';' after this.
      ),
       ^
lib/features/lifestyle/screens/events_planner_screen.dart:76:5: Error: Unexpected token ';'.
    );
    ^
lib/features/lifestyle/screens/travel_planner_screen.dart:25:23: Error: Can't find '}' to match '{'.
        data: (trips) {
                      ^
lib/features/lifestyle/screens/travel_planner_screen.dart:62:7: Error: Expected ';' after this.
      ),
      ^
lib/features/lifestyle/screens/travel_planner_screen.dart:62:8: Error: Expected an identifier, but got ','.
Try inserting an identifier before ','.
      ),
       ^
lib/features/lifestyle/screens/travel_planner_screen.dart:62:8: Error: Unexpected token ';'.
      ),
       ^
lib/features/lifestyle/screens/travel_planner_screen.dart:66:7: Error: Expected ';' after this.
      ),
      ^
lib/features/lifestyle/screens/travel_planner_screen.dart:66:8: Error: Expected an identifier, but got ','.
Try inserting an identifier before ','.
      ),
       ^
lib/features/lifestyle/screens/travel_planner_screen.dart:66:8: Error: Unexpected token ';'.
      ),
       ^
lib/features/lifestyle/screens/travel_planner_screen.dart:67:5: Error: Expected an identifier, but got ')'.
Try inserting an identifier before ')'.
    );
    ^
lib/features/lifestyle/screens/travel_planner_screen.dart:66:8: Error: Expected ';' after this.
      ),
       ^
lib/features/lifestyle/screens/travel_planner_screen.dart:67:5: Error: Unexpected token ';'.
    );
    ^
lib/features/lifestyle/screens/hobbies_tracker_screen.dart:44:43: Error: Can't find '}' to match '{'.
            itemBuilder: (context, index) {
                                          ^
lib/features/lifestyle/screens/hobbies_tracker_screen.dart:24:25: Error: Can't find '}' to match '{'.
        data: (hobbies) {
                        ^
lib/features/lifestyle/screens/hobbies_tracker_screen.dart:66:13: Error: Expected ';' after this.
            ),
            ^
lib/features/lifestyle/screens/hobbies_tracker_screen.dart:66:14: Error: Expected an identifier, but got ','.
Try inserting an identifier before ','.
            ),
             ^
lib/features/lifestyle/screens/hobbies_tracker_screen.dart:66:14: Error: Unexpected token ';'.
            ),
             ^
lib/features/lifestyle/screens/hobbies_tracker_screen.dart:67:12: Error: Expected ')' before this.
          );
           ^
lib/features/lifestyle/screens/hobbies_tracker_screen.dart:68:9: Error: Expected ';' after this.
        ),
        ^
lib/features/lifestyle/screens/hobbies_tracker_screen.dart:68:10: Error: Expected an identifier, but got ','.
Try inserting an identifier before ','.
        ),
         ^
lib/features/lifestyle/screens/hobbies_tracker_screen.dart:68:10: Error: Unexpected token ';'.
        ),
         ^
lib/features/lifestyle/screens/hobbies_tracker_screen.dart:69:7: Error: Expected an identifier, but got ')'.
Try inserting an identifier before ')'.
      ),
      ^
lib/features/lifestyle/screens/hobbies_tracker_screen.dart:68:10: Error: Expected ';' after this.
        ),
         ^
lib/features/lifestyle/screens/hobbies_tracker_screen.dart:69:7: Error: Unexpected token ';'.
      ),
      ^
lib/features/lifestyle/screens/hobbies_tracker_screen.dart:69:8: Error: Expected an identifier, but got ','.
Try inserting an identifier before ','.
      ),
       ^
lib/features/lifestyle/screens/hobbies_tracker_screen.dart:69:7: Error: Expected ';' after this.
      ),
      ^
lib/features/lifestyle/screens/hobbies_tracker_screen.dart:69:8: Error: Unexpected token ';'.
      ),
       ^
lib/features/lifestyle/screens/hobbies_tracker_screen.dart:73:7: Error: Expected ';' after this.
      ),
      ^
lib/features/lifestyle/screens/hobbies_tracker_screen.dart:73:8: Error: Expected an identifier, but got ','.
Try inserting an identifier before ','.
      ),
       ^
lib/features/lifestyle/screens/hobbies_tracker_screen.dart:73:8: Error: Unexpected token ';'.
      ),
       ^
lib/features/lifestyle/screens/hobbies_tracker_screen.dart:74:5: Error: Expected an identifier, but got ')'.
Try inserting an identifier before ')'.
    );
    ^
lib/features/lifestyle/screens/hobbies_tracker_screen.dart:73:8: Error: Expected ';' after this.
      ),
       ^
lib/features/lifestyle/screens/hobbies_tracker_screen.dart:74:5: Error: Unexpected token ';'.
    );
    ^
lib/features/lifestyle/screens/media_tracker_screen.dart:38:43: Error: Can't find '}' to match '{'.
            itemBuilder: (context, index) {
                                          ^
lib/features/lifestyle/screens/media_tracker_screen.dart:24:23: Error: Can't find '}' to match '{'.
        data: (media) {
                      ^
lib/features/lifestyle/screens/media_tracker_screen.dart:62:13: Error: Expected ';' after this.
            ),
            ^
lib/features/lifestyle/screens/media_tracker_screen.dart:62:14: Error: Expected an identifier, but got ','.
Try inserting an identifier before ','.
            ),
             ^
lib/features/lifestyle/screens/media_tracker_screen.dart:62:14: Error: Unexpected token ';'.
            ),
             ^
lib/features/lifestyle/screens/media_tracker_screen.dart:63:12: Error: Expected ')' before this.
          );
           ^
lib/features/lifestyle/screens/media_tracker_screen.dart:64:9: Error: Expected ';' after this.
        ),
        ^
lib/features/lifestyle/screens/media_tracker_screen.dart:64:10: Error: Expected an identifier, but got ','.
Try inserting an identifier before ','.
        ),
         ^
lib/features/lifestyle/screens/media_tracker_screen.dart:64:10: Error: Unexpected token ';'.
        ),
         ^
lib/features/lifestyle/screens/media_tracker_screen.dart:65:7: Error: Expected an identifier, but got ')'.
Try inserting an identifier before ')'.
      ),
      ^
lib/features/lifestyle/screens/media_tracker_screen.dart:64:10: Error: Expected ';' after this.
        ),
         ^
lib/features/lifestyle/screens/media_tracker_screen.dart:65:7: Error: Unexpected token ';'.
      ),
      ^
lib/features/lifestyle/screens/media_tracker_screen.dart:65:8: Error: Expected an identifier, but got ','.
Try inserting an identifier before ','.
      ),
       ^
lib/features/lifestyle/screens/media_tracker_screen.dart:65:7: Error: Expected ';' after this.
      ),
      ^
lib/features/lifestyle/screens/media_tracker_screen.dart:65:8: Error: Unexpected token ';'.
      ),
       ^
lib/features/lifestyle/screens/media_tracker_screen.dart:69:7: Error: Expected ';' after this.
      ),
      ^
lib/features/lifestyle/screens/media_tracker_screen.dart:69:8: Error: Expected an identifier, but got ','.
Try inserting an identifier before ','.
      ),
       ^
lib/features/lifestyle/screens/media_tracker_screen.dart:69:8: Error: Unexpected token ';'.
      ),
       ^
lib/features/lifestyle/screens/media_tracker_screen.dart:70:5: Error: Expected an identifier, but got ')'.
Try inserting an identifier before ')'.
    );
    ^
lib/features/lifestyle/screens/media_tracker_screen.dart:69:8: Error: Expected ';' after this.
      ),
       ^
lib/features/lifestyle/screens/media_tracker_screen.dart:70:5: Error: Unexpected token ';'.
    );
    ^
lib/features/lifestyle/screens/reading_list_screen.dart:24:23: Error: Can't find '}' to match '{'.
        data: (books) {
                      ^
lib/features/lifestyle/screens/reading_list_screen.dart:62:7: Error: Expected ';' after this.
      ),
      ^
lib/features/lifestyle/screens/reading_list_screen.dart:62:8: Error: Expected an identifier, but got ','.
Try inserting an identifier before ','.
      ),
       ^
lib/features/lifestyle/screens/reading_list_screen.dart:62:8: Error: Unexpected token ';'.
      ),
       ^
lib/features/lifestyle/screens/reading_list_screen.dart:66:7: Error: Expected ';' after this.
      ),
      ^
lib/features/lifestyle/screens/reading_list_screen.dart:66:8: Error: Expected an identifier, but got ','.
Try inserting an identifier before ','.
      ),
       ^
lib/features/lifestyle/screens/reading_list_screen.dart:66:8: Error: Unexpected token ';'.
      ),
       ^
lib/features/lifestyle/screens/reading_list_screen.dart:67:5: Error: Expected an identifier, but got ')'.
Try inserting an identifier before ')'.
    );
    ^
lib/features/lifestyle/screens/reading_list_screen.dart:66:8: Error: Expected ';' after this.
      ),
       ^
lib/features/lifestyle/screens/reading_list_screen.dart:67:5: Error: Unexpected token ';'.
    );
    ^
lib/features/lifestyle/screens/learning_tracker_screen.dart:38:43: Error: Can't find '}' to match '{'.
            itemBuilder: (context, index) {
                                          ^
lib/features/lifestyle/screens/learning_tracker_screen.dart:24:27: Error: Can't find '}' to match '{'.
        data: (resources) {
                          ^
lib/features/lifestyle/screens/learning_tracker_screen.dart:62:13: Error: Expected ';' after this.
            ),
            ^
lib/features/lifestyle/screens/learning_tracker_screen.dart:62:14: Error: Expected an identifier, but got ','.
Try inserting an identifier before ','.
            ),
             ^
lib/features/lifestyle/screens/learning_tracker_screen.dart:62:14: Error: Unexpected token ';'.
            ),
             ^
lib/features/lifestyle/screens/learning_tracker_screen.dart:63:12: Error: Expected ')' before this.
          );
           ^
lib/features/lifestyle/screens/learning_tracker_screen.dart:64:9: Error: Expected ';' after this.
        ),
        ^
lib/features/lifestyle/screens/learning_tracker_screen.dart:64:10: Error: Expected an identifier, but got ','.
Try inserting an identifier before ','.
        ),
         ^
lib/features/lifestyle/screens/learning_tracker_screen.dart:64:10: Error: Unexpected token ';'.
        ),
         ^
lib/features/lifestyle/screens/learning_tracker_screen.dart:65:7: Error: Expected an identifier, but got ')'.
Try inserting an identifier before ')'.
      ),
      ^
lib/features/lifestyle/screens/learning_tracker_screen.dart:64:10: Error: Expected ';' after this.
        ),
         ^
lib/features/lifestyle/screens/learning_tracker_screen.dart:65:7: Error: Unexpected token ';'.
      ),
      ^
lib/features/lifestyle/screens/learning_tracker_screen.dart:65:8: Error: Expected an identifier, but got ','.
Try inserting an identifier before ','.
      ),
       ^
lib/features/lifestyle/screens/learning_tracker_screen.dart:65:7: Error: Expected ';' after this.
      ),
      ^
lib/features/lifestyle/screens/learning_tracker_screen.dart:65:8: Error: Unexpected token ';'.
      ),
       ^
lib/features/lifestyle/screens/learning_tracker_screen.dart:69:7: Error: Expected ';' after this.
      ),
      ^
lib/features/lifestyle/screens/learning_tracker_screen.dart:69:8: Error: Expected an identifier, but got ','.
Try inserting an identifier before ','.
      ),
       ^
lib/features/lifestyle/screens/learning_tracker_screen.dart:69:8: Error: Unexpected token ';'.
      ),
       ^
lib/features/lifestyle/screens/learning_tracker_screen.dart:70:5: Error: Expected an identifier, but got ')'.
Try inserting an identifier before ')'.
    );
    ^
lib/features/lifestyle/screens/learning_tracker_screen.dart:69:8: Error: Expected ';' after this.
      ),
       ^
lib/features/lifestyle/screens/learning_tracker_screen.dart:70:5: Error: Unexpected token ';'.
    );
    ^
lib/features/health/screens/mood_tracking_screen.dart:35:23: Error: Can't find '}' to match '{'.
        data: (moods) {
                      ^
lib/features/health/screens/mood_tracking_screen.dart:165:56: Error: Can't find '}' to match '{'.
                        getTitlesWidget: (value, meta) {
                                                       ^
lib/features/health/screens/mood_tracking_screen.dart:62:7: Error: Expected ';' after this.
      ),
      ^
lib/features/health/screens/mood_tracking_screen.dart:62:8: Error: Expected an identifier, but got ','.
Try inserting an identifier before ','.
      ),
       ^
lib/features/health/screens/mood_tracking_screen.dart:62:8: Error: Unexpected token ';'.
      ),
       ^
lib/features/health/screens/mood_tracking_screen.dart:66:7: Error: Expected ';' after this.
      ),
      ^
lib/features/health/screens/mood_tracking_screen.dart:66:8: Error: Expected an identifier, but got ','.
Try inserting an identifier before ','.
      ),
       ^
lib/features/health/screens/mood_tracking_screen.dart:66:8: Error: Unexpected token ';'.
      ),
       ^
lib/features/health/screens/mood_tracking_screen.dart:67:5: Error: Expected an identifier, but got ')'.
Try inserting an identifier before ')'.
    );
    ^
lib/features/health/screens/mood_tracking_screen.dart:66:8: Error: Expected ';' after this.
      ),
       ^
lib/features/health/screens/mood_tracking_screen.dart:67:5: Error: Unexpected token ';'.
    );
    ^
lib/features/health/screens/mood_tracking_screen.dart:171:21: Error: No named parameter with the name 'leftTitles'.
                    leftTitles: AxisTitles(
                    ^^^^^^^^^^
../../../../../AppData/Local/Pub/Cache/hosted/pub.dev/fl_chart-0.68.0/lib/src/chart/line_chart/line_chart_data.dart:43:3: Context: Found this candidate, but the arguments don't match.
  LineChartData({
  ^^^^^^^^^^^^^
lib/features/health/screens/mood_tracking_screen.dart:181:19: Error: No named parameter with the name 'minY'.
                  minY: 0,
                  ^^^^
../../../../../AppData/Local/Pub/Cache/hosted/pub.dev/fl_chart-0.68.0/lib/src/chart/line_chart/line_chart.dart:15:9: Context: Found this candidate, but the arguments don't match.
  const LineChart(
        ^^^^^^^^^
lib/features/health/screens/mood_tracking_screen.dart:187:13: Error: Expected an identifier, but got ')'.
Try inserting an identifier before ')'.
            ),
            ^
lib/features/health/screens/mood_tracking_screen.dart:187:13: Error: Expected ']' before this.
            ),
            ^
lib/features/health/screens/meal_planning_screen.dart:43:23: Error: Can't find '}' to match '{'.
        data: (meals) {
                      ^
lib/features/health/screens/meal_planning_screen.dart:94:44: Error: Can't find '}' to match '{'.
        onDaySelected: (selected, focused) {
                                           ^
lib/features/health/screens/meal_planning_screen.dart:100:28: Error: Can't find '}' to match '{'.
        eventLoader: (day) {
                           ^
lib/features/health/screens/meal_planning_screen.dart:77:7: Error: Expected ';' after this.
      ),
      ^
lib/features/health/screens/meal_planning_screen.dart:77:8: Error: Expected an identifier, but got ','.
Try inserting an identifier before ','.
      ),
       ^
lib/features/health/screens/meal_planning_screen.dart:77:8: Error: Unexpected token ';'.
      ),
       ^
lib/features/health/screens/meal_planning_screen.dart:81:7: Error: Expected ';' after this.
      ),
      ^
lib/features/health/screens/meal_planning_screen.dart:81:8: Error: Expected an identifier, but got ','.
Try inserting an identifier before ','.
      ),
       ^
lib/features/health/screens/meal_planning_screen.dart:81:8: Error: Unexpected token ';'.
      ),
       ^
lib/features/health/screens/meal_planning_screen.dart:82:5: Error: Expected an identifier, but got ')'.
Try inserting an identifier before ')'.
    );
    ^
lib/features/health/screens/meal_planning_screen.dart:81:8: Error: Expected ';' after this.
      ),
       ^
lib/features/health/screens/meal_planning_screen.dart:82:5: Error: Unexpected token ';'.
    );
    ^
lib/features/health/screens/meal_planning_screen.dart:100:9: Error: No named parameter with the name 'eventLoader'.
        eventLoader: (day) {
        ^^^^^^^^^^^
/C:/Flutter/flutter3293/packages/flutter/lib/src/material/card.dart:70:9: Context: Found this candidate, but the arguments don't match.
  const Card({
        ^^^^
lib/features/health/screens/meal_planning_screen.dart:105:9: Error: Expected ';' after this.
        ),
        ^
lib/features/health/screens/meal_planning_screen.dart:105:10: Error: Expected an identifier, but got ','.
Try inserting an identifier before ','.
        ),
         ^
lib/features/health/screens/meal_planning_screen.dart:105:10: Error: Unexpected token ';'.
        ),
         ^
lib/features/health/screens/meal_planning_screen.dart:106:7: Error: Expected an identifier, but got ')'.
Try inserting an identifier before ')'.
      ),
      ^
lib/features/health/screens/meal_planning_screen.dart:105:10: Error: Expected ';' after this.
        ),
         ^
lib/features/health/screens/meal_planning_screen.dart:106:7: Error: Unexpected token ';'.
      ),
      ^
lib/features/health/screens/meal_planning_screen.dart:106:8: Error: Expected an identifier, but got ','.
Try inserting an identifier before ','.
      ),
       ^
lib/features/health/screens/meal_planning_screen.dart:106:7: Error: Expected ';' after this.
      ),
      ^
lib/features/health/screens/meal_planning_screen.dart:106:8: Error: Unexpected token ';'.
      ),
       ^
lib/features/health/screens/meal_planning_screen.dart:107:5: Error: Expected an identifier, but got ')'.
Try inserting an identifier before ')'.
    );
    ^
lib/features/health/screens/meal_planning_screen.dart:106:8: Error: Expected ';' after this.
      ),
       ^
lib/features/health/screens/meal_planning_screen.dart:107:5: Error: Unexpected token ';'.
    );
    ^
lib/features/health/screens/medical_history_screen.dart:34:25: Error: Can't find '}' to match '{'.
        data: (records) {
                        ^
lib/features/health/screens/medical_history_screen.dart:74:7: Error: Expected ';' after this.
      ),
      ^
lib/features/health/screens/medical_history_screen.dart:74:8: Error: Expected an identifier, but got ','.
Try inserting an identifier before ','.
      ),
       ^
lib/features/health/screens/medical_history_screen.dart:74:8: Error: Unexpected token ';'.
      ),
       ^
lib/features/health/screens/medical_history_screen.dart:78:7: Error: Expected ';' after this.
      ),
      ^
lib/features/health/screens/medical_history_screen.dart:78:8: Error: Expected an identifier, but got ','.
Try inserting an identifier before ','.
      ),
       ^
lib/features/health/screens/medical_history_screen.dart:78:8: Error: Unexpected token ';'.
      ),
       ^
lib/features/health/screens/medical_history_screen.dart:79:5: Error: Expected an identifier, but got ')'.
Try inserting an identifier before ')'.
    );
    ^
lib/features/health/screens/medical_history_screen.dart:78:8: Error: Expected ';' after this.
      ),
       ^
lib/features/health/screens/medical_history_screen.dart:79:5: Error: Unexpected token ';'.
    );
    ^
lib/features/health/health_screen.dart:276:33: Error: Can't find '}' to match '{'.
            onPressed: () async {
                                ^
lib/features/health/health_screen.dart:33:44: Error: No named parameter with the name 'subtitle'.
        loading: () => const LoadingWidget(subtitle: 'Loading health data...'),
                                           ^^^^^^^^
lib/core/widgets/loading_widget.dart:6:9: Context: Found this candidate, but the arguments don't match.
  const LoadingWidget({
        ^^^^^^^^^^^^^
lib/features/health/health_screen.dart:291:13: Error: Expected an identifier, but got ')'.
Try inserting an identifier before ')'.
            ),
            ^
lib/features/health/health_screen.dart:290:15: Error: Expected ';' after this.
              }
              ^
lib/features/health/health_screen.dart:291:13: Error: Unexpected token ';'.
            ),
            ^
lib/features/health/health_screen.dart:291:14: Error: Expected an identifier, but got ','.
Try inserting an identifier before ','.
            ),
             ^
lib/features/health/health_screen.dart:291:13: Error: Expected ';' after this.
            ),
            ^
lib/features/health/health_screen.dart:291:14: Error: Unexpected token ';'.
            ),
             ^
lib/features/health/health_screen.dart:292:37: Error: Expected ';' after this.
            child: const Text('Save'),
                                    ^
lib/features/health/health_screen.dart:292:38: Error: Expected an identifier, but got ','.
Try inserting an identifier before ','.
            child: const Text('Save'),
                                     ^
lib/features/health/health_screen.dart:292:38: Error: Unexpected token ';'.
            child: const Text('Save'),
                                     ^
lib/features/health/health_screen.dart:275:25: Error: Required named parameter 'child' must be provided.
          ElevatedButton(
                        ^
/C:/Flutter/flutter3293/packages/flutter/lib/src/material/elevated_button.dart:71:9: Context: Found this candidate, but the arguments don't match.
  const ElevatedButton({
        ^^^^^^^^^^^^^^
lib/features/productivity/screens/voice_notes_screen.dart:47:29: Error: Can't find '}' to match '{'.
              data: (notes) {
                            ^
lib/features/productivity/screens/voice_notes_screen.dart:88:42: Error: Can't find '}' to match '{'.
            builder: (context, snapshot) {
                                         ^
lib/features/productivity/screens/voice_notes_screen.dart:170:29: Error: Can't find '}' to match '{'.
              onPressed: () {
                            ^
lib/features/productivity/screens/voice_notes_screen.dart:168:20: Error: Can't find ']' to match '['.
          actions: [
                   ^
lib/features/productivity/screens/voice_notes_screen.dart:180:35: Error: Can't find '}' to match '{'.
              onPressed: () async {
                                  ^
lib/features/productivity/screens/voice_notes_screen.dart:63:15: Error: Expected an identifier, but got ')'.
Try inserting an identifier before ')'.
              ),
              ^
lib/features/productivity/screens/voice_notes_screen.dart:62:18: Error: Expected ';' after this.
                );
                 ^
lib/features/productivity/screens/voice_notes_screen.dart:63:15: Error: Unexpected token ';'.
              ),
              ^
lib/features/productivity/screens/voice_notes_screen.dart:63:16: Error: Expected an identifier, but got ','.
Try inserting an identifier before ','.
              ),
               ^
lib/features/productivity/screens/voice_notes_screen.dart:63:15: Error: Expected ';' after this.
              ),
              ^
lib/features/productivity/screens/voice_notes_screen.dart:63:16: Error: Unexpected token ';'.
              ),
               ^
lib/features/productivity/screens/voice_notes_screen.dart:94:13: Error: Expected an identifier, but got ')'.
Try inserting an identifier before ')'.
            ),
            ^
lib/features/productivity/screens/voice_notes_screen.dart:93:114: Error: Expected ';' after this.
              return Text('$minutes:$seconds', style: const TextStyle(fontSize: 24, fontWeight: FontWeight.bold));
                                                                                          ^
lib/features/productivity/screens/voice_notes_screen.dart:94:13: Error: Unexpected token ';'.
            ),
            ^
lib/features/productivity/screens/voice_notes_screen.dart:94:14: Error: Expected an identifier, but got ','.
Try inserting an identifier before ','.
            ),
             ^
lib/features/productivity/screens/voice_notes_screen.dart:94:13: Error: Expected ';' after this.
            ),
            ^
lib/features/productivity/screens/voice_notes_screen.dart:94:14: Error: Unexpected token ';'.
            ),
             ^
lib/features/productivity/screens/voice_notes_screen.dart:169:23: Error: Required named parameter 'child' must be provided.
            TextButton(
                      ^
/C:/Flutter/flutter3293/packages/flutter/lib/src/material/text_button.dart:83:9: Context: Found this candidate, but the arguments don't match.
  const TextButton({
        ^^^^^^^^^^
lib/features/productivity/screens/voice_notes_screen.dart:177:20: Error: Expected ')' before this.
              child: const Text('Discard'),
                   ^
lib/features/productivity/screens/voice_notes_screen.dart:179:27: Error: Required named parameter 'child' must be provided.
            ElevatedButton(
                          ^
/C:/Flutter/flutter3293/packages/flutter/lib/src/material/elevated_button.dart:71:9: Context: Found this candidate, but the arguments don't match.
  const ElevatedButton({
        ^^^^^^^^^^^^^^
lib/features/productivity/screens/voice_notes_screen.dart:156:17: Error: Too many positional arguments: 0 allowed, but 1 found.
Try removing the extra positional arguments.
      showDialog(
                ^
/C:/Flutter/flutter3293/packages/flutter/lib/src/material/dialog.dart:1440:12: Context: Found this candidate, but the arguments don't match.
Future<T?> showDialog<T>({
           ^^^^^^^^^^
lib/features/productivity/screens/voice_notes_screen.dart:196:13: Error: Expected ';' after this.
            ),
            ^
lib/features/productivity/screens/voice_notes_screen.dart:196:14: Error: Expected an identifier, but got ','.
Try inserting an identifier before ','.
            ),
             ^
lib/features/productivity/screens/voice_notes_screen.dart:196:14: Error: Unexpected token ','.
            ),
             ^
lib/features/productivity/screens/voice_notes_screen.dart:197:11: Error: Expected an identifier, but got ']'.
Try inserting an identifier before ']'.
          ],
          ^
lib/features/productivity/screens/voice_notes_screen.dart:196:14: Error: Expected ';' after this.
            ),
             ^
lib/features/productivity/screens/voice_notes_screen.dart:197:11: Error: Unexpected token ']'.
          ],
          ^
lib/features/productivity/screens/voice_notes_screen.dart:197:12: Error: Expected an identifier, but got ','.
Try inserting an identifier before ','.
          ],
           ^
lib/features/productivity/screens/voice_notes_screen.dart:197:11: Error: Expected ';' after this.
          ],
          ^
lib/features/productivity/screens/voice_notes_screen.dart:197:12: Error: Unexpected token ','.
          ],
           ^
lib/features/productivity/screens/voice_notes_screen.dart:198:9: Error: Expected an identifier, but got ')'.
Try inserting an identifier before ')'.
        ),
        ^
lib/features/productivity/screens/voice_notes_screen.dart:197:12: Error: Expected ';' after this.
          ],
           ^
lib/features/productivity/screens/voice_notes_screen.dart:198:9: Error: Unexpected token ')'.
        ),
        ^
lib/features/productivity/screens/voice_notes_screen.dart:198:10: Error: Expected an identifier, but got ','.
Try inserting an identifier before ','.
        ),
         ^
lib/features/productivity/screens/voice_notes_screen.dart:198:9: Error: Expected ';' after this.
        ),
        ^
lib/features/productivity/screens/voice_notes_screen.dart:198:10: Error: Unexpected token ','.
        ),
         ^
lib/features/productivity/screens/voice_notes_screen.dart:199:7: Error: Expected an identifier, but got ')'.
Try inserting an identifier before ')'.
      );
      ^
lib/features/productivity/screens/voice_notes_screen.dart:198:10: Error: Expected ';' after this.
        ),
         ^
lib/features/productivity/screens/voice_notes_screen.dart:199:7: Error: Unexpected token ')'.
      );
      ^
lib/features/productivity/screens/notes_screen.dart:38:23: Error: Can't find '}' to match '{'.
        data: (notes) {
                      ^
lib/features/productivity/screens/notes_screen.dart:180:35: Error: Can't find '}' to match '{'.
              onPressed: () async {
                                  ^
lib/features/productivity/screens/notes_screen.dart:264:35: Error: Can't find '}' to match '{'.
              onPressed: () async {
                                  ^
lib/features/productivity/screens/notes_screen.dart:61:7: Error: Expected ';' after this.
      ),
      ^
lib/features/productivity/screens/notes_screen.dart:61:8: Error: Expected an identifier, but got ','.
Try inserting an identifier before ','.
      ),
       ^
lib/features/productivity/screens/notes_screen.dart:61:8: Error: Unexpected token ';'.
      ),
       ^
lib/features/productivity/screens/notes_screen.dart:65:7: Error: Expected ';' after this.
      ),
      ^
lib/features/productivity/screens/notes_screen.dart:65:8: Error: Expected an identifier, but got ','.
Try inserting an identifier before ','.
      ),
       ^
lib/features/productivity/screens/notes_screen.dart:65:8: Error: Unexpected token ';'.
      ),
       ^
lib/features/productivity/screens/notes_screen.dart:66:5: Error: Expected an identifier, but got ')'.
Try inserting an identifier before ')'.
    );
    ^
lib/features/productivity/screens/notes_screen.dart:65:8: Error: Expected ';' after this.
      ),
       ^
lib/features/productivity/screens/notes_screen.dart:66:5: Error: Unexpected token ';'.
    );
    ^
lib/features/productivity/screens/notes_screen.dart:190:15: Error: Expected an identifier, but got ')'.
Try inserting an identifier before ')'.
              ),
              ^
lib/features/productivity/screens/notes_screen.dart:189:60: Error: Expected ';' after this.
                if (context.mounted) Navigator.pop(context);
                                                           ^
lib/features/productivity/screens/notes_screen.dart:190:15: Error: Unexpected token ';'.
              ),
              ^
lib/features/productivity/screens/notes_screen.dart:190:16: Error: Expected an identifier, but got ','.
Try inserting an identifier before ','.
              ),
               ^
lib/features/productivity/screens/notes_screen.dart:190:15: Error: Expected ';' after this.
              ),
              ^
lib/features/productivity/screens/notes_screen.dart:190:16: Error: Unexpected token ';'.
              ),
               ^
lib/features/productivity/screens/notes_screen.dart:191:39: Error: Expected ';' after this.
              child: const Text('Save'),
                                      ^
lib/features/productivity/screens/notes_screen.dart:191:40: Error: Expected an identifier, but got ','.
Try inserting an identifier before ','.
              child: const Text('Save'),
                                       ^
lib/features/productivity/screens/notes_screen.dart:191:40: Error: Unexpected token ';'.
              child: const Text('Save'),
                                       ^
lib/features/productivity/screens/notes_screen.dart:179:27: Error: Required named parameter 'child' must be provided.
            ElevatedButton(
                          ^
/C:/Flutter/flutter3293/packages/flutter/lib/src/material/elevated_button.dart:71:9: Context: Found this candidate, but the arguments don't match.
  const ElevatedButton({
        ^^^^^^^^^^^^^^
lib/features/productivity/screens/notes_screen.dart:272:15: Error: Expected an identifier, but got ')'.
Try inserting an identifier before ')'.
              ),
              ^
lib/features/productivity/screens/notes_screen.dart:271:60: Error: Expected ';' after this.
                if (context.mounted) Navigator.pop(context);
                                                           ^
lib/features/productivity/screens/notes_screen.dart:272:15: Error: Unexpected token ';'.
              ),
              ^
lib/features/productivity/screens/notes_screen.dart:272:16: Error: Expected an identifier, but got ','.
Try inserting an identifier before ','.
              ),
               ^
lib/features/productivity/screens/notes_screen.dart:272:15: Error: Expected ';' after this.
              ),
              ^
lib/features/productivity/screens/notes_screen.dart:272:16: Error: Unexpected token ';'.
              ),
               ^
lib/features/productivity/screens/notes_screen.dart:273:39: Error: Expected ';' after this.
              child: const Text('Save'),
                                      ^
lib/features/productivity/screens/notes_screen.dart:273:40: Error: Expected an identifier, but got ','.
Try inserting an identifier before ','.
              child: const Text('Save'),
                                       ^
lib/features/productivity/screens/notes_screen.dart:273:40: Error: Unexpected token ';'.
              child: const Text('Save'),
                                       ^
lib/features/productivity/screens/notes_screen.dart:263:27: Error: Required named parameter 'child' must be provided.
            ElevatedButton(
                          ^
/C:/Flutter/flutter3293/packages/flutter/lib/src/material/elevated_button.dart:71:9: Context: Found this candidate, but the arguments don't match.
  const ElevatedButton({
        ^^^^^^^^^^^^^^
lib/features/productivity/screens/journal_screen.dart:62:43: Error: Can't find '}' to match '{'.
            itemBuilder: (context, index) {
                                          ^
lib/features/productivity/screens/journal_screen.dart:34:25: Error: Can't find '}' to match '{'.
        data: (entries) {
                        ^
lib/features/productivity/screens/journal_screen.dart:189:35: Error: Can't find '}' to match '{'.
              onPressed: () async {
                                  ^
lib/features/productivity/screens/journal_screen.dart:81:13: Error: Expected ';' after this.
            ),
            ^
lib/features/productivity/screens/journal_screen.dart:81:14: Error: Expected an identifier, but got ','.
Try inserting an identifier before ','.
            ),
             ^
lib/features/productivity/screens/journal_screen.dart:81:14: Error: Unexpected token ';'.
            ),
             ^
lib/features/productivity/screens/journal_screen.dart:82:12: Error: Expected ')' before this.
          );
           ^
lib/features/productivity/screens/journal_screen.dart:83:9: Error: Expected ';' after this.
        ),
        ^
lib/features/productivity/screens/journal_screen.dart:83:10: Error: Expected an identifier, but got ','.
Try inserting an identifier before ','.
        ),
         ^
lib/features/productivity/screens/journal_screen.dart:83:10: Error: Unexpected token ';'.
        ),
         ^
lib/features/productivity/screens/journal_screen.dart:84:7: Error: Expected an identifier, but got ')'.
Try inserting an identifier before ')'.
      ),
      ^
lib/features/productivity/screens/journal_screen.dart:83:10: Error: Expected ';' after this.
        ),
         ^
lib/features/productivity/screens/journal_screen.dart:84:7: Error: Unexpected token ';'.
      ),
      ^
lib/features/productivity/screens/journal_screen.dart:84:8: Error: Expected an identifier, but got ','.
Try inserting an identifier before ','.
      ),
       ^
lib/features/productivity/screens/journal_screen.dart:84:7: Error: Expected ';' after this.
      ),
      ^
lib/features/productivity/screens/journal_screen.dart:84:8: Error: Unexpected token ';'.
      ),
       ^
lib/features/productivity/screens/journal_screen.dart:88:7: Error: Expected ';' after this.
      ),
      ^
lib/features/productivity/screens/journal_screen.dart:88:8: Error: Expected an identifier, but got ','.
Try inserting an identifier before ','.
      ),
       ^
lib/features/productivity/screens/journal_screen.dart:88:8: Error: Unexpected token ';'.
      ),
       ^
lib/features/productivity/screens/journal_screen.dart:89:5: Error: Expected an identifier, but got ')'.
Try inserting an identifier before ')'.
    );
    ^
lib/features/productivity/screens/journal_screen.dart:88:8: Error: Expected ';' after this.
      ),
       ^
lib/features/productivity/screens/journal_screen.dart:89:5: Error: Unexpected token ';'.
    );
    ^
lib/features/productivity/screens/journal_screen.dart:200:15: Error: Expected an identifier, but got ')'.
Try inserting an identifier before ')'.
              ),
              ^
lib/features/productivity/screens/journal_screen.dart:199:60: Error: Expected ';' after this.
                if (context.mounted) Navigator.pop(context);
                                                           ^
lib/features/productivity/screens/journal_screen.dart:200:15: Error: Unexpected token ';'.
              ),
              ^
lib/features/productivity/screens/journal_screen.dart:200:16: Error: Expected an identifier, but got ','.
Try inserting an identifier before ','.
              ),
               ^
lib/features/productivity/screens/journal_screen.dart:200:15: Error: Expected ';' after this.
              ),
              ^
lib/features/productivity/screens/journal_screen.dart:200:16: Error: Unexpected token ';'.
              ),
               ^
lib/features/productivity/screens/journal_screen.dart:201:39: Error: Expected ';' after this.
              child: const Text('Save'),
                                      ^
lib/features/productivity/screens/journal_screen.dart:201:40: Error: Expected an identifier, but got ','.
Try inserting an identifier before ','.
              child: const Text('Save'),
                                       ^
lib/features/productivity/screens/journal_screen.dart:201:40: Error: Unexpected token ';'.
              child: const Text('Save'),
                                       ^
lib/features/productivity/screens/journal_screen.dart:188:27: Error: Required named parameter 'child' must be provided.
            ElevatedButton(
                          ^
/C:/Flutter/flutter3293/packages/flutter/lib/src/material/elevated_button.dart:71:9: Context: Found this candidate, but the arguments don't match.
  const ElevatedButton({
        ^^^^^^^^^^^^^^
lib/features/productivity/screens/projects_screen.dart:34:26: Error: Can't find '}' to match '{'.
        data: (projects) {
                         ^
lib/features/productivity/screens/projects_screen.dart:201:35: Error: Can't find '}' to match '{'.
                  onTap: () async {
                                  ^
lib/features/productivity/screens/projects_screen.dart:192:25: Error: Can't find ']' to match '['.
              children: [
                        ^
lib/features/productivity/screens/projects_screen.dart:217:35: Error: Can't find '}' to match '{'.
              onPressed: () async {
                                  ^
lib/features/productivity/screens/projects_screen.dart:73:7: Error: Expected ';' after this.
      ),
      ^
lib/features/productivity/screens/projects_screen.dart:73:8: Error: Expected an identifier, but got ','.
Try inserting an identifier before ','.
      ),
       ^
lib/features/productivity/screens/projects_screen.dart:73:8: Error: Unexpected token ';'.
      ),
       ^
lib/features/productivity/screens/projects_screen.dart:77:7: Error: Expected ';' after this.
      ),
      ^
lib/features/productivity/screens/projects_screen.dart:77:8: Error: Expected an identifier, but got ','.
Try inserting an identifier before ','.
      ),
       ^
lib/features/productivity/screens/projects_screen.dart:77:8: Error: Unexpected token ';'.
      ),
       ^
lib/features/productivity/screens/projects_screen.dart:78:5: Error: Expected an identifier, but got ')'.
Try inserting an identifier before ')'.
    );
    ^
lib/features/productivity/screens/projects_screen.dart:77:8: Error: Expected ';' after this.
      ),
       ^
lib/features/productivity/screens/projects_screen.dart:78:5: Error: Unexpected token ';'.
    );
    ^
lib/features/productivity/screens/projects_screen.dart:211:15: Error: Expected an identifier, but got ']'.
Try inserting an identifier before ']'.
              ],
              ^
lib/features/productivity/screens/projects_screen.dart:211:15: Error: Expected ')' before this.
              ],
              ^
lib/features/productivity/screens/projects_screen.dart:189:41: Error: Too many positional arguments: 0 allowed, but 1 found.
Try removing the extra positional arguments.
          content: SingleChildScrollView(
                                        ^
/C:/Flutter/flutter3293/packages/flutter/lib/src/widgets/single_child_scroll_view.dart:148:9: Context: Found this candidate, but the arguments don't match.
  const SingleChildScrollView({
        ^^^^^^^^^^^^^^^^^^^^^
lib/features/productivity/screens/projects_screen.dart:229:15: Error: Expected an identifier, but got ')'.
Try inserting an identifier before ')'.
              ),
              ^
lib/features/productivity/screens/projects_screen.dart:228:60: Error: Expected ';' after this.
                if (context.mounted) Navigator.pop(context);
                                                           ^
lib/features/productivity/screens/projects_screen.dart:229:15: Error: Unexpected token ';'.
              ),
              ^
lib/features/productivity/screens/projects_screen.dart:229:16: Error: Expected an identifier, but got ','.
Try inserting an identifier before ','.
              ),
               ^
lib/features/productivity/screens/projects_screen.dart:229:15: Error: Expected ';' after this.
              ),
              ^
lib/features/productivity/screens/projects_screen.dart:229:16: Error: Unexpected token ';'.
              ),
               ^
lib/features/productivity/screens/projects_screen.dart:230:41: Error: Expected ';' after this.
              child: const Text('Create'),
                                        ^
lib/features/productivity/screens/projects_screen.dart:230:42: Error: Expected an identifier, but got ','.
Try inserting an identifier before ','.
              child: const Text('Create'),
                                         ^
lib/features/productivity/screens/projects_screen.dart:230:42: Error: Unexpected token ';'.
              child: const Text('Create'),
                                         ^
lib/features/productivity/screens/projects_screen.dart:216:27: Error: Required named parameter 'child' must be provided.
            ElevatedButton(
                          ^
/C:/Flutter/flutter3293/packages/flutter/lib/src/material/elevated_button.dart:71:9: Context: Found this candidate, but the arguments don't match.
  const ElevatedButton({
        ^^^^^^^^^^^^^^
lib/features/productivity/screens/projects_screen.dart:214:11: Error: No named parameter with the name 'actions'.
          actions: [
          ^^^^^^^
/C:/Flutter/flutter3293/packages/flutter/lib/src/widgets/basic.dart:7874:9: Context: Found this candidate, but the arguments don't match.
  const StatefulBuilder({super.key, required this.builder});
        ^^^^^^^^^^^^^^^
lib/features/productivity/screens/projects_screen.dart:234:7: Error: Expected ';' after this.
      ),
      ^
lib/features/productivity/screens/projects_screen.dart:234:8: Error: Expected an identifier, but got ','.
Try inserting an identifier before ','.
      ),
       ^
lib/features/productivity/screens/projects_screen.dart:234:8: Error: Unexpected token ';'.
      ),
       ^
lib/features/productivity/screens/projects_screen.dart:235:5: Error: Expected an identifier, but got ')'.
Try inserting an identifier before ')'.
    );
    ^
lib/features/productivity/screens/projects_screen.dart:234:8: Error: Expected ';' after this.
      ),
       ^
lib/features/productivity/screens/projects_screen.dart:235:5: Error: Unexpected token ';'.
    );
    ^
lib/features/productivity/screens/time_tracking_screen.dart:43:25: Error: Can't find '}' to match '{'.
        data: (entries) {
                        ^
lib/features/productivity/screens/time_tracking_screen.dart:99:44: Error: Can't find '}' to match '{'.
              builder: (context, snapshot) {
                                           ^
lib/features/productivity/screens/time_tracking_screen.dart:175:56: Error: Can't find '}' to match '{'.
                        getTitlesWidget: (value, meta) {
                                                       ^
lib/features/productivity/screens/time_tracking_screen.dart:239:27: Error: Can't find '}' to match '{'.
            onPressed: () {
                          ^
lib/features/productivity/screens/time_tracking_screen.dart:73:7: Error: Expected ';' after this.
      ),
      ^
lib/features/productivity/screens/time_tracking_screen.dart:73:8: Error: Expected an identifier, but got ','.
Try inserting an identifier before ','.
      ),
       ^
lib/features/productivity/screens/time_tracking_screen.dart:73:8: Error: Unexpected token ';'.
      ),
       ^
lib/features/productivity/screens/time_tracking_screen.dart:78:7: Error: Expected ';' after this.
      ),
      ^
lib/features/productivity/screens/time_tracking_screen.dart:78:8: Error: Expected an identifier, but got ','.
Try inserting an identifier before ','.
      ),
       ^
lib/features/productivity/screens/time_tracking_screen.dart:78:8: Error: Unexpected token ';'.
      ),
       ^
lib/features/productivity/screens/time_tracking_screen.dart:79:5: Error: Expected an identifier, but got ')'.
Try inserting an identifier before ')'.
    );
    ^
lib/features/productivity/screens/time_tracking_screen.dart:78:8: Error: Expected ';' after this.
      ),
       ^
lib/features/productivity/screens/time_tracking_screen.dart:79:5: Error: Unexpected token ';'.
    );
    ^
lib/features/productivity/screens/time_tracking_screen.dart:105:15: Error: Expected an identifier, but got ')'.
Try inserting an identifier before ')'.
              ),
              ^
lib/features/productivity/screens/time_tracking_screen.dart:104:123: Error: Expected ';' after this.
                return Text('$hours:$minutes:$seconds', style: const TextStyle(fontSize: 32, fontWeight: FontWeight.bold));
                                                                                          ^
lib/features/productivity/screens/time_tracking_screen.dart:105:15: Error: Unexpected token ';'.
              ),
              ^
lib/features/productivity/screens/time_tracking_screen.dart:105:16: Error: Expected an identifier, but got ','.
Try inserting an identifier before ','.
              ),
               ^
lib/features/productivity/screens/time_tracking_screen.dart:105:15: Error: Expected ';' after this.
              ),
              ^
lib/features/productivity/screens/time_tracking_screen.dart:105:16: Error: Unexpected token ';'.
              ),
               ^
lib/features/productivity/screens/time_tracking_screen.dart:181:21: Error: No named parameter with the name 'leftTitles'.
                    leftTitles: const AxisTitles(sideTitles: SideTitles(showTitles: true, reservedSize: 30)),
                    ^^^^^^^^^^
../../../../../AppData/Local/Pub/Cache/hosted/pub.dev/fl_chart-0.68.0/lib/src/chart/bar_chart/bar_chart_data.dart:36:3: Context: Found this candidate, but the arguments don't match.
  BarChartData({
  ^^^^^^^^^^^^
lib/features/productivity/screens/time_tracking_screen.dart:185:19: Error: No named parameter with the name 'borderData'.
                  borderData: FlBorderData(show: false),
                  ^^^^^^^^^^
../../../../../AppData/Local/Pub/Cache/hosted/pub.dev/fl_chart-0.68.0/lib/src/chart/bar_chart/bar_chart.dart:14:9: Context: Found this candidate, but the arguments don't match.
  const BarChart(
        ^^^^^^^^
lib/features/productivity/screens/time_tracking_screen.dart:189:13: Error: Expected an identifier, but got ')'.
Try inserting an identifier before ')'.
            ),
            ^
lib/features/productivity/screens/time_tracking_screen.dart:189:13: Error: Expected ']' before this.
            ),
            ^
lib/features/productivity/screens/time_tracking_screen.dart:246:13: Error: Expected an identifier, but got ')'.
Try inserting an identifier before ')'.
            ),
            ^
lib/features/productivity/screens/time_tracking_screen.dart:245:37: Error: Expected ';' after this.
              Navigator.pop(context);
                                    ^
lib/features/productivity/screens/time_tracking_screen.dart:246:13: Error: Unexpected token ';'.
            ),
            ^
lib/features/productivity/screens/time_tracking_screen.dart:246:14: Error: Expected an identifier, but got ','.
Try inserting an identifier before ','.
            ),
             ^
lib/features/productivity/screens/time_tracking_screen.dart:246:13: Error: Expected ';' after this.
            ),
            ^
lib/features/productivity/screens/time_tracking_screen.dart:246:14: Error: Unexpected token ';'.
            ),
             ^
lib/features/productivity/screens/time_tracking_screen.dart:247:38: Error: Expected ';' after this.
            child: const Text('Start'),
                                     ^
lib/features/productivity/screens/time_tracking_screen.dart:247:39: Error: Expected an identifier, but got ','.
Try inserting an identifier before ','.
            child: const Text('Start'),
                                      ^
lib/features/productivity/screens/time_tracking_screen.dart:247:39: Error: Unexpected token ';'.
            child: const Text('Start'),
                                      ^
lib/features/productivity/screens/time_tracking_screen.dart:238:25: Error: Required named parameter 'child' must be provided.
          ElevatedButton(
                        ^
/C:/Flutter/flutter3293/packages/flutter/lib/src/material/elevated_button.dart:71:9: Context: Found this candidate, but the arguments don't match.
  const ElevatedButton({
        ^^^^^^^^^^^^^^
lib/features/productivity/screens/habits_screen.dart:40:24: Error: Can't find '}' to match '{'.
        data: (habits) {
                       ^
lib/features/productivity/screens/habits_screen.dart:185:35: Error: Can't find '}' to match '{'.
              onPressed: () async {
                                  ^
lib/features/productivity/screens/habits_screen.dart:65:7: Error: Expected ';' after this.
      ),
      ^
lib/features/productivity/screens/habits_screen.dart:65:8: Error: Expected an identifier, but got ','.
Try inserting an identifier before ','.
      ),
       ^
lib/features/productivity/screens/habits_screen.dart:65:8: Error: Unexpected token ';'.
      ),
       ^
lib/features/productivity/screens/habits_screen.dart:69:7: Error: Expected ';' after this.
      ),
      ^
lib/features/productivity/screens/habits_screen.dart:69:8: Error: Expected an identifier, but got ','.
Try inserting an identifier before ','.
      ),
       ^
lib/features/productivity/screens/habits_screen.dart:69:8: Error: Unexpected token ';'.
      ),
       ^
lib/features/productivity/screens/habits_screen.dart:70:5: Error: Expected an identifier, but got ')'.
Try inserting an identifier before ')'.
    );
    ^
lib/features/productivity/screens/habits_screen.dart:69:8: Error: Expected ';' after this.
      ),
       ^
lib/features/productivity/screens/habits_screen.dart:70:5: Error: Unexpected token ';'.
    );
    ^
lib/features/productivity/screens/habits_screen.dart:196:15: Error: Expected an identifier, but got ')'.
Try inserting an identifier before ')'.
              ),
              ^
lib/features/productivity/screens/habits_screen.dart:195:60: Error: Expected ';' after this.
                if (context.mounted) Navigator.pop(context);
                                                           ^
lib/features/productivity/screens/habits_screen.dart:196:15: Error: Unexpected token ';'.
              ),
              ^
lib/features/productivity/screens/habits_screen.dart:196:16: Error: Expected an identifier, but got ','.
Try inserting an identifier before ','.
              ),
               ^
lib/features/productivity/screens/habits_screen.dart:196:15: Error: Expected ';' after this.
              ),
              ^
lib/features/productivity/screens/habits_screen.dart:196:16: Error: Unexpected token ';'.
              ),
               ^
lib/features/productivity/screens/habits_screen.dart:197:38: Error: Expected ';' after this.
              child: const Text('Add'),
                                     ^
lib/features/productivity/screens/habits_screen.dart:197:39: Error: Expected an identifier, but got ','.
Try inserting an identifier before ','.
              child: const Text('Add'),
                                      ^
lib/features/productivity/screens/habits_screen.dart:197:39: Error: Unexpected token ';'.
              child: const Text('Add'),
                                      ^
lib/features/productivity/screens/habits_screen.dart:184:27: Error: Required named parameter 'child' must be provided.
            ElevatedButton(
                          ^
/C:/Flutter/flutter3293/packages/flutter/lib/src/material/elevated_button.dart:71:9: Context: Found this candidate, but the arguments don't match.
  const ElevatedButton({
        ^^^^^^^^^^^^^^
lib/features/finance/screens/receipts_screen.dart:39:43: Error: Can't find '}' to match '{'.
            itemBuilder: (context, index) {
                                          ^
lib/features/finance/screens/receipts_screen.dart:25:26: Error: Can't find '}' to match '{'.
        data: (receipts) {
                         ^
lib/features/finance/screens/receipts_screen.dart:64:13: Error: Expected ';' after this.
            ),
            ^
lib/features/finance/screens/receipts_screen.dart:64:14: Error: Expected an identifier, but got ','.
Try inserting an identifier before ','.
            ),
             ^
lib/features/finance/screens/receipts_screen.dart:64:14: Error: Unexpected token ';'.
            ),
             ^
lib/features/finance/screens/receipts_screen.dart:65:12: Error: Expected ')' before this.
          );
           ^
lib/features/finance/screens/receipts_screen.dart:66:9: Error: Expected ';' after this.
        ),
        ^
lib/features/finance/screens/receipts_screen.dart:66:10: Error: Expected an identifier, but got ','.
Try inserting an identifier before ','.
        ),
         ^
lib/features/finance/screens/receipts_screen.dart:66:10: Error: Unexpected token ';'.
        ),
         ^
lib/features/finance/screens/receipts_screen.dart:67:7: Error: Expected an identifier, but got ')'.
Try inserting an identifier before ')'.
      ),
      ^
lib/features/finance/screens/receipts_screen.dart:66:10: Error: Expected ';' after this.
        ),
         ^
lib/features/finance/screens/receipts_screen.dart:67:7: Error: Unexpected token ';'.
      ),
      ^
lib/features/finance/screens/receipts_screen.dart:67:8: Error: Expected an identifier, but got ','.
Try inserting an identifier before ','.
      ),
       ^
lib/features/finance/screens/receipts_screen.dart:67:7: Error: Expected ';' after this.
      ),
      ^
lib/features/finance/screens/receipts_screen.dart:67:8: Error: Unexpected token ';'.
      ),
       ^
lib/features/finance/screens/receipts_screen.dart:71:7: Error: Expected ';' after this.
      ),
      ^
lib/features/finance/screens/receipts_screen.dart:71:8: Error: Expected an identifier, but got ','.
Try inserting an identifier before ','.
      ),
       ^
lib/features/finance/screens/receipts_screen.dart:71:8: Error: Unexpected token ';'.
      ),
       ^
lib/features/finance/screens/receipts_screen.dart:72:5: Error: Expected an identifier, but got ')'.
Try inserting an identifier before ')'.
    );
    ^
lib/features/finance/screens/receipts_screen.dart:71:8: Error: Expected ';' after this.
      ),
       ^
lib/features/finance/screens/receipts_screen.dart:72:5: Error: Unexpected token ';'.
    );
    ^
lib/features/finance/screens/assets_screen.dart:34:24: Error: Can't find '}' to match '{'.
        data: (assets) {
                       ^
lib/features/finance/screens/assets_screen.dart:193:35: Error: Can't find '}' to match '{'.
                  onTap: () async {
                                  ^
lib/features/finance/screens/assets_screen.dart:177:25: Error: Can't find ']' to match '['.
              children: [
                        ^
lib/features/finance/screens/assets_screen.dart:209:35: Error: Can't find '}' to match '{'.
              onPressed: () async {
                                  ^
lib/features/finance/screens/assets_screen.dart:76:7: Error: Expected ';' after this.
      ),
      ^
lib/features/finance/screens/assets_screen.dart:76:8: Error: Expected an identifier, but got ','.
Try inserting an identifier before ','.
      ),
       ^
lib/features/finance/screens/assets_screen.dart:76:8: Error: Unexpected token ';'.
      ),
       ^
lib/features/finance/screens/assets_screen.dart:80:7: Error: Expected ';' after this.
      ),
      ^
lib/features/finance/screens/assets_screen.dart:80:8: Error: Expected an identifier, but got ','.
Try inserting an identifier before ','.
      ),
       ^
lib/features/finance/screens/assets_screen.dart:80:8: Error: Unexpected token ';'.
      ),
       ^
lib/features/finance/screens/assets_screen.dart:81:5: Error: Expected an identifier, but got ')'.
Try inserting an identifier before ')'.
    );
    ^
lib/features/finance/screens/assets_screen.dart:80:8: Error: Expected ';' after this.
      ),
       ^
lib/features/finance/screens/assets_screen.dart:81:5: Error: Unexpected token ';'.
    );
    ^
lib/features/finance/screens/assets_screen.dart:203:15: Error: Expected an identifier, but got ']'.
Try inserting an identifier before ']'.
              ],
              ^
lib/features/finance/screens/assets_screen.dart:203:15: Error: Expected ')' before this.
              ],
              ^
lib/features/finance/screens/assets_screen.dart:174:41: Error: Too many positional arguments: 0 allowed, but 1 found.
Try removing the extra positional arguments.
          content: SingleChildScrollView(
                                        ^
/C:/Flutter/flutter3293/packages/flutter/lib/src/widgets/single_child_scroll_view.dart:148:9: Context: Found this candidate, but the arguments don't match.
  const SingleChildScrollView({
        ^^^^^^^^^^^^^^^^^^^^^
lib/features/finance/screens/assets_screen.dart:220:15: Error: Expected an identifier, but got ')'.
Try inserting an identifier before ')'.
              ),
              ^
lib/features/finance/screens/assets_screen.dart:219:60: Error: Expected ';' after this.
                if (context.mounted) Navigator.pop(context);
                                                           ^
lib/features/finance/screens/assets_screen.dart:220:15: Error: Unexpected token ';'.
              ),
              ^
lib/features/finance/screens/assets_screen.dart:220:16: Error: Expected an identifier, but got ','.
Try inserting an identifier before ','.
              ),
               ^
lib/features/finance/screens/assets_screen.dart:220:15: Error: Expected ';' after this.
              ),
              ^
lib/features/finance/screens/assets_screen.dart:220:16: Error: Unexpected token ';'.
              ),
               ^
lib/features/finance/screens/assets_screen.dart:221:38: Error: Expected ';' after this.
              child: const Text('Add'),
                                     ^
lib/features/finance/screens/assets_screen.dart:221:39: Error: Expected an identifier, but got ','.
Try inserting an identifier before ','.
              child: const Text('Add'),
                                      ^
lib/features/finance/screens/assets_screen.dart:221:39: Error: Unexpected token ';'.
              child: const Text('Add'),
                                      ^
lib/features/finance/screens/assets_screen.dart:208:27: Error: Required named parameter 'child' must be provided.
            ElevatedButton(
                          ^
/C:/Flutter/flutter3293/packages/flutter/lib/src/material/elevated_button.dart:71:9: Context: Found this candidate, but the arguments don't match.
  const ElevatedButton({
        ^^^^^^^^^^^^^^
lib/features/finance/screens/assets_screen.dart:206:11: Error: No named parameter with the name 'actions'.
          actions: [
          ^^^^^^^
/C:/Flutter/flutter3293/packages/flutter/lib/src/widgets/basic.dart:7874:9: Context: Found this candidate, but the arguments don't match.
  const StatefulBuilder({super.key, required this.builder});
        ^^^^^^^^^^^^^^^
lib/features/finance/screens/assets_screen.dart:225:7: Error: Expected ';' after this.
      ),
      ^
lib/features/finance/screens/assets_screen.dart:225:8: Error: Expected an identifier, but got ','.
Try inserting an identifier before ','.
      ),
       ^
lib/features/finance/screens/assets_screen.dart:225:8: Error: Unexpected token ';'.
      ),
       ^
lib/features/finance/screens/assets_screen.dart:226:5: Error: Expected an identifier, but got ')'.
Try inserting an identifier before ')'.
    );
    ^
lib/features/finance/screens/assets_screen.dart:225:8: Error: Expected ';' after this.
      ),
       ^
lib/features/finance/screens/assets_screen.dart:226:5: Error: Unexpected token ';'.
    );
    ^
lib/features/finance/screens/debts_screen.dart:34:23: Error: Can't find '}' to match '{'.
        data: (debts) {
                      ^
lib/features/finance/screens/debts_screen.dart:162:35: Error: Can't find '}' to match '{'.
                  onTap: () async {
                                  ^
lib/features/finance/screens/debts_screen.dart:151:25: Error: Can't find ']' to match '['.
              children: [
                        ^
lib/features/finance/screens/debts_screen.dart:178:35: Error: Can't find '}' to match '{'.
              onPressed: () async {
                                  ^
lib/features/finance/screens/debts_screen.dart:66:7: Error: Expected ';' after this.
      ),
      ^
lib/features/finance/screens/debts_screen.dart:66:8: Error: Expected an identifier, but got ','.
Try inserting an identifier before ','.
      ),
       ^
lib/features/finance/screens/debts_screen.dart:66:8: Error: Unexpected token ';'.
      ),
       ^
lib/features/finance/screens/debts_screen.dart:70:7: Error: Expected ';' after this.
      ),
      ^
lib/features/finance/screens/debts_screen.dart:70:8: Error: Expected an identifier, but got ','.
Try inserting an identifier before ','.
      ),
       ^
lib/features/finance/screens/debts_screen.dart:70:8: Error: Unexpected token ';'.
      ),
       ^
lib/features/finance/screens/debts_screen.dart:71:5: Error: Expected an identifier, but got ')'.
Try inserting an identifier before ')'.
    );
    ^
lib/features/finance/screens/debts_screen.dart:70:8: Error: Expected ';' after this.
      ),
       ^
lib/features/finance/screens/debts_screen.dart:71:5: Error: Unexpected token ';'.
    );
    ^
lib/features/finance/screens/debts_screen.dart:172:15: Error: Expected an identifier, but got ']'.
Try inserting an identifier before ']'.
              ],
              ^
lib/features/finance/screens/debts_screen.dart:172:15: Error: Expected ')' before this.
              ],
              ^
lib/features/finance/screens/debts_screen.dart:148:41: Error: Too many positional arguments: 0 allowed, but 1 found.
Try removing the extra positional arguments.
          content: SingleChildScrollView(
                                        ^
/C:/Flutter/flutter3293/packages/flutter/lib/src/widgets/single_child_scroll_view.dart:148:9: Context: Found this candidate, but the arguments don't match.
  const SingleChildScrollView({
        ^^^^^^^^^^^^^^^^^^^^^
lib/features/finance/screens/debts_screen.dart:189:15: Error: Expected an identifier, but got ')'.
Try inserting an identifier before ')'.
              ),
              ^
lib/features/finance/screens/debts_screen.dart:188:60: Error: Expected ';' after this.
                if (context.mounted) Navigator.pop(context);
                                                           ^
lib/features/finance/screens/debts_screen.dart:189:15: Error: Unexpected token ';'.
              ),
              ^
lib/features/finance/screens/debts_screen.dart:189:16: Error: Expected an identifier, but got ','.
Try inserting an identifier before ','.
              ),
               ^
lib/features/finance/screens/debts_screen.dart:189:15: Error: Expected ';' after this.
              ),
              ^
lib/features/finance/screens/debts_screen.dart:189:16: Error: Unexpected token ';'.
              ),
               ^
lib/features/finance/screens/debts_screen.dart:190:38: Error: Expected ';' after this.
              child: const Text('Add'),
                                     ^
lib/features/finance/screens/debts_screen.dart:190:39: Error: Expected an identifier, but got ','.
Try inserting an identifier before ','.
              child: const Text('Add'),
                                      ^
lib/features/finance/screens/debts_screen.dart:190:39: Error: Unexpected token ';'.
              child: const Text('Add'),
                                      ^
lib/features/finance/screens/debts_screen.dart:177:27: Error: Required named parameter 'child' must be provided.
            ElevatedButton(
                          ^
/C:/Flutter/flutter3293/packages/flutter/lib/src/material/elevated_button.dart:71:9: Context: Found this candidate, but the arguments don't match.
  const ElevatedButton({
        ^^^^^^^^^^^^^^
lib/features/finance/screens/debts_screen.dart:175:11: Error: No named parameter with the name 'actions'.
          actions: [
          ^^^^^^^
/C:/Flutter/flutter3293/packages/flutter/lib/src/widgets/basic.dart:7874:9: Context: Found this candidate, but the arguments don't match.
  const StatefulBuilder({super.key, required this.builder});
        ^^^^^^^^^^^^^^^
lib/features/finance/screens/debts_screen.dart:194:7: Error: Expected ';' after this.
      ),
      ^
lib/features/finance/screens/debts_screen.dart:194:8: Error: Expected an identifier, but got ','.
Try inserting an identifier before ','.
      ),
       ^
lib/features/finance/screens/debts_screen.dart:194:8: Error: Unexpected token ';'.
      ),
       ^
lib/features/finance/screens/debts_screen.dart:195:5: Error: Expected an identifier, but got ')'.
Try inserting an identifier before ')'.
    );
    ^
lib/features/finance/screens/debts_screen.dart:194:8: Error: Expected ';' after this.
      ),
       ^
lib/features/finance/screens/debts_screen.dart:195:5: Error: Unexpected token ';'.
    );
    ^
lib/features/finance/screens/budgets_screen.dart:34:25: Error: Can't find '}' to match '{'.
        data: (budgets) {
                        ^
lib/features/finance/screens/budgets_screen.dart:124:29: Error: Can't find '}' to match '{'.
                    (index) {
                            ^
lib/features/finance/screens/budgets_screen.dart:228:35: Error: Can't find '}' to match '{'.
              onPressed: () async {
                                  ^
lib/features/finance/screens/budgets_screen.dart:64:7: Error: Expected ';' after this.
      ),
      ^
lib/features/finance/screens/budgets_screen.dart:64:8: Error: Expected an identifier, but got ','.
Try inserting an identifier before ','.
      ),
       ^
lib/features/finance/screens/budgets_screen.dart:64:8: Error: Unexpected token ';'.
      ),
       ^
lib/features/finance/screens/budgets_screen.dart:68:7: Error: Expected ';' after this.
      ),
      ^
lib/features/finance/screens/budgets_screen.dart:68:8: Error: Expected an identifier, but got ','.
Try inserting an identifier before ','.
      ),
       ^
lib/features/finance/screens/budgets_screen.dart:68:8: Error: Unexpected token ';'.
      ),
       ^
lib/features/finance/screens/budgets_screen.dart:69:5: Error: Expected an identifier, but got ')'.
Try inserting an identifier before ')'.
    );
    ^
lib/features/finance/screens/budgets_screen.dart:68:8: Error: Expected ';' after this.
      ),
       ^
lib/features/finance/screens/budgets_screen.dart:69:5: Error: Unexpected token ';'.
    );
    ^
lib/features/finance/screens/budgets_screen.dart:134:21: Error: Expected an identifier, but got ')'.
Try inserting an identifier before ')'.
                    ),
                    ^
lib/features/finance/screens/budgets_screen.dart:133:24: Error: Expected ';' after this.
                      );
                       ^
lib/features/finance/screens/budgets_screen.dart:134:21: Error: Unexpected token ';'.
                    ),
                    ^
lib/features/finance/screens/budgets_screen.dart:134:22: Error: Expected an identifier, but got ','.
Try inserting an identifier before ','.
                    ),
                     ^
lib/features/finance/screens/budgets_screen.dart:134:21: Error: Expected ';' after this.
                    ),
                    ^
lib/features/finance/screens/budgets_screen.dart:134:22: Error: Unexpected token ';'.
                    ),
                     ^
lib/features/finance/screens/budgets_screen.dart:239:15: Error: Expected an identifier, but got ')'.
Try inserting an identifier before ')'.
              ),
              ^
lib/features/finance/screens/budgets_screen.dart:238:60: Error: Expected ';' after this.
                if (context.mounted) Navigator.pop(context);
                                                           ^
lib/features/finance/screens/budgets_screen.dart:239:15: Error: Unexpected token ';'.
              ),
              ^
lib/features/finance/screens/budgets_screen.dart:239:16: Error: Expected an identifier, but got ','.
Try inserting an identifier before ','.
              ),
               ^
lib/features/finance/screens/budgets_screen.dart:239:15: Error: Expected ';' after this.
              ),
              ^
lib/features/finance/screens/budgets_screen.dart:239:16: Error: Unexpected token ';'.
              ),
               ^
lib/features/finance/screens/budgets_screen.dart:240:41: Error: Expected ';' after this.
              child: const Text('Create'),
                                        ^
lib/features/finance/screens/budgets_screen.dart:240:42: Error: Expected an identifier, but got ','.
Try inserting an identifier before ','.
              child: const Text('Create'),
                                         ^
lib/features/finance/screens/budgets_screen.dart:240:42: Error: Unexpected token ';'.
              child: const Text('Create'),
                                         ^
lib/features/finance/screens/budgets_screen.dart:227:27: Error: Required named parameter 'child' must be provided.
            ElevatedButton(
                          ^
/C:/Flutter/flutter3293/packages/flutter/lib/src/material/elevated_button.dart:71:9: Context: Found this candidate, but the arguments don't match.
  const ElevatedButton({
        ^^^^^^^^^^^^^^
lib/features/finance/screens/subscriptions_screen.dart:34:31: Error: Can't find '}' to match '{'.
        data: (subscriptions) {
                              ^
lib/features/finance/screens/subscriptions_screen.dart:232:33: Error: Can't find '}' to match '{'.
            onPressed: () async {
                                ^
lib/features/finance/screens/subscriptions_screen.dart:67:7: Error: Expected ';' after this.
      ),
      ^
lib/features/finance/screens/subscriptions_screen.dart:67:8: Error: Expected an identifier, but got ','.
Try inserting an identifier before ','.
      ),
       ^
lib/features/finance/screens/subscriptions_screen.dart:67:8: Error: Unexpected token ';'.
      ),
       ^
lib/features/finance/screens/subscriptions_screen.dart:71:7: Error: Expected ';' after this.
      ),
      ^
lib/features/finance/screens/subscriptions_screen.dart:71:8: Error: Expected an identifier, but got ','.
Try inserting an identifier before ','.
      ),
       ^
lib/features/finance/screens/subscriptions_screen.dart:71:8: Error: Unexpected token ';'.
      ),
       ^
lib/features/finance/screens/subscriptions_screen.dart:72:5: Error: Expected an identifier, but got ')'.
Try inserting an identifier before ')'.
    );
    ^
lib/features/finance/screens/subscriptions_screen.dart:71:8: Error: Expected ';' after this.
      ),
       ^
lib/features/finance/screens/subscriptions_screen.dart:72:5: Error: Unexpected token ';'.
    );
    ^
lib/features/finance/screens/subscriptions_screen.dart:235:13: Error: Expected an identifier, but got ')'.
Try inserting an identifier before ')'.
            ),
            ^
lib/features/finance/screens/subscriptions_screen.dart:234:58: Error: Expected ';' after this.
              if (context.mounted) Navigator.pop(context);
                                                         ^
lib/features/finance/screens/subscriptions_screen.dart:235:13: Error: Unexpected token ';'.
            ),
            ^
lib/features/finance/screens/subscriptions_screen.dart:235:14: Error: Expected an identifier, but got ','.
Try inserting an identifier before ','.
            ),
             ^
lib/features/finance/screens/subscriptions_screen.dart:235:13: Error: Expected ';' after this.
            ),
            ^
lib/features/finance/screens/subscriptions_screen.dart:235:14: Error: Unexpected token ';'.
            ),
             ^
lib/features/finance/screens/subscriptions_screen.dart:236:72: Error: Expected ';' after this.
            style: ElevatedButton.styleFrom(backgroundColor: Colors.red),
                                                                       ^
lib/features/finance/screens/subscriptions_screen.dart:236:73: Error: Expected an identifier, but got ','.
Try inserting an identifier before ','.
            style: ElevatedButton.styleFrom(backgroundColor: Colors.red),
                                                                        ^
lib/features/finance/screens/subscriptions_screen.dart:236:73: Error: Unexpected token ';'.
            style: ElevatedButton.styleFrom(backgroundColor: Colors.red),
                                                                        ^
lib/features/finance/screens/subscriptions_screen.dart:237:39: Error: Expected ';' after this.
            child: const Text('Remove'),
                                      ^
lib/features/finance/screens/subscriptions_screen.dart:237:40: Error: Expected an identifier, but got ','.
Try inserting an identifier before ','.
            child: const Text('Remove'),
                                       ^
lib/features/finance/screens/subscriptions_screen.dart:237:40: Error: Unexpected token ';'.
            child: const Text('Remove'),
                                       ^
lib/features/finance/screens/subscriptions_screen.dart:231:25: Error: Required named parameter 'child' must be provided.
          ElevatedButton(
                        ^
/C:/Flutter/flutter3293/packages/flutter/lib/src/material/elevated_button.dart:71:9: Context: Found this candidate, but the arguments don't match.
  const ElevatedButton({
        ^^^^^^^^^^^^^^
lib/features/finance/screens/bills_screen.dart:34:23: Error: Can't find '}' to match '{'.
        data: (bills) {
                      ^
lib/features/finance/screens/bills_screen.dart:184:35: Error: Can't find '}' to match '{'.
                  onTap: () async {
                                  ^
lib/features/finance/screens/bills_screen.dart:175:25: Error: Can't find ']' to match '['.
              children: [
                        ^
lib/features/finance/screens/bills_screen.dart:206:35: Error: Can't find '}' to match '{'.
              onPressed: () async {
                                  ^
lib/features/finance/screens/bills_screen.dart:78:7: Error: Expected ';' after this.
      ),
      ^
lib/features/finance/screens/bills_screen.dart:78:8: Error: Expected an identifier, but got ','.
Try inserting an identifier before ','.
      ),
       ^
lib/features/finance/screens/bills_screen.dart:78:8: Error: Unexpected token ';'.
      ),
       ^
lib/features/finance/screens/bills_screen.dart:82:7: Error: Expected ';' after this.
      ),
      ^
lib/features/finance/screens/bills_screen.dart:82:8: Error: Expected an identifier, but got ','.
Try inserting an identifier before ','.
      ),
       ^
lib/features/finance/screens/bills_screen.dart:82:8: Error: Unexpected token ';'.
      ),
       ^
lib/features/finance/screens/bills_screen.dart:83:5: Error: Expected an identifier, but got ')'.
Try inserting an identifier before ')'.
    );
    ^
lib/features/finance/screens/bills_screen.dart:82:8: Error: Expected ';' after this.
      ),
       ^
lib/features/finance/screens/bills_screen.dart:83:5: Error: Unexpected token ';'.
    );
    ^
lib/features/finance/screens/bills_screen.dart:200:15: Error: Expected an identifier, but got ']'.
Try inserting an identifier before ']'.
              ],
              ^
lib/features/finance/screens/bills_screen.dart:200:15: Error: Expected ')' before this.
              ],
              ^
lib/features/finance/screens/bills_screen.dart:172:41: Error: Too many positional arguments: 0 allowed, but 2 found.
Try removing the extra positional arguments.
          content: SingleChildScrollView(
                                        ^
/C:/Flutter/flutter3293/packages/flutter/lib/src/widgets/single_child_scroll_view.dart:148:9: Context: Found this candidate, but the arguments don't match.
  const SingleChildScrollView({
        ^^^^^^^^^^^^^^^^^^^^^
lib/features/finance/screens/bills_screen.dart:218:15: Error: Expected an identifier, but got ')'.
Try inserting an identifier before ')'.
              ),
              ^
lib/features/finance/screens/bills_screen.dart:217:60: Error: Expected ';' after this.
                if (context.mounted) Navigator.pop(context);
                                                           ^
lib/features/finance/screens/bills_screen.dart:218:15: Error: Unexpected token ';'.
              ),
              ^
lib/features/finance/screens/bills_screen.dart:218:16: Error: Expected an identifier, but got ','.
Try inserting an identifier before ','.
              ),
               ^
lib/features/finance/screens/bills_screen.dart:218:15: Error: Expected ';' after this.
              ),
              ^
lib/features/finance/screens/bills_screen.dart:218:16: Error: Unexpected token ';'.
              ),
               ^
lib/features/finance/screens/bills_screen.dart:219:38: Error: Expected ';' after this.
              child: const Text('Add'),
                                     ^
lib/features/finance/screens/bills_screen.dart:219:39: Error: Expected an identifier, but got ','.
Try inserting an identifier before ','.
              child: const Text('Add'),
                                      ^
lib/features/finance/screens/bills_screen.dart:219:39: Error: Unexpected token ';'.
              child: const Text('Add'),
                                      ^
lib/features/finance/screens/bills_screen.dart:205:27: Error: Required named parameter 'child' must be provided.
            ElevatedButton(
                          ^
/C:/Flutter/flutter3293/packages/flutter/lib/src/material/elevated_button.dart:71:9: Context: Found this candidate, but the arguments don't match.
  const ElevatedButton({
        ^^^^^^^^^^^^^^
lib/features/finance/screens/bills_screen.dart:203:11: Error: No named parameter with the name 'actions'.
          actions: [
          ^^^^^^^
/C:/Flutter/flutter3293/packages/flutter/lib/src/widgets/basic.dart:7874:9: Context: Found this candidate, but the arguments don't match.
  const StatefulBuilder({super.key, required this.builder});
        ^^^^^^^^^^^^^^^
lib/features/finance/screens/bills_screen.dart:223:7: Error: Expected ';' after this.
      ),
      ^
lib/features/finance/screens/bills_screen.dart:223:8: Error: Expected an identifier, but got ','.
Try inserting an identifier before ','.
      ),
       ^
lib/features/finance/screens/bills_screen.dart:223:8: Error: Unexpected token ';'.
      ),
       ^
lib/features/finance/screens/bills_screen.dart:224:5: Error: Expected an identifier, but got ')'.
Try inserting an identifier before ')'.
    );
    ^
lib/features/finance/screens/bills_screen.dart:223:8: Error: Expected ';' after this.
      ),
       ^
lib/features/finance/screens/bills_screen.dart:224:5: Error: Unexpected token ';'.
    );
    ^
lib/features/finance/screens/crypto_portfolio_screen.dart:52:27: Error: Can't find '}' to match '{'.
            (sum, crypto) {
                          ^
lib/features/finance/screens/crypto_portfolio_screen.dart:39:27: Error: Can't find '}' to match '{'.
        data: (portfolio) {
                          ^
lib/features/finance/screens/crypto_portfolio_screen.dart:61:27: Error: Can't find '}' to match '{'.
            (sum, crypto) {
                          ^
lib/features/finance/screens/crypto_portfolio_screen.dart:289:33: Error: Can't find '}' to match '{'.
            onPressed: () async {
                                ^
lib/features/finance/screens/crypto_portfolio_screen.dart:319:45: Error: Can't find '}' to match '{'.
              itemBuilder: (context, index) {
                                            ^
lib/features/finance/screens/crypto_portfolio_screen.dart:57:11: Error: Expected an identifier, but got '}'.
Try inserting an identifier before '}'.
          );
          ^
lib/features/finance/screens/crypto_portfolio_screen.dart:56:14: Error: Expected ';' after this.
            ),
             ^
lib/features/finance/screens/crypto_portfolio_screen.dart:57:12: Error: Expected ')' before this.
          );
           ^
lib/features/finance/screens/crypto_portfolio_screen.dart:84:9: Error: Expected an identifier, but got ')'.
Try inserting an identifier before ')'.
        ),
        ^
lib/features/finance/screens/crypto_portfolio_screen.dart:83:12: Error: Expected ';' after this.
          );
           ^
lib/features/finance/screens/crypto_portfolio_screen.dart:84:9: Error: Unexpected token ';'.
        ),
        ^
lib/features/finance/screens/crypto_portfolio_screen.dart:84:10: Error: Expected an identifier, but got ','.
Try inserting an identifier before ','.
        ),
         ^
lib/features/finance/screens/crypto_portfolio_screen.dart:84:9: Error: Expected ';' after this.
        ),
        ^
lib/features/finance/screens/crypto_portfolio_screen.dart:84:10: Error: Unexpected token ';'.
        ),
         ^
lib/features/finance/screens/crypto_portfolio_screen.dart:85:7: Error: Expected an identifier, but got ')'.
Try inserting an identifier before ')'.
      ),
      ^
lib/features/finance/screens/crypto_portfolio_screen.dart:84:10: Error: Expected ';' after this.
        ),
         ^
lib/features/finance/screens/crypto_portfolio_screen.dart:85:7: Error: Unexpected token ';'.
      ),
      ^
lib/features/finance/screens/crypto_portfolio_screen.dart:85:8: Error: Expected an identifier, but got ','.
Try inserting an identifier before ','.
      ),
       ^
lib/features/finance/screens/crypto_portfolio_screen.dart:85:7: Error: Expected ';' after this.
      ),
      ^
lib/features/finance/screens/crypto_portfolio_screen.dart:85:8: Error: Unexpected token ';'.
      ),
       ^
lib/features/finance/screens/crypto_portfolio_screen.dart:89:7: Error: Expected ';' after this.
      ),
      ^
lib/features/finance/screens/crypto_portfolio_screen.dart:89:8: Error: Expected an identifier, but got ','.
Try inserting an identifier before ','.
      ),
       ^
lib/features/finance/screens/crypto_portfolio_screen.dart:89:8: Error: Unexpected token ';'.
      ),
       ^
lib/features/finance/screens/crypto_portfolio_screen.dart:90:5: Error: Expected an identifier, but got ')'.
Try inserting an identifier before ')'.
    );
    ^
lib/features/finance/screens/crypto_portfolio_screen.dart:89:8: Error: Expected ';' after this.
      ),
       ^
lib/features/finance/screens/crypto_portfolio_screen.dart:90:5: Error: Unexpected token ';'.
    );
    ^
lib/features/finance/screens/crypto_portfolio_screen.dart:68:30: Error: The getter 'totalValue' isn't defined for the class 'CryptoPortfolioScreen'.
 - 'CryptoPortfolioScreen' is from 'package:life_management_app/features/finance/screens/crypto_portfolio_screen.dart' ('lib/features/finance/screens/crypto_portfolio_screen.dart').
Try correcting the name to the name of an existing getter, or defining a getter or field named 'totalValue'.
          final profitLoss = totalValue - totalInvested;
                             ^^^^^^^^^^
lib/features/finance/screens/crypto_portfolio_screen.dart:68:43: Error: The getter 'totalInvested' isn't defined for the class 'CryptoPortfolioScreen'.
 - 'CryptoPortfolioScreen' is from 'package:life_management_app/features/finance/screens/crypto_portfolio_screen.dart' ('lib/features/finance/screens/crypto_portfolio_screen.dart').
Try correcting the name to the name of an existing getter, or defining a getter or field named 'totalInvested'.
          final profitLoss = totalValue - totalInvested;
                                          ^^^^^^^^^^^^^
lib/features/finance/screens/crypto_portfolio_screen.dart:69:37: Error: The getter 'totalInvested' isn't defined for the class 'CryptoPortfolioScreen'.
 - 'CryptoPortfolioScreen' is from 'package:life_management_app/features/finance/screens/crypto_portfolio_screen.dart' ('lib/features/finance/screens/crypto_portfolio_screen.dart').
Try correcting the name to the name of an existing getter, or defining a getter or field named 'totalInvested'.
          final profitLossPercent = totalInvested > 0 ? (profitLoss / totalInvested * 100) : 0;
                                    ^^^^^^^^^^^^^
lib/features/finance/screens/crypto_portfolio_screen.dart:69:71: Error: The getter 'totalInvested' isn't defined for the class 'CryptoPortfolioScreen'.
 - 'CryptoPortfolioScreen' is from 'package:life_management_app/features/finance/screens/crypto_portfolio_screen.dart' ('lib/features/finance/screens/crypto_portfolio_screen.dart').
Try correcting the name to the name of an existing getter, or defining a getter or field named 'totalInvested'.
          final profitLossPercent = totalInvested > 0 ? (profitLoss / totalInvested * 100) : 0;
                                                                      ^^^^^^^^^^^^^
lib/features/finance/screens/crypto_portfolio_screen.dart:74:42: Error: The getter 'totalValue' isn't defined for the class 'CryptoPortfolioScreen'.
 - 'CryptoPortfolioScreen' is from 'package:life_management_app/features/finance/screens/crypto_portfolio_screen.dart' ('lib/features/finance/screens/crypto_portfolio_screen.dart').
Try correcting the name to the name of an existing getter, or defining a getter or field named 'totalValue'.
              _buildSummaryCard(context, totalValue, totalInvested, profitLoss, profitLossPercent),
                                         ^^^^^^^^^^
lib/features/finance/screens/crypto_portfolio_screen.dart:74:54: Error: The getter 'totalInvested' isn't defined for the class 'CryptoPortfolioScreen'.
 - 'CryptoPortfolioScreen' is from 'package:life_management_app/features/finance/screens/crypto_portfolio_screen.dart' ('lib/features/finance/screens/crypto_portfolio_screen.dart').
Try correcting the name to the name of an existing getter, or defining a getter or field named 'totalInvested'.
              _buildSummaryCard(context, totalValue, totalInvested, profitLoss, profitLossPercent),
                                                     ^^^^^^^^^^^^^
lib/features/finance/screens/crypto_portfolio_screen.dart:81:18: Error: The getter 'portfolio' isn't defined for the class 'CryptoPortfolioScreen'.
 - 'CryptoPortfolioScreen' is from 'package:life_management_app/features/finance/screens/crypto_portfolio_screen.dart' ('lib/features/finance/screens/crypto_portfolio_screen.dart').
Try correcting the name to the name of an existing getter, or defining a getter or field named 'portfolio'.
              ...portfolio.map((crypto) => _buildCryptoCard(context, ref, crypto)),
                 ^^^^^^^^^
lib/features/finance/screens/crypto_portfolio_screen.dart:303:13: Error: Expected an identifier, but got ')'.
Try inserting an identifier before ')'.
            ),
            ^
lib/features/finance/screens/crypto_portfolio_screen.dart:302:15: Error: Expected ';' after this.
              }
              ^
lib/features/finance/screens/crypto_portfolio_screen.dart:303:13: Error: Unexpected token ';'.
            ),
            ^
lib/features/finance/screens/crypto_portfolio_screen.dart:303:14: Error: Expected an identifier, but got ','.
Try inserting an identifier before ','.
            ),
             ^
lib/features/finance/screens/crypto_portfolio_screen.dart:303:13: Error: Expected ';' after this.
            ),
            ^
lib/features/finance/screens/crypto_portfolio_screen.dart:303:14: Error: Unexpected token ';'.
            ),
             ^
lib/features/finance/screens/crypto_portfolio_screen.dart:304:42: Error: Expected ';' after this.
            child: const Text('Set Alert'),
                                         ^
lib/features/finance/screens/crypto_portfolio_screen.dart:304:43: Error: Expected an identifier, but got ','.
Try inserting an identifier before ','.
            child: const Text('Set Alert'),
                                          ^
lib/features/finance/screens/crypto_portfolio_screen.dart:304:43: Error: Unexpected token ';'.
            child: const Text('Set Alert'),
                                          ^
lib/features/finance/screens/crypto_portfolio_screen.dart:288:25: Error: Required named parameter 'child' must be provided.
          ElevatedButton(
                        ^
/C:/Flutter/flutter3293/packages/flutter/lib/src/material/elevated_button.dart:71:9: Context: Found this candidate, but the arguments don't match.
  const ElevatedButton({
        ^^^^^^^^^^^^^^
lib/features/finance/screens/crypto_portfolio_screen.dart:333:13: Error: Expected ';' after this.
            ),
            ^
lib/features/finance/screens/crypto_portfolio_screen.dart:333:14: Error: Expected an identifier, but got ','.
Try inserting an identifier before ','.
            ),
             ^
lib/features/finance/screens/crypto_portfolio_screen.dart:333:14: Error: Unexpected token ';'.
            ),
             ^
lib/features/finance/screens/crypto_portfolio_screen.dart:334:5: Error: Expected an identifier, but got ')'.
Try inserting an identifier before ')'.
    );
    ^
lib/features/finance/screens/crypto_portfolio_screen.dart:333:14: Error: Expected ';' after this.
            ),
             ^
lib/features/finance/screens/crypto_portfolio_screen.dart:334:5: Error: Unexpected token ';'.
    );
    ^
lib/features/finance/screens/investments_screen.dart:34:29: Error: Can't find '}' to match '{'.
        data: (investments) {
                            ^
lib/features/finance/screens/investments_screen.dart:166:56: Error: Can't find '}' to match '{'.
                        getTitlesWidget: (value, meta) {
                                                       ^
lib/features/finance/screens/investments_screen.dart:72:7: Error: Expected ';' after this.
      ),
      ^
lib/features/finance/screens/investments_screen.dart:72:8: Error: Expected an identifier, but got ','.
Try inserting an identifier before ','.
      ),
       ^
lib/features/finance/screens/investments_screen.dart:72:8: Error: Unexpected token ';'.
      ),
       ^
lib/features/finance/screens/investments_screen.dart:76:7: Error: Expected ';' after this.
      ),
      ^
lib/features/finance/screens/investments_screen.dart:76:8: Error: Expected an identifier, but got ','.
Try inserting an identifier before ','.
      ),
       ^
lib/features/finance/screens/investments_screen.dart:76:8: Error: Unexpected token ';'.
      ),
       ^
lib/features/finance/screens/investments_screen.dart:77:5: Error: Expected an identifier, but got ')'.
Try inserting an identifier before ')'.
    );
    ^
lib/features/finance/screens/investments_screen.dart:76:8: Error: Expected ';' after this.
      ),
       ^
lib/features/finance/screens/investments_screen.dart:77:5: Error: Unexpected token ';'.
    );
    ^
lib/features/finance/screens/investments_screen.dart:59:83: Error: The argument type 'num' can't be assigned to the parameter type 'double'.
              _buildSummaryCard(context, totalValue, totalInvested, totalReturns, returnsPercent),
                                                                                  ^
lib/features/finance/screens/investments_screen.dart:85:9: Error: No named parameter with the name 'children'.
        children: [
        ^^^^^^^^
/C:/Flutter/flutter3293/packages/flutter/lib/src/widgets/basic.dart:2070:9: Context: Found this candidate, but the arguments don't match.
  const Padding({super.key, required this.padding, super.child});
        ^^^^^^^
lib/features/finance/screens/investments_screen.dart:175:21: Error: No named parameter with the name 'leftTitles'.
                    leftTitles: const AxisTitles(sideTitles: SideTitles(showTitles: true, reservedSize: 40)),
                    ^^^^^^^^^^
../../../../../AppData/Local/Pub/Cache/hosted/pub.dev/fl_chart-0.68.0/lib/src/chart/bar_chart/bar_chart_data.dart:36:3: Context: Found this candidate, but the arguments don't match.
  BarChartData({
  ^^^^^^^^^^^^
lib/features/finance/screens/investments_screen.dart:179:19: Error: No named parameter with the name 'borderData'.
                  borderData: FlBorderData(show: false),
                  ^^^^^^^^^^
../../../../../AppData/Local/Pub/Cache/hosted/pub.dev/fl_chart-0.68.0/lib/src/chart/bar_chart/bar_chart.dart:14:9: Context: Found this candidate, but the arguments don't match.
  const BarChart(
        ^^^^^^^^
lib/features/finance/screens/investments_screen.dart:183:13: Error: Expected an identifier, but got ')'.
Try inserting an identifier before ')'.
            ),
            ^
lib/features/finance/screens/investments_screen.dart:183:13: Error: Expected ']' before this.
            ),
            ^
lib/features/goals/goals_screen.dart:42:23: Error: Can't find '}' to match '{'.
        data: (goals) {
                      ^
lib/features/goals/goals_screen.dart:108:39: Error: Can't find '}' to match '{'.
        itemBuilder: (context, index) {
                                      ^
lib/features/goals/goals_screen.dart:90:7: Error: Expected ';' after this.
      ),
      ^
lib/features/goals/goals_screen.dart:90:8: Error: Expected an identifier, but got ','.
Try inserting an identifier before ','.
      ),
       ^
lib/features/goals/goals_screen.dart:90:8: Error: Unexpected token ';'.
      ),
       ^
lib/features/goals/goals_screen.dart:95:7: Error: Expected ';' after this.
      ),
      ^
lib/features/goals/goals_screen.dart:95:8: Error: Expected an identifier, but got ','.
Try inserting an identifier before ','.
      ),
       ^
lib/features/goals/goals_screen.dart:95:8: Error: Unexpected token ';'.
      ),
       ^
lib/features/goals/goals_screen.dart:96:5: Error: Expected an identifier, but got ')'.
Try inserting an identifier before ')'.
    );
    ^
lib/features/goals/goals_screen.dart:95:8: Error: Expected ';' after this.
      ),
       ^
lib/features/goals/goals_screen.dart:96:5: Error: Unexpected token ';'.
    );
    ^
lib/features/goals/goals_screen.dart:123:7: Error: Expected ';' after this.
      ),
      ^
lib/features/goals/goals_screen.dart:123:8: Error: Expected an identifier, but got ','.
Try inserting an identifier before ','.
      ),
       ^
lib/features/goals/goals_screen.dart:123:8: Error: Unexpected token ';'.
      ),
       ^
lib/features/goals/goals_screen.dart:124:5: Error: Expected an identifier, but got ')'.
Try inserting an identifier before ')'.
    );
    ^
lib/features/goals/goals_screen.dart:123:8: Error: Expected ';' after this.
      ),
       ^
lib/features/goals/goals_screen.dart:124:5: Error: Unexpected token ';'.
    );
    ^
lib/features/settings/screens/user_profile_screen.dart:130:33: Error: Can't find '}' to match '{'.
            onPressed: () async {
                                ^
lib/features/settings/screens/user_profile_screen.dart:26:29: Error: The method 'getCurrentUser' isn't defined for the class 'AuthService'.
 - 'AuthService' is from 'package:life_management_app/services/auth_service.dart' ('lib/services/auth_service.dart').
Try correcting the name to the name of an existing method, or defining a method named 'getCurrentUser'.
    final user = await auth.getCurrentUser();
                            ^^^^^^^^^^^^^^
lib/features/settings/screens/user_profile_screen.dart:135:13: Error: Expected an identifier, but got ')'.
Try inserting an identifier before ')'.
            ),
            ^
lib/features/settings/screens/user_profile_screen.dart:134:15: Error: Expected ';' after this.
              }
              ^
lib/features/settings/screens/user_profile_screen.dart:135:13: Error: Unexpected token ';'.
            ),
            ^
lib/features/settings/screens/user_profile_screen.dart:135:14: Error: Expected an identifier, but got ','.
Try inserting an identifier before ','.
            ),
             ^
lib/features/settings/screens/user_profile_screen.dart:135:13: Error: Expected ';' after this.
            ),
            ^
lib/features/settings/screens/user_profile_screen.dart:135:14: Error: Unexpected token ';'.
            ),
             ^
lib/features/settings/screens/user_profile_screen.dart:136:72: Error: Expected ';' after this.
            style: OutlinedButton.styleFrom(foregroundColor: Colors.red),
                                                                       ^
lib/features/settings/screens/user_profile_screen.dart:136:73: Error: Expected an identifier, but got ','.
Try inserting an identifier before ','.
            style: OutlinedButton.styleFrom(foregroundColor: Colors.red),
                                                                        ^
lib/features/settings/screens/user_profile_screen.dart:136:73: Error: Unexpected token ';'.
            style: OutlinedButton.styleFrom(foregroundColor: Colors.red),
                                                                        ^
lib/features/settings/screens/user_profile_screen.dart:140:13: Error: Expected ';' after this.
            ),
            ^
lib/features/settings/screens/user_profile_screen.dart:140:14: Error: Expected an identifier, but got ','.
Try inserting an identifier before ','.
            ),
             ^
lib/features/settings/screens/user_profile_screen.dart:140:14: Error: Unexpected token ';'.
            ),
             ^
lib/features/settings/screens/user_profile_screen.dart:129:25: Error: Required named parameter 'child' must be provided.
          OutlinedButton(
                        ^
/C:/Flutter/flutter3293/packages/flutter/lib/src/material/outlined_button.dart:75:9: Context: Found this candidate, but the arguments don't match.
  const OutlinedButton({
        ^^^^^^^^^^^^^^
lib/features/settings/screens/password_manager_screen.dart:30:27: Error: Can't find '}' to match '{'.
        data: (passwords) {
                          ^
lib/features/settings/screens/password_manager_screen.dart:102:29: Error: Can't find '}' to match '{'.
              onPressed: () {
                            ^
lib/features/settings/screens/password_manager_screen.dart:79:7: Error: Expected ';' after this.
      ),
      ^
lib/features/settings/screens/password_manager_screen.dart:79:8: Error: Expected an identifier, but got ','.
Try inserting an identifier before ','.
      ),
       ^
lib/features/settings/screens/password_manager_screen.dart:79:8: Error: Unexpected token ';'.
      ),
       ^
lib/features/settings/screens/password_manager_screen.dart:83:7: Error: Expected ';' after this.
      ),
      ^
lib/features/settings/screens/password_manager_screen.dart:83:8: Error: Expected an identifier, but got ','.
Try inserting an identifier before ','.
      ),
       ^
lib/features/settings/screens/password_manager_screen.dart:83:8: Error: Unexpected token ';'.
      ),
       ^
lib/features/settings/screens/password_manager_screen.dart:84:5: Error: Expected an identifier, but got ')'.
Try inserting an identifier before ')'.
    );
    ^
lib/features/settings/screens/password_manager_screen.dart:83:8: Error: Expected ';' after this.
      ),
       ^
lib/features/settings/screens/password_manager_screen.dart:84:5: Error: Unexpected token ';'.
    );
    ^
lib/features/settings/screens/password_manager_screen.dart:105:15: Error: Expected an identifier, but got ')'.
Try inserting an identifier before ')'.
              ),
              ^
lib/features/settings/screens/password_manager_screen.dart:104:109: Error: Expected ';' after this.
                ScaffoldMessenger.of(context).showSnackBar(const SnackBar(content: Text('Password copied')));
                                                                                          ^
lib/features/settings/screens/password_manager_screen.dart:105:15: Error: Unexpected token ';'.
              ),
              ^
lib/features/settings/screens/password_manager_screen.dart:105:16: Error: Expected an identifier, but got ','.
Try inserting an identifier before ','.
              ),
               ^
lib/features/settings/screens/password_manager_screen.dart:105:15: Error: Expected ';' after this.
              ),
              ^
lib/features/settings/screens/password_manager_screen.dart:105:16: Error: Unexpected token ';'.
              ),
               ^
lib/features/ai_assistant/screens/ai_assistant_screen.dart:68:27: Error: Can't find '}' to match '{'.
            onPressed: () {
                          ^
lib/features/ai_assistant/screens/ai_assistant_screen.dart:65:18: Error: Can't find ']' to match '['.
        actions: [
                 ^
lib/features/ai_assistant/screens/ai_assistant_screen.dart:108:51: Error: Can't find '}' to match '{'.
                    itemBuilder: (context, index) {
                                                  ^
lib/features/ai_assistant/screens/ai_assistant_screen.dart:75:19: Error: Can't find ']' to match '['.
        children: [
                  ^
lib/features/ai_assistant/screens/ai_assistant_screen.dart:72:9: Error: Expected an identifier, but got ']'.
Try inserting an identifier before ']'.
        ],
        ^
lib/features/ai_assistant/screens/ai_assistant_screen.dart:72:9: Error: Expected ')' before this.
        ],
        ^
lib/features/ai_assistant/screens/ai_assistant_screen.dart:62:20: Error: Too many positional arguments: 0 allowed, but 1 found.
Try removing the extra positional arguments.
    return Scaffold(
                   ^
/C:/Flutter/flutter3293/packages/flutter/lib/src/material/scaffold.dart:1691:9: Context: Found this candidate, but the arguments don't match.
  const Scaffold({
        ^^^^^^^^
lib/features/ai_assistant/screens/ai_assistant_screen.dart:73:7: Error: Expected ';' after this.
      ),
      ^
lib/features/ai_assistant/screens/ai_assistant_screen.dart:73:8: Error: Expected an identifier, but got ','.
Try inserting an identifier before ','.
      ),
       ^
lib/features/ai_assistant/screens/ai_assistant_screen.dart:73:8: Error: Unexpected token ';'.
      ),
       ^
lib/features/ai_assistant/screens/ai_assistant_screen.dart:113:11: Error: Expected ';' after this.
          ),
          ^
lib/features/ai_assistant/screens/ai_assistant_screen.dart:113:12: Error: Expected an identifier, but got ','.
Try inserting an identifier before ','.
          ),
           ^
lib/features/ai_assistant/screens/ai_assistant_screen.dart:113:12: Error: Unexpected token ';'.
          ),
           ^
lib/features/ai_assistant/screens/ai_assistant_screen.dart:144:11: Error: Expected ';' after this.
          ),
          ^
lib/features/ai_assistant/screens/ai_assistant_screen.dart:144:12: Error: Expected an identifier, but got ','.
Try inserting an identifier before ','.
          ),
           ^
lib/features/ai_assistant/screens/ai_assistant_screen.dart:144:12: Error: Unexpected token ';'.
          ),
           ^
lib/features/ai_assistant/screens/ai_assistant_screen.dart:145:9: Error: Expected an identifier, but got ']'.
Try inserting an identifier before ']'.
        ],
        ^
lib/features/ai_assistant/screens/ai_assistant_screen.dart:144:12: Error: Expected ';' after this.
          ),
           ^
lib/features/ai_assistant/screens/ai_assistant_screen.dart:145:9: Error: Unexpected token ';'.
        ],
        ^
lib/features/ai_assistant/screens/ai_assistant_screen.dart:145:10: Error: Expected an identifier, but got ','.
Try inserting an identifier before ','.
        ],
         ^
lib/features/ai_assistant/screens/ai_assistant_screen.dart:145:9: Error: Expected ';' after this.
        ],
        ^
lib/features/ai_assistant/screens/ai_assistant_screen.dart:145:10: Error: Unexpected token ';'.
        ],
         ^
lib/features/ai_assistant/screens/ai_assistant_screen.dart:146:7: Error: Expected an identifier, but got ')'.
Try inserting an identifier before ')'.
      ),
      ^
lib/features/ai_assistant/screens/ai_assistant_screen.dart:145:10: Error: Expected ';' after this.
        ],
         ^
lib/features/ai_assistant/screens/ai_assistant_screen.dart:146:7: Error: Unexpected token ';'.
      ),
      ^
lib/features/ai_assistant/screens/ai_assistant_screen.dart:146:8: Error: Expected an identifier, but got ','.
Try inserting an identifier before ','.
      ),
       ^
lib/features/ai_assistant/screens/ai_assistant_screen.dart:146:7: Error: Expected ';' after this.
      ),
      ^
lib/features/ai_assistant/screens/ai_assistant_screen.dart:146:8: Error: Unexpected token ';'.
      ),
       ^
lib/features/ai_assistant/screens/ai_assistant_screen.dart:147:5: Error: Expected an identifier, but got ')'.
Try inserting an identifier before ')'.
    );
    ^
lib/features/ai_assistant/screens/ai_assistant_screen.dart:146:8: Error: Expected ';' after this.
      ),
       ^
lib/features/ai_assistant/screens/ai_assistant_screen.dart:147:5: Error: Unexpected token ';'.
    );
    ^
lib/features/dashboard/screens/dashboard_screen.dart:107:43: Error: Can't find '}' to match '{'.
            itemBuilder: (context, index) {
                                          ^
lib/features/dashboard/screens/dashboard_screen.dart:134:13: Error: Expected an identifier, but got ')'.
Try inserting an identifier before ')'.
            ),
            ^
lib/features/dashboard/screens/dashboard_screen.dart:133:16: Error: Expected ';' after this.
              );
               ^
lib/features/dashboard/screens/dashboard_screen.dart:134:13: Error: Unexpected token ';'.
            ),
            ^
lib/features/dashboard/screens/dashboard_screen.dart:134:14: Error: Expected an identifier, but got ','.
Try inserting an identifier before ','.
            ),
             ^
lib/features/dashboard/screens/dashboard_screen.dart:134:13: Error: Expected ';' after this.
            ),
            ^
lib/features/dashboard/screens/dashboard_screen.dart:134:14: Error: Unexpected token ';'.
            ),
             ^
lib/features/auth/screens/signup_screen.dart:100:40: Error: Can't find '}' to match '{'.
                    validator: (value) {
                                       ^
lib/features/auth/screens/signup_screen.dart:78:27: Error: Can't find ']' to match '['.
                children: [
                          ^
lib/features/auth/screens/signup_screen.dart:118:40: Error: Can't find '}' to match '{'.
                    validator: (value) {
                                       ^
lib/features/auth/screens/signup_screen.dart:136:40: Error: Can't find '}' to match '{'.
                    validator: (value) {
                                       ^
lib/features/auth/screens/signup_screen.dart:74:24: Error: Too many positional arguments: 0 allowed, but 2 found.
Try removing the extra positional arguments.
            child: Form(
                       ^
/C:/Flutter/flutter3293/packages/flutter/lib/src/widgets/form.dart:59:9: Context: Found this candidate, but the arguments don't match.
  const Form({
        ^^^^
lib/features/auth/screens/signup_screen.dart:72:39: Error: Too many positional arguments: 0 allowed, but 2 found.
Try removing the extra positional arguments.
          child: SingleChildScrollView(
                                      ^
/C:/Flutter/flutter3293/packages/flutter/lib/src/widgets/single_child_scroll_view.dart:148:9: Context: Found this candidate, but the arguments don't match.
  const SingleChildScrollView({
        ^^^^^^^^^^^^^^^^^^^^^
lib/features/auth/screens/signup_screen.dart:157:17: Error: Expected an identifier, but got ']'.
Try inserting an identifier before ']'.
                ],
                ^
lib/features/auth/screens/signup_screen.dart:157:17: Error: Expected ')' before this.
                ],
                ^
lib/features/auth/screens/signup_screen.dart:71:22: Error: Too many positional arguments: 0 allowed, but 3 found.
Try removing the extra positional arguments.
        child: Center(
                     ^
/C:/Flutter/flutter3293/packages/flutter/lib/src/widgets/basic.dart:2320:9: Context: Found this candidate, but the arguments don't match.
  const Center({super.key, super.widthFactor, super.heightFactor, super.child});
        ^^^^^^
lib/features/auth/screens/signup_screen.dart:160:11: Error: Expected ';' after this.
          ),
          ^
lib/features/auth/screens/signup_screen.dart:160:12: Error: Expected an identifier, but got ','.
Try inserting an identifier before ','.
          ),
           ^
lib/features/auth/screens/signup_screen.dart:160:12: Error: Unexpected token ';'.
          ),
           ^
lib/features/auth/screens/signup_screen.dart:161:9: Error: Expected an identifier, but got ')'.
Try inserting an identifier before ')'.
        ),
        ^
lib/features/auth/screens/signup_screen.dart:160:12: Error: Expected ';' after this.
          ),
           ^
lib/features/auth/screens/signup_screen.dart:161:9: Error: Unexpected token ';'.
        ),
        ^
lib/features/auth/screens/signup_screen.dart:161:10: Error: Expected an identifier, but got ','.
Try inserting an identifier before ','.
        ),
         ^
lib/features/auth/screens/signup_screen.dart:161:9: Error: Expected ';' after this.
        ),
        ^
lib/features/auth/screens/signup_screen.dart:161:10: Error: Unexpected token ';'.
        ),
         ^
lib/features/auth/screens/signup_screen.dart:162:7: Error: Expected an identifier, but got ')'.
Try inserting an identifier before ')'.
      ),
      ^
lib/features/auth/screens/signup_screen.dart:161:10: Error: Expected ';' after this.
        ),
         ^
lib/features/auth/screens/signup_screen.dart:162:7: Error: Unexpected token ';'.
      ),
      ^
lib/features/auth/screens/signup_screen.dart:162:8: Error: Expected an identifier, but got ','.
Try inserting an identifier before ','.
      ),
       ^
lib/features/auth/screens/signup_screen.dart:162:7: Error: Expected ';' after this.
      ),
      ^
lib/features/auth/screens/signup_screen.dart:162:8: Error: Unexpected token ';'.
      ),
       ^
lib/features/auth/screens/signup_screen.dart:163:5: Error: Expected an identifier, but got ')'.
Try inserting an identifier before ')'.
    );
    ^
lib/features/auth/screens/signup_screen.dart:162:8: Error: Expected ';' after this.
      ),
       ^
lib/features/auth/screens/signup_screen.dart:163:5: Error: Unexpected token ';'.
    );
    ^
lib/features/auth/screens/login_screen.dart:96:40: Error: Can't find '}' to match '{'.
                    validator: (value) {
                                       ^
lib/features/auth/screens/login_screen.dart:66:27: Error: Can't find ']' to match '['.
                children: [
                          ^
lib/features/auth/screens/login_screen.dart:114:40: Error: Can't find '}' to match '{'.
                    validator: (value) {
                                       ^
lib/features/auth/screens/login_screen.dart:61:24: Error: Too many positional arguments: 0 allowed, but 2 found.
Try removing the extra positional arguments.
            child: Form(
                       ^
/C:/Flutter/flutter3293/packages/flutter/lib/src/widgets/form.dart:59:9: Context: Found this candidate, but the arguments don't match.
  const Form({
        ^^^^
lib/features/auth/screens/login_screen.dart:143:17: Error: Expected an identifier, but got ']'.
Try inserting an identifier before ']'.
                ],
                ^
lib/features/auth/screens/login_screen.dart:143:17: Error: Expected ')' before this.
                ],
                ^
lib/features/auth/screens/login_screen.dart:59:39: Error: Too many positional arguments: 0 allowed, but 5 found.
Try removing the extra positional arguments.
          child: SingleChildScrollView(
                                      ^
/C:/Flutter/flutter3293/packages/flutter/lib/src/widgets/single_child_scroll_view.dart:148:9: Context: Found this candidate, but the arguments don't match.
  const SingleChildScrollView({
        ^^^^^^^^^^^^^^^^^^^^^
lib/features/auth/screens/login_screen.dart:147:9: Error: Expected ';' after this.
        ),
        ^
lib/features/auth/screens/login_screen.dart:147:10: Error: Expected an identifier, but got ','.
Try inserting an identifier before ','.
        ),
         ^
lib/features/auth/screens/login_screen.dart:147:10: Error: Unexpected token ';'.
        ),
         ^
lib/features/auth/screens/login_screen.dart:148:7: Error: Expected an identifier, but got ')'.
Try inserting an identifier before ')'.
      ),
      ^
lib/features/auth/screens/login_screen.dart:147:10: Error: Expected ';' after this.
        ),
         ^
lib/features/auth/screens/login_screen.dart:148:7: Error: Unexpected token ';'.
      ),
      ^
lib/features/auth/screens/login_screen.dart:148:8: Error: Expected an identifier, but got ','.
Try inserting an identifier before ','.
      ),
       ^
lib/features/auth/screens/login_screen.dart:148:7: Error: Expected ';' after this.
      ),
      ^
lib/features/auth/screens/login_screen.dart:148:8: Error: Unexpected token ';'.
      ),
       ^
lib/features/auth/screens/login_screen.dart:149:5: Error: Expected an identifier, but got ')'.
Try inserting an identifier before ')'.
    );
    ^
lib/features/auth/screens/login_screen.dart:148:8: Error: Expected ';' after this.
      ),
       ^
lib/features/auth/screens/login_screen.dart:149:5: Error: Unexpected token ';'.
    );
    ^
Target kernel_snapshot_program failed: Exception


FAILURE: Build failed with an exception.

* What went wrong:
Execution failed for task ':app:compileFlutterBuildDebug'.
> Process 'command 'C:\Flutter\flutter3293\bin\flutter.bat'' finished with non-zero exit value 1

* Try:
> Run with --stacktrace option to get the stack trace.
> Run with --info or --debug option to get more log output.
> Run with --scan to get full insights.

* Get more help at https://help.gradle.org

BUILD FAILED in 22s
Running Gradle task 'assembleDebug'...                             34.8s
Error: Gradle task assembleDebug failed with exit code 1
